--------------+------------------------------------------------
 Host IP      | 10.244.32.82
 PyTorch      | 2.4.0a0+git4451b0e
 Torch-SDAA   | 20250616.14.30.dev0+git35328dc
--------------+------------------------------------------------
 SDAA Driver  | 2.1.0 (N/A)
 SDAA Runtime | 2.1.0 (/opt/tecoai/lib64/libsdaart.so)
 SDPTI        | 1.4.0b0 (/opt/tecoai/lib64/libsdpti.so)
 TecoDNN      | 2.2.0b0 (/opt/tecoai/lib64/libtecodnn.so)
 TecoBLAS     | 2.2.0b0 (/opt/tecoai/lib64/libtecoblas.so)
 CustomDNN    | 1.20.0a0 (/opt/tecoai/lib64/libtecodnn_ext.so)
 TecoRAND     | 2.0.1 (/opt/tecoai/lib64/libtecorand.so)
 TCCL         | 1.23.0 (/opt/tecoai/lib64/libtccl.so)
--------------+------------------------------------------------
/data/bigc-data/zjh/train5/lib/python3.10/site-packages/torch/distributed/launch.py:208: FutureWarning: The module torch.distributed.launch is deprecated
and will be removed in future. Use torchrun.
Note that --use-env is set by default in torchrun.
If your script expects `--local-rank` argument to be set, please
change it to read from `os.environ['LOCAL_RANK']` instead. See 
https://pytorch.org/docs/stable/distributed.html#launch-utility for 
further instructions

  main()
--------------+------------------------------------------------
 Host IP      | 10.244.32.82
 PyTorch      | 2.4.0a0+git4451b0e
 Torch-SDAA   | 20250616.14.30.dev0+git35328dc
--------------+------------------------------------------------
 SDAA Driver  | 2.1.0 (N/A)
 SDAA Runtime | 2.1.0 (/opt/tecoai/lib64/libsdaart.so)
 SDPTI        | 1.4.0b0 (/opt/tecoai/lib64/libsdpti.so)
 TecoDNN      | 2.2.0b0 (/opt/tecoai/lib64/libtecodnn.so)
 TecoBLAS     | 2.2.0b0 (/opt/tecoai/lib64/libtecoblas.so)
 CustomDNN    | 1.20.0a0 (/opt/tecoai/lib64/libtecodnn_ext.so)
 TecoRAND     | 2.0.1 (/opt/tecoai/lib64/libtecorand.so)
 TCCL         | 1.23.0 (/opt/tecoai/lib64/libtccl.so)
--------------+------------------------------------------------
/data/bigc-data/zjh/train5/lib/python3.10/site-packages/mmengine/optim/optimizer/zero_optimizer.py:11: DeprecationWarning: `TorchScript` support for functional optimizers is deprecated and will be removed in a future PyTorch release. Consider using the `torch.compile` optimizer instead.
  from torch.distributed.optim import \
/data/bigc-data/zjh/train5/lib/python3.10/site-packages/mmengine/utils/dl_utils/setup_env.py:46: UserWarning: Setting OMP_NUM_THREADS environment variable for each process to be 1 in default, to avoid your system being overloaded, please further tune the variable for optimal performance in your application as needed.
  warnings.warn(
/data/bigc-data/zjh/train5/lib/python3.10/site-packages/mmengine/utils/dl_utils/setup_env.py:56: UserWarning: Setting MKL_NUM_THREADS environment variable for each process to be 1 in default, to avoid your system being overloaded, please further tune the variable for optimal performance in your application as needed.
  warnings.warn(
06/26 08:54:10 - mmengine - INFO - 
------------------------------------------------------------
System environment:
    sys.platform: linux
    Python: 3.10.16 (main, Dec 11 2024, 16:24:50) [GCC 11.2.0]
    CUDA available: False
    MUSA available: False
    numpy_random_seed: 179934531
    GCC: gcc (Ubuntu 11.4.0-1ubuntu1~22.04) 11.4.0
    PyTorch: 2.4.0a0+git4451b0e
    PyTorch compiling details: PyTorch built with:
  - GCC 11.5
  - C++ Version: 201703
  - Intel(R) oneAPI Math Kernel Library Version 2025.0-Product Build 20241009 for Intel(R) 64 architecture applications
  - Intel(R) MKL-DNN v3.4.2 (Git Hash 1137e04ec0b5251ca2b4400a4fd3c667ce843d67)
  - OpenMP 201511 (a.k.a. OpenMP 4.5)
  - LAPACK is enabled (usually provided by MKL)
  - NNPACK is enabled
  - CPU capability usage: AVX512
  - Build settings: BLAS_INFO=mkl, BUILD_TYPE=Release, CXX_COMPILER=/usr/bin/g++, CXX_FLAGS= -D_GLIBCXX_USE_CXX11_ABI=1 -fvisibility-inlines-hidden -DUSE_PTHREADPOOL -DNDEBUG -DUSE_KINETO -DLIBKINETO_NOCUPTI -DLIBKINETO_NOROCTRACER -DUSE_FBGEMM -DUSE_PYTORCH_QNNPACK -DUSE_XNNPACK -DSYMBOLICATE_MOBILE_DEBUG_HANDLE -O2 -fPIC -Wall -Wextra -Werror=return-type -Werror=non-virtual-dtor -Werror=range-loop-construct -Werror=bool-operation -Wnarrowing -Wno-missing-field-initializers -Wno-type-limits -Wno-array-bounds -Wno-unknown-pragmas -Wno-unused-parameter -Wno-unused-function -Wno-unused-result -Wno-strict-overflow -Wno-strict-aliasing -Wno-stringop-overflow -Wsuggest-override -Wno-psabi -Wno-error=pedantic -Wno-error=old-style-cast -Wno-missing-braces -fdiagnostics-color=always -faligned-new -Wno-unused-but-set-variable -Wno-maybe-uninitialized -fno-math-errno -fno-trapping-math -Werror=format -Wno-stringop-overflow, FORCE_FALLBACK_CUDA_MPI=1, LAPACK_INFO=mkl, PERF_WITH_AVX=1, PERF_WITH_AVX2=1, PERF_WITH_AVX512=1, TORCH_VERSION=2.4.0, USE_CUDA=OFF, USE_CUDNN=OFF, USE_CUSPARSELT=OFF, USE_EXCEPTION_PTR=1, USE_GFLAGS=OFF, USE_GLOG=OFF, USE_GLOO=ON, USE_MKL=ON, USE_MKLDNN=1, USE_MPI=ON, USE_NCCL=OFF, USE_NNPACK=ON, USE_OPENMP=ON, USE_ROCM=OFF, USE_ROCM_KERNEL_ASSERT=OFF, 

    TorchVision: 0.15.1a0+42759b1
    OpenCV: 4.11.0
    MMEngine: 0.10.4

Runtime environment:
    cudnn_benchmark: True
    mp_cfg: {'mp_start_method': 'fork', 'opencv_num_threads': 0}
    dist_cfg: {'backend': 'tccl'}
    seed: 179934531
    Distributed launcher: pytorch
    Distributed training: True
    GPU number: 1
------------------------------------------------------------

06/26 08:54:11 - mmengine - INFO - Config:
crop_size = (
    512,
    1024,
)
data_preprocessor = dict(
    bgr_to_rgb=True,
    mean=[
        123.675,
        116.28,
        103.53,
    ],
    pad_val=0,
    seg_pad_val=255,
    size=(
        512,
        1024,
    ),
    std=[
        58.395,
        57.12,
        57.375,
    ],
    type='SegDataPreProcessor')
data_root = '/data/teco-data/Cityscapes/'
dataset_type = 'CityscapesDataset'
default_hooks = dict(
    checkpoint=dict(by_epoch=False, interval=8000, type='CheckpointHook'),
    logger=dict(interval=50, log_metric_by_epoch=False, type='LoggerHook'),
    param_scheduler=dict(type='ParamSchedulerHook'),
    sampler_seed=dict(type='DistSamplerSeedHook'),
    timer=dict(type='IterTimerHook'),
    visualization=dict(type='SegVisualizationHook'))
default_scope = 'mmseg'
env_cfg = dict(
    cudnn_benchmark=True,
    dist_cfg=dict(backend='nccl'),
    mp_cfg=dict(mp_start_method='fork', opencv_num_threads=0))
img_ratios = [
    0.5,
    0.75,
    1.0,
    1.25,
    1.5,
    1.75,
]
launcher = 'pytorch'
load_from = None
log_level = 'INFO'
log_processor = dict(by_epoch=False)
model = dict(
    auxiliary_head=dict(
        align_corners=False,
        channels=256,
        concat_input=False,
        dropout_ratio=0.1,
        in_channels=1024,
        in_index=2,
        loss_decode=dict(
            loss_weight=0.4, type='CrossEntropyLoss', use_sigmoid=False),
        norm_cfg=dict(requires_grad=True, type='SyncBN'),
        num_classes=19,
        num_convs=1,
        type='FCNHead'),
    backbone=dict(
        contract_dilation=True,
        depth=50,
        dilations=(
            1,
            1,
            2,
            4,
        ),
        norm_cfg=dict(requires_grad=True, type='SyncBN'),
        norm_eval=False,
        num_stages=4,
        out_indices=(
            0,
            1,
            2,
            3,
        ),
        strides=(
            1,
            2,
            1,
            1,
        ),
        style='pytorch',
        type='ResNetV1c'),
    data_preprocessor=dict(
        bgr_to_rgb=True,
        mean=[
            123.675,
            116.28,
            103.53,
        ],
        pad_val=0,
        seg_pad_val=255,
        size=(
            512,
            1024,
        ),
        std=[
            58.395,
            57.12,
            57.375,
        ],
        type='SegDataPreProcessor'),
    decode_head=dict(
        align_corners=False,
        channels=512,
        concat_input=True,
        dropout_ratio=0.1,
        in_channels=2048,
        in_index=3,
        loss_decode=dict(
            loss_weight=1.0, type='CrossEntropyLoss', use_sigmoid=False),
        norm_cfg=dict(requires_grad=True, type='SyncBN'),
        num_classes=19,
        num_convs=2,
        type='FCNHead'),
    pretrained='open-mmlab://resnet50_v1c',
    test_cfg=dict(mode='whole'),
    train_cfg=dict(),
    type='EncoderDecoder')
norm_cfg = dict(requires_grad=True, type='SyncBN')
optim_wrapper = dict(
    clip_grad=None,
    loss_scale='dynamic',
    optimizer=dict(lr=0.01, momentum=0.9, type='SGD', weight_decay=0.0005),
    type='AmpOptimWrapper')
optimizer = dict(lr=0.01, momentum=0.9, type='SGD', weight_decay=0.0005)
param_scheduler = [
    dict(
        begin=0,
        by_epoch=False,
        end=80000,
        eta_min=0.0001,
        power=0.9,
        type='PolyLR'),
]
resume = False
test_cfg = dict(type='TestLoop')
test_dataloader = dict(
    batch_size=1,
    dataset=dict(
        data_prefix=dict(
            img_path='leftImg8bit/val', seg_map_path='gtFine/val'),
        data_root='/data/teco-data/Cityscapes/',
        pipeline=[
            dict(type='LoadImageFromFile'),
            dict(keep_ratio=True, scale=(
                2048,
                1024,
            ), type='Resize'),
            dict(type='LoadAnnotations'),
            dict(type='PackSegInputs'),
        ],
        type='CityscapesDataset'),
    num_workers=4,
    persistent_workers=True,
    sampler=dict(shuffle=False, type='DefaultSampler'))
test_evaluator = dict(
    iou_metrics=[
        'mIoU',
    ], type='IoUMetric')
test_pipeline = [
    dict(type='LoadImageFromFile'),
    dict(keep_ratio=True, scale=(
        2048,
        1024,
    ), type='Resize'),
    dict(type='LoadAnnotations'),
    dict(type='PackSegInputs'),
]
train_cfg = dict(max_iters=80000, type='IterBasedTrainLoop', val_interval=8000)
train_dataloader = dict(
    batch_size=2,
    dataset=dict(
        data_prefix=dict(
            img_path='leftImg8bit/train', seg_map_path='gtFine/train'),
        data_root='/data/teco-data/Cityscapes/',
        pipeline=[
            dict(type='LoadImageFromFile'),
            dict(type='LoadAnnotations'),
            dict(
                keep_ratio=True,
                ratio_range=(
                    0.5,
                    2.0,
                ),
                scale=(
                    2048,
                    1024,
                ),
                type='RandomResize'),
            dict(
                cat_max_ratio=0.75, crop_size=(
                    512,
                    1024,
                ), type='RandomCrop'),
            dict(prob=0.5, type='RandomFlip'),
            dict(type='PhotoMetricDistortion'),
            dict(type='PackSegInputs'),
        ],
        type='CityscapesDataset'),
    num_workers=2,
    persistent_workers=True,
    sampler=dict(shuffle=True, type='InfiniteSampler'))
train_pipeline = [
    dict(type='LoadImageFromFile'),
    dict(type='LoadAnnotations'),
    dict(
        keep_ratio=True,
        ratio_range=(
            0.5,
            2.0,
        ),
        scale=(
            2048,
            1024,
        ),
        type='RandomResize'),
    dict(cat_max_ratio=0.75, crop_size=(
        512,
        1024,
    ), type='RandomCrop'),
    dict(prob=0.5, type='RandomFlip'),
    dict(type='PhotoMetricDistortion'),
    dict(type='PackSegInputs'),
]
tta_model = dict(type='SegTTAModel')
tta_pipeline = [
    dict(backend_args=None, type='LoadImageFromFile'),
    dict(
        transforms=[
            [
                dict(keep_ratio=True, scale_factor=0.5, type='Resize'),
                dict(keep_ratio=True, scale_factor=0.75, type='Resize'),
                dict(keep_ratio=True, scale_factor=1.0, type='Resize'),
                dict(keep_ratio=True, scale_factor=1.25, type='Resize'),
                dict(keep_ratio=True, scale_factor=1.5, type='Resize'),
                dict(keep_ratio=True, scale_factor=1.75, type='Resize'),
            ],
            [
                dict(direction='horizontal', prob=0.0, type='RandomFlip'),
                dict(direction='horizontal', prob=1.0, type='RandomFlip'),
            ],
            [
                dict(type='LoadAnnotations'),
            ],
            [
                dict(type='PackSegInputs'),
            ],
        ],
        type='TestTimeAug'),
]
val_cfg = dict(type='ValLoop')
val_dataloader = dict(
    batch_size=1,
    dataset=dict(
        data_prefix=dict(
            img_path='leftImg8bit/val', seg_map_path='gtFine/val'),
        data_root='/data/teco-data/Cityscapes/',
        pipeline=[
            dict(type='LoadImageFromFile'),
            dict(keep_ratio=True, scale=(
                2048,
                1024,
            ), type='Resize'),
            dict(type='LoadAnnotations'),
            dict(type='PackSegInputs'),
        ],
        type='CityscapesDataset'),
    num_workers=4,
    persistent_workers=True,
    sampler=dict(shuffle=False, type='DefaultSampler'))
val_evaluator = dict(
    iou_metrics=[
        'mIoU',
    ], type='IoUMetric')
vis_backends = [
    dict(type='LocalVisBackend'),
]
visualizer = dict(
    name='visualizer',
    type='SegLocalVisualizer',
    vis_backends=[
        dict(type='LocalVisBackend'),
    ])
work_dir = './work_dirs/fcn_r50-d8_4xb2-80k_cityscapes-512x1024'

/data/bigc-data/zjh/new/deeplabv3/mmseg/models/backbones/resnet.py:431: UserWarning: DeprecationWarning: pretrained is a deprecated, please use "init_cfg" instead
  warnings.warn('DeprecationWarning: pretrained is a deprecated, '
/data/bigc-data/zjh/new/deeplabv3/mmseg/models/losses/cross_entropy_loss.py:250: UserWarning: Default ``avg_non_ignore`` is False, if you would like to ignore the certain label and average loss over non-ignore labels, which is the same with PyTorch official cross_entropy, set ``avg_non_ignore=True``.
  warnings.warn(
/data/bigc-data/zjh/new/deeplabv3/mmseg/engine/hooks/visualization_hook.py:60: UserWarning: The draw is False, it means that the hook for visualization will not take effect. The results will NOT be visualized or stored.
  warnings.warn('The draw is False, it means that the '
06/26 08:54:22 - mmengine - INFO - Hooks will be executed in the following order:
before_run:
(VERY_HIGH   ) RuntimeInfoHook                    
(BELOW_NORMAL) LoggerHook                         
 -------------------- 
before_train:
(VERY_HIGH   ) RuntimeInfoHook                    
(NORMAL      ) IterTimerHook                      
(VERY_LOW    ) CheckpointHook                     
 -------------------- 
before_train_epoch:
(VERY_HIGH   ) RuntimeInfoHook                    
(NORMAL      ) IterTimerHook                      
(NORMAL      ) DistSamplerSeedHook                
 -------------------- 
before_train_iter:
(VERY_HIGH   ) RuntimeInfoHook                    
(NORMAL      ) IterTimerHook                      
 -------------------- 
after_train_iter:
(VERY_HIGH   ) RuntimeInfoHook                    
(NORMAL      ) IterTimerHook                      
(BELOW_NORMAL) LoggerHook                         
(LOW         ) ParamSchedulerHook                 
(VERY_LOW    ) CheckpointHook                     
 -------------------- 
after_train_epoch:
(NORMAL      ) IterTimerHook                      
(LOW         ) ParamSchedulerHook                 
(VERY_LOW    ) CheckpointHook                     
 -------------------- 
before_val:
(VERY_HIGH   ) RuntimeInfoHook                    
 -------------------- 
before_val_epoch:
(NORMAL      ) IterTimerHook                      
 -------------------- 
before_val_iter:
(NORMAL      ) IterTimerHook                      
 -------------------- 
after_val_iter:
(NORMAL      ) IterTimerHook                      
(NORMAL      ) SegVisualizationHook               
(BELOW_NORMAL) LoggerHook                         
 -------------------- 
after_val_epoch:
(VERY_HIGH   ) RuntimeInfoHook                    
(NORMAL      ) IterTimerHook                      
(BELOW_NORMAL) LoggerHook                         
(LOW         ) ParamSchedulerHook                 
(VERY_LOW    ) CheckpointHook                     
 -------------------- 
after_val:
(VERY_HIGH   ) RuntimeInfoHook                    
 -------------------- 
after_train:
(VERY_HIGH   ) RuntimeInfoHook                    
(VERY_LOW    ) CheckpointHook                     
 -------------------- 
before_test:
(VERY_HIGH   ) RuntimeInfoHook                    
 -------------------- 
before_test_epoch:
(NORMAL      ) IterTimerHook                      
 -------------------- 
before_test_iter:
(NORMAL      ) IterTimerHook                      
 -------------------- 
after_test_iter:
(NORMAL      ) IterTimerHook                      
(NORMAL      ) SegVisualizationHook               
(BELOW_NORMAL) LoggerHook                         
 -------------------- 
after_test_epoch:
(VERY_HIGH   ) RuntimeInfoHook                    
(NORMAL      ) IterTimerHook                      
(BELOW_NORMAL) LoggerHook                         
 -------------------- 
after_test:
(VERY_HIGH   ) RuntimeInfoHook                    
 -------------------- 
after_run:
(BELOW_NORMAL) LoggerHook                         
 -------------------- 
/data/bigc-data/zjh/train5/lib/python3.10/site-packages/albumentations/check_version.py:147: UserWarning: Error fetching version info The read operation timed out
  data = fetch_version_info()
06/26 08:54:33 - mmengine - WARNING - The prefix is not set in metric class IoUMetric.
06/26 08:54:33 - mmengine - INFO - load model from: open-mmlab://resnet50_v1c
06/26 08:54:33 - mmengine - INFO - Loads checkpoint by openmmlab backend from path: open-mmlab://resnet50_v1c
06/26 08:54:35 - mmengine - WARNING - The model and loaded state dict do not match exactly

unexpected key in source state_dict: fc.weight, fc.bias

06/26 08:54:35 - mmengine - WARNING - "FileClient" will be deprecated in future. Please use io functions in https://mmengine.readthedocs.io/en/latest/api/fileio.html#file-io
06/26 08:54:35 - mmengine - WARNING - "HardDiskBackend" is the alias of "LocalBackend" and the former will be deprecated in future.
06/26 08:54:35 - mmengine - INFO - Checkpoints will be saved to /data/bigc-data/zjh/new/fcn/run_scripts/work_dirs/fcn_r50-d8_4xb2-80k_cityscapes-512x1024.
TCAPPDLL 2025-06-26 08:54:38.826855 - Epoch: 0 Iteration: 0  rank : 0  train.loss : 3.745698928833008  train.ips : 0.6717097834709713 imgs/s train.total_time : 2.9774763584136963 
TCAPPDLL 2025-06-26 08:54:41.437151 - Epoch: 0 Iteration: 1  rank : 0  train.loss : 4.011993885040283  train.ips : 0.766287755640252 imgs/s train.total_time : 2.609985589981079 
TCAPPDLL 2025-06-26 08:54:44.112463 - Epoch: 0 Iteration: 2  rank : 0  train.loss : 3.7818808555603027  train.ips : 0.7476627650732747 imgs/s train.total_time : 2.6750028133392334 
TCAPPDLL 2025-06-26 08:54:46.553499 - Epoch: 0 Iteration: 3  rank : 0  train.loss : 3.503541946411133  train.ips : 0.8194279834301555 imgs/s train.total_time : 2.4407269954681396 
TCAPPDLL 2025-06-26 08:54:49.036440 - Epoch: 0 Iteration: 4  rank : 0  train.loss : 3.4037551879882812  train.ips : 0.8055970531958988 imgs/s train.total_time : 2.482630729675293 
TCAPPDLL 2025-06-26 08:54:51.437192 - Epoch: 0 Iteration: 5  rank : 0  train.loss : 3.0333774089813232  train.ips : 0.8331793500122664 imgs/s train.total_time : 2.4004435539245605 
TCAPPDLL 2025-06-26 08:54:53.849370 - Epoch: 0 Iteration: 6  rank : 0  train.loss : 2.945675849914551  train.ips : 0.8293044757347656 imgs/s train.total_time : 2.4116594791412354 
TCAPPDLL 2025-06-26 08:54:56.237082 - Epoch: 0 Iteration: 7  rank : 0  train.loss : 3.614774465560913  train.ips : 0.8377712784523726 imgs/s train.total_time : 2.387286424636841 
TCAPPDLL 2025-06-26 08:54:58.748820 - Epoch: 0 Iteration: 8  rank : 0  train.loss : 3.520073413848877  train.ips : 0.7963672034793826 imgs/s train.total_time : 2.511404275894165 
TCAPPDLL 2025-06-26 08:55:01.138418 - Epoch: 0 Iteration: 9  rank : 0  train.loss : 2.8772220611572266  train.ips : 0.837134628396247 imgs/s train.total_time : 2.389101982116699 
TCAPPDLL 2025-06-26 08:55:03.538470 - Epoch: 0 Iteration: 10  rank : 0  train.loss : 2.7055931091308594  train.ips : 0.8334371245681602 imgs/s train.total_time : 2.3997011184692383 
TCAPPDLL 2025-06-26 08:55:05.921899 - Epoch: 0 Iteration: 11  rank : 0  train.loss : 2.8329362869262695  train.ips : 0.8392539065298186 imgs/s train.total_time : 2.3830690383911133 
TCAPPDLL 2025-06-26 08:55:08.321408 - Epoch: 0 Iteration: 12  rank : 0  train.loss : 2.9032950401306152  train.ips : 0.8336121279587334 imgs/s train.total_time : 2.3991973400115967 
TCAPPDLL 2025-06-26 08:55:10.847986 - Epoch: 0 Iteration: 13  rank : 0  train.loss : 2.754762649536133  train.ips : 0.7916785776337567 imgs/s train.total_time : 2.526277780532837 
TCAPPDLL 2025-06-26 08:55:13.248140 - Epoch: 0 Iteration: 14  rank : 0  train.loss : 2.5826120376586914  train.ips : 0.8333938198809628 imgs/s train.total_time : 2.3998258113861084 
TCAPPDLL 2025-06-26 08:55:15.638488 - Epoch: 0 Iteration: 15  rank : 0  train.loss : 2.4856162071228027  train.ips : 0.8368821595102699 imgs/s train.total_time : 2.3898227214813232 
TCAPPDLL 2025-06-26 08:55:18.038641 - Epoch: 0 Iteration: 16  rank : 0  train.loss : 2.986074686050415  train.ips : 0.8334913652757571 imgs/s train.total_time : 2.3995449542999268 
TCAPPDLL 2025-06-26 08:55:20.436604 - Epoch: 0 Iteration: 17  rank : 0  train.loss : 2.1163599491119385  train.ips : 0.8341852749524192 imgs/s train.total_time : 2.3975489139556885 
TCAPPDLL 2025-06-26 08:55:22.836758 - Epoch: 0 Iteration: 18  rank : 0  train.loss : 2.1462671756744385  train.ips : 0.8333795791698421 imgs/s train.total_time : 2.399866819381714 
TCAPPDLL 2025-06-26 08:55:25.347805 - Epoch: 0 Iteration: 19  rank : 0  train.loss : 1.6915925741195679  train.ips : 0.7965833344016349 imgs/s train.total_time : 2.5107228755950928 
TCAPPDLL 2025-06-26 08:55:27.849006 - Epoch: 0 Iteration: 20  rank : 0  train.loss : 1.8422949314117432  train.ips : 0.7997605849765548 imgs/s train.total_time : 2.5007483959198 
TCAPPDLL 2025-06-26 08:55:30.241257 - Epoch: 0 Iteration: 21  rank : 0  train.loss : 2.0774734020233154  train.ips : 0.8362890439321 imgs/s train.total_time : 2.3915176391601562 
TCAPPDLL 2025-06-26 08:55:32.649544 - Epoch: 0 Iteration: 22  rank : 0  train.loss : 2.4191341400146484  train.ips : 0.830653198807899 imgs/s train.total_time : 2.4077436923980713 
TCAPPDLL 2025-06-26 08:55:35.148280 - Epoch: 0 Iteration: 23  rank : 0  train.loss : 3.327500104904175  train.ips : 0.8005082878284799 imgs/s train.total_time : 2.498412609100342 
TCAPPDLL 2025-06-26 08:55:37.536955 - Epoch: 0 Iteration: 24  rank : 0  train.loss : 1.8173366785049438  train.ips : 0.8374023800149659 imgs/s train.total_time : 2.388338088989258 
TCAPPDLL 2025-06-26 08:55:39.936378 - Epoch: 0 Iteration: 25  rank : 0  train.loss : 3.8717777729034424  train.ips : 0.8336468392088522 imgs/s train.total_time : 2.399097442626953 
TCAPPDLL 2025-06-26 08:55:42.438896 - Epoch: 0 Iteration: 26  rank : 0  train.loss : 3.2826719284057617  train.ips : 0.7993682513524096 imgs/s train.total_time : 2.5019757747650146 
TCAPPDLL 2025-06-26 08:55:44.939049 - Epoch: 0 Iteration: 27  rank : 0  train.loss : 1.4758729934692383  train.ips : 0.8000905711658453 imgs/s train.total_time : 2.4997169971466064 
TCAPPDLL 2025-06-26 08:55:47.422543 - Epoch: 0 Iteration: 28  rank : 0  train.loss : 2.185837984085083  train.ips : 0.8054258029814725 imgs/s train.total_time : 2.483158588409424 
TCAPPDLL 2025-06-26 08:55:49.837194 - Epoch: 0 Iteration: 29  rank : 0  train.loss : 1.720956802368164  train.ips : 0.8283918325379354 imgs/s train.total_time : 2.414316415786743 
TCAPPDLL 2025-06-26 08:55:52.236866 - Epoch: 0 Iteration: 30  rank : 0  train.loss : 4.1708664894104  train.ips : 0.8335688050840434 imgs/s train.total_time : 2.399322032928467 
TCAPPDLL 2025-06-26 08:55:54.738236 - Epoch: 0 Iteration: 31  rank : 0  train.loss : 1.4470876455307007  train.ips : 0.7996633039963585 imgs/s train.total_time : 2.5010526180267334 
TCAPPDLL 2025-06-26 08:55:57.236573 - Epoch: 0 Iteration: 32  rank : 0  train.loss : 1.66679847240448  train.ips : 0.8006347347784245 imgs/s train.total_time : 2.4980180263519287 
TCAPPDLL 2025-06-26 08:55:59.747444 - Epoch: 0 Iteration: 33  rank : 0  train.loss : 2.4174952507019043  train.ips : 0.7966365154445875 imgs/s train.total_time : 2.5105552673339844 
TCAPPDLL 2025-06-26 08:56:02.247856 - Epoch: 0 Iteration: 34  rank : 0  train.loss : 1.7929707765579224  train.ips : 0.7999609394072555 imgs/s train.total_time : 2.5001220703125 
TCAPPDLL 2025-06-26 08:56:04.718658 - Epoch: 0 Iteration: 35  rank : 0  train.loss : 3.549895763397217  train.ips : 0.8095495995586981 imgs/s train.total_time : 2.4705095291137695 
TCAPPDLL 2025-06-26 08:56:07.117846 - Epoch: 0 Iteration: 36  rank : 0  train.loss : 3.2701799869537354  train.ips : 0.8337223192298904 imgs/s train.total_time : 2.3988802433013916 
TCAPPDLL 2025-06-26 08:56:09.536923 - Epoch: 0 Iteration: 37  rank : 0  train.loss : 1.9185097217559814  train.ips : 0.8268754878660283 imgs/s train.total_time : 2.418743848800659 
TCAPPDLL 2025-06-26 08:56:12.054527 - Epoch: 0 Iteration: 38  rank : 0  train.loss : 2.255739450454712  train.ips : 0.7946355943851716 imgs/s train.total_time : 2.5168769359588623 
TCAPPDLL 2025-06-26 08:56:14.423533 - Epoch: 0 Iteration: 39  rank : 0  train.loss : 1.6220784187316895  train.ips : 0.8444403552029681 imgs/s train.total_time : 2.3684325218200684 
TCAPPDLL 2025-06-26 08:56:16.847661 - Epoch: 0 Iteration: 40  rank : 0  train.loss : 2.048384666442871  train.ips : 0.8251463722061111 imgs/s train.total_time : 2.4238123893737793 
TCAPPDLL 2025-06-26 08:56:19.264697 - Epoch: 0 Iteration: 41  rank : 0  train.loss : 1.5031428337097168  train.ips : 0.8276478272365986 imgs/s train.total_time : 2.4164867401123047 
TCAPPDLL 2025-06-26 08:56:21.736228 - Epoch: 0 Iteration: 42  rank : 0  train.loss : 2.5024263858795166  train.ips : 0.8093547214677551 imgs/s train.total_time : 2.471104383468628 
TCAPPDLL 2025-06-26 08:56:24.313290 - Epoch: 0 Iteration: 43  rank : 0  train.loss : 1.403814673423767  train.ips : 0.7761692237158583 imgs/s train.total_time : 2.5767576694488525 
TCAPPDLL 2025-06-26 08:56:26.736915 - Epoch: 0 Iteration: 44  rank : 0  train.loss : 2.9081010818481445  train.ips : 0.8253184792021634 imgs/s train.total_time : 2.423306941986084 
TCAPPDLL 2025-06-26 08:56:29.221348 - Epoch: 0 Iteration: 45  rank : 0  train.loss : 3.4396636486053467  train.ips : 0.8051055424734854 imgs/s train.total_time : 2.4841463565826416 
TCAPPDLL 2025-06-26 08:56:31.637249 - Epoch: 0 Iteration: 46  rank : 0  train.loss : 2.1795530319213867  train.ips : 0.8279549770423975 imgs/s train.total_time : 2.415590286254883 
TCAPPDLL 2025-06-26 08:56:34.148561 - Epoch: 0 Iteration: 47  rank : 0  train.loss : 2.4276678562164307  train.ips : 0.7964965805731588 imgs/s train.total_time : 2.5109963417053223 
TCAPPDLL 2025-06-26 08:56:36.638332 - Epoch: 0 Iteration: 48  rank : 0  train.loss : 2.559419870376587  train.ips : 0.8034558741412658 imgs/s train.total_time : 2.4892468452453613 
TCAPPDLL 2025-06-26 08:56:39.217260 - Epoch: 0 Iteration: 49  rank : 0  train.loss : 2.4137532711029053  train.ips : 0.7756369993456383 imgs/s train.total_time : 2.5785257816314697 
06/26 08:56:39 - mmengine - INFO - Iter(train) [   50/80000]  lr: 9.9945e-03  eta: 2 days, 6:47:12  time: 2.4790  data_time: 0.0167  memory: 3038  loss: 2.3386  decode.loss_ce: 1.6958  decode.acc_seg: 24.8966  aux.loss_ce: 0.6428  aux.acc_seg: 44.6342
TCAPPDLL 2025-06-26 08:56:41.713350 - Epoch: 0 Iteration: 50  rank : 0  train.loss : 1.8608709573745728  train.ips : 0.8013546765323842 imgs/s train.total_time : 2.4957737922668457 
TCAPPDLL 2025-06-26 08:56:44.120968 - Epoch: 0 Iteration: 51  rank : 0  train.loss : 2.149371385574341  train.ips : 0.8308647240685095 imgs/s train.total_time : 2.407130718231201 
TCAPPDLL 2025-06-26 08:56:46.515978 - Epoch: 0 Iteration: 52  rank : 0  train.loss : 1.249727725982666  train.ips : 0.8351961264364223 imgs/s train.total_time : 2.3946471214294434 
TCAPPDLL 2025-06-26 08:56:48.948450 - Epoch: 0 Iteration: 53  rank : 0  train.loss : 2.979322910308838  train.ips : 0.8223155641545414 imgs/s train.total_time : 2.4321563243865967 
TCAPPDLL 2025-06-26 08:56:51.413385 - Epoch: 0 Iteration: 54  rank : 0  train.loss : 1.4006162881851196  train.ips : 0.8114798470024436 imgs/s train.total_time : 2.464632987976074 
TCAPPDLL 2025-06-26 08:56:53.821572 - Epoch: 0 Iteration: 55  rank : 0  train.loss : 1.833547830581665  train.ips : 0.8306040146713565 imgs/s train.total_time : 2.407886266708374 
TCAPPDLL 2025-06-26 08:56:56.222677 - Epoch: 0 Iteration: 56  rank : 0  train.loss : 2.691220283508301  train.ips : 0.8330563962534644 imgs/s train.total_time : 2.4007978439331055 
TCAPPDLL 2025-06-26 08:56:58.621574 - Epoch: 0 Iteration: 57  rank : 0  train.loss : 3.028754472732544  train.ips : 0.8338258261314876 imgs/s train.total_time : 2.3985824584960938 
TCAPPDLL 2025-06-26 08:57:01.111812 - Epoch: 0 Iteration: 58  rank : 0  train.loss : 1.956251621246338  train.ips : 0.8032379980255643 imgs/s train.total_time : 2.489922046661377 
TCAPPDLL 2025-06-26 08:57:03.536793 - Epoch: 0 Iteration: 59  rank : 0  train.loss : 1.2323508262634277  train.ips : 0.8248483585694579 imgs/s train.total_time : 2.4246881008148193 
TCAPPDLL 2025-06-26 08:57:05.938104 - Epoch: 0 Iteration: 60  rank : 0  train.loss : 4.074925899505615  train.ips : 0.832994767547454 imgs/s train.total_time : 2.400975465774536 
TCAPPDLL 2025-06-26 08:57:08.438571 - Epoch: 0 Iteration: 61  rank : 0  train.loss : 1.790930986404419  train.ips : 0.7999488863226093 imgs/s train.total_time : 2.500159740447998 
TCAPPDLL 2025-06-26 08:57:10.948745 - Epoch: 0 Iteration: 62  rank : 0  train.loss : 1.3460350036621094  train.ips : 0.7968515057815518 imgs/s train.total_time : 2.509877920150757 
TCAPPDLL 2025-06-26 08:57:13.438164 - Epoch: 0 Iteration: 63  rank : 0  train.loss : 2.6855173110961914  train.ips : 0.8034987400983956 imgs/s train.total_time : 2.4891140460968018 
TCAPPDLL 2025-06-26 08:57:15.938278 - Epoch: 0 Iteration: 64  rank : 0  train.loss : 2.756603240966797  train.ips : 0.8000640920483895 imgs/s train.total_time : 2.4997997283935547 
TCAPPDLL 2025-06-26 08:57:18.350829 - Epoch: 0 Iteration: 65  rank : 0  train.loss : 1.845865249633789  train.ips : 0.8291046427582 imgs/s train.total_time : 2.412240743637085 
TCAPPDLL 2025-06-26 08:57:20.721468 - Epoch: 0 Iteration: 66  rank : 0  train.loss : 1.7622573375701904  train.ips : 0.8437686648157674 imgs/s train.total_time : 2.3703179359436035 
TCAPPDLL 2025-06-26 08:57:23.137142 - Epoch: 0 Iteration: 67  rank : 0  train.loss : 1.6870102882385254  train.ips : 0.828029266363769 imgs/s train.total_time : 2.4153735637664795 
TCAPPDLL 2025-06-26 08:57:25.518564 - Epoch: 0 Iteration: 68  rank : 0  train.loss : 2.459484577178955  train.ips : 0.8399419733080421 imgs/s train.total_time : 2.3811168670654297 
TCAPPDLL 2025-06-26 08:57:27.936593 - Epoch: 0 Iteration: 69  rank : 0  train.loss : 2.8574182987213135  train.ips : 0.8272260313147641 imgs/s train.total_time : 2.4177188873291016 
TCAPPDLL 2025-06-26 08:57:30.412204 - Epoch: 0 Iteration: 70  rank : 0  train.loss : 1.5670827627182007  train.ips : 0.8079800450713852 imgs/s train.total_time : 2.475308656692505 
TCAPPDLL 2025-06-26 08:57:32.736732 - Epoch: 0 Iteration: 71  rank : 0  train.loss : 1.1328192949295044  train.ips : 0.8605036720573841 imgs/s train.total_time : 2.3242201805114746 
TCAPPDLL 2025-06-26 08:57:35.136782 - Epoch: 0 Iteration: 72  rank : 0  train.loss : 1.3997387886047363  train.ips : 0.8334309142505661 imgs/s train.total_time : 2.399718999862671 
TCAPPDLL 2025-06-26 08:57:37.536569 - Epoch: 0 Iteration: 73  rank : 0  train.loss : 1.4827401638031006  train.ips : 0.8335220081853719 imgs/s train.total_time : 2.399456739425659 
TCAPPDLL 2025-06-26 08:57:40.049268 - Epoch: 0 Iteration: 74  rank : 0  train.loss : 1.8129256963729858  train.ips : 0.7960604506582681 imgs/s train.total_time : 2.5123720169067383 
TCAPPDLL 2025-06-26 08:57:42.437085 - Epoch: 0 Iteration: 75  rank : 0  train.loss : 2.1905765533447266  train.ips : 0.8377104560018183 imgs/s train.total_time : 2.3874597549438477 
TCAPPDLL 2025-06-26 08:57:44.837576 - Epoch: 0 Iteration: 76  rank : 0  train.loss : 1.4397954940795898  train.ips : 0.8333114457581184 imgs/s train.total_time : 2.4000630378723145 
TCAPPDLL 2025-06-26 08:57:47.236832 - Epoch: 0 Iteration: 77  rank : 0  train.loss : 1.7699851989746094  train.ips : 0.8337081501488203 imgs/s train.total_time : 2.398921012878418 
TCAPPDLL 2025-06-26 08:57:49.637817 - Epoch: 0 Iteration: 78  rank : 0  train.loss : 1.7170829772949219  train.ips : 0.8331340862314708 imgs/s train.total_time : 2.400573968887329 
TCAPPDLL 2025-06-26 08:57:52.136756 - Epoch: 0 Iteration: 79  rank : 0  train.loss : 1.1922118663787842  train.ips : 0.8004564981325943 imgs/s train.total_time : 2.4985742568969727 
TCAPPDLL 2025-06-26 08:57:54.537083 - Epoch: 0 Iteration: 80  rank : 0  train.loss : 1.6731770038604736  train.ips : 0.8333350386919376 imgs/s train.total_time : 2.3999950885772705 
TCAPPDLL 2025-06-26 08:57:57.015508 - Epoch: 0 Iteration: 81  rank : 0  train.loss : 1.9243240356445312  train.ips : 0.8070652537313721 imgs/s train.total_time : 2.478114366531372 
TCAPPDLL 2025-06-26 08:57:59.438070 - Epoch: 0 Iteration: 82  rank : 0  train.loss : 1.4201877117156982  train.ips : 0.8256791624432583 imgs/s train.total_time : 2.422248363494873 
TCAPPDLL 2025-06-26 08:58:01.847396 - Epoch: 0 Iteration: 83  rank : 0  train.loss : 1.1875813007354736  train.ips : 0.8302119836392399 imgs/s train.total_time : 2.4090232849121094 
TCAPPDLL 2025-06-26 08:58:04.212763 - Epoch: 0 Iteration: 84  rank : 0  train.loss : 2.9369020462036133  train.ips : 0.8456425147109762 imgs/s train.total_time : 2.365065574645996 
TCAPPDLL 2025-06-26 08:58:06.747853 - Epoch: 0 Iteration: 85  rank : 0  train.loss : 1.2401789426803589  train.ips : 0.7890339380399289 imgs/s train.total_time : 2.534745216369629 
TCAPPDLL 2025-06-26 08:58:09.151912 - Epoch: 0 Iteration: 86  rank : 0  train.loss : 1.030551552772522  train.ips : 0.8320303302071971 imgs/s train.total_time : 2.4037585258483887 
TCAPPDLL 2025-06-26 08:58:11.637030 - Epoch: 0 Iteration: 87  rank : 0  train.loss : 2.118739128112793  train.ips : 0.8048861530372223 imgs/s train.total_time : 2.48482346534729 
TCAPPDLL 2025-06-26 08:58:14.013090 - Epoch: 0 Iteration: 88  rank : 0  train.loss : 1.1733880043029785  train.ips : 0.8418379599453467 imgs/s train.total_time : 2.3757541179656982 
TCAPPDLL 2025-06-26 08:58:16.436892 - Epoch: 0 Iteration: 89  rank : 0  train.loss : 1.0276553630828857  train.ips : 0.8252573405245277 imgs/s train.total_time : 2.4234864711761475 
TCAPPDLL 2025-06-26 08:58:18.836921 - Epoch: 0 Iteration: 90  rank : 0  train.loss : 2.5449228286743164  train.ips : 0.8334372073730201 imgs/s train.total_time : 2.399700880050659 
TCAPPDLL 2025-06-26 08:58:21.336605 - Epoch: 0 Iteration: 91  rank : 0  train.loss : 1.6779429912567139  train.ips : 0.8001930702655574 imgs/s train.total_time : 2.499396800994873 
TCAPPDLL 2025-06-26 08:58:23.837784 - Epoch: 0 Iteration: 92  rank : 0  train.loss : 2.601139545440674  train.ips : 0.7997423620511047 imgs/s train.total_time : 2.500805377960205 
TCAPPDLL 2025-06-26 08:58:26.337086 - Epoch: 0 Iteration: 93  rank : 0  train.loss : 1.8365154266357422  train.ips : 0.8003317109695314 imgs/s train.total_time : 2.4989638328552246 
TCAPPDLL 2025-06-26 08:58:28.853065 - Epoch: 0 Iteration: 94  rank : 0  train.loss : 1.3003183603286743  train.ips : 0.7950379880817393 imgs/s train.total_time : 2.5156030654907227 
TCAPPDLL 2025-06-26 08:58:31.336932 - Epoch: 0 Iteration: 95  rank : 0  train.loss : 2.291301727294922  train.ips : 0.8053207993487244 imgs/s train.total_time : 2.4834823608398438 
TCAPPDLL 2025-06-26 08:58:33.736934 - Epoch: 0 Iteration: 96  rank : 0  train.loss : 2.238410711288452  train.ips : 0.833451036015431 imgs/s train.total_time : 2.399661064147949 
TCAPPDLL 2025-06-26 08:58:36.148296 - Epoch: 0 Iteration: 97  rank : 0  train.loss : 1.3362056016921997  train.ips : 0.8295124436142011 imgs/s train.total_time : 2.411054849624634 
TCAPPDLL 2025-06-26 08:58:38.536667 - Epoch: 0 Iteration: 98  rank : 0  train.loss : 1.390268325805664  train.ips : 0.8374959328781885 imgs/s train.total_time : 2.388071298599243 
TCAPPDLL 2025-06-26 08:58:40.949190 - Epoch: 0 Iteration: 99  rank : 0  train.loss : 1.5879026651382446  train.ips : 0.8291230810621574 imgs/s train.total_time : 2.412187099456787 
06/26 08:58:40 - mmengine - INFO - Iter(train) [  100/80000]  lr: 9.9890e-03  eta: 2 days, 6:23:24  time: 2.4509  data_time: 0.0179  memory: 3038  loss: 1.8805  decode.loss_ce: 1.3107  decode.acc_seg: 69.0778  aux.loss_ce: 0.5698  aux.acc_seg: 61.4583
TCAPPDLL 2025-06-26 08:58:43.318465 - Epoch: 0 Iteration: 100  rank : 0  train.loss : 1.3388339281082153  train.ips : 0.8442502402587397 imgs/s train.total_time : 2.3689658641815186 
