TCAPPDLL {"timestamp": "1750234754.66943", "elapsedtime": "6e-06", "datetime": "2025-06-18 08:19:14.669430", "type": "METADATA", "metric": "train.loss", "metadata": {"unit": "", "GOAL": "MINIMIZE", "STAGE": "TRAIN"}}
TCAPPDLL {"timestamp": "1750234754.669496", "elapsedtime": "7.2e-05", "datetime": "2025-06-18 08:19:14.669496", "type": "METADATA", "metric": "train.loss_mean", "metadata": {"unit": "", "GOAL": "MINIMIZE", "STAGE": "TRAIN"}}
TCAPPDLL {"timestamp": "1750234754.669517", "elapsedtime": "9.3e-05", "datetime": "2025-06-18 08:19:14.669517", "type": "METADATA", "metric": "val.loss", "metadata": {"unit": "", "GOAL": "MINIMIZE", "STAGE": "VALID"}}
TCAPPDLL {"timestamp": "1750234754.669532", "elapsedtime": "0.000108", "datetime": "2025-06-18 08:19:14.669532", "type": "METADATA", "metric": "train.ips", "metadata": {"unit": "imgs/s", "format": ":.3f", "GOAL": "MAXIMIZE", "STAGE": "TRAIN"}}
TCAPPDLL {"timestamp": "1750234754.66955", "elapsedtime": "0.000126", "datetime": "2025-06-18 08:19:14.669550", "type": "METADATA", "metric": "val.ips", "metadata": {"unit": "imgs/s", "format": ":.3f", "GOAL": "MAXIMIZE", "STAGE": "VALID"}}
TCAPPDLL {"timestamp": "1750234754.669563", "elapsedtime": "0.000139", "datetime": "2025-06-18 08:19:14.669563", "type": "METADATA", "metric": "train.compute_time", "metadata": {"unit": "s", "GOAL": "MINIMIZE", "STAGE": "TRAIN"}}
TCAPPDLL {"timestamp": "1750234754.669575", "elapsedtime": "0.000151", "datetime": "2025-06-18 08:19:14.669575", "type": "METADATA", "metric": "train.fp_time", "metadata": {"unit": "s", "GOAL": "MINIMIZE", "STAGE": "TRAIN"}}
TCAPPDLL {"timestamp": "1750234754.669587", "elapsedtime": "0.000163", "datetime": "2025-06-18 08:19:14.669587", "type": "METADATA", "metric": "train.bp_time", "metadata": {"unit": "s", "GOAL": "MINIMIZE", "STAGE": "TRAIN"}}
TCAPPDLL {"timestamp": "1750234754.669598", "elapsedtime": "0.000174", "datetime": "2025-06-18 08:19:14.669598", "type": "METADATA", "metric": "train.grad_time", "metadata": {"unit": "s", "GOAL": "MINIMIZE", "STAGE": "TRAIN"}}
TCAPPDLL {"timestamp": "1750234813.525259", "datetime": "2025-06-18 08:20:13.525259", "elapsedtime": "58.855835", "type": "LOG", "step": [1, 0], "data": "{'train.loss': '2.5173444747924805', 'train.lr': '0.0', 'train.ips': '9.066983855326349'}"}
TCAPPDLL {"timestamp": "1750234815.031238", "datetime": "2025-06-18 08:20:15.031238", "elapsedtime": "60.361814", "type": "LOG", "step": [1, 1], "data": "{'train.loss': '2.5331552028656006', 'train.lr': '2.2870128280745064e-13', 'train.ips': '14.129175373905426'}"}
TCAPPDLL {"timestamp": "1750234816.561332", "datetime": "2025-06-18 08:20:16.561332", "elapsedtime": "61.891908", "type": "LOG", "step": [1, 2], "data": "{'train.loss': '2.566561698913574', 'train.lr': '9.148051312298026e-13', 'train.ips': '44.20926178910279'}"}
TCAPPDLL {"timestamp": "1750234818.163715", "datetime": "2025-06-18 08:20:18.163715", "elapsedtime": "63.494291", "type": "LOG", "step": [1, 3], "data": "{'train.loss': '2.729522466659546', 'train.lr': '2.0583115452670555e-12', 'train.ips': '12.175436642727533'}"}
TCAPPDLL {"timestamp": "1750234819.517335", "datetime": "2025-06-18 08:20:19.517335", "elapsedtime": "64.847911", "type": "LOG", "step": [1, 4], "data": "{'train.loss': '2.613330841064453', 'train.lr': '3.65922052491921e-12', 'train.ips': '44.46050469393102'}"}
TCAPPDLL {"timestamp": "1750234821.084913", "datetime": "2025-06-18 08:20:21.084913", "elapsedtime": "66.415489", "type": "LOG", "step": [1, 5], "data": "{'train.loss': '2.6732919216156006', 'train.lr': '5.717532070186264e-12', 'train.ips': '12.646782976684202'}"}
TCAPPDLL {"timestamp": "1750234822.578066", "datetime": "2025-06-18 08:20:22.578066", "elapsedtime": "67.908642", "type": "LOG", "step": [1, 6], "data": "{'train.loss': '2.564136266708374', 'train.lr': '8.233246181068222e-12', 'train.ips': '42.805080592357434'}"}
TCAPPDLL {"timestamp": "1750234823.665703", "datetime": "2025-06-18 08:20:23.665703", "elapsedtime": "68.996279", "type": "LOG", "step": [1, 7], "data": "{'train.loss': '2.5355803966522217', 'train.lr': '1.1206362857565079e-11', 'train.ips': '42.60815304565321'}"}
TCAPPDLL {"timestamp": "1750234825.475379", "datetime": "2025-06-18 08:20:25.475379", "elapsedtime": "70.805955", "type": "LOG", "step": [1, 8], "data": "{'train.loss': '2.600958824157715', 'train.lr': '1.463688209967684e-11', 'train.ips': '43.78193580154104'}"}
TCAPPDLL {"timestamp": "1750234826.616949", "datetime": "2025-06-18 08:20:26.616949", "elapsedtime": "71.947525", "type": "LOG", "step": [1, 9], "data": "{'train.loss': '2.618651866912842', 'train.lr': '1.8524803907403498e-11', 'train.ips': '44.33338505634063'}"}
TCAPPDLL {"timestamp": "1750234828.437415", "datetime": "2025-06-18 08:20:28.437415", "elapsedtime": "73.767991", "type": "LOG", "step": [1, 10], "data": "{'train.loss': '2.6763134002685547', 'train.lr': '2.2870128280745055e-11', 'train.ips': '49.71719290015347'}"}
TCAPPDLL {"timestamp": "1750234829.937445", "datetime": "2025-06-18 08:20:29.937445", "elapsedtime": "75.268021", "type": "LOG", "step": [1, 11], "data": "{'train.loss': '2.796041250228882', 'train.lr': '2.7672855219701526e-11', 'train.ips': '13.411746156072544'}"}
TCAPPDLL {"timestamp": "1750234831.877974", "datetime": "2025-06-18 08:20:31.877974", "elapsedtime": "77.20855", "type": "LOG", "step": [1, 12], "data": "{'train.loss': '2.6957428455352783', 'train.lr': '3.293298472427289e-11', 'train.ips': '13.06410883211982'}"}
TCAPPDLL {"timestamp": "1750234833.392075", "datetime": "2025-06-18 08:20:33.392075", "elapsedtime": "78.722651", "type": "LOG", "step": [1, 13], "data": "{'train.loss': '2.6030399799346924', 'train.lr': '3.8650516794459155e-11', 'train.ips': '14.369289471348866'}"}
TCAPPDLL {"timestamp": "1750234835.666719", "datetime": "2025-06-18 08:20:35.666719", "elapsedtime": "80.997295", "type": "LOG", "step": [1, 14], "data": "{'train.loss': '2.7628464698791504', 'train.lr': '4.4825451430260315e-11', 'train.ips': '15.169252454167353'}"}
TCAPPDLL {"timestamp": "1750234837.425696", "datetime": "2025-06-18 08:20:37.425696", "elapsedtime": "82.756272", "type": "LOG", "step": [1, 15], "data": "{'train.loss': '2.525570869445801', 'train.lr': '5.1457788631676396e-11', 'train.ips': '48.06784449332561'}"}
TCAPPDLL {"timestamp": "1750234838.644664", "datetime": "2025-06-18 08:20:38.644664", "elapsedtime": "83.97524", "type": "LOG", "step": [1, 16], "data": "{'train.loss': '2.4104928970336914', 'train.lr': '5.854752839870736e-11', 'train.ips': '46.20352450695216'}"}
TCAPPDLL {"timestamp": "1750234840.873459", "datetime": "2025-06-18 08:20:40.873459", "elapsedtime": "86.204035", "type": "LOG", "step": [1, 17], "data": "{'train.loss': '2.4803760051727295', 'train.lr': '6.609467073135322e-11', 'train.ips': '15.165666724996942'}"}
TCAPPDLL {"timestamp": "1750234842.357442", "datetime": "2025-06-18 08:20:42.357442", "elapsedtime": "87.688018", "type": "LOG", "step": [1, 18], "data": "{'train.loss': '2.5834271907806396', 'train.lr': '7.409921562961399e-11', 'train.ips': '14.477657276176636'}"}
TCAPPDLL {"timestamp": "1750234844.839486", "datetime": "2025-06-18 08:20:44.839486", "elapsedtime": "90.170062", "type": "LOG", "step": [1, 19], "data": "{'train.loss': '2.6338672637939453', 'train.lr': '8.256116309348967e-11', 'train.ips': '13.908244216267056'}"}
TCAPPDLL {"timestamp": "1750234846.550925", "datetime": "2025-06-18 08:20:46.550925", "elapsedtime": "91.881501", "type": "LOG", "step": [1, 20], "data": "{'train.loss': '2.689337968826294', 'train.lr': '9.148051312298022e-11', 'train.ips': '48.473372487356606'}"}
TCAPPDLL {"timestamp": "1750234847.654969", "datetime": "2025-06-18 08:20:47.654969", "elapsedtime": "92.985545", "type": "LOG", "step": [1, 21], "data": "{'train.loss': '2.4830610752105713', 'train.lr': '1.0085726571808572e-10', 'train.ips': '46.59794107986578'}"}
TCAPPDLL {"timestamp": "1750234849.532539", "datetime": "2025-06-18 08:20:49.532539", "elapsedtime": "94.863115", "type": "LOG", "step": [1, 22], "data": "{'train.loss': '2.7574169635772705', 'train.lr': '1.106914208788061e-10', 'train.ips': '47.58150791539507'}"}
TCAPPDLL {"timestamp": "1750234851.048007", "datetime": "2025-06-18 08:20:51.048007", "elapsedtime": "96.378583", "type": "LOG", "step": [1, 23], "data": "{'train.loss': '2.657304525375366', 'train.lr': '1.2098297860514135e-10', 'train.ips': '13.622630287150887'}"}
TCAPPDLL {"timestamp": "1750234852.570148", "datetime": "2025-06-18 08:20:52.570148", "elapsedtime": "97.900724", "type": "LOG", "step": [1, 24], "data": "{'train.loss': '2.5206377506256104', 'train.lr': '1.3173193889709155e-10', 'train.ips': '46.32376213260522'}"}
TCAPPDLL {"timestamp": "1750234854.173317", "datetime": "2025-06-18 08:20:54.173317", "elapsedtime": "99.503893", "type": "LOG", "step": [1, 25], "data": "{'train.loss': '2.4740030765533447', 'train.lr': '1.4293830175465662e-10', 'train.ips': '13.408026868359622'}"}
TCAPPDLL {"timestamp": "1750234856.229581", "datetime": "2025-06-18 08:20:56.229581", "elapsedtime": "101.560157", "type": "LOG", "step": [1, 26], "data": "{'train.loss': '2.5068538188934326', 'train.lr': '1.5460206717783662e-10', 'train.ips': '13.455826783849435'}"}
TCAPPDLL {"timestamp": "1750234857.685685", "datetime": "2025-06-18 08:20:57.685685", "elapsedtime": "103.016261", "type": "LOG", "step": [1, 27], "data": "{'train.loss': '2.632990598678589', 'train.lr': '1.667232351666315e-10', 'train.ips': '14.987753177893778'}"}
TCAPPDLL {"timestamp": "1750234859.340218", "datetime": "2025-06-18 08:20:59.340218", "elapsedtime": "104.670794", "type": "LOG", "step": [1, 28], "data": "{'train.loss': '2.7605626583099365', 'train.lr': '1.7930180572104126e-10', 'train.ips': '52.410210410019644'}"}
TCAPPDLL {"timestamp": "1750234860.798616", "datetime": "2025-06-18 08:21:00.798616", "elapsedtime": "106.129192", "type": "LOG", "step": [1, 29], "data": "{'train.loss': '2.623012065887451', 'train.lr': '1.9233777884106595e-10', 'train.ips': '14.991228469261422'}"}
TCAPPDLL {"timestamp": "1750234862.91137", "datetime": "2025-06-18 08:21:02.911370", "elapsedtime": "108.241946", "type": "LOG", "step": [1, 30], "data": "{'train.loss': '2.459261655807495', 'train.lr': '2.0583115452670558e-10', 'train.ips': '13.38380559782579'}"}
TCAPPDLL {"timestamp": "1750234864.540194", "datetime": "2025-06-18 08:21:04.540194", "elapsedtime": "109.87077", "type": "LOG", "step": [1, 31], "data": "{'train.loss': '2.509516716003418', 'train.lr': '2.1978193277796002e-10', 'train.ips': '46.690663106536896'}"}
TCAPPDLL {"timestamp": "1750234865.658027", "datetime": "2025-06-18 08:21:05.658027", "elapsedtime": "110.988603", "type": "LOG", "step": [1, 32], "data": "{'train.loss': '2.5937085151672363', 'train.lr': '2.3419011359482946e-10', 'train.ips': '48.98750406160298'}"}
TCAPPDLL {"timestamp": "1750234868.109735", "datetime": "2025-06-18 08:21:08.109735", "elapsedtime": "113.440311", "type": "LOG", "step": [1, 33], "data": "{'train.loss': '2.5024869441986084', 'train.lr': '2.4905569697731365e-10', 'train.ips': '11.667713997273163'}"}
TCAPPDLL {"timestamp": "1750234869.247796", "datetime": "2025-06-18 08:21:09.247796", "elapsedtime": "114.578372", "type": "LOG", "step": [1, 34], "data": "{'train.loss': '2.6761093139648438', 'train.lr': '2.643786829254129e-10', 'train.ips': '45.36485399276423'}"}
TCAPPDLL {"timestamp": "1750234871.127875", "datetime": "2025-06-18 08:21:11.127875", "elapsedtime": "116.458451", "type": "LOG", "step": [1, 35], "data": "{'train.loss': '2.628382444381714', 'train.lr': '2.80159071439127e-10', 'train.ips': '14.88150561323771'}"}
TCAPPDLL {"timestamp": "1750234872.213183", "datetime": "2025-06-18 08:21:12.213183", "elapsedtime": "117.543759", "type": "LOG", "step": [1, 36], "data": "{'train.loss': '2.613158702850342', 'train.lr': '2.9639686251845596e-10', 'train.ips': '56.093548948283065'}"}
TCAPPDLL {"timestamp": "1750234873.656323", "datetime": "2025-06-18 08:21:13.656323", "elapsedtime": "118.986899", "type": "LOG", "step": [1, 37], "data": "{'train.loss': '2.4815380573272705', 'train.lr': '3.130920561633998e-10', 'train.ips': '45.87736815940023'}"}
TCAPPDLL {"timestamp": "1750234874.801425", "datetime": "2025-06-18 08:21:14.801425", "elapsedtime": "120.132001", "type": "LOG", "step": [1, 38], "data": "{'train.loss': '2.587589979171753', 'train.lr': '3.302446523739587e-10', 'train.ips': '48.57343506534218'}"}
TCAPPDLL {"timestamp": "1750234876.930348", "datetime": "2025-06-18 08:21:16.930348", "elapsedtime": "122.260924", "type": "LOG", "step": [1, 39], "data": "{'train.loss': '2.3065648078918457', 'train.lr': '3.478546511501323e-10', 'train.ips': '14.054412477937497'}"}
TCAPPDLL {"timestamp": "1750234878.413948", "datetime": "2025-06-18 08:21:18.413948", "elapsedtime": "123.744524", "type": "LOG", "step": [1, 40], "data": "{'train.loss': '2.5117740631103516', 'train.lr': '3.659220524919209e-10', 'train.ips': '13.961234892836123'}"}
TCAPPDLL {"timestamp": "1750234880.049993", "datetime": "2025-06-18 08:21:20.049993", "elapsedtime": "125.380569", "type": "LOG", "step": [1, 41], "data": "{'train.loss': '2.509143590927124', 'train.lr': '3.8444685639932454e-10', 'train.ips': '50.664947035315535'}"}
TCAPPDLL {"timestamp": "1750234881.14485", "datetime": "2025-06-18 08:21:21.144850", "elapsedtime": "126.475426", "type": "LOG", "step": [1, 42], "data": "{'train.loss': '2.557466983795166', 'train.lr': '4.034290628723429e-10', 'train.ips': '47.26142723584803'}"}
TCAPPDLL {"timestamp": "1750234882.930824", "datetime": "2025-06-18 08:21:22.930824", "elapsedtime": "128.2614", "type": "LOG", "step": [1, 43], "data": "{'train.loss': '2.5929508209228516', 'train.lr': '4.228686719109761e-10', 'train.ips': '14.804925942306642'}"}
TCAPPDLL {"timestamp": "1750234884.470936", "datetime": "2025-06-18 08:21:24.470936", "elapsedtime": "129.801512", "type": "LOG", "step": [1, 44], "data": "{'train.loss': '2.713299036026001', 'train.lr': '4.427656835152244e-10', 'train.ips': '13.03307943043267'}"}
TCAPPDLL {"timestamp": "1750234886.538859", "datetime": "2025-06-18 08:21:26.538859", "elapsedtime": "131.869435", "type": "LOG", "step": [1, 45], "data": "{'train.loss': '2.619062900543213', 'train.lr': '4.631200976850875e-10', 'train.ips': '42.17251095412371'}"}
TCAPPDLL {"timestamp": "1750234888.044074", "datetime": "2025-06-18 08:21:28.044074", "elapsedtime": "133.37465", "type": "LOG", "step": [1, 46], "data": "{'train.loss': '2.191650390625', 'train.lr': '4.839319144205654e-10', 'train.ips': '14.25569682677698'}"}
TCAPPDLL {"timestamp": "1750234889.369709", "datetime": "2025-06-18 08:21:29.369709", "elapsedtime": "134.700285", "type": "LOG", "step": [1, 47], "data": "{'train.loss': '2.438798427581787', 'train.lr': '5.052011337216583e-10', 'train.ips': '47.70808470571026'}"}
TCAPPDLL {"timestamp": "1750234890.830076", "datetime": "2025-06-18 08:21:30.830076", "elapsedtime": "136.160652", "type": "LOG", "step": [1, 48], "data": "{'train.loss': '2.4436755180358887', 'train.lr': '5.269277555883662e-10', 'train.ips': '14.798657640426415'}"}
TCAPPDLL {"timestamp": "1750234892.572538", "datetime": "2025-06-18 08:21:32.572538", "elapsedtime": "137.903114", "type": "LOG", "step": [1, 49], "data": "{'train.loss': '2.4947547912597656', 'train.lr': '5.491117800206889e-10', 'train.ips': '45.75937132892113'}"}
TCAPPDLL {"timestamp": "1750234894.525008", "datetime": "2025-06-18 08:21:34.525008", "elapsedtime": "139.855584", "type": "LOG", "step": [1, 50], "data": "{'train.loss': '2.515477180480957', 'train.lr': '5.717532070186265e-10', 'train.ips': '51.19164166203134'}"}
TCAPPDLL {"timestamp": "1750234895.611008", "datetime": "2025-06-18 08:21:35.611008", "elapsedtime": "140.941584", "type": "LOG", "step": [1, 51], "data": "{'train.loss': '2.2661209106445312', 'train.lr': '5.94852036582179e-10', 'train.ips': '53.74375825803902'}"}
TCAPPDLL {"timestamp": "1750234897.580534", "datetime": "2025-06-18 08:21:37.580534", "elapsedtime": "142.91111", "type": "LOG", "step": [1, 52], "data": "{'train.loss': '2.527587652206421', 'train.lr': '6.184082687113465e-10', 'train.ips': '45.749388918129846'}"}
TCAPPDLL {"timestamp": "1750234898.714896", "datetime": "2025-06-18 08:21:38.714896", "elapsedtime": "144.045472", "type": "LOG", "step": [1, 53], "data": "{'train.loss': '2.788618564605713', 'train.lr': '6.424219034061286e-10', 'train.ips': '49.455810021279106'}"}
TCAPPDLL {"timestamp": "1750234900.606922", "datetime": "2025-06-18 08:21:40.606922", "elapsedtime": "145.937498", "type": "LOG", "step": [1, 54], "data": "{'train.loss': '2.4035751819610596', 'train.lr': '6.66892940666526e-10', 'train.ips': '56.66064127380622'}"}
TCAPPDLL {"timestamp": "1750234902.083191", "datetime": "2025-06-18 08:21:42.083191", "elapsedtime": "147.413767", "type": "LOG", "step": [1, 55], "data": "{'train.loss': '2.642399311065674', 'train.lr': '6.91821380492538e-10', 'train.ips': '14.889938587691518'}"}
TCAPPDLL {"timestamp": "1750234903.789822", "datetime": "2025-06-18 08:21:43.789822", "elapsedtime": "149.120398", "type": "LOG", "step": [1, 56], "data": "{'train.loss': '2.6527857780456543', 'train.lr': '7.17207222884165e-10', 'train.ips': '52.65645655379243'}"}
TCAPPDLL {"timestamp": "1750234904.91154", "datetime": "2025-06-18 08:21:44.911540", "elapsedtime": "150.242116", "type": "LOG", "step": [1, 57], "data": "{'train.loss': '1.908782958984375', 'train.lr': '7.430504678414071e-10', 'train.ips': '47.125356275891896'}"}
TCAPPDLL {"timestamp": "1750234906.620628", "datetime": "2025-06-18 08:21:46.620628", "elapsedtime": "151.951204", "type": "LOG", "step": [1, 58], "data": "{'train.loss': '2.5935275554656982', 'train.lr': '7.693511153642638e-10', 'train.ips': '47.554197255887495'}"}
TCAPPDLL {"timestamp": "1750234907.71399", "datetime": "2025-06-18 08:21:47.713990", "elapsedtime": "153.044566", "type": "LOG", "step": [1, 59], "data": "{'train.loss': '2.667142152786255', 'train.lr': '7.961091654527356e-10', 'train.ips': '49.44094435590075'}"}
TCAPPDLL {"timestamp": "1750234910.083954", "datetime": "2025-06-18 08:21:50.083954", "elapsedtime": "155.41453", "type": "LOG", "step": [1, 60], "data": "{'train.loss': '2.7244157791137695', 'train.lr': '8.233246181068223e-10', 'train.ips': '14.0559431993071'}"}
TCAPPDLL {"timestamp": "1750234911.599309", "datetime": "2025-06-18 08:21:51.599309", "elapsedtime": "156.929885", "type": "LOG", "step": [1, 61], "data": "{'train.loss': '2.5324554443359375', 'train.lr': '8.509974733265237e-10', 'train.ips': '13.431147718573838'}"}
TCAPPDLL {"timestamp": "1750234913.441414", "datetime": "2025-06-18 08:21:53.441414", "elapsedtime": "158.77199", "type": "LOG", "step": [1, 62], "data": "{'train.loss': '2.5824673175811768', 'train.lr': '8.791277311118401e-10', 'train.ips': '50.78433928084199'}"}
TCAPPDLL {"timestamp": "1750234914.542439", "datetime": "2025-06-18 08:21:54.542439", "elapsedtime": "159.873015", "type": "LOG", "step": [1, 63], "data": "{'train.loss': '2.6818761825561523', 'train.lr': '9.077153914627714e-10', 'train.ips': '52.0517497962868'}"}
TCAPPDLL {"timestamp": "1750234917.410554", "datetime": "2025-06-18 08:21:57.410554", "elapsedtime": "162.74113", "type": "LOG", "step": [1, 64], "data": "{'train.loss': '2.505066394805908', 'train.lr': '9.367604543793178e-10', 'train.ips': '8.224657665472296'}"}
TCAPPDLL {"timestamp": "1750234918.710976", "datetime": "2025-06-18 08:21:58.710976", "elapsedtime": "164.041552", "type": "LOG", "step": [1, 65], "data": "{'train.loss': '2.5774145126342773', 'train.lr': '9.662629198614788e-10', 'train.ips': '49.89365622492575'}"}
TCAPPDLL {"timestamp": "1750234920.387435", "datetime": "2025-06-18 08:22:00.387435", "elapsedtime": "165.718011", "type": "LOG", "step": [1, 66], "data": "{'train.loss': '2.5612313747406006', 'train.lr': '9.962227879092546e-10', 'train.ips': '10.838523440432636'}"}
TCAPPDLL {"timestamp": "1750234922.330339", "datetime": "2025-06-18 08:22:02.330339", "elapsedtime": "167.660915", "type": "LOG", "step": [1, 67], "data": "{'train.loss': '2.561150550842285', 'train.lr': '1.0266400585226459e-09', 'train.ips': '12.48387892930326'}"}
TCAPPDLL {"timestamp": "1750234924.033019", "datetime": "2025-06-18 08:22:04.033019", "elapsedtime": "169.363595", "type": "LOG", "step": [1, 68], "data": "{'train.loss': '2.5477712154388428', 'train.lr': '1.0575147317016515e-09', 'train.ips': '10.583511948361028'}"}
TCAPPDLL {"timestamp": "1750234925.519227", "datetime": "2025-06-18 08:22:05.519227", "elapsedtime": "170.849803", "type": "LOG", "step": [1, 69], "data": "{'train.loss': '2.5604729652404785', 'train.lr': '1.0888468074462723e-09', 'train.ips': '47.40806353558974'}"}
TCAPPDLL {"timestamp": "1750234927.149198", "datetime": "2025-06-18 08:22:07.149198", "elapsedtime": "172.479774", "type": "LOG", "step": [1, 70], "data": "{'train.loss': '2.596226692199707', 'train.lr': '1.120636285756508e-09', 'train.ips': '12.255025704250855'}"}
TCAPPDLL {"timestamp": "1750234928.497473", "datetime": "2025-06-18 08:22:08.497473", "elapsedtime": "173.828049", "type": "LOG", "step": [1, 71], "data": "{'train.loss': '2.7360928058624268', 'train.lr': '1.1528831666323586e-09', 'train.ips': '53.33033225147672'}"}
TCAPPDLL {"timestamp": "1750234929.951666", "datetime": "2025-06-18 08:22:09.951666", "elapsedtime": "175.282242", "type": "LOG", "step": [1, 72], "data": "{'train.loss': '2.5263595581054688', 'train.lr': '1.1855874500738239e-09', 'train.ips': '14.930134392340799'}"}
TCAPPDLL {"timestamp": "1750234931.945381", "datetime": "2025-06-18 08:22:11.945381", "elapsedtime": "177.275957", "type": "LOG", "step": [1, 73], "data": "{'train.loss': '2.434990644454956', 'train.lr': '1.2187491360809041e-09', 'train.ips': '14.660560845747646'}"}
TCAPPDLL {"timestamp": "1750234933.778003", "datetime": "2025-06-18 08:22:13.778003", "elapsedtime": "179.108579", "type": "LOG", "step": [1, 74], "data": "{'train.loss': '2.5213398933410645', 'train.lr': '1.2523682246535992e-09', 'train.ips': '52.39163434103551'}"}
TCAPPDLL {"timestamp": "1750234934.903389", "datetime": "2025-06-18 08:22:14.903389", "elapsedtime": "180.233965", "type": "LOG", "step": [1, 75], "data": "{'train.loss': '2.456871271133423', 'train.lr': '1.2864447157919098e-09', 'train.ips': '52.05804874294124'}"}
TCAPPDLL {"timestamp": "1750234937.063484", "datetime": "2025-06-18 08:22:17.063484", "elapsedtime": "182.39406", "type": "LOG", "step": [1, 76], "data": "{'train.loss': '2.5318915843963623', 'train.lr': '1.3209786094958348e-09', 'train.ips': '13.740913743180178'}"}
TCAPPDLL {"timestamp": "1750234938.208987", "datetime": "2025-06-18 08:22:18.208987", "elapsedtime": "183.539563", "type": "LOG", "step": [1, 77], "data": "{'train.loss': '2.594637155532837', 'train.lr': '1.3559699057653746e-09', 'train.ips': '45.52827781883979'}"}
TCAPPDLL {"timestamp": "1750234939.84137", "datetime": "2025-06-18 08:22:19.841370", "elapsedtime": "185.171946", "type": "LOG", "step": [1, 78], "data": "{'train.loss': '2.5229101181030273', 'train.lr': '1.3914186046005293e-09', 'train.ips': '47.44291949768044'}"}
TCAPPDLL {"timestamp": "1750234940.987033", "datetime": "2025-06-18 08:22:20.987033", "elapsedtime": "186.317609", "type": "LOG", "step": [1, 79], "data": "{'train.loss': '2.501206398010254', 'train.lr': '1.427324706001299e-09', 'train.ips': '42.23084297345284'}"}
TCAPPDLL {"timestamp": "1750234942.647367", "datetime": "2025-06-18 08:22:22.647367", "elapsedtime": "187.977943", "type": "LOG", "step": [1, 80], "data": "{'train.loss': '2.534172296524048', 'train.lr': '1.4636882099676835e-09', 'train.ips': '46.90100345565531'}"}
TCAPPDLL {"timestamp": "1750234943.794442", "datetime": "2025-06-18 08:22:23.794442", "elapsedtime": "189.125018", "type": "LOG", "step": [1, 81], "data": "{'train.loss': '2.566572666168213', 'train.lr': '1.500509116499683e-09', 'train.ips': '44.117712091990576'}"}
TCAPPDLL {"timestamp": "1750234946.196496", "datetime": "2025-06-18 08:22:26.196496", "elapsedtime": "191.527072", "type": "LOG", "step": [1, 82], "data": "{'train.loss': '2.87100887298584', 'train.lr': '1.5377874255972982e-09', 'train.ips': '13.99097021601941'}"}
TCAPPDLL {"timestamp": "1750234947.289609", "datetime": "2025-06-18 08:22:27.289609", "elapsedtime": "192.620185", "type": "LOG", "step": [1, 83], "data": "{'train.loss': '2.5618133544921875', 'train.lr': '1.5755231372605272e-09', 'train.ips': '48.65400881591392'}"}
TCAPPDLL {"timestamp": "1750234948.862524", "datetime": "2025-06-18 08:22:28.862524", "elapsedtime": "194.1931", "type": "LOG", "step": [1, 84], "data": "{'train.loss': '2.6028900146484375', 'train.lr': '1.6137162514893715e-09', 'train.ips': '51.39354102124067'}"}
TCAPPDLL {"timestamp": "1750234949.941099", "datetime": "2025-06-18 08:22:29.941099", "elapsedtime": "195.271675", "type": "LOG", "step": [1, 85], "data": "{'train.loss': '2.5500802993774414', 'train.lr': '1.6523667682838306e-09', 'train.ips': '50.56942511875307'}"}
TCAPPDLL {"timestamp": "1750234951.699915", "datetime": "2025-06-18 08:22:31.699915", "elapsedtime": "197.030491", "type": "LOG", "step": [1, 86], "data": "{'train.loss': '2.579139232635498', 'train.lr': '1.6914746876439044e-09', 'train.ips': '49.75265120854395'}"}
TCAPPDLL {"timestamp": "1750234952.792826", "datetime": "2025-06-18 08:22:32.792826", "elapsedtime": "198.123402", "type": "LOG", "step": [1, 87], "data": "{'train.loss': '2.4688522815704346', 'train.lr': '1.7310400095695934e-09', 'train.ips': '51.7151308552769'}"}
TCAPPDLL {"timestamp": "1750234954.666678", "datetime": "2025-06-18 08:22:34.666678", "elapsedtime": "199.997254", "type": "LOG", "step": [1, 88], "data": "{'train.loss': '2.4273886680603027', 'train.lr': '1.7710627340608977e-09', 'train.ips': '57.75150298920963'}"}
TCAPPDLL {"timestamp": "1750234955.804655", "datetime": "2025-06-18 08:22:35.804655", "elapsedtime": "201.135231", "type": "LOG", "step": [1, 89], "data": "{'train.loss': '2.7605690956115723', 'train.lr': '1.8115428611178164e-09', 'train.ips': '45.38006950099633'}"}
TCAPPDLL {"timestamp": "1750234957.806139", "datetime": "2025-06-18 08:22:37.806139", "elapsedtime": "203.136715", "type": "LOG", "step": [1, 90], "data": "{'train.loss': '2.7231149673461914', 'train.lr': '1.85248039074035e-09', 'train.ips': '51.75038446450925'}"}
TCAPPDLL {"timestamp": "1750234958.883784", "datetime": "2025-06-18 08:22:38.883784", "elapsedtime": "204.21436", "type": "LOG", "step": [1, 91], "data": "{'train.loss': '2.6035447120666504', 'train.lr': '1.8938753229284985e-09', 'train.ips': '51.29666621035152'}"}
TCAPPDLL {"timestamp": "1750234960.881213", "datetime": "2025-06-18 08:22:40.881213", "elapsedtime": "206.211789", "type": "LOG", "step": [1, 92], "data": "{'train.loss': '2.8425545692443848', 'train.lr': '1.9357276576822617e-09', 'train.ips': '47.749430141670246'}"}
TCAPPDLL {"timestamp": "1750234962.042554", "datetime": "2025-06-18 08:22:42.042554", "elapsedtime": "207.37313", "type": "LOG", "step": [1, 93], "data": "{'train.loss': '2.629913806915283', 'train.lr': '1.97803739500164e-09', 'train.ips': '49.066301378209566'}"}
TCAPPDLL {"timestamp": "1750234963.849274", "datetime": "2025-06-18 08:22:43.849274", "elapsedtime": "209.17985", "type": "LOG", "step": [1, 94], "data": "{'train.loss': '2.5595498085021973', 'train.lr': '2.020804534886633e-09', 'train.ips': '45.87736815940023'}"}
TCAPPDLL {"timestamp": "1750234964.952022", "datetime": "2025-06-18 08:22:44.952022", "elapsedtime": "210.282598", "type": "LOG", "step": [1, 95], "data": "{'train.loss': '2.5789194107055664', 'train.lr': '2.064029077337242e-09', 'train.ips': '47.44479781146767'}"}
TCAPPDLL {"timestamp": "1750234966.717931", "datetime": "2025-06-18 08:22:46.717931", "elapsedtime": "212.048507", "type": "LOG", "step": [1, 96], "data": "{'train.loss': '2.4577646255493164', 'train.lr': '2.107711022353465e-09', 'train.ips': '51.148099211873514'}"}
TCAPPDLL {"timestamp": "1750234967.826675", "datetime": "2025-06-18 08:22:47.826675", "elapsedtime": "213.157251", "type": "LOG", "step": [1, 97], "data": "{'train.loss': '2.5025501251220703', 'train.lr': '2.151850369935303e-09', 'train.ips': '50.171025147341986'}"}
TCAPPDLL {"timestamp": "1750234969.857066", "datetime": "2025-06-18 08:22:49.857066", "elapsedtime": "215.187642", "type": "LOG", "step": [1, 98], "data": "{'train.loss': '2.5267958641052246', 'train.lr': '2.1964471200827555e-09', 'train.ips': '45.13316467555193'}"}
TCAPPDLL {"timestamp": "1750234970.93291", "datetime": "2025-06-18 08:22:50.932910", "elapsedtime": "216.263486", "type": "LOG", "step": [1, 99], "data": "{'train.loss': '2.594123601913452', 'train.lr': '2.241501272795823e-09', 'train.ips': '47.5800235676971'}"}
