2025-05-24 14:46:47.645 | INFO     | __main__:main:89 - Using 8 dataloader workers every process
2025-05-24 14:46:47.646 | INFO     | __main__:main:98 - 创建 DataLoader
2025-05-24 14:46:47.647 | INFO     | __main__:main:120 - 创建模型并加载预训练权重
2025-05-24 14:46:47.647 | INFO     | __main__:main:121 - 将使用 resnetrs50
2025-05-24 14:46:48.618 | INFO     | __main__:main:165 - 开始训练
2025-05-24 14:46:48.621 | INFO     | utils:train_one_epoch:82 - 开始训练迭代
TCAPPDLL 2025-05-24 14:46:51.261031 - Epoch: 0 Iteration: 0  rank : -1  train.loss : 6.86587381362915  train.ips : 12.123893073076824 imgs/s
TCAPPDLL 2025-05-24 14:46:51.598524 - Epoch: 0 Iteration: 1  rank : -1  train.loss : 7.039792537689209  train.ips : 94.77602271499558 imgs/s
TCAPPDLL 2025-05-24 14:46:51.677684 - Epoch: 0 Iteration: 2  rank : -1  train.loss : 6.9891180992126465  train.ips : 404.2288681279628 imgs/s
TCAPPDLL 2025-05-24 14:46:51.738556 - Epoch: 0 Iteration: 3  rank : -1  train.loss : 7.0245866775512695  train.ips : 525.647291041678 imgs/s
TCAPPDLL 2025-05-24 14:46:51.798194 - Epoch: 0 Iteration: 4  rank : -1  train.loss : 6.887371063232422  train.ips : 544.2509549491099 imgs/s
TCAPPDLL 2025-05-24 14:46:51.857418 - Epoch: 0 Iteration: 5  rank : -1  train.loss : 6.91405725479126  train.ips : 532.8743543424317 imgs/s
TCAPPDLL 2025-05-24 14:46:51.916129 - Epoch: 0 Iteration: 6  rank : -1  train.loss : 6.951330184936523  train.ips : 544.9337517915071 imgs/s
TCAPPDLL 2025-05-24 14:46:51.975190 - Epoch: 0 Iteration: 7  rank : -1  train.loss : 6.98311185836792  train.ips : 541.7859945424894 imgs/s
TCAPPDLL 2025-05-24 14:46:52.045354 - Epoch: 0 Iteration: 8  rank : -1  train.loss : 6.975738525390625  train.ips : 456.21718780273085 imgs/s
TCAPPDLL 2025-05-24 14:46:52.104592 - Epoch: 0 Iteration: 9  rank : -1  train.loss : 6.89675235748291  train.ips : 540.1702720215073 imgs/s
TCAPPDLL 2025-05-24 14:46:52.163974 - Epoch: 0 Iteration: 10  rank : -1  train.loss : 6.977051258087158  train.ips : 538.8841833088418 imgs/s
TCAPPDLL 2025-05-24 14:46:52.224753 - Epoch: 0 Iteration: 11  rank : -1  train.loss : 6.964882850646973  train.ips : 526.5670480046451 imgs/s
TCAPPDLL 2025-05-24 14:46:52.288100 - Epoch: 0 Iteration: 12  rank : -1  train.loss : 6.9643659591674805  train.ips : 505.1134209951904 imgs/s
TCAPPDLL 2025-05-24 14:46:52.348330 - Epoch: 0 Iteration: 13  rank : -1  train.loss : 7.010928630828857  train.ips : 531.4290782388343 imgs/s
TCAPPDLL 2025-05-24 14:46:52.414034 - Epoch: 0 Iteration: 14  rank : -1  train.loss : 6.974368572235107  train.ips : 487.044328969141 imgs/s
TCAPPDLL 2025-05-24 14:46:52.475121 - Epoch: 0 Iteration: 15  rank : -1  train.loss : 6.950784683227539  train.ips : 523.7458412190506 imgs/s
TCAPPDLL 2025-05-24 14:46:53.033447 - Epoch: 0 Iteration: 16  rank : -1  train.loss : 7.029545783996582  train.ips : 57.49540268881875 imgs/s
TCAPPDLL 2025-05-24 14:46:53.408911 - Epoch: 0 Iteration: 17  rank : -1  train.loss : 7.0045695304870605  train.ips : 85.00689592274135 imgs/s
TCAPPDLL 2025-05-24 14:46:53.466198 - Epoch: 0 Iteration: 18  rank : -1  train.loss : 7.078321933746338  train.ips : 573.1073430888199 imgs/s
TCAPPDLL 2025-05-24 14:46:53.602085 - Epoch: 0 Iteration: 19  rank : -1  train.loss : 7.055805683135986  train.ips : 231.7235016358347 imgs/s
TCAPPDLL 2025-05-24 14:46:53.692548 - Epoch: 0 Iteration: 20  rank : -1  train.loss : 7.208390235900879  train.ips : 353.821873426531 imgs/s
TCAPPDLL 2025-05-24 14:46:53.749509 - Epoch: 0 Iteration: 21  rank : -1  train.loss : 7.046932220458984  train.ips : 578.3776022477042 imgs/s
TCAPPDLL 2025-05-24 14:46:53.806501 - Epoch: 0 Iteration: 22  rank : -1  train.loss : 6.995255947113037  train.ips : 560.3823122946336 imgs/s
TCAPPDLL 2025-05-24 14:46:53.863580 - Epoch: 0 Iteration: 23  rank : -1  train.loss : 7.026236534118652  train.ips : 548.2884711226583 imgs/s
TCAPPDLL 2025-05-24 14:46:54.577850 - Epoch: 0 Iteration: 24  rank : -1  train.loss : 7.108698844909668  train.ips : 44.785535982360436 imgs/s
TCAPPDLL 2025-05-24 14:46:55.047280 - Epoch: 0 Iteration: 25  rank : -1  train.loss : 7.0220770835876465  train.ips : 68.16792081782575 imgs/s
TCAPPDLL 2025-05-24 14:46:55.104771 - Epoch: 0 Iteration: 26  rank : -1  train.loss : 6.973320007324219  train.ips : 572.7918334599398 imgs/s
TCAPPDLL 2025-05-24 14:46:55.166150 - Epoch: 0 Iteration: 27  rank : -1  train.loss : 7.1752824783325195  train.ips : 508.0406227407102 imgs/s
TCAPPDLL 2025-05-24 14:46:55.241800 - Epoch: 0 Iteration: 28  rank : -1  train.loss : 7.028610706329346  train.ips : 435.7477931412877 imgs/s
TCAPPDLL 2025-05-24 14:46:55.298697 - Epoch: 0 Iteration: 29  rank : -1  train.loss : 6.998799800872803  train.ips : 541.1939694277892 imgs/s
TCAPPDLL 2025-05-24 14:46:55.355051 - Epoch: 0 Iteration: 30  rank : -1  train.loss : 7.028448581695557  train.ips : 594.8998200466283 imgs/s
TCAPPDLL 2025-05-24 14:46:55.415729 - Epoch: 0 Iteration: 31  rank : -1  train.loss : 7.11406946182251  train.ips : 506.09239679642843 imgs/s
TCAPPDLL 2025-05-24 14:46:55.939503 - Epoch: 0 Iteration: 32  rank : -1  train.loss : 7.011984348297119  train.ips : 61.09734361806003 imgs/s
TCAPPDLL 2025-05-24 14:46:56.741613 - Epoch: 0 Iteration: 33  rank : -1  train.loss : 7.053573131561279  train.ips : 39.895206579045535 imgs/s
TCAPPDLL 2025-05-24 14:46:56.805645 - Epoch: 0 Iteration: 34  rank : -1  train.loss : 6.995773792266846  train.ips : 499.7290500817258 imgs/s
TCAPPDLL 2025-05-24 14:46:56.914181 - Epoch: 0 Iteration: 35  rank : -1  train.loss : 6.857996463775635  train.ips : 294.84728620354076 imgs/s
TCAPPDLL 2025-05-24 14:46:56.974475 - Epoch: 0 Iteration: 36  rank : -1  train.loss : 7.001064300537109  train.ips : 530.5824488166254 imgs/s
TCAPPDLL 2025-05-24 14:46:57.225993 - Epoch: 0 Iteration: 37  rank : -1  train.loss : 7.101375579833984  train.ips : 127.24194296104655 imgs/s
TCAPPDLL 2025-05-24 14:46:57.291768 - Epoch: 0 Iteration: 38  rank : -1  train.loss : 7.143721103668213  train.ips : 486.58701035039064 imgs/s
TCAPPDLL 2025-05-24 14:46:57.350049 - Epoch: 0 Iteration: 39  rank : -1  train.loss : 7.126152038574219  train.ips : 548.8916388917289 imgs/s
TCAPPDLL 2025-05-24 14:46:57.549199 - Epoch: 0 Iteration: 40  rank : -1  train.loss : 7.0628662109375  train.ips : 162.08833009481276 imgs/s
TCAPPDLL 2025-05-24 14:46:58.179684 - Epoch: 0 Iteration: 41  rank : -1  train.loss : 7.146175384521484  train.ips : 50.61601509983275 imgs/s
TCAPPDLL 2025-05-24 14:46:58.237390 - Epoch: 0 Iteration: 42  rank : -1  train.loss : 7.178999900817871  train.ips : 554.4972712587739 imgs/s
TCAPPDLL 2025-05-24 14:46:58.399593 - Epoch: 0 Iteration: 43  rank : -1  train.loss : 6.954505443572998  train.ips : 197.317785216646 imgs/s
TCAPPDLL 2025-05-24 14:46:58.456574 - Epoch: 0 Iteration: 44  rank : -1  train.loss : 7.016511917114258  train.ips : 584.8139604801638 imgs/s
TCAPPDLL 2025-05-24 14:46:58.597115 - Epoch: 0 Iteration: 45  rank : -1  train.loss : 7.078902244567871  train.ips : 224.08051141040218 imgs/s
TCAPPDLL 2025-05-24 14:46:58.656306 - Epoch: 0 Iteration: 46  rank : -1  train.loss : 6.891101360321045  train.ips : 540.609769163535 imgs/s
TCAPPDLL 2025-05-24 14:46:58.715639 - Epoch: 0 Iteration: 47  rank : -1  train.loss : 7.04095983505249  train.ips : 539.367102952464 imgs/s
TCAPPDLL 2025-05-24 14:46:58.859059 - Epoch: 0 Iteration: 48  rank : -1  train.loss : 7.124752521514893  train.ips : 223.49209055729102 imgs/s
TCAPPDLL 2025-05-24 14:46:59.395020 - Epoch: 0 Iteration: 49  rank : -1  train.loss : 7.3433685302734375  train.ips : 59.82349852600463 imgs/s
TCAPPDLL 2025-05-24 14:46:59.453817 - Epoch: 0 Iteration: 50  rank : -1  train.loss : 6.998562335968018  train.ips : 532.9865063417811 imgs/s
TCAPPDLL 2025-05-24 14:46:59.670289 - Epoch: 0 Iteration: 51  rank : -1  train.loss : 7.02734375  train.ips : 149.08906395098262 imgs/s
TCAPPDLL 2025-05-24 14:46:59.726554 - Epoch: 0 Iteration: 52  rank : -1  train.loss : 7.161540508270264  train.ips : 565.2581776832529 imgs/s
TCAPPDLL 2025-05-24 14:46:59.928343 - Epoch: 0 Iteration: 53  rank : -1  train.loss : 6.9881792068481445  train.ips : 159.0551428937102 imgs/s
TCAPPDLL 2025-05-24 14:46:59.985923 - Epoch: 0 Iteration: 54  rank : -1  train.loss : 7.0451507568359375  train.ips : 535.9726218857195 imgs/s
TCAPPDLL 2025-05-24 14:47:00.042064 - Epoch: 0 Iteration: 55  rank : -1  train.loss : 7.203797817230225  train.ips : 603.0577007755143 imgs/s
TCAPPDLL 2025-05-24 14:47:00.522075 - Epoch: 0 Iteration: 56  rank : -1  train.loss : 7.281686305999756  train.ips : 66.33103313988514 imgs/s
2025-05-24 14:47:09.336 | INFO     | __main__:main:186 - 第 0 训练共花费: 20.718 seconds
TCAPPDLL 2025-05-24 14:47:00.780420 - Epoch: 0 Iteration: 57  rank : -1  train.loss : 7.333611011505127  train.ips : 124.69907361383513 imgs/s
TCAPPDLL 2025-05-24 14:47:00.991779 - Epoch: 0 Iteration: 58  rank : -1  train.loss : 7.263130187988281  train.ips : 150.27893999041567 imgs/s
TCAPPDLL 2025-05-24 14:47:01.218325 - Epoch: 0 Iteration: 59  rank : -1  train.loss : 6.939995765686035  train.ips : 140.81017895847802 imgs/s
TCAPPDLL 2025-05-24 14:47:01.300431 - Epoch: 0 Iteration: 60  rank : -1  train.loss : 7.106735706329346  train.ips : 389.33481852780096 imgs/s
TCAPPDLL 2025-05-24 14:47:01.676130 - Epoch: 0 Iteration: 61  rank : -1  train.loss : 7.111741542816162  train.ips : 85.69444706927948 imgs/s
TCAPPDLL 2025-05-24 14:47:01.733434 - Epoch: 0 Iteration: 62  rank : -1  train.loss : 7.018715858459473  train.ips : 545.4563956678113 imgs/s
TCAPPDLL 2025-05-24 14:47:01.790852 - Epoch: 0 Iteration: 63  rank : -1  train.loss : 7.213634967803955  train.ips : 548.579799234869 imgs/s
TCAPPDLL 2025-05-24 14:47:01.885380 - Epoch: 0 Iteration: 64  rank : -1  train.loss : 7.050161361694336  train.ips : 338.7873620229648 imgs/s
TCAPPDLL 2025-05-24 14:47:02.169988 - Epoch: 0 Iteration: 65  rank : -1  train.loss : 7.1309003829956055  train.ips : 112.5504212955509 imgs/s
TCAPPDLL 2025-05-24 14:47:02.255498 - Epoch: 0 Iteration: 66  rank : -1  train.loss : 7.088676452636719  train.ips : 372.9057467687623 imgs/s
TCAPPDLL 2025-05-24 14:47:02.312783 - Epoch: 0 Iteration: 67  rank : -1  train.loss : 7.045230865478516  train.ips : 563.26553496863 imgs/s
TCAPPDLL 2025-05-24 14:47:02.394903 - Epoch: 0 Iteration: 68  rank : -1  train.loss : 7.023446559906006  train.ips : 387.3002161322995 imgs/s
TCAPPDLL 2025-05-24 14:47:03.269827 - Epoch: 0 Iteration: 69  rank : -1  train.loss : 7.1146626472473145  train.ips : 36.63448552951539 imgs/s
TCAPPDLL 2025-05-24 14:47:03.332713 - Epoch: 0 Iteration: 70  rank : -1  train.loss : 7.07730770111084  train.ips : 518.8020733880413 imgs/s
TCAPPDLL 2025-05-24 14:47:03.389841 - Epoch: 0 Iteration: 71  rank : -1  train.loss : 7.138442039489746  train.ips : 535.3398400574357 imgs/s
TCAPPDLL 2025-05-24 14:47:03.451395 - Epoch: 0 Iteration: 72  rank : -1  train.loss : 7.093698501586914  train.ips : 548.0310156017133 imgs/s
TCAPPDLL 2025-05-24 14:47:03.897514 - Epoch: 0 Iteration: 73  rank : -1  train.loss : 6.899600028991699  train.ips : 71.22608801787315 imgs/s
TCAPPDLL 2025-05-24 14:47:03.961461 - Epoch: 0 Iteration: 74  rank : -1  train.loss : 7.277422904968262  train.ips : 518.6737617430083 imgs/s
TCAPPDLL 2025-05-24 14:47:04.017948 - Epoch: 0 Iteration: 75  rank : -1  train.loss : 7.162111282348633  train.ips : 567.1427219254953 imgs/s
TCAPPDLL 2025-05-24 14:47:04.074305 - Epoch: 0 Iteration: 76  rank : -1  train.loss : 7.03201961517334  train.ips : 573.8497926375646 imgs/s
TCAPPDLL 2025-05-24 14:47:04.331229 - Epoch: 0 Iteration: 77  rank : -1  train.loss : 7.227813720703125  train.ips : 123.16931708789842 imgs/s
TCAPPDLL 2025-05-24 14:47:04.387885 - Epoch: 0 Iteration: 78  rank : -1  train.loss : 7.243874549865723  train.ips : 588.3568425805377 imgs/s
TCAPPDLL 2025-05-24 14:47:04.444880 - Epoch: 0 Iteration: 79  rank : -1  train.loss : 6.962771892547607  train.ips : 551.7777394078423 imgs/s
TCAPPDLL 2025-05-24 14:47:04.563906 - Epoch: 0 Iteration: 80  rank : -1  train.loss : 6.990726470947266  train.ips : 269.84729705820854 imgs/s
TCAPPDLL 2025-05-24 14:47:05.053316 - Epoch: 0 Iteration: 81  rank : -1  train.loss : 7.1948018074035645  train.ips : 65.35206966331087 imgs/s
TCAPPDLL 2025-05-24 14:47:05.109435 - Epoch: 0 Iteration: 82  rank : -1  train.loss : 7.112565994262695  train.ips : 582.5017707103673 imgs/s
TCAPPDLL 2025-05-24 14:47:05.165957 - Epoch: 0 Iteration: 83  rank : -1  train.loss : 6.821226119995117  train.ips : 564.3929708295312 imgs/s
TCAPPDLL 2025-05-24 14:47:05.222057 - Epoch: 0 Iteration: 84  rank : -1  train.loss : 6.969101905822754  train.ips : 574.5056265864234 imgs/s
TCAPPDLL 2025-05-24 14:47:05.418951 - Epoch: 0 Iteration: 85  rank : -1  train.loss : 7.021252632141113  train.ips : 162.21664543544944 imgs/s
TCAPPDLL 2025-05-24 14:47:05.475326 - Epoch: 0 Iteration: 86  rank : -1  train.loss : 7.146163463592529  train.ips : 565.9016675450616 imgs/s
TCAPPDLL 2025-05-24 14:47:05.531732 - Epoch: 0 Iteration: 87  rank : -1  train.loss : 7.08538818359375  train.ips : 551.7754710232808 imgs/s
TCAPPDLL 2025-05-24 14:47:05.823226 - Epoch: 0 Iteration: 88  rank : -1  train.loss : 6.843410491943359  train.ips : 110.17419342128593 imgs/s
TCAPPDLL 2025-05-24 14:47:06.329954 - Epoch: 0 Iteration: 89  rank : -1  train.loss : 7.065886497497559  train.ips : 62.93111875062126 imgs/s
TCAPPDLL 2025-05-24 14:47:06.411767 - Epoch: 0 Iteration: 90  rank : -1  train.loss : 7.053437232971191  train.ips : 391.63187964308435 imgs/s
TCAPPDLL 2025-05-24 14:47:06.691666 - Epoch: 0 Iteration: 91  rank : -1  train.loss : 7.078627586364746  train.ips : 114.50285536838261 imgs/s
TCAPPDLL 2025-05-24 14:47:06.748389 - Epoch: 0 Iteration: 92  rank : -1  train.loss : 6.836821556091309  train.ips : 587.4889608684233 imgs/s
TCAPPDLL 2025-05-24 14:47:06.986649 - Epoch: 0 Iteration: 93  rank : -1  train.loss : 7.015761375427246  train.ips : 133.7068341865731 imgs/s
TCAPPDLL 2025-05-24 14:47:07.045765 - Epoch: 0 Iteration: 94  rank : -1  train.loss : 7.290186882019043  train.ips : 526.2511635201631 imgs/s
TCAPPDLL 2025-05-24 14:47:07.126888 - Epoch: 0 Iteration: 95  rank : -1  train.loss : 7.337896347045898  train.ips : 394.6558773023453 imgs/s
TCAPPDLL 2025-05-24 14:47:07.401135 - Epoch: 0 Iteration: 96  rank : -1  train.loss : 6.941656589508057  train.ips : 118.06293981872432 imgs/s
TCAPPDLL 2025-05-24 14:47:07.785839 - Epoch: 0 Iteration: 97  rank : -1  train.loss : 7.113428115844727  train.ips : 83.0760367194623 imgs/s
TCAPPDLL 2025-05-24 14:47:07.841958 - Epoch: 0 Iteration: 98  rank : -1  train.loss : 7.08169412612915  train.ips : 573.2909387573787 imgs/s
TCAPPDLL 2025-05-24 14:47:08.066234 - Epoch: 0 Iteration: 99  rank : -1  train.loss : 7.149285316467285  train.ips : 142.61959070821143 imgs/s
