/root/miniconda3/envs/wyc_mmlab2/lib/python3.9/site-packages/torch/distributed/launch.py:181: FutureWarning: The module torch.distributed.launch is deprecated
and will be removed in future. Use torchrun.
Note that --use-env is set by default in torchrun.
If your script expects `--local-rank` argument to be set, please
change it to read from `os.environ['LOCAL_RANK']` instead. See 
https://pytorch.org/docs/stable/distributed.html#launch-utility for 
further instructions

  warnings.warn(
/root/miniconda3/envs/wyc_mmlab2/lib/python3.9/site-packages/torch/utils/cpp_extension.py:28: UserWarning: pkg_resources is deprecated as an API. See https://setuptools.pypa.io/en/latest/pkg_resources.html. The pkg_resources package is slated for removal as early as 2025-11-30. Refrain from using this package or pin to Setuptools<81.
  from pkg_resources import packaging  # type: ignore[attr-defined]
06/22 02:20:35 - mmengine - INFO - 
------------------------------------------------------------
System environment:
    sys.platform: linux
    Python: 3.9.23 (main, Jun  5 2025, 13:40:20) [GCC 11.2.0]
    CUDA available: True
    MUSA available: False
    numpy_random_seed: 940988876
    GPU 0: NVIDIA GeForce RTX 4090
    CUDA_HOME: /usr/local/cuda
    NVCC: Cuda compilation tools, release 12.9, V12.9.86
    GCC: gcc (Ubuntu 11.4.0-1ubuntu1~22.04) 11.4.0
    PyTorch: 2.1.0+cu121
    PyTorch compiling details: PyTorch built with:
  - GCC 9.3
  - C++ Version: 201703
  - Intel(R) oneAPI Math Kernel Library Version 2023.1-Product Build 20230303 for Intel(R) 64 architecture applications
  - Intel(R) MKL-DNN v3.1.1 (Git Hash 64f6bcbcbab628e96f33a62c3e975f8535a7bde4)
  - OpenMP 201511 (a.k.a. OpenMP 4.5)
  - LAPACK is enabled (usually provided by MKL)
  - NNPACK is enabled
  - CPU capability usage: AVX512
  - CUDA Runtime 12.1
  - NVCC architecture flags: -gencode;arch=compute_50,code=sm_50;-gencode;arch=compute_60,code=sm_60;-gencode;arch=compute_70,code=sm_70;-gencode;arch=compute_75,code=sm_75;-gencode;arch=compute_80,code=sm_80;-gencode;arch=compute_86,code=sm_86;-gencode;arch=compute_90,code=sm_90
  - CuDNN 8.9.2
  - Magma 2.6.1
  - Build settings: BLAS_INFO=mkl, BUILD_TYPE=Release, CUDA_VERSION=12.1, CUDNN_VERSION=8.9.2, CXX_COMPILER=/opt/rh/devtoolset-9/root/usr/bin/c++, CXX_FLAGS= -D_GLIBCXX_USE_CXX11_ABI=0 -fabi-version=11 -fvisibility-inlines-hidden -DUSE_PTHREADPOOL -DNDEBUG -DUSE_KINETO -DLIBKINETO_NOROCTRACER -DUSE_FBGEMM -DUSE_QNNPACK -DUSE_PYTORCH_QNNPACK -DUSE_XNNPACK -DSYMBOLICATE_MOBILE_DEBUG_HANDLE -O2 -fPIC -Wall -Wextra -Werror=return-type -Werror=non-virtual-dtor -Werror=bool-operation -Wnarrowing -Wno-missing-field-initializers -Wno-type-limits -Wno-array-bounds -Wno-unknown-pragmas -Wno-unused-parameter -Wno-unused-function -Wno-unused-result -Wno-strict-overflow -Wno-strict-aliasing -Wno-stringop-overflow -Wno-psabi -Wno-error=pedantic -Wno-error=old-style-cast -Wno-invalid-partial-specialization -Wno-unused-private-field -Wno-aligned-allocation-unavailable -Wno-missing-braces -fdiagnostics-color=always -faligned-new -Wno-unused-but-set-variable -Wno-maybe-uninitialized -fno-math-errno -fno-trapping-math -Werror=format -Werror=cast-function-type -Wno-stringop-overflow, LAPACK_INFO=mkl, PERF_WITH_AVX=1, PERF_WITH_AVX2=1, PERF_WITH_AVX512=1, TORCH_DISABLE_GPU_ASSERTS=ON, TORCH_VERSION=2.1.0, USE_CUDA=ON, USE_CUDNN=ON, USE_EXCEPTION_PTR=1, USE_GFLAGS=OFF, USE_GLOG=OFF, USE_MKL=ON, USE_MKLDNN=ON, USE_MPI=OFF, USE_NCCL=1, USE_NNPACK=ON, USE_OPENMP=ON, USE_ROCM=OFF, 

    TorchVision: 0.16.0+cu121
    OpenCV: 4.11.0
    MMEngine: 0.10.4

Runtime environment:
    cudnn_benchmark: False
    mp_cfg: {'mp_start_method': 'fork', 'opencv_num_threads': 0}
    dist_cfg: {'backend': 'nccl'}
    seed: 940988876
    Distributed launcher: none
    Distributed training: False
    GPU number: 1
------------------------------------------------------------

06/22 02:20:36 - mmengine - INFO - Config:
auto_scale_lr = dict(base_batch_size=16, enable=False)
backend_args = None
data_root = '/home/01/wyc/datasets/coco/'
dataset_type = 'CocoDataset'
default_hooks = dict(
    checkpoint=dict(interval=1, type='CheckpointHook'),
    logger=dict(interval=50, type='LoggerHook'),
    param_scheduler=dict(type='ParamSchedulerHook'),
    sampler_seed=dict(type='DistSamplerSeedHook'),
    timer=dict(type='IterTimerHook'),
    visualization=dict(type='DetVisualizationHook'))
default_scope = 'mmdet'
env_cfg = dict(
    cudnn_benchmark=False,
    dist_cfg=dict(backend='nccl'),
    mp_cfg=dict(mp_start_method='fork', opencv_num_threads=0))
launcher = 'none'
load_from = None
log_level = 'INFO'
log_processor = dict(by_epoch=True, type='LogProcessor', window_size=50)
max_epochs = 50
model = dict(
    backbone=dict(
        depth=50,
        frozen_stages=1,
        init_cfg=dict(checkpoint='torchvision://resnet50', type='Pretrained'),
        norm_cfg=dict(requires_grad=False, type='BN'),
        norm_eval=True,
        num_stages=4,
        out_indices=(3, ),
        style='pytorch',
        type='ResNet'),
    bbox_head=dict(
        embed_dims=256,
        loss_bbox=dict(loss_weight=5.0, type='L1Loss'),
        loss_cls=dict(
            alpha=0.25,
            gamma=2.0,
            loss_weight=1.0,
            type='FocalLoss',
            use_sigmoid=True),
        loss_iou=dict(loss_weight=2.0, type='GIoULoss'),
        num_classes=80,
        type='DABDETRHead'),
    data_preprocessor=dict(
        bgr_to_rgb=True,
        mean=[
            123.675,
            116.28,
            103.53,
        ],
        pad_size_divisor=1,
        std=[
            58.395,
            57.12,
            57.375,
        ],
        type='DetDataPreprocessor'),
    decoder=dict(
        layer_cfg=dict(
            cross_attn_cfg=dict(
                attn_drop=0.0,
                cross_attn=True,
                embed_dims=256,
                num_heads=8,
                proj_drop=0.0),
            ffn_cfg=dict(
                act_cfg=dict(type='PReLU'),
                embed_dims=256,
                feedforward_channels=2048,
                ffn_drop=0.0,
                num_fcs=2),
            self_attn_cfg=dict(
                attn_drop=0.0,
                cross_attn=False,
                embed_dims=256,
                num_heads=8,
                proj_drop=0.0)),
        num_layers=6,
        query_dim=4,
        query_scale_type='cond_elewise',
        return_intermediate=True,
        with_modulated_hw_attn=True),
    encoder=dict(
        layer_cfg=dict(
            ffn_cfg=dict(
                act_cfg=dict(type='PReLU'),
                embed_dims=256,
                feedforward_channels=2048,
                ffn_drop=0.0,
                num_fcs=2),
            self_attn_cfg=dict(
                batch_first=True, dropout=0.0, embed_dims=256, num_heads=8)),
        num_layers=6),
    neck=dict(
        act_cfg=None,
        in_channels=[
            2048,
        ],
        kernel_size=1,
        norm_cfg=None,
        num_outs=1,
        out_channels=256,
        type='ChannelMapper'),
    num_patterns=0,
    num_queries=300,
    positional_encoding=dict(normalize=True, num_feats=128, temperature=20),
    test_cfg=dict(max_per_img=300),
    train_cfg=dict(
        assigner=dict(
            match_costs=[
                dict(eps=1e-08, type='FocalLossCost', weight=2.0),
                dict(box_format='xywh', type='BBoxL1Cost', weight=5.0),
                dict(iou_mode='giou', type='IoUCost', weight=2.0),
            ],
            type='HungarianAssigner')),
    type='DABDETR',
    with_random_refpoints=False)
optim_wrapper = dict(
    clip_grad=dict(max_norm=0.1, norm_type=2),
    loss_scale='dynamic',
    optimizer=dict(lr=0.0001, type='AdamW', weight_decay=0.0001),
    paramwise_cfg=dict(
        custom_keys=dict(backbone=dict(decay_mult=1.0, lr_mult=0.1))),
    type='AmpOptimWrapper')
param_scheduler = [
    dict(
        begin=0,
        by_epoch=True,
        end=50,
        gamma=0.1,
        milestones=[
            40,
        ],
        type='MultiStepLR'),
]
resume = False
test_cfg = dict(type='TestLoop')
test_dataloader = dict(
    batch_size=1,
    dataset=dict(
        ann_file='annotations/instances_val2017.json',
        backend_args=None,
        data_prefix=dict(img='images/val2017/'),
        data_root='/home/01/wyc/datasets/coco/',
        pipeline=[
            dict(backend_args=None, type='LoadImageFromFile'),
            dict(keep_ratio=True, scale=(
                1333,
                800,
            ), type='Resize'),
            dict(type='LoadAnnotations', with_bbox=True),
            dict(
                meta_keys=(
                    'img_id',
                    'img_path',
                    'ori_shape',
                    'img_shape',
                    'scale_factor',
                ),
                type='PackDetInputs'),
        ],
        test_mode=True,
        type='CocoDataset'),
    drop_last=False,
    num_workers=2,
    persistent_workers=True,
    sampler=dict(shuffle=False, type='DefaultSampler'))
test_evaluator = dict(
    ann_file='/home/01/wyc/datasets/coco/annotations/instances_val2017.json',
    backend_args=None,
    format_only=False,
    metric='bbox',
    type='CocoMetric')
test_pipeline = [
    dict(backend_args=None, type='LoadImageFromFile'),
    dict(keep_ratio=True, scale=(
        1333,
        800,
    ), type='Resize'),
    dict(type='LoadAnnotations', with_bbox=True),
    dict(
        meta_keys=(
            'img_id',
            'img_path',
            'ori_shape',
            'img_shape',
            'scale_factor',
        ),
        type='PackDetInputs'),
]
train_cfg = dict(max_epochs=50, type='EpochBasedTrainLoop', val_interval=1)
train_dataloader = dict(
    batch_sampler=dict(type='AspectRatioBatchSampler'),
    batch_size=2,
    dataset=dict(
        ann_file='annotations/instances_train2017.json',
        backend_args=None,
        data_prefix=dict(img='images/train2017/'),
        data_root='/home/01/wyc/datasets/coco/',
        filter_cfg=dict(filter_empty_gt=True, min_size=32),
        pipeline=[
            dict(backend_args=None, type='LoadImageFromFile'),
            dict(type='LoadAnnotations', with_bbox=True),
            dict(prob=0.5, type='RandomFlip'),
            dict(
                transforms=[
                    [
                        dict(
                            keep_ratio=True,
                            scales=[
                                (
                                    480,
                                    1333,
                                ),
                                (
                                    512,
                                    1333,
                                ),
                                (
                                    544,
                                    1333,
                                ),
                                (
                                    576,
                                    1333,
                                ),
                                (
                                    608,
                                    1333,
                                ),
                                (
                                    640,
                                    1333,
                                ),
                                (
                                    672,
                                    1333,
                                ),
                                (
                                    704,
                                    1333,
                                ),
                                (
                                    736,
                                    1333,
                                ),
                                (
                                    768,
                                    1333,
                                ),
                                (
                                    800,
                                    1333,
                                ),
                            ],
                            type='RandomChoiceResize'),
                    ],
                    [
                        dict(
                            keep_ratio=True,
                            scales=[
                                (
                                    400,
                                    1333,
                                ),
                                (
                                    500,
                                    1333,
                                ),
                                (
                                    600,
                                    1333,
                                ),
                            ],
                            type='RandomChoiceResize'),
                        dict(
                            allow_negative_crop=True,
                            crop_size=(
                                384,
                                600,
                            ),
                            crop_type='absolute_range',
                            type='RandomCrop'),
                        dict(
                            keep_ratio=True,
                            scales=[
                                (
                                    480,
                                    1333,
                                ),
                                (
                                    512,
                                    1333,
                                ),
                                (
                                    544,
                                    1333,
                                ),
                                (
                                    576,
                                    1333,
                                ),
                                (
                                    608,
                                    1333,
                                ),
                                (
                                    640,
                                    1333,
                                ),
                                (
                                    672,
                                    1333,
                                ),
                                (
                                    704,
                                    1333,
                                ),
                                (
                                    736,
                                    1333,
                                ),
                                (
                                    768,
                                    1333,
                                ),
                                (
                                    800,
                                    1333,
                                ),
                            ],
                            type='RandomChoiceResize'),
                    ],
                ],
                type='RandomChoice'),
            dict(type='PackDetInputs'),
        ],
        type='CocoDataset'),
    num_workers=2,
    persistent_workers=True,
    sampler=dict(shuffle=True, type='DefaultSampler'))
train_pipeline = [
    dict(backend_args=None, type='LoadImageFromFile'),
    dict(type='LoadAnnotations', with_bbox=True),
    dict(prob=0.5, type='RandomFlip'),
    dict(
        transforms=[
            [
                dict(
                    keep_ratio=True,
                    scales=[
                        (
                            480,
                            1333,
                        ),
                        (
                            512,
                            1333,
                        ),
                        (
                            544,
                            1333,
                        ),
                        (
                            576,
                            1333,
                        ),
                        (
                            608,
                            1333,
                        ),
                        (
                            640,
                            1333,
                        ),
                        (
                            672,
                            1333,
                        ),
                        (
                            704,
                            1333,
                        ),
                        (
                            736,
                            1333,
                        ),
                        (
                            768,
                            1333,
                        ),
                        (
                            800,
                            1333,
                        ),
                    ],
                    type='RandomChoiceResize'),
            ],
            [
                dict(
                    keep_ratio=True,
                    scales=[
                        (
                            400,
                            1333,
                        ),
                        (
                            500,
                            1333,
                        ),
                        (
                            600,
                            1333,
                        ),
                    ],
                    type='RandomChoiceResize'),
                dict(
                    allow_negative_crop=True,
                    crop_size=(
                        384,
                        600,
                    ),
                    crop_type='absolute_range',
                    type='RandomCrop'),
                dict(
                    keep_ratio=True,
                    scales=[
                        (
                            480,
                            1333,
                        ),
                        (
                            512,
                            1333,
                        ),
                        (
                            544,
                            1333,
                        ),
                        (
                            576,
                            1333,
                        ),
                        (
                            608,
                            1333,
                        ),
                        (
                            640,
                            1333,
                        ),
                        (
                            672,
                            1333,
                        ),
                        (
                            704,
                            1333,
                        ),
                        (
                            736,
                            1333,
                        ),
                        (
                            768,
                            1333,
                        ),
                        (
                            800,
                            1333,
                        ),
                    ],
                    type='RandomChoiceResize'),
            ],
        ],
        type='RandomChoice'),
    dict(type='PackDetInputs'),
]
val_cfg = dict(type='ValLoop')
val_dataloader = dict(
    batch_size=1,
    dataset=dict(
        ann_file='annotations/instances_val2017.json',
        backend_args=None,
        data_prefix=dict(img='images/val2017/'),
        data_root='/home/01/wyc/datasets/coco/',
        pipeline=[
            dict(backend_args=None, type='LoadImageFromFile'),
            dict(keep_ratio=True, scale=(
                1333,
                800,
            ), type='Resize'),
            dict(type='LoadAnnotations', with_bbox=True),
            dict(
                meta_keys=(
                    'img_id',
                    'img_path',
                    'ori_shape',
                    'img_shape',
                    'scale_factor',
                ),
                type='PackDetInputs'),
        ],
        test_mode=True,
        type='CocoDataset'),
    drop_last=False,
    num_workers=2,
    persistent_workers=True,
    sampler=dict(shuffle=False, type='DefaultSampler'))
val_evaluator = dict(
    ann_file='/home/01/wyc/datasets/coco/annotations/instances_val2017.json',
    backend_args=None,
    format_only=False,
    metric='bbox',
    type='CocoMetric')
vis_backends = [
    dict(type='LocalVisBackend'),
]
visualizer = dict(
    name='visualizer',
    type='DetLocalVisualizer',
    vis_backends=[
        dict(type='LocalVisBackend'),
    ])
work_dir = './work_dirs/dab-detr_r50_8xb2-50e_coco'

06/22 02:20:39 - mmengine - INFO - Distributed training is not used, all SyncBatchNorm (SyncBN) layers in the model will be automatically reverted to BatchNormXd layers if they are used.
06/22 02:20:39 - mmengine - INFO - Hooks will be executed in the following order:
before_run:
(VERY_HIGH   ) RuntimeInfoHook                    
(BELOW_NORMAL) LoggerHook                         
 -------------------- 
before_train:
(VERY_HIGH   ) RuntimeInfoHook                    
(NORMAL      ) IterTimerHook                      
(VERY_LOW    ) CheckpointHook                     
 -------------------- 
before_train_epoch:
(VERY_HIGH   ) RuntimeInfoHook                    
(NORMAL      ) IterTimerHook                      
(NORMAL      ) DistSamplerSeedHook                
 -------------------- 
before_train_iter:
(VERY_HIGH   ) RuntimeInfoHook                    
(NORMAL      ) IterTimerHook                      
 -------------------- 
after_train_iter:
(VERY_HIGH   ) RuntimeInfoHook                    
(NORMAL      ) IterTimerHook                      
(BELOW_NORMAL) LoggerHook                         
(LOW         ) ParamSchedulerHook                 
(VERY_LOW    ) CheckpointHook                     
 -------------------- 
after_train_epoch:
(NORMAL      ) IterTimerHook                      
(LOW         ) ParamSchedulerHook                 
(VERY_LOW    ) CheckpointHook                     
 -------------------- 
before_val:
(VERY_HIGH   ) RuntimeInfoHook                    
 -------------------- 
before_val_epoch:
(NORMAL      ) IterTimerHook                      
 -------------------- 
before_val_iter:
(NORMAL      ) IterTimerHook                      
 -------------------- 
after_val_iter:
(NORMAL      ) IterTimerHook                      
(NORMAL      ) DetVisualizationHook               
(BELOW_NORMAL) LoggerHook                         
 -------------------- 
after_val_epoch:
(VERY_HIGH   ) RuntimeInfoHook                    
(NORMAL      ) IterTimerHook                      
(BELOW_NORMAL) LoggerHook                         
(LOW         ) ParamSchedulerHook                 
(VERY_LOW    ) CheckpointHook                     
 -------------------- 
after_val:
(VERY_HIGH   ) RuntimeInfoHook                    
 -------------------- 
after_train:
(VERY_HIGH   ) RuntimeInfoHook                    
(VERY_LOW    ) CheckpointHook                     
 -------------------- 
before_test:
(VERY_HIGH   ) RuntimeInfoHook                    
 -------------------- 
before_test_epoch:
(NORMAL      ) IterTimerHook                      
 -------------------- 
before_test_iter:
(NORMAL      ) IterTimerHook                      
 -------------------- 
after_test_iter:
(NORMAL      ) IterTimerHook                      
(NORMAL      ) DetVisualizationHook               
(BELOW_NORMAL) LoggerHook                         
 -------------------- 
after_test_epoch:
(VERY_HIGH   ) RuntimeInfoHook                    
(NORMAL      ) IterTimerHook                      
(BELOW_NORMAL) LoggerHook                         
 -------------------- 
after_test:
(VERY_HIGH   ) RuntimeInfoHook                    
 -------------------- 
after_run:
(BELOW_NORMAL) LoggerHook                         
 -------------------- 
loading annotations into memory...
Done (t=15.41s)
creating index...
index created!
06/22 02:21:13 - mmengine - WARNING - backbone.conv1.weight is skipped since its requires_grad=False
06/22 02:21:13 - mmengine - WARNING - backbone.bn1.weight is skipped since its requires_grad=False
06/22 02:21:13 - mmengine - WARNING - backbone.bn1.bias is skipped since its requires_grad=False
06/22 02:21:13 - mmengine - WARNING - backbone.layer1.0.conv1.weight is skipped since its requires_grad=False
06/22 02:21:13 - mmengine - WARNING - backbone.layer1.0.bn1.weight is skipped since its requires_grad=False
06/22 02:21:13 - mmengine - WARNING - backbone.layer1.0.bn1.bias is skipped since its requires_grad=False
06/22 02:21:13 - mmengine - WARNING - backbone.layer1.0.conv2.weight is skipped since its requires_grad=False
06/22 02:21:13 - mmengine - WARNING - backbone.layer1.0.bn2.weight is skipped since its requires_grad=False
06/22 02:21:13 - mmengine - WARNING - backbone.layer1.0.bn2.bias is skipped since its requires_grad=False
06/22 02:21:13 - mmengine - WARNING - backbone.layer1.0.conv3.weight is skipped since its requires_grad=False
06/22 02:21:13 - mmengine - WARNING - backbone.layer1.0.bn3.weight is skipped since its requires_grad=False
06/22 02:21:13 - mmengine - WARNING - backbone.layer1.0.bn3.bias is skipped since its requires_grad=False
06/22 02:21:13 - mmengine - WARNING - backbone.layer1.0.downsample.0.weight is skipped since its requires_grad=False
06/22 02:21:13 - mmengine - WARNING - backbone.layer1.0.downsample.1.weight is skipped since its requires_grad=False
06/22 02:21:13 - mmengine - WARNING - backbone.layer1.0.downsample.1.bias is skipped since its requires_grad=False
06/22 02:21:13 - mmengine - WARNING - backbone.layer1.1.conv1.weight is skipped since its requires_grad=False
06/22 02:21:13 - mmengine - WARNING - backbone.layer1.1.bn1.weight is skipped since its requires_grad=False
06/22 02:21:13 - mmengine - WARNING - backbone.layer1.1.bn1.bias is skipped since its requires_grad=False
06/22 02:21:13 - mmengine - WARNING - backbone.layer1.1.conv2.weight is skipped since its requires_grad=False
06/22 02:21:13 - mmengine - WARNING - backbone.layer1.1.bn2.weight is skipped since its requires_grad=False
06/22 02:21:13 - mmengine - WARNING - backbone.layer1.1.bn2.bias is skipped since its requires_grad=False
06/22 02:21:13 - mmengine - WARNING - backbone.layer1.1.conv3.weight is skipped since its requires_grad=False
06/22 02:21:13 - mmengine - WARNING - backbone.layer1.1.bn3.weight is skipped since its requires_grad=False
06/22 02:21:13 - mmengine - WARNING - backbone.layer1.1.bn3.bias is skipped since its requires_grad=False
06/22 02:21:13 - mmengine - WARNING - backbone.layer1.2.conv1.weight is skipped since its requires_grad=False
06/22 02:21:13 - mmengine - WARNING - backbone.layer1.2.bn1.weight is skipped since its requires_grad=False
06/22 02:21:13 - mmengine - WARNING - backbone.layer1.2.bn1.bias is skipped since its requires_grad=False
06/22 02:21:13 - mmengine - WARNING - backbone.layer1.2.conv2.weight is skipped since its requires_grad=False
06/22 02:21:13 - mmengine - WARNING - backbone.layer1.2.bn2.weight is skipped since its requires_grad=False
06/22 02:21:13 - mmengine - WARNING - backbone.layer1.2.bn2.bias is skipped since its requires_grad=False
06/22 02:21:13 - mmengine - WARNING - backbone.layer1.2.conv3.weight is skipped since its requires_grad=False
06/22 02:21:13 - mmengine - WARNING - backbone.layer1.2.bn3.weight is skipped since its requires_grad=False
06/22 02:21:13 - mmengine - WARNING - backbone.layer1.2.bn3.bias is skipped since its requires_grad=False
06/22 02:21:13 - mmengine - INFO - paramwise_options -- backbone.layer2.0.conv1.weight:lr=1e-05
06/22 02:21:13 - mmengine - INFO - paramwise_options -- backbone.layer2.0.conv1.weight:weight_decay=0.0001
06/22 02:21:13 - mmengine - INFO - paramwise_options -- backbone.layer2.0.conv1.weight:lr_mult=0.1
06/22 02:21:13 - mmengine - INFO - paramwise_options -- backbone.layer2.0.conv1.weight:decay_mult=1.0
06/22 02:21:13 - mmengine - WARNING - backbone.layer2.0.bn1.weight is skipped since its requires_grad=False
06/22 02:21:13 - mmengine - WARNING - backbone.layer2.0.bn1.bias is skipped since its requires_grad=False
06/22 02:21:13 - mmengine - INFO - paramwise_options -- backbone.layer2.0.conv2.weight:lr=1e-05
06/22 02:21:13 - mmengine - INFO - paramwise_options -- backbone.layer2.0.conv2.weight:weight_decay=0.0001
06/22 02:21:13 - mmengine - INFO - paramwise_options -- backbone.layer2.0.conv2.weight:lr_mult=0.1
06/22 02:21:13 - mmengine - INFO - paramwise_options -- backbone.layer2.0.conv2.weight:decay_mult=1.0
06/22 02:21:13 - mmengine - WARNING - backbone.layer2.0.bn2.weight is skipped since its requires_grad=False
06/22 02:21:13 - mmengine - WARNING - backbone.layer2.0.bn2.bias is skipped since its requires_grad=False
06/22 02:21:13 - mmengine - INFO - paramwise_options -- backbone.layer2.0.conv3.weight:lr=1e-05
06/22 02:21:13 - mmengine - INFO - paramwise_options -- backbone.layer2.0.conv3.weight:weight_decay=0.0001
06/22 02:21:13 - mmengine - INFO - paramwise_options -- backbone.layer2.0.conv3.weight:lr_mult=0.1
06/22 02:21:13 - mmengine - INFO - paramwise_options -- backbone.layer2.0.conv3.weight:decay_mult=1.0
06/22 02:21:13 - mmengine - WARNING - backbone.layer2.0.bn3.weight is skipped since its requires_grad=False
06/22 02:21:13 - mmengine - WARNING - backbone.layer2.0.bn3.bias is skipped since its requires_grad=False
06/22 02:21:13 - mmengine - INFO - paramwise_options -- backbone.layer2.0.downsample.0.weight:lr=1e-05
06/22 02:21:13 - mmengine - INFO - paramwise_options -- backbone.layer2.0.downsample.0.weight:weight_decay=0.0001
06/22 02:21:13 - mmengine - INFO - paramwise_options -- backbone.layer2.0.downsample.0.weight:lr_mult=0.1
06/22 02:21:13 - mmengine - INFO - paramwise_options -- backbone.layer2.0.downsample.0.weight:decay_mult=1.0
06/22 02:21:13 - mmengine - WARNING - backbone.layer2.0.downsample.1.weight is skipped since its requires_grad=False
06/22 02:21:13 - mmengine - WARNING - backbone.layer2.0.downsample.1.bias is skipped since its requires_grad=False
06/22 02:21:13 - mmengine - INFO - paramwise_options -- backbone.layer2.1.conv1.weight:lr=1e-05
06/22 02:21:13 - mmengine - INFO - paramwise_options -- backbone.layer2.1.conv1.weight:weight_decay=0.0001
06/22 02:21:13 - mmengine - INFO - paramwise_options -- backbone.layer2.1.conv1.weight:lr_mult=0.1
06/22 02:21:13 - mmengine - INFO - paramwise_options -- backbone.layer2.1.conv1.weight:decay_mult=1.0
06/22 02:21:13 - mmengine - WARNING - backbone.layer2.1.bn1.weight is skipped since its requires_grad=False
06/22 02:21:13 - mmengine - WARNING - backbone.layer2.1.bn1.bias is skipped since its requires_grad=False
06/22 02:21:13 - mmengine - INFO - paramwise_options -- backbone.layer2.1.conv2.weight:lr=1e-05
06/22 02:21:13 - mmengine - INFO - paramwise_options -- backbone.layer2.1.conv2.weight:weight_decay=0.0001
06/22 02:21:13 - mmengine - INFO - paramwise_options -- backbone.layer2.1.conv2.weight:lr_mult=0.1
06/22 02:21:13 - mmengine - INFO - paramwise_options -- backbone.layer2.1.conv2.weight:decay_mult=1.0
06/22 02:21:13 - mmengine - WARNING - backbone.layer2.1.bn2.weight is skipped since its requires_grad=False
06/22 02:21:13 - mmengine - WARNING - backbone.layer2.1.bn2.bias is skipped since its requires_grad=False
06/22 02:21:13 - mmengine - INFO - paramwise_options -- backbone.layer2.1.conv3.weight:lr=1e-05
06/22 02:21:13 - mmengine - INFO - paramwise_options -- backbone.layer2.1.conv3.weight:weight_decay=0.0001
06/22 02:21:13 - mmengine - INFO - paramwise_options -- backbone.layer2.1.conv3.weight:lr_mult=0.1
06/22 02:21:13 - mmengine - INFO - paramwise_options -- backbone.layer2.1.conv3.weight:decay_mult=1.0
06/22 02:21:13 - mmengine - WARNING - backbone.layer2.1.bn3.weight is skipped since its requires_grad=False
06/22 02:21:13 - mmengine - WARNING - backbone.layer2.1.bn3.bias is skipped since its requires_grad=False
06/22 02:21:13 - mmengine - INFO - paramwise_options -- backbone.layer2.2.conv1.weight:lr=1e-05
06/22 02:21:13 - mmengine - INFO - paramwise_options -- backbone.layer2.2.conv1.weight:weight_decay=0.0001
06/22 02:21:13 - mmengine - INFO - paramwise_options -- backbone.layer2.2.conv1.weight:lr_mult=0.1
06/22 02:21:13 - mmengine - INFO - paramwise_options -- backbone.layer2.2.conv1.weight:decay_mult=1.0
06/22 02:21:13 - mmengine - WARNING - backbone.layer2.2.bn1.weight is skipped since its requires_grad=False
06/22 02:21:13 - mmengine - WARNING - backbone.layer2.2.bn1.bias is skipped since its requires_grad=False
06/22 02:21:13 - mmengine - INFO - paramwise_options -- backbone.layer2.2.conv2.weight:lr=1e-05
06/22 02:21:13 - mmengine - INFO - paramwise_options -- backbone.layer2.2.conv2.weight:weight_decay=0.0001
06/22 02:21:13 - mmengine - INFO - paramwise_options -- backbone.layer2.2.conv2.weight:lr_mult=0.1
06/22 02:21:13 - mmengine - INFO - paramwise_options -- backbone.layer2.2.conv2.weight:decay_mult=1.0
06/22 02:21:13 - mmengine - WARNING - backbone.layer2.2.bn2.weight is skipped since its requires_grad=False
06/22 02:21:13 - mmengine - WARNING - backbone.layer2.2.bn2.bias is skipped since its requires_grad=False
06/22 02:21:13 - mmengine - INFO - paramwise_options -- backbone.layer2.2.conv3.weight:lr=1e-05
06/22 02:21:13 - mmengine - INFO - paramwise_options -- backbone.layer2.2.conv3.weight:weight_decay=0.0001
06/22 02:21:13 - mmengine - INFO - paramwise_options -- backbone.layer2.2.conv3.weight:lr_mult=0.1
06/22 02:21:13 - mmengine - INFO - paramwise_options -- backbone.layer2.2.conv3.weight:decay_mult=1.0
06/22 02:21:13 - mmengine - WARNING - backbone.layer2.2.bn3.weight is skipped since its requires_grad=False
06/22 02:21:13 - mmengine - WARNING - backbone.layer2.2.bn3.bias is skipped since its requires_grad=False
06/22 02:21:13 - mmengine - INFO - paramwise_options -- backbone.layer2.3.conv1.weight:lr=1e-05
06/22 02:21:13 - mmengine - INFO - paramwise_options -- backbone.layer2.3.conv1.weight:weight_decay=0.0001
06/22 02:21:13 - mmengine - INFO - paramwise_options -- backbone.layer2.3.conv1.weight:lr_mult=0.1
06/22 02:21:13 - mmengine - INFO - paramwise_options -- backbone.layer2.3.conv1.weight:decay_mult=1.0
06/22 02:21:13 - mmengine - WARNING - backbone.layer2.3.bn1.weight is skipped since its requires_grad=False
06/22 02:21:13 - mmengine - WARNING - backbone.layer2.3.bn1.bias is skipped since its requires_grad=False
06/22 02:21:13 - mmengine - INFO - paramwise_options -- backbone.layer2.3.conv2.weight:lr=1e-05
06/22 02:21:13 - mmengine - INFO - paramwise_options -- backbone.layer2.3.conv2.weight:weight_decay=0.0001
06/22 02:21:13 - mmengine - INFO - paramwise_options -- backbone.layer2.3.conv2.weight:lr_mult=0.1
06/22 02:21:13 - mmengine - INFO - paramwise_options -- backbone.layer2.3.conv2.weight:decay_mult=1.0
06/22 02:21:13 - mmengine - WARNING - backbone.layer2.3.bn2.weight is skipped since its requires_grad=False
06/22 02:21:13 - mmengine - WARNING - backbone.layer2.3.bn2.bias is skipped since its requires_grad=False
06/22 02:21:13 - mmengine - INFO - paramwise_options -- backbone.layer2.3.conv3.weight:lr=1e-05
06/22 02:21:13 - mmengine - INFO - paramwise_options -- backbone.layer2.3.conv3.weight:weight_decay=0.0001
06/22 02:21:13 - mmengine - INFO - paramwise_options -- backbone.layer2.3.conv3.weight:lr_mult=0.1
06/22 02:21:13 - mmengine - INFO - paramwise_options -- backbone.layer2.3.conv3.weight:decay_mult=1.0
06/22 02:21:13 - mmengine - WARNING - backbone.layer2.3.bn3.weight is skipped since its requires_grad=False
06/22 02:21:13 - mmengine - WARNING - backbone.layer2.3.bn3.bias is skipped since its requires_grad=False
06/22 02:21:13 - mmengine - INFO - paramwise_options -- backbone.layer3.0.conv1.weight:lr=1e-05
06/22 02:21:13 - mmengine - INFO - paramwise_options -- backbone.layer3.0.conv1.weight:weight_decay=0.0001
06/22 02:21:13 - mmengine - INFO - paramwise_options -- backbone.layer3.0.conv1.weight:lr_mult=0.1
06/22 02:21:13 - mmengine - INFO - paramwise_options -- backbone.layer3.0.conv1.weight:decay_mult=1.0
06/22 02:21:13 - mmengine - WARNING - backbone.layer3.0.bn1.weight is skipped since its requires_grad=False
06/22 02:21:13 - mmengine - WARNING - backbone.layer3.0.bn1.bias is skipped since its requires_grad=False
06/22 02:21:13 - mmengine - INFO - paramwise_options -- backbone.layer3.0.conv2.weight:lr=1e-05
06/22 02:21:13 - mmengine - INFO - paramwise_options -- backbone.layer3.0.conv2.weight:weight_decay=0.0001
06/22 02:21:13 - mmengine - INFO - paramwise_options -- backbone.layer3.0.conv2.weight:lr_mult=0.1
06/22 02:21:13 - mmengine - INFO - paramwise_options -- backbone.layer3.0.conv2.weight:decay_mult=1.0
06/22 02:21:13 - mmengine - WARNING - backbone.layer3.0.bn2.weight is skipped since its requires_grad=False
06/22 02:21:13 - mmengine - WARNING - backbone.layer3.0.bn2.bias is skipped since its requires_grad=False
06/22 02:21:13 - mmengine - INFO - paramwise_options -- backbone.layer3.0.conv3.weight:lr=1e-05
06/22 02:21:13 - mmengine - INFO - paramwise_options -- backbone.layer3.0.conv3.weight:weight_decay=0.0001
06/22 02:21:13 - mmengine - INFO - paramwise_options -- backbone.layer3.0.conv3.weight:lr_mult=0.1
06/22 02:21:13 - mmengine - INFO - paramwise_options -- backbone.layer3.0.conv3.weight:decay_mult=1.0
06/22 02:21:13 - mmengine - WARNING - backbone.layer3.0.bn3.weight is skipped since its requires_grad=False
06/22 02:21:13 - mmengine - WARNING - backbone.layer3.0.bn3.bias is skipped since its requires_grad=False
06/22 02:21:13 - mmengine - INFO - paramwise_options -- backbone.layer3.0.downsample.0.weight:lr=1e-05
06/22 02:21:13 - mmengine - INFO - paramwise_options -- backbone.layer3.0.downsample.0.weight:weight_decay=0.0001
06/22 02:21:13 - mmengine - INFO - paramwise_options -- backbone.layer3.0.downsample.0.weight:lr_mult=0.1
06/22 02:21:13 - mmengine - INFO - paramwise_options -- backbone.layer3.0.downsample.0.weight:decay_mult=1.0
06/22 02:21:13 - mmengine - WARNING - backbone.layer3.0.downsample.1.weight is skipped since its requires_grad=False
06/22 02:21:13 - mmengine - WARNING - backbone.layer3.0.downsample.1.bias is skipped since its requires_grad=False
06/22 02:21:13 - mmengine - INFO - paramwise_options -- backbone.layer3.1.conv1.weight:lr=1e-05
06/22 02:21:13 - mmengine - INFO - paramwise_options -- backbone.layer3.1.conv1.weight:weight_decay=0.0001
06/22 02:21:13 - mmengine - INFO - paramwise_options -- backbone.layer3.1.conv1.weight:lr_mult=0.1
06/22 02:21:13 - mmengine - INFO - paramwise_options -- backbone.layer3.1.conv1.weight:decay_mult=1.0
06/22 02:21:13 - mmengine - WARNING - backbone.layer3.1.bn1.weight is skipped since its requires_grad=False
06/22 02:21:13 - mmengine - WARNING - backbone.layer3.1.bn1.bias is skipped since its requires_grad=False
06/22 02:21:13 - mmengine - INFO - paramwise_options -- backbone.layer3.1.conv2.weight:lr=1e-05
06/22 02:21:13 - mmengine - INFO - paramwise_options -- backbone.layer3.1.conv2.weight:weight_decay=0.0001
06/22 02:21:13 - mmengine - INFO - paramwise_options -- backbone.layer3.1.conv2.weight:lr_mult=0.1
06/22 02:21:13 - mmengine - INFO - paramwise_options -- backbone.layer3.1.conv2.weight:decay_mult=1.0
06/22 02:21:13 - mmengine - WARNING - backbone.layer3.1.bn2.weight is skipped since its requires_grad=False
06/22 02:21:13 - mmengine - WARNING - backbone.layer3.1.bn2.bias is skipped since its requires_grad=False
06/22 02:21:13 - mmengine - INFO - paramwise_options -- backbone.layer3.1.conv3.weight:lr=1e-05
06/22 02:21:13 - mmengine - INFO - paramwise_options -- backbone.layer3.1.conv3.weight:weight_decay=0.0001
06/22 02:21:13 - mmengine - INFO - paramwise_options -- backbone.layer3.1.conv3.weight:lr_mult=0.1
06/22 02:21:13 - mmengine - INFO - paramwise_options -- backbone.layer3.1.conv3.weight:decay_mult=1.0
06/22 02:21:13 - mmengine - WARNING - backbone.layer3.1.bn3.weight is skipped since its requires_grad=False
06/22 02:21:13 - mmengine - WARNING - backbone.layer3.1.bn3.bias is skipped since its requires_grad=False
06/22 02:21:13 - mmengine - INFO - paramwise_options -- backbone.layer3.2.conv1.weight:lr=1e-05
06/22 02:21:13 - mmengine - INFO - paramwise_options -- backbone.layer3.2.conv1.weight:weight_decay=0.0001
06/22 02:21:13 - mmengine - INFO - paramwise_options -- backbone.layer3.2.conv1.weight:lr_mult=0.1
06/22 02:21:13 - mmengine - INFO - paramwise_options -- backbone.layer3.2.conv1.weight:decay_mult=1.0
06/22 02:21:13 - mmengine - WARNING - backbone.layer3.2.bn1.weight is skipped since its requires_grad=False
06/22 02:21:13 - mmengine - WARNING - backbone.layer3.2.bn1.bias is skipped since its requires_grad=False
06/22 02:21:13 - mmengine - INFO - paramwise_options -- backbone.layer3.2.conv2.weight:lr=1e-05
06/22 02:21:13 - mmengine - INFO - paramwise_options -- backbone.layer3.2.conv2.weight:weight_decay=0.0001
06/22 02:21:13 - mmengine - INFO - paramwise_options -- backbone.layer3.2.conv2.weight:lr_mult=0.1
06/22 02:21:13 - mmengine - INFO - paramwise_options -- backbone.layer3.2.conv2.weight:decay_mult=1.0
06/22 02:21:13 - mmengine - WARNING - backbone.layer3.2.bn2.weight is skipped since its requires_grad=False
06/22 02:21:13 - mmengine - WARNING - backbone.layer3.2.bn2.bias is skipped since its requires_grad=False
06/22 02:21:13 - mmengine - INFO - paramwise_options -- backbone.layer3.2.conv3.weight:lr=1e-05
06/22 02:21:13 - mmengine - INFO - paramwise_options -- backbone.layer3.2.conv3.weight:weight_decay=0.0001
06/22 02:21:13 - mmengine - INFO - paramwise_options -- backbone.layer3.2.conv3.weight:lr_mult=0.1
06/22 02:21:13 - mmengine - INFO - paramwise_options -- backbone.layer3.2.conv3.weight:decay_mult=1.0
06/22 02:21:13 - mmengine - WARNING - backbone.layer3.2.bn3.weight is skipped since its requires_grad=False
06/22 02:21:13 - mmengine - WARNING - backbone.layer3.2.bn3.bias is skipped since its requires_grad=False
06/22 02:21:13 - mmengine - INFO - paramwise_options -- backbone.layer3.3.conv1.weight:lr=1e-05
06/22 02:21:13 - mmengine - INFO - paramwise_options -- backbone.layer3.3.conv1.weight:weight_decay=0.0001
06/22 02:21:13 - mmengine - INFO - paramwise_options -- backbone.layer3.3.conv1.weight:lr_mult=0.1
06/22 02:21:13 - mmengine - INFO - paramwise_options -- backbone.layer3.3.conv1.weight:decay_mult=1.0
06/22 02:21:13 - mmengine - WARNING - backbone.layer3.3.bn1.weight is skipped since its requires_grad=False
06/22 02:21:13 - mmengine - WARNING - backbone.layer3.3.bn1.bias is skipped since its requires_grad=False
06/22 02:21:13 - mmengine - INFO - paramwise_options -- backbone.layer3.3.conv2.weight:lr=1e-05
06/22 02:21:13 - mmengine - INFO - paramwise_options -- backbone.layer3.3.conv2.weight:weight_decay=0.0001
06/22 02:21:13 - mmengine - INFO - paramwise_options -- backbone.layer3.3.conv2.weight:lr_mult=0.1
06/22 02:21:13 - mmengine - INFO - paramwise_options -- backbone.layer3.3.conv2.weight:decay_mult=1.0
06/22 02:21:13 - mmengine - WARNING - backbone.layer3.3.bn2.weight is skipped since its requires_grad=False
06/22 02:21:13 - mmengine - WARNING - backbone.layer3.3.bn2.bias is skipped since its requires_grad=False
06/22 02:21:13 - mmengine - INFO - paramwise_options -- backbone.layer3.3.conv3.weight:lr=1e-05
06/22 02:21:13 - mmengine - INFO - paramwise_options -- backbone.layer3.3.conv3.weight:weight_decay=0.0001
06/22 02:21:13 - mmengine - INFO - paramwise_options -- backbone.layer3.3.conv3.weight:lr_mult=0.1
06/22 02:21:13 - mmengine - INFO - paramwise_options -- backbone.layer3.3.conv3.weight:decay_mult=1.0
06/22 02:21:13 - mmengine - WARNING - backbone.layer3.3.bn3.weight is skipped since its requires_grad=False
06/22 02:21:13 - mmengine - WARNING - backbone.layer3.3.bn3.bias is skipped since its requires_grad=False
06/22 02:21:13 - mmengine - INFO - paramwise_options -- backbone.layer3.4.conv1.weight:lr=1e-05
06/22 02:21:13 - mmengine - INFO - paramwise_options -- backbone.layer3.4.conv1.weight:weight_decay=0.0001
06/22 02:21:13 - mmengine - INFO - paramwise_options -- backbone.layer3.4.conv1.weight:lr_mult=0.1
06/22 02:21:13 - mmengine - INFO - paramwise_options -- backbone.layer3.4.conv1.weight:decay_mult=1.0
06/22 02:21:13 - mmengine - WARNING - backbone.layer3.4.bn1.weight is skipped since its requires_grad=False
06/22 02:21:13 - mmengine - WARNING - backbone.layer3.4.bn1.bias is skipped since its requires_grad=False
06/22 02:21:13 - mmengine - INFO - paramwise_options -- backbone.layer3.4.conv2.weight:lr=1e-05
06/22 02:21:13 - mmengine - INFO - paramwise_options -- backbone.layer3.4.conv2.weight:weight_decay=0.0001
06/22 02:21:13 - mmengine - INFO - paramwise_options -- backbone.layer3.4.conv2.weight:lr_mult=0.1
06/22 02:21:13 - mmengine - INFO - paramwise_options -- backbone.layer3.4.conv2.weight:decay_mult=1.0
06/22 02:21:13 - mmengine - WARNING - backbone.layer3.4.bn2.weight is skipped since its requires_grad=False
06/22 02:21:13 - mmengine - WARNING - backbone.layer3.4.bn2.bias is skipped since its requires_grad=False
06/22 02:21:13 - mmengine - INFO - paramwise_options -- backbone.layer3.4.conv3.weight:lr=1e-05
06/22 02:21:13 - mmengine - INFO - paramwise_options -- backbone.layer3.4.conv3.weight:weight_decay=0.0001
06/22 02:21:13 - mmengine - INFO - paramwise_options -- backbone.layer3.4.conv3.weight:lr_mult=0.1
06/22 02:21:13 - mmengine - INFO - paramwise_options -- backbone.layer3.4.conv3.weight:decay_mult=1.0
06/22 02:21:13 - mmengine - WARNING - backbone.layer3.4.bn3.weight is skipped since its requires_grad=False
06/22 02:21:13 - mmengine - WARNING - backbone.layer3.4.bn3.bias is skipped since its requires_grad=False
06/22 02:21:13 - mmengine - INFO - paramwise_options -- backbone.layer3.5.conv1.weight:lr=1e-05
06/22 02:21:13 - mmengine - INFO - paramwise_options -- backbone.layer3.5.conv1.weight:weight_decay=0.0001
06/22 02:21:13 - mmengine - INFO - paramwise_options -- backbone.layer3.5.conv1.weight:lr_mult=0.1
06/22 02:21:13 - mmengine - INFO - paramwise_options -- backbone.layer3.5.conv1.weight:decay_mult=1.0
06/22 02:21:13 - mmengine - WARNING - backbone.layer3.5.bn1.weight is skipped since its requires_grad=False
06/22 02:21:13 - mmengine - WARNING - backbone.layer3.5.bn1.bias is skipped since its requires_grad=False
06/22 02:21:13 - mmengine - INFO - paramwise_options -- backbone.layer3.5.conv2.weight:lr=1e-05
06/22 02:21:13 - mmengine - INFO - paramwise_options -- backbone.layer3.5.conv2.weight:weight_decay=0.0001
06/22 02:21:13 - mmengine - INFO - paramwise_options -- backbone.layer3.5.conv2.weight:lr_mult=0.1
06/22 02:21:13 - mmengine - INFO - paramwise_options -- backbone.layer3.5.conv2.weight:decay_mult=1.0
06/22 02:21:13 - mmengine - WARNING - backbone.layer3.5.bn2.weight is skipped since its requires_grad=False
06/22 02:21:13 - mmengine - WARNING - backbone.layer3.5.bn2.bias is skipped since its requires_grad=False
06/22 02:21:13 - mmengine - INFO - paramwise_options -- backbone.layer3.5.conv3.weight:lr=1e-05
06/22 02:21:13 - mmengine - INFO - paramwise_options -- backbone.layer3.5.conv3.weight:weight_decay=0.0001
06/22 02:21:13 - mmengine - INFO - paramwise_options -- backbone.layer3.5.conv3.weight:lr_mult=0.1
06/22 02:21:13 - mmengine - INFO - paramwise_options -- backbone.layer3.5.conv3.weight:decay_mult=1.0
06/22 02:21:13 - mmengine - WARNING - backbone.layer3.5.bn3.weight is skipped since its requires_grad=False
06/22 02:21:13 - mmengine - WARNING - backbone.layer3.5.bn3.bias is skipped since its requires_grad=False
06/22 02:21:13 - mmengine - INFO - paramwise_options -- backbone.layer4.0.conv1.weight:lr=1e-05
06/22 02:21:13 - mmengine - INFO - paramwise_options -- backbone.layer4.0.conv1.weight:weight_decay=0.0001
06/22 02:21:13 - mmengine - INFO - paramwise_options -- backbone.layer4.0.conv1.weight:lr_mult=0.1
06/22 02:21:13 - mmengine - INFO - paramwise_options -- backbone.layer4.0.conv1.weight:decay_mult=1.0
06/22 02:21:13 - mmengine - WARNING - backbone.layer4.0.bn1.weight is skipped since its requires_grad=False
06/22 02:21:13 - mmengine - WARNING - backbone.layer4.0.bn1.bias is skipped since its requires_grad=False
06/22 02:21:13 - mmengine - INFO - paramwise_options -- backbone.layer4.0.conv2.weight:lr=1e-05
06/22 02:21:13 - mmengine - INFO - paramwise_options -- backbone.layer4.0.conv2.weight:weight_decay=0.0001
06/22 02:21:13 - mmengine - INFO - paramwise_options -- backbone.layer4.0.conv2.weight:lr_mult=0.1
06/22 02:21:13 - mmengine - INFO - paramwise_options -- backbone.layer4.0.conv2.weight:decay_mult=1.0
06/22 02:21:13 - mmengine - WARNING - backbone.layer4.0.bn2.weight is skipped since its requires_grad=False
06/22 02:21:13 - mmengine - WARNING - backbone.layer4.0.bn2.bias is skipped since its requires_grad=False
06/22 02:21:13 - mmengine - INFO - paramwise_options -- backbone.layer4.0.conv3.weight:lr=1e-05
06/22 02:21:13 - mmengine - INFO - paramwise_options -- backbone.layer4.0.conv3.weight:weight_decay=0.0001
06/22 02:21:13 - mmengine - INFO - paramwise_options -- backbone.layer4.0.conv3.weight:lr_mult=0.1
06/22 02:21:13 - mmengine - INFO - paramwise_options -- backbone.layer4.0.conv3.weight:decay_mult=1.0
06/22 02:21:13 - mmengine - WARNING - backbone.layer4.0.bn3.weight is skipped since its requires_grad=False
06/22 02:21:13 - mmengine - WARNING - backbone.layer4.0.bn3.bias is skipped since its requires_grad=False
06/22 02:21:13 - mmengine - INFO - paramwise_options -- backbone.layer4.0.downsample.0.weight:lr=1e-05
06/22 02:21:13 - mmengine - INFO - paramwise_options -- backbone.layer4.0.downsample.0.weight:weight_decay=0.0001
06/22 02:21:13 - mmengine - INFO - paramwise_options -- backbone.layer4.0.downsample.0.weight:lr_mult=0.1
06/22 02:21:13 - mmengine - INFO - paramwise_options -- backbone.layer4.0.downsample.0.weight:decay_mult=1.0
06/22 02:21:13 - mmengine - WARNING - backbone.layer4.0.downsample.1.weight is skipped since its requires_grad=False
06/22 02:21:13 - mmengine - WARNING - backbone.layer4.0.downsample.1.bias is skipped since its requires_grad=False
06/22 02:21:13 - mmengine - INFO - paramwise_options -- backbone.layer4.1.conv1.weight:lr=1e-05
06/22 02:21:13 - mmengine - INFO - paramwise_options -- backbone.layer4.1.conv1.weight:weight_decay=0.0001
06/22 02:21:13 - mmengine - INFO - paramwise_options -- backbone.layer4.1.conv1.weight:lr_mult=0.1
06/22 02:21:13 - mmengine - INFO - paramwise_options -- backbone.layer4.1.conv1.weight:decay_mult=1.0
06/22 02:21:13 - mmengine - WARNING - backbone.layer4.1.bn1.weight is skipped since its requires_grad=False
06/22 02:21:13 - mmengine - WARNING - backbone.layer4.1.bn1.bias is skipped since its requires_grad=False
06/22 02:21:13 - mmengine - INFO - paramwise_options -- backbone.layer4.1.conv2.weight:lr=1e-05
06/22 02:21:13 - mmengine - INFO - paramwise_options -- backbone.layer4.1.conv2.weight:weight_decay=0.0001
06/22 02:21:13 - mmengine - INFO - paramwise_options -- backbone.layer4.1.conv2.weight:lr_mult=0.1
06/22 02:21:13 - mmengine - INFO - paramwise_options -- backbone.layer4.1.conv2.weight:decay_mult=1.0
06/22 02:21:13 - mmengine - WARNING - backbone.layer4.1.bn2.weight is skipped since its requires_grad=False
06/22 02:21:13 - mmengine - WARNING - backbone.layer4.1.bn2.bias is skipped since its requires_grad=False
06/22 02:21:13 - mmengine - INFO - paramwise_options -- backbone.layer4.1.conv3.weight:lr=1e-05
06/22 02:21:13 - mmengine - INFO - paramwise_options -- backbone.layer4.1.conv3.weight:weight_decay=0.0001
06/22 02:21:13 - mmengine - INFO - paramwise_options -- backbone.layer4.1.conv3.weight:lr_mult=0.1
06/22 02:21:13 - mmengine - INFO - paramwise_options -- backbone.layer4.1.conv3.weight:decay_mult=1.0
06/22 02:21:13 - mmengine - WARNING - backbone.layer4.1.bn3.weight is skipped since its requires_grad=False
06/22 02:21:13 - mmengine - WARNING - backbone.layer4.1.bn3.bias is skipped since its requires_grad=False
06/22 02:21:13 - mmengine - INFO - paramwise_options -- backbone.layer4.2.conv1.weight:lr=1e-05
06/22 02:21:13 - mmengine - INFO - paramwise_options -- backbone.layer4.2.conv1.weight:weight_decay=0.0001
06/22 02:21:13 - mmengine - INFO - paramwise_options -- backbone.layer4.2.conv1.weight:lr_mult=0.1
06/22 02:21:13 - mmengine - INFO - paramwise_options -- backbone.layer4.2.conv1.weight:decay_mult=1.0
06/22 02:21:13 - mmengine - WARNING - backbone.layer4.2.bn1.weight is skipped since its requires_grad=False
06/22 02:21:13 - mmengine - WARNING - backbone.layer4.2.bn1.bias is skipped since its requires_grad=False
06/22 02:21:13 - mmengine - INFO - paramwise_options -- backbone.layer4.2.conv2.weight:lr=1e-05
06/22 02:21:13 - mmengine - INFO - paramwise_options -- backbone.layer4.2.conv2.weight:weight_decay=0.0001
06/22 02:21:13 - mmengine - INFO - paramwise_options -- backbone.layer4.2.conv2.weight:lr_mult=0.1
06/22 02:21:13 - mmengine - INFO - paramwise_options -- backbone.layer4.2.conv2.weight:decay_mult=1.0
06/22 02:21:13 - mmengine - WARNING - backbone.layer4.2.bn2.weight is skipped since its requires_grad=False
06/22 02:21:13 - mmengine - WARNING - backbone.layer4.2.bn2.bias is skipped since its requires_grad=False
06/22 02:21:13 - mmengine - INFO - paramwise_options -- backbone.layer4.2.conv3.weight:lr=1e-05
06/22 02:21:13 - mmengine - INFO - paramwise_options -- backbone.layer4.2.conv3.weight:weight_decay=0.0001
06/22 02:21:13 - mmengine - INFO - paramwise_options -- backbone.layer4.2.conv3.weight:lr_mult=0.1
06/22 02:21:13 - mmengine - INFO - paramwise_options -- backbone.layer4.2.conv3.weight:decay_mult=1.0
06/22 02:21:13 - mmengine - WARNING - backbone.layer4.2.bn3.weight is skipped since its requires_grad=False
06/22 02:21:13 - mmengine - WARNING - backbone.layer4.2.bn3.bias is skipped since its requires_grad=False
loading annotations into memory...
Done (t=0.61s)
creating index...
index created!
loading annotations into memory...
Done (t=0.60s)
creating index...
index created!
06/22 02:21:17 - mmengine - INFO - load model from: torchvision://resnet50
06/22 02:21:17 - mmengine - INFO - Loads checkpoint by torchvision backend from path: torchvision://resnet50
06/22 02:21:17 - mmengine - WARNING - The model and loaded state dict do not match exactly

unexpected key in source state_dict: fc.weight, fc.bias

06/22 02:21:17 - mmengine - WARNING - "FileClient" will be deprecated in future. Please use io functions in https://mmengine.readthedocs.io/en/latest/api/fileio.html#file-io
06/22 02:21:17 - mmengine - WARNING - "HardDiskBackend" is the alias of "LocalBackend" and the former will be deprecated in future.
06/22 02:21:17 - mmengine - INFO - Checkpoints will be saved to /home/01/wyc/mmdetection/work_dirs/dab-detr_r50_8xb2-50e_coco.
TCAPPDLL 2025-06-22 02:21:19.015370 - Epoch: 0 Iteration: 0  rank : 0  train.loss : 24.196239471435547  train.ips : 1.1017523527432407 imgs/s train.total_time : 1.8152899742126465 
TCAPPDLL 2025-06-22 02:21:19.375358 - Epoch: 0 Iteration: 1  rank : 0  train.loss : 29.692171096801758  train.ips : 5.558557424324149 imgs/s train.total_time : 0.3598055839538574 
TCAPPDLL 2025-06-22 02:21:19.704468 - Epoch: 0 Iteration: 2  rank : 0  train.loss : 27.291048049926758  train.ips : 6.078974562625278 imgs/s train.total_time : 0.32900285720825195 
TCAPPDLL 2025-06-22 02:21:20.056092 - Epoch: 0 Iteration: 3  rank : 0  train.loss : 22.817745208740234  train.ips : 5.6898033877244 imgs/s train.total_time : 0.35150599479675293 
TCAPPDLL 2025-06-22 02:21:20.520813 - Epoch: 0 Iteration: 4  rank : 0  train.loss : 36.036766052246094  train.ips : 4.304715651751781 imgs/s train.total_time : 0.46460676193237305 
TCAPPDLL 2025-06-22 02:21:20.943629 - Epoch: 0 Iteration: 5  rank : 0  train.loss : 22.167072296142578  train.ips : 4.731406126354583 imgs/s train.total_time : 0.42270731925964355 
TCAPPDLL 2025-06-22 02:21:21.292320 - Epoch: 0 Iteration: 6  rank : 0  train.loss : 28.02873992919922  train.ips : 5.737722724194773 imgs/s train.total_time : 0.3485703468322754 
TCAPPDLL 2025-06-22 02:21:21.681109 - Epoch: 0 Iteration: 7  rank : 0  train.loss : 23.02475357055664  train.ips : 5.14576020826918 imgs/s train.total_time : 0.388669490814209 
TCAPPDLL 2025-06-22 02:21:22.058238 - Epoch: 0 Iteration: 8  rank : 0  train.loss : 23.662019729614258  train.ips : 5.304853956345 imgs/s train.total_time : 0.3770132064819336 
TCAPPDLL 2025-06-22 02:21:22.419264 - Epoch: 0 Iteration: 9  rank : 0  train.loss : 29.35152816772461  train.ips : 5.541493782786281 imgs/s train.total_time : 0.3609135150909424 
TCAPPDLL 2025-06-22 02:21:22.789131 - Epoch: 0 Iteration: 10  rank : 0  train.loss : 30.696208953857422  train.ips : 5.408990085526519 imgs/s train.total_time : 0.3697547912597656 
TCAPPDLL 2025-06-22 02:21:23.157206 - Epoch: 0 Iteration: 11  rank : 0  train.loss : 24.84873390197754  train.ips : 5.43536319629064 imgs/s train.total_time : 0.36796069145202637 
TCAPPDLL 2025-06-22 02:21:23.577304 - Epoch: 0 Iteration: 12  rank : 0  train.loss : 27.357051849365234  train.ips : 4.762103938953208 imgs/s train.total_time : 0.4199824333190918 
TCAPPDLL 2025-06-22 02:21:23.998586 - Epoch: 0 Iteration: 13  rank : 0  train.loss : 20.58793830871582  train.ips : 4.7486897894718965 imgs/s train.total_time : 0.42116880416870117 
TCAPPDLL 2025-06-22 02:21:24.380675 - Epoch: 0 Iteration: 14  rank : 0  train.loss : 26.521936416625977  train.ips : 5.235939108219666 imgs/s train.total_time : 0.3819754123687744 
TCAPPDLL 2025-06-22 02:21:24.745052 - Epoch: 0 Iteration: 15  rank : 0  train.loss : 21.696470260620117  train.ips : 5.490498029572449 imgs/s train.total_time : 0.36426568031311035 
TCAPPDLL 2025-06-22 02:21:25.122132 - Epoch: 0 Iteration: 16  rank : 0  train.loss : 23.312744140625  train.ips : 5.305471297633835 imgs/s train.total_time : 0.3769693374633789 
TCAPPDLL 2025-06-22 02:21:25.501747 - Epoch: 0 Iteration: 17  rank : 0  train.loss : 25.78896141052246  train.ips : 5.270063647049437 imgs/s train.total_time : 0.3795020580291748 
TCAPPDLL 2025-06-22 02:21:25.864545 - Epoch: 0 Iteration: 18  rank : 0  train.loss : 20.639108657836914  train.ips : 5.514877189799137 imgs/s train.total_time : 0.3626554012298584 
TCAPPDLL 2025-06-22 02:21:26.262534 - Epoch: 0 Iteration: 19  rank : 0  train.loss : 27.451480865478516  train.ips : 5.026691426780592 imgs/s train.total_time : 0.3978760242462158 
TCAPPDLL 2025-06-22 02:21:26.637103 - Epoch: 0 Iteration: 20  rank : 0  train.loss : 23.728931427001953  train.ips : 5.341126687206994 imgs/s train.total_time : 0.3744528293609619 
TCAPPDLL 2025-06-22 02:21:27.014274 - Epoch: 0 Iteration: 21  rank : 0  train.loss : 26.832763671875  train.ips : 5.304226696891233 imgs/s train.total_time : 0.3770577907562256 
TCAPPDLL 2025-06-22 02:21:27.428848 - Epoch: 0 Iteration: 22  rank : 0  train.loss : 26.02144432067871  train.ips : 4.825587335189489 imgs/s train.total_time : 0.4144573211669922 
TCAPPDLL 2025-06-22 02:21:27.803805 - Epoch: 0 Iteration: 23  rank : 0  train.loss : 24.074321746826172  train.ips : 5.335568834852961 imgs/s train.total_time : 0.37484288215637207 
TCAPPDLL 2025-06-22 02:21:28.180231 - Epoch: 0 Iteration: 24  rank : 0  train.loss : 23.327003479003906  train.ips : 5.314698180855168 imgs/s train.total_time : 0.3763148784637451 
TCAPPDLL 2025-06-22 02:21:28.565908 - Epoch: 0 Iteration: 25  rank : 0  train.loss : 25.49827766418457  train.ips : 5.187744008212714 imgs/s train.total_time : 0.38552403450012207 
TCAPPDLL 2025-06-22 02:21:28.980830 - Epoch: 0 Iteration: 26  rank : 0  train.loss : 28.933975219726562  train.ips : 4.821815004713402 imgs/s train.total_time : 0.4147815704345703 
TCAPPDLL 2025-06-22 02:21:29.224208 - Epoch: 0 Iteration: 27  rank : 0  train.loss : 18.19430923461914  train.ips : 8.221699282858685 imgs/s train.total_time : 0.24325871467590332 
TCAPPDLL 2025-06-22 02:21:29.645621 - Epoch: 0 Iteration: 28  rank : 0  train.loss : 27.49917221069336  train.ips : 4.747201006867889 imgs/s train.total_time : 0.42130088806152344 
TCAPPDLL 2025-06-22 02:21:30.069998 - Epoch: 0 Iteration: 29  rank : 0  train.loss : 20.32654571533203  train.ips : 4.714001446466413 imgs/s train.total_time : 0.4242680072784424 
TCAPPDLL 2025-06-22 02:21:30.419855 - Epoch: 0 Iteration: 30  rank : 0  train.loss : 28.375200271606445  train.ips : 5.718529405549189 imgs/s train.total_time : 0.34974026679992676 
TCAPPDLL 2025-06-22 02:21:30.624435 - Epoch: 0 Iteration: 31  rank : 0  train.loss : 24.707393646240234  train.ips : 9.781503942985008 imgs/s train.total_time : 0.2044675350189209 
TCAPPDLL 2025-06-22 02:21:31.014942 - Epoch: 0 Iteration: 32  rank : 0  train.loss : 21.52490234375  train.ips : 5.123330289769656 imgs/s train.total_time : 0.39037108421325684 
TCAPPDLL 2025-06-22 02:21:31.418317 - Epoch: 0 Iteration: 33  rank : 0  train.loss : 21.616960525512695  train.ips : 4.959940210681665 imgs/s train.total_time : 0.4032306671142578 
TCAPPDLL 2025-06-22 02:21:31.795948 - Epoch: 0 Iteration: 34  rank : 0  train.loss : 25.232017517089844  train.ips : 5.297982327444376 imgs/s train.total_time : 0.3775022029876709 
TCAPPDLL 2025-06-22 02:21:32.222870 - Epoch: 0 Iteration: 35  rank : 0  train.loss : 23.476587295532227  train.ips : 4.685933387257509 imgs/s train.total_time : 0.42680931091308594 
TCAPPDLL 2025-06-22 02:21:32.567852 - Epoch: 0 Iteration: 36  rank : 0  train.loss : 27.349483489990234  train.ips : 5.79936936083663 imgs/s train.total_time : 0.344865083694458 
TCAPPDLL 2025-06-22 02:21:32.936159 - Epoch: 0 Iteration: 37  rank : 0  train.loss : 23.012441635131836  train.ips : 5.431899932850835 imgs/s train.total_time : 0.3681952953338623 
TCAPPDLL 2025-06-22 02:21:33.309544 - Epoch: 0 Iteration: 38  rank : 0  train.loss : 22.424633026123047  train.ips : 5.35804104595586 imgs/s train.total_time : 0.37327075004577637 
TCAPPDLL 2025-06-22 02:21:33.719662 - Epoch: 0 Iteration: 39  rank : 0  train.loss : 19.9173526763916  train.ips : 4.878002373696051 imgs/s train.total_time : 0.4100039005279541 
TCAPPDLL 2025-06-22 02:21:34.103012 - Epoch: 0 Iteration: 40  rank : 0  train.loss : 18.98049545288086  train.ips : 5.219152428272964 imgs/s train.total_time : 0.38320398330688477 
TCAPPDLL 2025-06-22 02:21:34.529765 - Epoch: 0 Iteration: 41  rank : 0  train.loss : 23.402999877929688  train.ips : 4.688101758190171 imgs/s train.total_time : 0.42661190032958984 
TCAPPDLL 2025-06-22 02:21:34.876317 - Epoch: 0 Iteration: 42  rank : 0  train.loss : 26.735383987426758  train.ips : 5.773035930208311 imgs/s train.total_time : 0.3464381694793701 
TCAPPDLL 2025-06-22 02:21:35.287825 - Epoch: 0 Iteration: 43  rank : 0  train.loss : 21.283695220947266  train.ips : 4.86151256958796 imgs/s train.total_time : 0.4113945960998535 
TCAPPDLL 2025-06-22 02:21:35.665502 - Epoch: 0 Iteration: 44  rank : 0  train.loss : 24.402982711791992  train.ips : 5.297219540195771 imgs/s train.total_time : 0.37755656242370605 
TCAPPDLL 2025-06-22 02:21:35.887431 - Epoch: 0 Iteration: 45  rank : 0  train.loss : 29.486610412597656  train.ips : 9.01709016759092 imgs/s train.total_time : 0.2218010425567627 
TCAPPDLL 2025-06-22 02:21:36.248575 - Epoch: 0 Iteration: 46  rank : 0  train.loss : 24.580638885498047  train.ips : 5.540706844668017 imgs/s train.total_time : 0.3609647750854492 
TCAPPDLL 2025-06-22 02:21:36.483361 - Epoch: 0 Iteration: 47  rank : 0  train.loss : 23.322385787963867  train.ips : 8.52252239438294 imgs/s train.total_time : 0.23467230796813965 
TCAPPDLL 2025-06-22 02:21:36.914311 - Epoch: 0 Iteration: 48  rank : 0  train.loss : 30.52762794494629  train.ips : 4.642153431198123 imgs/s train.total_time : 0.4308345317840576 
TCAPPDLL 2025-06-22 02:21:37.135257 - Epoch: 0 Iteration: 49  rank : 0  train.loss : 21.553834915161133  train.ips : 9.056565966276777 imgs/s train.total_time : 0.22083425521850586 
06/22 02:21:37 - mmengine - INFO - Epoch(train)  [1][   50/58633]  base_lr: 1.0000e-04 lr: 1.0000e-05  eta: 13 days, 12:34:12  time: 0.3986  data_time: 0.0193  memory: 2678  grad_norm: nan  loss: 24.8304  loss_cls: 1.0042  loss_bbox: 1.6333  loss_iou: 1.4680  d0.loss_cls: 0.9988  d0.loss_bbox: 1.7656  d0.loss_iou: 1.4449  d1.loss_cls: 1.0025  d1.loss_bbox: 1.7201  d1.loss_iou: 1.4359  d2.loss_cls: 1.0077  d2.loss_bbox: 1.6810  d2.loss_iou: 1.4461  d3.loss_cls: 0.9945  d3.loss_bbox: 1.6624  d3.loss_iou: 1.4433  d4.loss_cls: 1.0216  d4.loss_bbox: 1.6486  d4.loss_iou: 1.4517
TCAPPDLL 2025-06-22 02:21:37.582699 - Epoch: 0 Iteration: 50  rank : 0  train.loss : 24.65749740600586  train.ips : 4.471317786484998 imgs/s train.total_time : 0.4472954273223877 
TCAPPDLL 2025-06-22 02:21:37.951643 - Epoch: 0 Iteration: 51  rank : 0  train.loss : 26.47514533996582  train.ips : 5.422829829349682 imgs/s train.total_time : 0.36881113052368164 
TCAPPDLL 2025-06-22 02:21:38.160473 - Epoch: 0 Iteration: 52  rank : 0  train.loss : 26.470684051513672  train.ips : 9.58277510212661 imgs/s train.total_time : 0.2087078094482422 
TCAPPDLL 2025-06-22 02:21:38.589161 - Epoch: 0 Iteration: 53  rank : 0  train.loss : 22.510765075683594  train.ips : 4.667089500588629 imgs/s train.total_time : 0.42853260040283203 
TCAPPDLL 2025-06-22 02:21:38.966005 - Epoch: 0 Iteration: 54  rank : 0  train.loss : 28.19215965270996  train.ips : 5.308839006633036 imgs/s train.total_time : 0.37673020362854004 
TCAPPDLL 2025-06-22 02:21:39.307678 - Epoch: 0 Iteration: 55  rank : 0  train.loss : 30.144493103027344  train.ips : 5.8554394821229385 imgs/s train.total_time : 0.34156274795532227 
TCAPPDLL 2025-06-22 02:21:39.522894 - Epoch: 0 Iteration: 56  rank : 0  train.loss : 23.947418212890625  train.ips : 9.298091524364155 imgs/s train.total_time : 0.21509790420532227 
TCAPPDLL 2025-06-22 02:21:39.901114 - Epoch: 0 Iteration: 57  rank : 0  train.loss : 22.169618606567383  train.ips : 5.289493662904345 imgs/s train.total_time : 0.37810802459716797 
TCAPPDLL 2025-06-22 02:21:40.305225 - Epoch: 0 Iteration: 58  rank : 0  train.loss : 27.090803146362305  train.ips : 4.950523727212157 imgs/s train.total_time : 0.40399765968322754 
TCAPPDLL 2025-06-22 02:21:40.701536 - Epoch: 0 Iteration: 59  rank : 0  train.loss : 23.119300842285156  train.ips : 5.047977585426676 imgs/s train.total_time : 0.3961982727050781 
TCAPPDLL 2025-06-22 02:21:41.048895 - Epoch: 0 Iteration: 60  rank : 0  train.loss : 22.297197341918945  train.ips : 5.759579034674437 imgs/s train.total_time : 0.3472476005554199 
TCAPPDLL 2025-06-22 02:21:41.406981 - Epoch: 0 Iteration: 61  rank : 0  train.loss : 26.115459442138672  train.ips : 5.587067821208139 imgs/s train.total_time : 0.3579695224761963 
TCAPPDLL 2025-06-22 02:21:41.843513 - Epoch: 0 Iteration: 62  rank : 0  train.loss : 23.81254768371582  train.ips : 4.5830897992120585 imgs/s train.total_time : 0.4363868236541748 
TCAPPDLL 2025-06-22 02:21:42.241655 - Epoch: 0 Iteration: 63  rank : 0  train.loss : 29.66912841796875  train.ips : 5.025161727432891 imgs/s train.total_time : 0.3979971408843994 
TCAPPDLL 2025-06-22 02:21:42.638355 - Epoch: 0 Iteration: 64  rank : 0  train.loss : 22.835243225097656  train.ips : 5.0430916215478545 imgs/s train.total_time : 0.39658212661743164 
TCAPPDLL 2025-06-22 02:21:43.033602 - Epoch: 0 Iteration: 65  rank : 0  train.loss : 23.184106826782227  train.ips : 5.061583567095816 imgs/s train.total_time : 0.39513325691223145 
TCAPPDLL 2025-06-22 02:21:43.419454 - Epoch: 0 Iteration: 66  rank : 0  train.loss : 22.914230346679688  train.ips : 5.184848582243243 imgs/s train.total_time : 0.3857393264770508 
TCAPPDLL 2025-06-22 02:21:43.813986 - Epoch: 0 Iteration: 67  rank : 0  train.loss : 18.89137840270996  train.ips : 5.070719563229188 imgs/s train.total_time : 0.3944213390350342 
TCAPPDLL 2025-06-22 02:21:44.032494 - Epoch: 0 Iteration: 68  rank : 0  train.loss : 23.104272842407227  train.ips : 9.157609063498198 imgs/s train.total_time : 0.2183976173400879 
TCAPPDLL 2025-06-22 02:21:44.386137 - Epoch: 0 Iteration: 69  rank : 0  train.loss : 22.727405548095703  train.ips : 5.657443301527696 imgs/s train.total_time : 0.3535165786743164 
TCAPPDLL 2025-06-22 02:21:44.769749 - Epoch: 0 Iteration: 70  rank : 0  train.loss : 25.69933319091797  train.ips : 5.215103057340839 imgs/s train.total_time : 0.3835015296936035 
TCAPPDLL 2025-06-22 02:21:45.186200 - Epoch: 0 Iteration: 71  rank : 0  train.loss : 20.970178604125977  train.ips : 4.80376760337545 imgs/s train.total_time : 0.4163398742675781 
TCAPPDLL 2025-06-22 02:21:45.609824 - Epoch: 0 Iteration: 72  rank : 0  train.loss : 20.270252227783203  train.ips : 4.722560131150199 imgs/s train.total_time : 0.42349910736083984 
TCAPPDLL 2025-06-22 02:21:45.932456 - Epoch: 0 Iteration: 73  rank : 0  train.loss : 23.07669448852539  train.ips : 6.201192985205593 imgs/s train.total_time : 0.32251858711242676 
TCAPPDLL 2025-06-22 02:21:46.346627 - Epoch: 0 Iteration: 74  rank : 0  train.loss : 25.331012725830078  train.ips : 4.830539140769951 imgs/s train.total_time : 0.4140324592590332 
TCAPPDLL 2025-06-22 02:21:46.757158 - Epoch: 0 Iteration: 75  rank : 0  train.loss : 25.227266311645508  train.ips : 4.873134003214827 imgs/s train.total_time : 0.4104135036468506 
TCAPPDLL 2025-06-22 02:21:47.191182 - Epoch: 0 Iteration: 76  rank : 0  train.loss : 23.238508224487305  train.ips : 4.609287359555501 imgs/s train.total_time : 0.43390655517578125 
TCAPPDLL 2025-06-22 02:21:47.584693 - Epoch: 0 Iteration: 77  rank : 0  train.loss : 22.655029296875  train.ips : 5.084414683122943 imgs/s train.total_time : 0.3933589458465576 
TCAPPDLL 2025-06-22 02:21:47.955997 - Epoch: 0 Iteration: 78  rank : 0  train.loss : 23.918643951416016  train.ips : 5.388338189423487 imgs/s train.total_time : 0.3711719512939453 
TCAPPDLL 2025-06-22 02:21:48.343591 - Epoch: 0 Iteration: 79  rank : 0  train.loss : 22.012611389160156  train.ips : 5.1614865825227305 imgs/s train.total_time : 0.3874852657318115 
TCAPPDLL 2025-06-22 02:21:48.701303 - Epoch: 0 Iteration: 80  rank : 0  train.loss : 27.2139892578125  train.ips : 5.592819201954278 imgs/s train.total_time : 0.3576014041900635 
TCAPPDLL 2025-06-22 02:21:48.931267 - Epoch: 0 Iteration: 81  rank : 0  train.loss : 37.80181121826172  train.ips : 8.7013519933448 imgs/s train.total_time : 0.22984933853149414 
TCAPPDLL 2025-06-22 02:21:49.286142 - Epoch: 0 Iteration: 82  rank : 0  train.loss : 20.648351669311523  train.ips : 5.637547051759119 imgs/s train.total_time : 0.3547642230987549 
TCAPPDLL 2025-06-22 02:21:49.538121 - Epoch: 0 Iteration: 83  rank : 0  train.loss : 20.276294708251953  train.ips : 7.940614415884621 imgs/s train.total_time : 0.25186967849731445 
TCAPPDLL 2025-06-22 02:21:49.934482 - Epoch: 0 Iteration: 84  rank : 0  train.loss : 20.541826248168945  train.ips : 5.047327601249105 imgs/s train.total_time : 0.39624929428100586 
TCAPPDLL 2025-06-22 02:21:50.172416 - Epoch: 0 Iteration: 85  rank : 0  train.loss : 23.363422393798828  train.ips : 8.40985971550107 imgs/s train.total_time : 0.23781609535217285 
TCAPPDLL 2025-06-22 02:21:50.398362 - Epoch: 0 Iteration: 86  rank : 0  train.loss : 19.717519760131836  train.ips : 8.856225566116517 imgs/s train.total_time : 0.2258298397064209 
TCAPPDLL 2025-06-22 02:21:50.634941 - Epoch: 0 Iteration: 87  rank : 0  train.loss : 20.83697509765625  train.ips : 8.457869493280473 imgs/s train.total_time : 0.2364661693572998 
TCAPPDLL 2025-06-22 02:21:51.073655 - Epoch: 0 Iteration: 88  rank : 0  train.loss : 20.356908798217773  train.ips : 4.559962861935767 imgs/s train.total_time : 0.4386000633239746 
TCAPPDLL 2025-06-22 02:21:51.468284 - Epoch: 0 Iteration: 89  rank : 0  train.loss : 23.141521453857422  train.ips : 5.069530570595107 imgs/s train.total_time : 0.3945138454437256 
TCAPPDLL 2025-06-22 02:21:51.745543 - Epoch: 0 Iteration: 90  rank : 0  train.loss : 27.401588439941406  train.ips : 7.21650350131622 imgs/s train.total_time : 0.2771425247192383 
TCAPPDLL 2025-06-22 02:21:52.147111 - Epoch: 0 Iteration: 91  rank : 0  train.loss : 22.0001220703125  train.ips : 4.981935556670755 imgs/s train.total_time : 0.40145039558410645 
TCAPPDLL 2025-06-22 02:21:52.539500 - Epoch: 0 Iteration: 92  rank : 0  train.loss : 20.175193786621094  train.ips : 5.098447359368295 imgs/s train.total_time : 0.3922762870788574 
TCAPPDLL 2025-06-22 02:21:52.914362 - Epoch: 0 Iteration: 93  rank : 0  train.loss : 26.239559173583984  train.ips : 5.336936840645323 imgs/s train.total_time : 0.37474679946899414 
TCAPPDLL 2025-06-22 02:21:53.314464 - Epoch: 0 Iteration: 94  rank : 0  train.loss : 25.649572372436523  train.ips : 5.000204452291386 imgs/s train.total_time : 0.39998364448547363 
TCAPPDLL 2025-06-22 02:21:53.673320 - Epoch: 0 Iteration: 95  rank : 0  train.loss : 20.279829025268555  train.ips : 5.57505205463793 imgs/s train.total_time : 0.35874104499816895 
TCAPPDLL 2025-06-22 02:21:54.093417 - Epoch: 0 Iteration: 96  rank : 0  train.loss : 22.723020553588867  train.ips : 4.762060685192019 imgs/s train.total_time : 0.4199862480163574 
TCAPPDLL 2025-06-22 02:21:54.496295 - Epoch: 0 Iteration: 97  rank : 0  train.loss : 31.421794891357422  train.ips : 4.9656713944072175 imgs/s train.total_time : 0.40276527404785156 
TCAPPDLL 2025-06-22 02:21:54.879043 - Epoch: 0 Iteration: 98  rank : 0  train.loss : 19.20017433166504  train.ips : 5.226892243350651 imgs/s train.total_time : 0.38263654708862305 
TCAPPDLL 2025-06-22 02:21:55.286587 - Epoch: 0 Iteration: 99  rank : 0  train.loss : 25.639493942260742  train.ips : 4.908787895811097 imgs/s train.total_time : 0.40743255615234375 
06/22 02:21:55 - mmengine - INFO - Epoch(train)  [1][  100/58633]  base_lr: 1.0000e-04 lr: 1.0000e-05  eta: 12 days, 22:02:18  time: 0.3629  data_time: 0.0063  memory: 2636  grad_norm: inf  loss: 23.9471  loss_cls: 0.9692  loss_bbox: 1.5580  loss_iou: 1.6056  d0.loss_cls: 0.9683  d0.loss_bbox: 1.5178  d0.loss_iou: 1.4554  d1.loss_cls: 0.9716  d1.loss_bbox: 1.4450  d1.loss_iou: 1.4849  d2.loss_cls: 0.9663  d2.loss_bbox: 1.4354  d2.loss_iou: 1.5129  d3.loss_cls: 0.9707  d3.loss_bbox: 1.4758  d3.loss_iou: 1.5421  d4.loss_cls: 0.9721  d4.loss_bbox: 1.5187  d4.loss_iou: 1.5772
TCAPPDLL 2025-06-22 02:21:55.688619 - Epoch: 0 Iteration: 100  rank : 0  train.loss : 22.66068458557129  train.ips : 4.976152030950988 imgs/s train.total_time : 0.4019169807434082 
TCAPPDLL 2025-06-22 02:21:55.962903 - Epoch: 0 Iteration: 101  rank : 0  train.loss : 23.63459014892578  train.ips : 7.29493018228177 imgs/s train.total_time : 0.27416300773620605 
TCAPPDLL 2025-06-22 02:21:56.363407 - Epoch: 0 Iteration: 102  rank : 0  train.loss : 25.129140853881836  train.ips : 4.995847815159882 imgs/s train.total_time : 0.4003324508666992 
TCAPPDLL 2025-06-22 02:21:56.639130 - Epoch: 0 Iteration: 103  rank : 0  train.loss : 21.10589027404785  train.ips : 7.2580630647779305 imgs/s train.total_time : 0.2755556106567383 
TCAPPDLL 2025-06-22 02:21:57.038143 - Epoch: 0 Iteration: 104  rank : 0  train.loss : 20.05080795288086  train.ips : 5.013838458278719 imgs/s train.total_time : 0.3988959789276123 
TCAPPDLL 2025-06-22 02:21:57.454927 - Epoch: 0 Iteration: 105  rank : 0  train.loss : 28.568359375  train.ips : 4.8006720911626655 imgs/s train.total_time : 0.4166083335876465 
TCAPPDLL 2025-06-22 02:21:57.698019 - Epoch: 0 Iteration: 106  rank : 0  train.loss : 29.5091495513916  train.ips : 8.231186557095548 imgs/s train.total_time : 0.24297833442687988 
TCAPPDLL 2025-06-22 02:21:58.099973 - Epoch: 0 Iteration: 107  rank : 0  train.loss : 22.97856330871582  train.ips : 4.97707023224051 imgs/s train.total_time : 0.4018428325653076 
TCAPPDLL 2025-06-22 02:21:58.538738 - Epoch: 0 Iteration: 108  rank : 0  train.loss : 24.268138885498047  train.ips : 4.559429992983074 imgs/s train.total_time : 0.43865132331848145 
TCAPPDLL 2025-06-22 02:21:58.924164 - Epoch: 0 Iteration: 109  rank : 0  train.loss : 19.677417755126953  train.ips : 5.190559163630604 imgs/s train.total_time : 0.38531494140625 
TCAPPDLL 2025-06-22 02:21:59.157038 - Epoch: 0 Iteration: 110  rank : 0  train.loss : 22.159914016723633  train.ips : 8.59247301474791 imgs/s train.total_time : 0.23276185989379883 
TCAPPDLL 2025-06-22 02:21:59.410193 - Epoch: 0 Iteration: 111  rank : 0  train.loss : 33.194602966308594  train.ips : 7.903834231259905 imgs/s train.total_time : 0.25304174423217773 
TCAPPDLL 2025-06-22 02:21:59.830404 - Epoch: 0 Iteration: 112  rank : 0  train.loss : 17.461458206176758  train.ips : 4.760790456407986 imgs/s train.total_time : 0.42009830474853516 
