/root/miniconda3/envs/mmseg/lib/python3.8/site-packages/mmengine/utils/dl_utils/setup_env.py:46: UserWarning: Setting OMP_NUM_THREADS environment variable for each process to be 1 in default, to avoid your system being overloaded, please further tune the variable for optimal performance in your application as needed.
  warnings.warn(
/root/miniconda3/envs/mmseg/lib/python3.8/site-packages/mmengine/utils/dl_utils/setup_env.py:56: UserWarning: Setting MKL_NUM_THREADS environment variable for each process to be 1 in default, to avoid your system being overloaded, please further tune the variable for optimal performance in your application as needed.
  warnings.warn(
07/14 04:18:26 - mmengine - INFO - 
------------------------------------------------------------
System environment:
    sys.platform: linux
    Python: 3.8.20 (default, Oct  3 2024, 15:24:27) [GCC 11.2.0]
    CUDA available: True
    MUSA available: False
    numpy_random_seed: 1476160567
    GPU 0: NVIDIA GeForce RTX 4090
    CUDA_HOME: /usr/local/cuda
    NVCC: Cuda compilation tools, release 12.9, V12.9.86
    GCC: gcc (Ubuntu 11.4.0-1ubuntu1~22.04) 11.4.0
    PyTorch: 1.11.0
    PyTorch compiling details: PyTorch built with:
  - GCC 7.3
  - C++ Version: 201402
  - Intel(R) oneAPI Math Kernel Library Version 2023.1-Product Build 20230303 for Intel(R) 64 architecture applications
  - Intel(R) MKL-DNN v2.5.2 (Git Hash a9302535553c73243c632ad3c4c80beec3d19a1e)
  - OpenMP 201511 (a.k.a. OpenMP 4.5)
  - LAPACK is enabled (usually provided by MKL)
  - NNPACK is enabled
  - CPU capability usage: AVX2
  - CUDA Runtime 11.3
  - NVCC architecture flags: -gencode;arch=compute_37,code=sm_37;-gencode;arch=compute_50,code=sm_50;-gencode;arch=compute_60,code=sm_60;-gencode;arch=compute_61,code=sm_61;-gencode;arch=compute_70,code=sm_70;-gencode;arch=compute_75,code=sm_75;-gencode;arch=compute_80,code=sm_80;-gencode;arch=compute_86,code=sm_86;-gencode;arch=compute_37,code=compute_37
  - CuDNN 8.2
  - Magma 2.5.2
  - Build settings: BLAS_INFO=mkl, BUILD_TYPE=Release, CUDA_VERSION=11.3, CUDNN_VERSION=8.2.0, CXX_COMPILER=/opt/rh/devtoolset-7/root/usr/bin/c++, CXX_FLAGS= -Wno-deprecated -fvisibility-inlines-hidden -DUSE_PTHREADPOOL -fopenmp -DNDEBUG -DUSE_KINETO -DUSE_FBGEMM -DUSE_QNNPACK -DUSE_PYTORCH_QNNPACK -DUSE_XNNPACK -DSYMBOLICATE_MOBILE_DEBUG_HANDLE -DEDGE_PROFILER_USE_KINETO -O2 -fPIC -Wno-narrowing -Wall -Wextra -Werror=return-type -Wno-missing-field-initializers -Wno-type-limits -Wno-array-bounds -Wno-unknown-pragmas -Wno-sign-compare -Wno-unused-parameter -Wno-unused-function -Wno-unused-result -Wno-unused-local-typedefs -Wno-strict-overflow -Wno-strict-aliasing -Wno-error=deprecated-declarations -Wno-stringop-overflow -Wno-psabi -Wno-error=pedantic -Wno-error=redundant-decls -Wno-error=old-style-cast -fdiagnostics-color=always -faligned-new -Wno-unused-but-set-variable -Wno-maybe-uninitialized -fno-math-errno -fno-trapping-math -Werror=format -Wno-stringop-overflow, LAPACK_INFO=mkl, PERF_WITH_AVX=1, PERF_WITH_AVX2=1, PERF_WITH_AVX512=1, TORCH_VERSION=1.11.0, USE_CUDA=ON, USE_CUDNN=ON, USE_EXCEPTION_PTR=1, USE_GFLAGS=OFF, USE_GLOG=OFF, USE_MKL=ON, USE_MKLDNN=OFF, USE_MPI=OFF, USE_NCCL=ON, USE_NNPACK=ON, USE_OPENMP=ON, USE_ROCM=OFF, 

    TorchVision: 0.12.0
    OpenCV: 4.11.0
    MMEngine: 0.10.4

Runtime environment:
    cudnn_benchmark: True
    mp_cfg: {'mp_start_method': 'fork', 'opencv_num_threads': 0}
    dist_cfg: {'backend': 'nccl'}
    seed: 1476160567
    Distributed launcher: pytorch
    Distributed training: True
    GPU number: 1
------------------------------------------------------------

07/14 04:18:27 - mmengine - INFO - Config:
auto_scale_lr = dict(base_batch_size=16, enable=False)
crop_size = (
    512,
    512,
)
custom_imports = dict(allow_failed_imports=False, imports='mmdet.models')
data_preprocessor = dict(
    bgr_to_rgb=True,
    mean=[
        123.675,
        116.28,
        103.53,
    ],
    pad_val=0,
    seg_pad_val=255,
    size=(
        512,
        512,
    ),
    std=[
        58.395,
        57.12,
        57.375,
    ],
    test_cfg=dict(size_divisor=32),
    type='SegDataPreProcessor')
data_root = 'data/ade/ADEChallengeData2016'
dataset_type = 'ADE20KDataset'
default_hooks = dict(
    checkpoint=dict(
        by_epoch=False, interval=5000, save_best='mIoU',
        type='CheckpointHook'),
    logger=dict(interval=50, log_metric_by_epoch=False, type='LoggerHook'),
    param_scheduler=dict(type='ParamSchedulerHook'),
    sampler_seed=dict(type='DistSamplerSeedHook'),
    timer=dict(type='IterTimerHook'),
    visualization=dict(type='SegVisualizationHook'))
default_scope = 'mmseg'
embed_multi = dict(decay_mult=0.0, lr_mult=1.0)
env_cfg = dict(
    cudnn_benchmark=True,
    dist_cfg=dict(backend='nccl'),
    mp_cfg=dict(mp_start_method='fork', opencv_num_threads=0))
img_ratios = [
    0.5,
    0.75,
    1.0,
    1.25,
    1.5,
    1.75,
]
launcher = 'pytorch'
load_from = None
log_level = 'INFO'
log_processor = dict(by_epoch=False)
model = dict(
    backbone=dict(
        deep_stem=False,
        depth=50,
        frozen_stages=-1,
        init_cfg=dict(checkpoint='torchvision://resnet50', type='Pretrained'),
        norm_cfg=dict(requires_grad=False, type='SyncBN'),
        num_stages=4,
        out_indices=(
            0,
            1,
            2,
            3,
        ),
        style='pytorch',
        type='ResNet'),
    data_preprocessor=dict(
        bgr_to_rgb=True,
        mean=[
            123.675,
            116.28,
            103.53,
        ],
        pad_val=0,
        seg_pad_val=255,
        size=(
            512,
            512,
        ),
        std=[
            58.395,
            57.12,
            57.375,
        ],
        test_cfg=dict(size_divisor=32),
        type='SegDataPreProcessor'),
    decode_head=dict(
        align_corners=False,
        enforce_decoder_input_project=False,
        feat_channels=256,
        in_channels=[
            256,
            512,
            1024,
            2048,
        ],
        loss_cls=dict(
            class_weight=[
                1.0,
                1.0,
                1.0,
                1.0,
                1.0,
                1.0,
                1.0,
                1.0,
                1.0,
                1.0,
                1.0,
                1.0,
                1.0,
                1.0,
                1.0,
                1.0,
                1.0,
                1.0,
                1.0,
                1.0,
                1.0,
                1.0,
                1.0,
                1.0,
                1.0,
                1.0,
                1.0,
                1.0,
                1.0,
                1.0,
                1.0,
                1.0,
                1.0,
                1.0,
                1.0,
                1.0,
                1.0,
                1.0,
                1.0,
                1.0,
                1.0,
                1.0,
                1.0,
                1.0,
                1.0,
                1.0,
                1.0,
                1.0,
                1.0,
                1.0,
                1.0,
                1.0,
                1.0,
                1.0,
                1.0,
                1.0,
                1.0,
                1.0,
                1.0,
                1.0,
                1.0,
                1.0,
                1.0,
                1.0,
                1.0,
                1.0,
                1.0,
                1.0,
                1.0,
                1.0,
                1.0,
                1.0,
                1.0,
                1.0,
                1.0,
                1.0,
                1.0,
                1.0,
                1.0,
                1.0,
                1.0,
                1.0,
                1.0,
                1.0,
                1.0,
                1.0,
                1.0,
                1.0,
                1.0,
                1.0,
                1.0,
                1.0,
                1.0,
                1.0,
                1.0,
                1.0,
                1.0,
                1.0,
                1.0,
                1.0,
                1.0,
                1.0,
                1.0,
                1.0,
                1.0,
                1.0,
                1.0,
                1.0,
                1.0,
                1.0,
                1.0,
                1.0,
                1.0,
                1.0,
                1.0,
                1.0,
                1.0,
                1.0,
                1.0,
                1.0,
                1.0,
                1.0,
                1.0,
                1.0,
                1.0,
                1.0,
                1.0,
                1.0,
                1.0,
                1.0,
                1.0,
                1.0,
                1.0,
                1.0,
                1.0,
                1.0,
                1.0,
                1.0,
                1.0,
                1.0,
                1.0,
                1.0,
                1.0,
                1.0,
                1.0,
                1.0,
                1.0,
                1.0,
                1.0,
                1.0,
                0.1,
            ],
            loss_weight=2.0,
            reduction='mean',
            type='mmdet.CrossEntropyLoss',
            use_sigmoid=False),
        loss_dice=dict(
            activate=True,
            eps=1.0,
            loss_weight=5.0,
            naive_dice=True,
            reduction='mean',
            type='mmdet.DiceLoss',
            use_sigmoid=True),
        loss_mask=dict(
            loss_weight=5.0,
            reduction='mean',
            type='mmdet.CrossEntropyLoss',
            use_sigmoid=True),
        num_classes=150,
        num_queries=100,
        num_transformer_feat_level=3,
        out_channels=256,
        pixel_decoder=dict(
            act_cfg=dict(type='ReLU'),
            encoder=dict(
                init_cfg=None,
                layer_cfg=dict(
                    ffn_cfg=dict(
                        act_cfg=dict(inplace=True, type='ReLU'),
                        embed_dims=256,
                        feedforward_channels=1024,
                        ffn_drop=0.0,
                        num_fcs=2),
                    self_attn_cfg=dict(
                        batch_first=True,
                        dropout=0.0,
                        embed_dims=256,
                        im2col_step=64,
                        init_cfg=None,
                        norm_cfg=None,
                        num_heads=8,
                        num_levels=3,
                        num_points=4)),
                num_layers=6),
            init_cfg=None,
            norm_cfg=dict(num_groups=32, type='GN'),
            num_outs=3,
            positional_encoding=dict(normalize=True, num_feats=128),
            type='mmdet.MSDeformAttnPixelDecoder'),
        positional_encoding=dict(normalize=True, num_feats=128),
        strides=[
            4,
            8,
            16,
            32,
        ],
        train_cfg=dict(
            assigner=dict(
                match_costs=[
                    dict(type='mmdet.ClassificationCost', weight=2.0),
                    dict(
                        type='mmdet.CrossEntropyLossCost',
                        use_sigmoid=True,
                        weight=5.0),
                    dict(
                        eps=1.0,
                        pred_act=True,
                        type='mmdet.DiceCost',
                        weight=5.0),
                ],
                type='mmdet.HungarianAssigner'),
            importance_sample_ratio=0.75,
            num_points=12544,
            oversample_ratio=3.0,
            sampler=dict(type='mmdet.MaskPseudoSampler')),
        transformer_decoder=dict(
            init_cfg=None,
            layer_cfg=dict(
                cross_attn_cfg=dict(
                    attn_drop=0.0,
                    batch_first=True,
                    dropout_layer=None,
                    embed_dims=256,
                    num_heads=8,
                    proj_drop=0.0),
                ffn_cfg=dict(
                    act_cfg=dict(inplace=True, type='ReLU'),
                    add_identity=True,
                    dropout_layer=None,
                    embed_dims=256,
                    feedforward_channels=2048,
                    ffn_drop=0.0,
                    num_fcs=2),
                self_attn_cfg=dict(
                    attn_drop=0.0,
                    batch_first=True,
                    dropout_layer=None,
                    embed_dims=256,
                    num_heads=8,
                    proj_drop=0.0)),
            num_layers=9,
            return_intermediate=True),
        type='Mask2FormerHead'),
    test_cfg=dict(mode='whole'),
    train_cfg=dict(),
    type='EncoderDecoder')
num_classes = 150
optim_wrapper = dict(
    clip_grad=dict(max_norm=0.01, norm_type=2),
    optimizer=dict(
        betas=(
            0.9,
            0.999,
        ),
        eps=1e-08,
        lr=0.0001,
        type='AdamW',
        weight_decay=0.05),
    paramwise_cfg=dict(
        custom_keys=dict(
            backbone=dict(decay_mult=1.0, lr_mult=0.1),
            level_embed=dict(decay_mult=0.0, lr_mult=1.0),
            query_embed=dict(decay_mult=0.0, lr_mult=1.0),
            query_feat=dict(decay_mult=0.0, lr_mult=1.0)),
        norm_decay_mult=0.0),
    type='OptimWrapper')
optimizer = dict(
    betas=(
        0.9,
        0.999,
    ),
    eps=1e-08,
    lr=0.0001,
    type='AdamW',
    weight_decay=0.05)
param_scheduler = [
    dict(
        begin=0,
        by_epoch=False,
        end=160000,
        eta_min=0,
        power=0.9,
        type='PolyLR'),
]
resume = False
test_cfg = dict(type='TestLoop')
test_dataloader = dict(
    batch_size=1,
    dataset=dict(
        data_prefix=dict(
            img_path='images/validation',
            seg_map_path='annotations/validation'),
        data_root='data/ade/ADEChallengeData2016',
        pipeline=[
            dict(type='LoadImageFromFile'),
            dict(keep_ratio=True, scale=(
                2048,
                512,
            ), type='Resize'),
            dict(reduce_zero_label=True, type='LoadAnnotations'),
            dict(type='PackSegInputs'),
        ],
        type='ADE20KDataset'),
    num_workers=4,
    persistent_workers=True,
    sampler=dict(shuffle=False, type='DefaultSampler'))
test_evaluator = dict(
    iou_metrics=[
        'mIoU',
    ], type='IoUMetric')
test_pipeline = [
    dict(type='LoadImageFromFile'),
    dict(keep_ratio=True, scale=(
        2048,
        512,
    ), type='Resize'),
    dict(reduce_zero_label=True, type='LoadAnnotations'),
    dict(type='PackSegInputs'),
]
train_cfg = dict(
    max_iters=160000, type='IterBasedTrainLoop', val_interval=5000)
train_dataloader = dict(
    batch_size=2,
    dataset=dict(
        data_prefix=dict(
            img_path='images/training', seg_map_path='annotations/training'),
        data_root='data/ade/ADEChallengeData2016',
        pipeline=[
            dict(type='LoadImageFromFile'),
            dict(reduce_zero_label=True, type='LoadAnnotations'),
            dict(
                max_size=2048,
                resize_type='ResizeShortestEdge',
                scales=[
                    256,
                    307,
                    358,
                    409,
                    460,
                    512,
                    563,
                    614,
                    665,
                    716,
                    768,
                    819,
                    870,
                    921,
                    972,
                    1024,
                ],
                type='RandomChoiceResize'),
            dict(
                cat_max_ratio=0.75, crop_size=(
                    512,
                    512,
                ), type='RandomCrop'),
            dict(prob=0.5, type='RandomFlip'),
            dict(type='PhotoMetricDistortion'),
            dict(type='PackSegInputs'),
        ],
        type='ADE20KDataset'),
    num_workers=4,
    persistent_workers=True,
    sampler=dict(shuffle=True, type='InfiniteSampler'))
train_pipeline = [
    dict(type='LoadImageFromFile'),
    dict(reduce_zero_label=True, type='LoadAnnotations'),
    dict(
        max_size=2048,
        resize_type='ResizeShortestEdge',
        scales=[
            256,
            307,
            358,
            409,
            460,
            512,
            563,
            614,
            665,
            716,
            768,
            819,
            870,
            921,
            972,
            1024,
        ],
        type='RandomChoiceResize'),
    dict(cat_max_ratio=0.75, crop_size=(
        512,
        512,
    ), type='RandomCrop'),
    dict(prob=0.5, type='RandomFlip'),
    dict(type='PhotoMetricDistortion'),
    dict(type='PackSegInputs'),
]
tta_model = dict(type='SegTTAModel')
tta_pipeline = [
    dict(backend_args=None, type='LoadImageFromFile'),
    dict(
        transforms=[
            [
                dict(keep_ratio=True, scale_factor=0.5, type='Resize'),
                dict(keep_ratio=True, scale_factor=0.75, type='Resize'),
                dict(keep_ratio=True, scale_factor=1.0, type='Resize'),
                dict(keep_ratio=True, scale_factor=1.25, type='Resize'),
                dict(keep_ratio=True, scale_factor=1.5, type='Resize'),
                dict(keep_ratio=True, scale_factor=1.75, type='Resize'),
            ],
            [
                dict(direction='horizontal', prob=0.0, type='RandomFlip'),
                dict(direction='horizontal', prob=1.0, type='RandomFlip'),
            ],
            [
                dict(type='LoadAnnotations'),
            ],
            [
                dict(type='PackSegInputs'),
            ],
        ],
        type='TestTimeAug'),
]
val_cfg = dict(type='ValLoop')
val_dataloader = dict(
    batch_size=1,
    dataset=dict(
        data_prefix=dict(
            img_path='images/validation',
            seg_map_path='annotations/validation'),
        data_root='data/ade/ADEChallengeData2016',
        pipeline=[
            dict(type='LoadImageFromFile'),
            dict(keep_ratio=True, scale=(
                2048,
                512,
            ), type='Resize'),
            dict(reduce_zero_label=True, type='LoadAnnotations'),
            dict(type='PackSegInputs'),
        ],
        type='ADE20KDataset'),
    num_workers=4,
    persistent_workers=True,
    sampler=dict(shuffle=False, type='DefaultSampler'))
val_evaluator = dict(
    iou_metrics=[
        'mIoU',
    ], type='IoUMetric')
vis_backends = [
    dict(type='LocalVisBackend'),
]
visualizer = dict(
    name='visualizer',
    type='SegLocalVisualizer',
    vis_backends=[
        dict(type='LocalVisBackend'),
    ])
work_dir = './work_dirs/mask2former_r50_8xb2-160k_ade20k-512x512'

/home/01/raithan/mmsegmentation/mmseg/engine/hooks/visualization_hook.py:60: UserWarning: The draw is False, it means that the hook for visualization will not take effect. The results will NOT be visualized or stored.
  warnings.warn('The draw is False, it means that the '
07/14 04:18:33 - mmengine - INFO - Hooks will be executed in the following order:
before_run:
(VERY_HIGH   ) RuntimeInfoHook                    
(BELOW_NORMAL) LoggerHook                         
 -------------------- 
before_train:
(VERY_HIGH   ) RuntimeInfoHook                    
(NORMAL      ) IterTimerHook                      
(VERY_LOW    ) CheckpointHook                     
 -------------------- 
before_train_epoch:
(VERY_HIGH   ) RuntimeInfoHook                    
(NORMAL      ) IterTimerHook                      
(NORMAL      ) DistSamplerSeedHook                
 -------------------- 
before_train_iter:
(VERY_HIGH   ) RuntimeInfoHook                    
(NORMAL      ) IterTimerHook                      
 -------------------- 
after_train_iter:
(VERY_HIGH   ) RuntimeInfoHook                    
(NORMAL      ) IterTimerHook                      
(BELOW_NORMAL) LoggerHook                         
(LOW         ) ParamSchedulerHook                 
(VERY_LOW    ) CheckpointHook                     
 -------------------- 
after_train_epoch:
(NORMAL      ) IterTimerHook                      
(LOW         ) ParamSchedulerHook                 
(VERY_LOW    ) CheckpointHook                     
 -------------------- 
before_val:
(VERY_HIGH   ) RuntimeInfoHook                    
 -------------------- 
before_val_epoch:
(NORMAL      ) IterTimerHook                      
 -------------------- 
before_val_iter:
(NORMAL      ) IterTimerHook                      
 -------------------- 
after_val_iter:
(NORMAL      ) IterTimerHook                      
(NORMAL      ) SegVisualizationHook               
(BELOW_NORMAL) LoggerHook                         
 -------------------- 
after_val_epoch:
(VERY_HIGH   ) RuntimeInfoHook                    
(NORMAL      ) IterTimerHook                      
(BELOW_NORMAL) LoggerHook                         
(LOW         ) ParamSchedulerHook                 
(VERY_LOW    ) CheckpointHook                     
 -------------------- 
after_val:
(VERY_HIGH   ) RuntimeInfoHook                    
 -------------------- 
after_train:
(VERY_HIGH   ) RuntimeInfoHook                    
(VERY_LOW    ) CheckpointHook                     
 -------------------- 
before_test:
(VERY_HIGH   ) RuntimeInfoHook                    
 -------------------- 
before_test_epoch:
(NORMAL      ) IterTimerHook                      
 -------------------- 
before_test_iter:
(NORMAL      ) IterTimerHook                      
 -------------------- 
after_test_iter:
(NORMAL      ) IterTimerHook                      
(NORMAL      ) SegVisualizationHook               
(BELOW_NORMAL) LoggerHook                         
 -------------------- 
after_test_epoch:
(VERY_HIGH   ) RuntimeInfoHook                    
(NORMAL      ) IterTimerHook                      
(BELOW_NORMAL) LoggerHook                         
 -------------------- 
after_test:
(VERY_HIGH   ) RuntimeInfoHook                    
 -------------------- 
after_run:
(BELOW_NORMAL) LoggerHook                         
 -------------------- 
/home/01/raithan/mmsegmentation/mmseg/datasets/transforms/loading.py:84: UserWarning: `reduce_zero_label` will be deprecated, if you would like to ignore the zero label, please set `reduce_zero_label=True` when dataset initialized
  warnings.warn('`reduce_zero_label` will be deprecated, '
07/14 04:18:44 - mmengine - INFO - paramwise_options -- backbone.conv1.weight:lr=1e-05
07/14 04:18:44 - mmengine - INFO - paramwise_options -- backbone.conv1.weight:weight_decay=0.05
07/14 04:18:44 - mmengine - INFO - paramwise_options -- backbone.conv1.weight:lr_mult=0.1
07/14 04:18:44 - mmengine - INFO - paramwise_options -- backbone.conv1.weight:decay_mult=1.0
07/14 04:18:44 - mmengine - WARNING - backbone.bn1.weight is skipped since its requires_grad=False
07/14 04:18:44 - mmengine - WARNING - backbone.bn1.bias is skipped since its requires_grad=False
07/14 04:18:44 - mmengine - INFO - paramwise_options -- backbone.layer1.0.conv1.weight:lr=1e-05
07/14 04:18:44 - mmengine - INFO - paramwise_options -- backbone.layer1.0.conv1.weight:weight_decay=0.05
07/14 04:18:44 - mmengine - INFO - paramwise_options -- backbone.layer1.0.conv1.weight:lr_mult=0.1
07/14 04:18:44 - mmengine - INFO - paramwise_options -- backbone.layer1.0.conv1.weight:decay_mult=1.0
07/14 04:18:44 - mmengine - WARNING - backbone.layer1.0.bn1.weight is skipped since its requires_grad=False
07/14 04:18:44 - mmengine - WARNING - backbone.layer1.0.bn1.bias is skipped since its requires_grad=False
07/14 04:18:44 - mmengine - INFO - paramwise_options -- backbone.layer1.0.conv2.weight:lr=1e-05
07/14 04:18:44 - mmengine - INFO - paramwise_options -- backbone.layer1.0.conv2.weight:weight_decay=0.05
07/14 04:18:44 - mmengine - INFO - paramwise_options -- backbone.layer1.0.conv2.weight:lr_mult=0.1
07/14 04:18:44 - mmengine - INFO - paramwise_options -- backbone.layer1.0.conv2.weight:decay_mult=1.0
07/14 04:18:44 - mmengine - WARNING - backbone.layer1.0.bn2.weight is skipped since its requires_grad=False
07/14 04:18:44 - mmengine - WARNING - backbone.layer1.0.bn2.bias is skipped since its requires_grad=False
07/14 04:18:44 - mmengine - INFO - paramwise_options -- backbone.layer1.0.conv3.weight:lr=1e-05
07/14 04:18:44 - mmengine - INFO - paramwise_options -- backbone.layer1.0.conv3.weight:weight_decay=0.05
07/14 04:18:44 - mmengine - INFO - paramwise_options -- backbone.layer1.0.conv3.weight:lr_mult=0.1
07/14 04:18:44 - mmengine - INFO - paramwise_options -- backbone.layer1.0.conv3.weight:decay_mult=1.0
07/14 04:18:44 - mmengine - WARNING - backbone.layer1.0.bn3.weight is skipped since its requires_grad=False
07/14 04:18:44 - mmengine - WARNING - backbone.layer1.0.bn3.bias is skipped since its requires_grad=False
07/14 04:18:44 - mmengine - INFO - paramwise_options -- backbone.layer1.0.downsample.0.weight:lr=1e-05
07/14 04:18:44 - mmengine - INFO - paramwise_options -- backbone.layer1.0.downsample.0.weight:weight_decay=0.05
07/14 04:18:44 - mmengine - INFO - paramwise_options -- backbone.layer1.0.downsample.0.weight:lr_mult=0.1
07/14 04:18:44 - mmengine - INFO - paramwise_options -- backbone.layer1.0.downsample.0.weight:decay_mult=1.0
07/14 04:18:44 - mmengine - WARNING - backbone.layer1.0.downsample.1.weight is skipped since its requires_grad=False
07/14 04:18:44 - mmengine - WARNING - backbone.layer1.0.downsample.1.bias is skipped since its requires_grad=False
07/14 04:18:44 - mmengine - INFO - paramwise_options -- backbone.layer1.1.conv1.weight:lr=1e-05
07/14 04:18:44 - mmengine - INFO - paramwise_options -- backbone.layer1.1.conv1.weight:weight_decay=0.05
07/14 04:18:44 - mmengine - INFO - paramwise_options -- backbone.layer1.1.conv1.weight:lr_mult=0.1
07/14 04:18:44 - mmengine - INFO - paramwise_options -- backbone.layer1.1.conv1.weight:decay_mult=1.0
07/14 04:18:44 - mmengine - WARNING - backbone.layer1.1.bn1.weight is skipped since its requires_grad=False
07/14 04:18:44 - mmengine - WARNING - backbone.layer1.1.bn1.bias is skipped since its requires_grad=False
07/14 04:18:44 - mmengine - INFO - paramwise_options -- backbone.layer1.1.conv2.weight:lr=1e-05
07/14 04:18:44 - mmengine - INFO - paramwise_options -- backbone.layer1.1.conv2.weight:weight_decay=0.05
07/14 04:18:44 - mmengine - INFO - paramwise_options -- backbone.layer1.1.conv2.weight:lr_mult=0.1
07/14 04:18:44 - mmengine - INFO - paramwise_options -- backbone.layer1.1.conv2.weight:decay_mult=1.0
07/14 04:18:44 - mmengine - WARNING - backbone.layer1.1.bn2.weight is skipped since its requires_grad=False
07/14 04:18:44 - mmengine - WARNING - backbone.layer1.1.bn2.bias is skipped since its requires_grad=False
07/14 04:18:44 - mmengine - INFO - paramwise_options -- backbone.layer1.1.conv3.weight:lr=1e-05
07/14 04:18:44 - mmengine - INFO - paramwise_options -- backbone.layer1.1.conv3.weight:weight_decay=0.05
07/14 04:18:44 - mmengine - INFO - paramwise_options -- backbone.layer1.1.conv3.weight:lr_mult=0.1
07/14 04:18:44 - mmengine - INFO - paramwise_options -- backbone.layer1.1.conv3.weight:decay_mult=1.0
07/14 04:18:44 - mmengine - WARNING - backbone.layer1.1.bn3.weight is skipped since its requires_grad=False
07/14 04:18:44 - mmengine - WARNING - backbone.layer1.1.bn3.bias is skipped since its requires_grad=False
07/14 04:18:44 - mmengine - INFO - paramwise_options -- backbone.layer1.2.conv1.weight:lr=1e-05
07/14 04:18:44 - mmengine - INFO - paramwise_options -- backbone.layer1.2.conv1.weight:weight_decay=0.05
07/14 04:18:44 - mmengine - INFO - paramwise_options -- backbone.layer1.2.conv1.weight:lr_mult=0.1
07/14 04:18:44 - mmengine - INFO - paramwise_options -- backbone.layer1.2.conv1.weight:decay_mult=1.0
07/14 04:18:44 - mmengine - WARNING - backbone.layer1.2.bn1.weight is skipped since its requires_grad=False
07/14 04:18:44 - mmengine - WARNING - backbone.layer1.2.bn1.bias is skipped since its requires_grad=False
07/14 04:18:44 - mmengine - INFO - paramwise_options -- backbone.layer1.2.conv2.weight:lr=1e-05
07/14 04:18:44 - mmengine - INFO - paramwise_options -- backbone.layer1.2.conv2.weight:weight_decay=0.05
07/14 04:18:44 - mmengine - INFO - paramwise_options -- backbone.layer1.2.conv2.weight:lr_mult=0.1
07/14 04:18:44 - mmengine - INFO - paramwise_options -- backbone.layer1.2.conv2.weight:decay_mult=1.0
07/14 04:18:44 - mmengine - WARNING - backbone.layer1.2.bn2.weight is skipped since its requires_grad=False
07/14 04:18:44 - mmengine - WARNING - backbone.layer1.2.bn2.bias is skipped since its requires_grad=False
07/14 04:18:44 - mmengine - INFO - paramwise_options -- backbone.layer1.2.conv3.weight:lr=1e-05
07/14 04:18:44 - mmengine - INFO - paramwise_options -- backbone.layer1.2.conv3.weight:weight_decay=0.05
07/14 04:18:44 - mmengine - INFO - paramwise_options -- backbone.layer1.2.conv3.weight:lr_mult=0.1
07/14 04:18:44 - mmengine - INFO - paramwise_options -- backbone.layer1.2.conv3.weight:decay_mult=1.0
07/14 04:18:44 - mmengine - WARNING - backbone.layer1.2.bn3.weight is skipped since its requires_grad=False
07/14 04:18:44 - mmengine - WARNING - backbone.layer1.2.bn3.bias is skipped since its requires_grad=False
07/14 04:18:44 - mmengine - INFO - paramwise_options -- backbone.layer2.0.conv1.weight:lr=1e-05
07/14 04:18:44 - mmengine - INFO - paramwise_options -- backbone.layer2.0.conv1.weight:weight_decay=0.05
07/14 04:18:44 - mmengine - INFO - paramwise_options -- backbone.layer2.0.conv1.weight:lr_mult=0.1
07/14 04:18:44 - mmengine - INFO - paramwise_options -- backbone.layer2.0.conv1.weight:decay_mult=1.0
07/14 04:18:44 - mmengine - WARNING - backbone.layer2.0.bn1.weight is skipped since its requires_grad=False
07/14 04:18:44 - mmengine - WARNING - backbone.layer2.0.bn1.bias is skipped since its requires_grad=False
07/14 04:18:44 - mmengine - INFO - paramwise_options -- backbone.layer2.0.conv2.weight:lr=1e-05
07/14 04:18:44 - mmengine - INFO - paramwise_options -- backbone.layer2.0.conv2.weight:weight_decay=0.05
07/14 04:18:44 - mmengine - INFO - paramwise_options -- backbone.layer2.0.conv2.weight:lr_mult=0.1
07/14 04:18:44 - mmengine - INFO - paramwise_options -- backbone.layer2.0.conv2.weight:decay_mult=1.0
07/14 04:18:44 - mmengine - WARNING - backbone.layer2.0.bn2.weight is skipped since its requires_grad=False
07/14 04:18:44 - mmengine - WARNING - backbone.layer2.0.bn2.bias is skipped since its requires_grad=False
07/14 04:18:44 - mmengine - INFO - paramwise_options -- backbone.layer2.0.conv3.weight:lr=1e-05
07/14 04:18:44 - mmengine - INFO - paramwise_options -- backbone.layer2.0.conv3.weight:weight_decay=0.05
07/14 04:18:44 - mmengine - INFO - paramwise_options -- backbone.layer2.0.conv3.weight:lr_mult=0.1
07/14 04:18:44 - mmengine - INFO - paramwise_options -- backbone.layer2.0.conv3.weight:decay_mult=1.0
07/14 04:18:44 - mmengine - WARNING - backbone.layer2.0.bn3.weight is skipped since its requires_grad=False
07/14 04:18:44 - mmengine - WARNING - backbone.layer2.0.bn3.bias is skipped since its requires_grad=False
07/14 04:18:44 - mmengine - INFO - paramwise_options -- backbone.layer2.0.downsample.0.weight:lr=1e-05
07/14 04:18:44 - mmengine - INFO - paramwise_options -- backbone.layer2.0.downsample.0.weight:weight_decay=0.05
07/14 04:18:44 - mmengine - INFO - paramwise_options -- backbone.layer2.0.downsample.0.weight:lr_mult=0.1
07/14 04:18:44 - mmengine - INFO - paramwise_options -- backbone.layer2.0.downsample.0.weight:decay_mult=1.0
07/14 04:18:44 - mmengine - WARNING - backbone.layer2.0.downsample.1.weight is skipped since its requires_grad=False
07/14 04:18:44 - mmengine - WARNING - backbone.layer2.0.downsample.1.bias is skipped since its requires_grad=False
07/14 04:18:44 - mmengine - INFO - paramwise_options -- backbone.layer2.1.conv1.weight:lr=1e-05
07/14 04:18:44 - mmengine - INFO - paramwise_options -- backbone.layer2.1.conv1.weight:weight_decay=0.05
07/14 04:18:44 - mmengine - INFO - paramwise_options -- backbone.layer2.1.conv1.weight:lr_mult=0.1
07/14 04:18:44 - mmengine - INFO - paramwise_options -- backbone.layer2.1.conv1.weight:decay_mult=1.0
07/14 04:18:44 - mmengine - WARNING - backbone.layer2.1.bn1.weight is skipped since its requires_grad=False
07/14 04:18:44 - mmengine - WARNING - backbone.layer2.1.bn1.bias is skipped since its requires_grad=False
07/14 04:18:44 - mmengine - INFO - paramwise_options -- backbone.layer2.1.conv2.weight:lr=1e-05
07/14 04:18:44 - mmengine - INFO - paramwise_options -- backbone.layer2.1.conv2.weight:weight_decay=0.05
07/14 04:18:44 - mmengine - INFO - paramwise_options -- backbone.layer2.1.conv2.weight:lr_mult=0.1
07/14 04:18:44 - mmengine - INFO - paramwise_options -- backbone.layer2.1.conv2.weight:decay_mult=1.0
07/14 04:18:44 - mmengine - WARNING - backbone.layer2.1.bn2.weight is skipped since its requires_grad=False
07/14 04:18:44 - mmengine - WARNING - backbone.layer2.1.bn2.bias is skipped since its requires_grad=False
07/14 04:18:44 - mmengine - INFO - paramwise_options -- backbone.layer2.1.conv3.weight:lr=1e-05
07/14 04:18:44 - mmengine - INFO - paramwise_options -- backbone.layer2.1.conv3.weight:weight_decay=0.05
07/14 04:18:44 - mmengine - INFO - paramwise_options -- backbone.layer2.1.conv3.weight:lr_mult=0.1
07/14 04:18:44 - mmengine - INFO - paramwise_options -- backbone.layer2.1.conv3.weight:decay_mult=1.0
07/14 04:18:44 - mmengine - WARNING - backbone.layer2.1.bn3.weight is skipped since its requires_grad=False
07/14 04:18:44 - mmengine - WARNING - backbone.layer2.1.bn3.bias is skipped since its requires_grad=False
07/14 04:18:44 - mmengine - INFO - paramwise_options -- backbone.layer2.2.conv1.weight:lr=1e-05
07/14 04:18:44 - mmengine - INFO - paramwise_options -- backbone.layer2.2.conv1.weight:weight_decay=0.05
07/14 04:18:44 - mmengine - INFO - paramwise_options -- backbone.layer2.2.conv1.weight:lr_mult=0.1
07/14 04:18:44 - mmengine - INFO - paramwise_options -- backbone.layer2.2.conv1.weight:decay_mult=1.0
07/14 04:18:44 - mmengine - WARNING - backbone.layer2.2.bn1.weight is skipped since its requires_grad=False
07/14 04:18:44 - mmengine - WARNING - backbone.layer2.2.bn1.bias is skipped since its requires_grad=False
07/14 04:18:44 - mmengine - INFO - paramwise_options -- backbone.layer2.2.conv2.weight:lr=1e-05
07/14 04:18:44 - mmengine - INFO - paramwise_options -- backbone.layer2.2.conv2.weight:weight_decay=0.05
07/14 04:18:44 - mmengine - INFO - paramwise_options -- backbone.layer2.2.conv2.weight:lr_mult=0.1
07/14 04:18:44 - mmengine - INFO - paramwise_options -- backbone.layer2.2.conv2.weight:decay_mult=1.0
07/14 04:18:44 - mmengine - WARNING - backbone.layer2.2.bn2.weight is skipped since its requires_grad=False
07/14 04:18:44 - mmengine - WARNING - backbone.layer2.2.bn2.bias is skipped since its requires_grad=False
07/14 04:18:44 - mmengine - INFO - paramwise_options -- backbone.layer2.2.conv3.weight:lr=1e-05
07/14 04:18:44 - mmengine - INFO - paramwise_options -- backbone.layer2.2.conv3.weight:weight_decay=0.05
07/14 04:18:44 - mmengine - INFO - paramwise_options -- backbone.layer2.2.conv3.weight:lr_mult=0.1
07/14 04:18:44 - mmengine - INFO - paramwise_options -- backbone.layer2.2.conv3.weight:decay_mult=1.0
07/14 04:18:44 - mmengine - WARNING - backbone.layer2.2.bn3.weight is skipped since its requires_grad=False
07/14 04:18:44 - mmengine - WARNING - backbone.layer2.2.bn3.bias is skipped since its requires_grad=False
07/14 04:18:44 - mmengine - INFO - paramwise_options -- backbone.layer2.3.conv1.weight:lr=1e-05
07/14 04:18:44 - mmengine - INFO - paramwise_options -- backbone.layer2.3.conv1.weight:weight_decay=0.05
07/14 04:18:44 - mmengine - INFO - paramwise_options -- backbone.layer2.3.conv1.weight:lr_mult=0.1
07/14 04:18:44 - mmengine - INFO - paramwise_options -- backbone.layer2.3.conv1.weight:decay_mult=1.0
07/14 04:18:44 - mmengine - WARNING - backbone.layer2.3.bn1.weight is skipped since its requires_grad=False
07/14 04:18:44 - mmengine - WARNING - backbone.layer2.3.bn1.bias is skipped since its requires_grad=False
07/14 04:18:44 - mmengine - INFO - paramwise_options -- backbone.layer2.3.conv2.weight:lr=1e-05
07/14 04:18:44 - mmengine - INFO - paramwise_options -- backbone.layer2.3.conv2.weight:weight_decay=0.05
07/14 04:18:44 - mmengine - INFO - paramwise_options -- backbone.layer2.3.conv2.weight:lr_mult=0.1
07/14 04:18:44 - mmengine - INFO - paramwise_options -- backbone.layer2.3.conv2.weight:decay_mult=1.0
07/14 04:18:44 - mmengine - WARNING - backbone.layer2.3.bn2.weight is skipped since its requires_grad=False
07/14 04:18:44 - mmengine - WARNING - backbone.layer2.3.bn2.bias is skipped since its requires_grad=False
07/14 04:18:44 - mmengine - INFO - paramwise_options -- backbone.layer2.3.conv3.weight:lr=1e-05
07/14 04:18:44 - mmengine - INFO - paramwise_options -- backbone.layer2.3.conv3.weight:weight_decay=0.05
07/14 04:18:44 - mmengine - INFO - paramwise_options -- backbone.layer2.3.conv3.weight:lr_mult=0.1
07/14 04:18:44 - mmengine - INFO - paramwise_options -- backbone.layer2.3.conv3.weight:decay_mult=1.0
07/14 04:18:44 - mmengine - WARNING - backbone.layer2.3.bn3.weight is skipped since its requires_grad=False
07/14 04:18:44 - mmengine - WARNING - backbone.layer2.3.bn3.bias is skipped since its requires_grad=False
07/14 04:18:44 - mmengine - INFO - paramwise_options -- backbone.layer3.0.conv1.weight:lr=1e-05
07/14 04:18:44 - mmengine - INFO - paramwise_options -- backbone.layer3.0.conv1.weight:weight_decay=0.05
07/14 04:18:44 - mmengine - INFO - paramwise_options -- backbone.layer3.0.conv1.weight:lr_mult=0.1
07/14 04:18:44 - mmengine - INFO - paramwise_options -- backbone.layer3.0.conv1.weight:decay_mult=1.0
07/14 04:18:44 - mmengine - WARNING - backbone.layer3.0.bn1.weight is skipped since its requires_grad=False
07/14 04:18:44 - mmengine - WARNING - backbone.layer3.0.bn1.bias is skipped since its requires_grad=False
07/14 04:18:44 - mmengine - INFO - paramwise_options -- backbone.layer3.0.conv2.weight:lr=1e-05
07/14 04:18:44 - mmengine - INFO - paramwise_options -- backbone.layer3.0.conv2.weight:weight_decay=0.05
07/14 04:18:44 - mmengine - INFO - paramwise_options -- backbone.layer3.0.conv2.weight:lr_mult=0.1
07/14 04:18:44 - mmengine - INFO - paramwise_options -- backbone.layer3.0.conv2.weight:decay_mult=1.0
07/14 04:18:44 - mmengine - WARNING - backbone.layer3.0.bn2.weight is skipped since its requires_grad=False
07/14 04:18:44 - mmengine - WARNING - backbone.layer3.0.bn2.bias is skipped since its requires_grad=False
07/14 04:18:44 - mmengine - INFO - paramwise_options -- backbone.layer3.0.conv3.weight:lr=1e-05
07/14 04:18:44 - mmengine - INFO - paramwise_options -- backbone.layer3.0.conv3.weight:weight_decay=0.05
07/14 04:18:44 - mmengine - INFO - paramwise_options -- backbone.layer3.0.conv3.weight:lr_mult=0.1
07/14 04:18:44 - mmengine - INFO - paramwise_options -- backbone.layer3.0.conv3.weight:decay_mult=1.0
07/14 04:18:44 - mmengine - WARNING - backbone.layer3.0.bn3.weight is skipped since its requires_grad=False
07/14 04:18:44 - mmengine - WARNING - backbone.layer3.0.bn3.bias is skipped since its requires_grad=False
07/14 04:18:44 - mmengine - INFO - paramwise_options -- backbone.layer3.0.downsample.0.weight:lr=1e-05
07/14 04:18:44 - mmengine - INFO - paramwise_options -- backbone.layer3.0.downsample.0.weight:weight_decay=0.05
07/14 04:18:44 - mmengine - INFO - paramwise_options -- backbone.layer3.0.downsample.0.weight:lr_mult=0.1
07/14 04:18:44 - mmengine - INFO - paramwise_options -- backbone.layer3.0.downsample.0.weight:decay_mult=1.0
07/14 04:18:44 - mmengine - WARNING - backbone.layer3.0.downsample.1.weight is skipped since its requires_grad=False
07/14 04:18:44 - mmengine - WARNING - backbone.layer3.0.downsample.1.bias is skipped since its requires_grad=False
07/14 04:18:44 - mmengine - INFO - paramwise_options -- backbone.layer3.1.conv1.weight:lr=1e-05
07/14 04:18:44 - mmengine - INFO - paramwise_options -- backbone.layer3.1.conv1.weight:weight_decay=0.05
07/14 04:18:44 - mmengine - INFO - paramwise_options -- backbone.layer3.1.conv1.weight:lr_mult=0.1
07/14 04:18:44 - mmengine - INFO - paramwise_options -- backbone.layer3.1.conv1.weight:decay_mult=1.0
07/14 04:18:44 - mmengine - WARNING - backbone.layer3.1.bn1.weight is skipped since its requires_grad=False
07/14 04:18:44 - mmengine - WARNING - backbone.layer3.1.bn1.bias is skipped since its requires_grad=False
07/14 04:18:44 - mmengine - INFO - paramwise_options -- backbone.layer3.1.conv2.weight:lr=1e-05
07/14 04:18:44 - mmengine - INFO - paramwise_options -- backbone.layer3.1.conv2.weight:weight_decay=0.05
07/14 04:18:44 - mmengine - INFO - paramwise_options -- backbone.layer3.1.conv2.weight:lr_mult=0.1
07/14 04:18:44 - mmengine - INFO - paramwise_options -- backbone.layer3.1.conv2.weight:decay_mult=1.0
07/14 04:18:44 - mmengine - WARNING - backbone.layer3.1.bn2.weight is skipped since its requires_grad=False
07/14 04:18:44 - mmengine - WARNING - backbone.layer3.1.bn2.bias is skipped since its requires_grad=False
07/14 04:18:44 - mmengine - INFO - paramwise_options -- backbone.layer3.1.conv3.weight:lr=1e-05
07/14 04:18:44 - mmengine - INFO - paramwise_options -- backbone.layer3.1.conv3.weight:weight_decay=0.05
07/14 04:18:44 - mmengine - INFO - paramwise_options -- backbone.layer3.1.conv3.weight:lr_mult=0.1
07/14 04:18:44 - mmengine - INFO - paramwise_options -- backbone.layer3.1.conv3.weight:decay_mult=1.0
07/14 04:18:44 - mmengine - WARNING - backbone.layer3.1.bn3.weight is skipped since its requires_grad=False
07/14 04:18:44 - mmengine - WARNING - backbone.layer3.1.bn3.bias is skipped since its requires_grad=False
07/14 04:18:44 - mmengine - INFO - paramwise_options -- backbone.layer3.2.conv1.weight:lr=1e-05
07/14 04:18:44 - mmengine - INFO - paramwise_options -- backbone.layer3.2.conv1.weight:weight_decay=0.05
07/14 04:18:44 - mmengine - INFO - paramwise_options -- backbone.layer3.2.conv1.weight:lr_mult=0.1
07/14 04:18:44 - mmengine - INFO - paramwise_options -- backbone.layer3.2.conv1.weight:decay_mult=1.0
07/14 04:18:44 - mmengine - WARNING - backbone.layer3.2.bn1.weight is skipped since its requires_grad=False
07/14 04:18:44 - mmengine - WARNING - backbone.layer3.2.bn1.bias is skipped since its requires_grad=False
07/14 04:18:44 - mmengine - INFO - paramwise_options -- backbone.layer3.2.conv2.weight:lr=1e-05
07/14 04:18:44 - mmengine - INFO - paramwise_options -- backbone.layer3.2.conv2.weight:weight_decay=0.05
07/14 04:18:44 - mmengine - INFO - paramwise_options -- backbone.layer3.2.conv2.weight:lr_mult=0.1
07/14 04:18:44 - mmengine - INFO - paramwise_options -- backbone.layer3.2.conv2.weight:decay_mult=1.0
07/14 04:18:44 - mmengine - WARNING - backbone.layer3.2.bn2.weight is skipped since its requires_grad=False
07/14 04:18:44 - mmengine - WARNING - backbone.layer3.2.bn2.bias is skipped since its requires_grad=False
07/14 04:18:44 - mmengine - INFO - paramwise_options -- backbone.layer3.2.conv3.weight:lr=1e-05
07/14 04:18:44 - mmengine - INFO - paramwise_options -- backbone.layer3.2.conv3.weight:weight_decay=0.05
07/14 04:18:44 - mmengine - INFO - paramwise_options -- backbone.layer3.2.conv3.weight:lr_mult=0.1
07/14 04:18:44 - mmengine - INFO - paramwise_options -- backbone.layer3.2.conv3.weight:decay_mult=1.0
07/14 04:18:44 - mmengine - WARNING - backbone.layer3.2.bn3.weight is skipped since its requires_grad=False
07/14 04:18:44 - mmengine - WARNING - backbone.layer3.2.bn3.bias is skipped since its requires_grad=False
07/14 04:18:44 - mmengine - INFO - paramwise_options -- backbone.layer3.3.conv1.weight:lr=1e-05
07/14 04:18:44 - mmengine - INFO - paramwise_options -- backbone.layer3.3.conv1.weight:weight_decay=0.05
07/14 04:18:44 - mmengine - INFO - paramwise_options -- backbone.layer3.3.conv1.weight:lr_mult=0.1
07/14 04:18:44 - mmengine - INFO - paramwise_options -- backbone.layer3.3.conv1.weight:decay_mult=1.0
07/14 04:18:44 - mmengine - WARNING - backbone.layer3.3.bn1.weight is skipped since its requires_grad=False
07/14 04:18:44 - mmengine - WARNING - backbone.layer3.3.bn1.bias is skipped since its requires_grad=False
07/14 04:18:44 - mmengine - INFO - paramwise_options -- backbone.layer3.3.conv2.weight:lr=1e-05
07/14 04:18:44 - mmengine - INFO - paramwise_options -- backbone.layer3.3.conv2.weight:weight_decay=0.05
07/14 04:18:44 - mmengine - INFO - paramwise_options -- backbone.layer3.3.conv2.weight:lr_mult=0.1
07/14 04:18:44 - mmengine - INFO - paramwise_options -- backbone.layer3.3.conv2.weight:decay_mult=1.0
07/14 04:18:44 - mmengine - WARNING - backbone.layer3.3.bn2.weight is skipped since its requires_grad=False
07/14 04:18:44 - mmengine - WARNING - backbone.layer3.3.bn2.bias is skipped since its requires_grad=False
07/14 04:18:44 - mmengine - INFO - paramwise_options -- backbone.layer3.3.conv3.weight:lr=1e-05
07/14 04:18:44 - mmengine - INFO - paramwise_options -- backbone.layer3.3.conv3.weight:weight_decay=0.05
07/14 04:18:44 - mmengine - INFO - paramwise_options -- backbone.layer3.3.conv3.weight:lr_mult=0.1
07/14 04:18:44 - mmengine - INFO - paramwise_options -- backbone.layer3.3.conv3.weight:decay_mult=1.0
07/14 04:18:44 - mmengine - WARNING - backbone.layer3.3.bn3.weight is skipped since its requires_grad=False
07/14 04:18:44 - mmengine - WARNING - backbone.layer3.3.bn3.bias is skipped since its requires_grad=False
07/14 04:18:44 - mmengine - INFO - paramwise_options -- backbone.layer3.4.conv1.weight:lr=1e-05
07/14 04:18:44 - mmengine - INFO - paramwise_options -- backbone.layer3.4.conv1.weight:weight_decay=0.05
07/14 04:18:44 - mmengine - INFO - paramwise_options -- backbone.layer3.4.conv1.weight:lr_mult=0.1
07/14 04:18:44 - mmengine - INFO - paramwise_options -- backbone.layer3.4.conv1.weight:decay_mult=1.0
07/14 04:18:44 - mmengine - WARNING - backbone.layer3.4.bn1.weight is skipped since its requires_grad=False
07/14 04:18:44 - mmengine - WARNING - backbone.layer3.4.bn1.bias is skipped since its requires_grad=False
07/14 04:18:44 - mmengine - INFO - paramwise_options -- backbone.layer3.4.conv2.weight:lr=1e-05
07/14 04:18:44 - mmengine - INFO - paramwise_options -- backbone.layer3.4.conv2.weight:weight_decay=0.05
07/14 04:18:44 - mmengine - INFO - paramwise_options -- backbone.layer3.4.conv2.weight:lr_mult=0.1
07/14 04:18:44 - mmengine - INFO - paramwise_options -- backbone.layer3.4.conv2.weight:decay_mult=1.0
07/14 04:18:44 - mmengine - WARNING - backbone.layer3.4.bn2.weight is skipped since its requires_grad=False
07/14 04:18:44 - mmengine - WARNING - backbone.layer3.4.bn2.bias is skipped since its requires_grad=False
07/14 04:18:44 - mmengine - INFO - paramwise_options -- backbone.layer3.4.conv3.weight:lr=1e-05
07/14 04:18:44 - mmengine - INFO - paramwise_options -- backbone.layer3.4.conv3.weight:weight_decay=0.05
07/14 04:18:44 - mmengine - INFO - paramwise_options -- backbone.layer3.4.conv3.weight:lr_mult=0.1
07/14 04:18:44 - mmengine - INFO - paramwise_options -- backbone.layer3.4.conv3.weight:decay_mult=1.0
07/14 04:18:44 - mmengine - WARNING - backbone.layer3.4.bn3.weight is skipped since its requires_grad=False
07/14 04:18:44 - mmengine - WARNING - backbone.layer3.4.bn3.bias is skipped since its requires_grad=False
07/14 04:18:44 - mmengine - INFO - paramwise_options -- backbone.layer3.5.conv1.weight:lr=1e-05
07/14 04:18:44 - mmengine - INFO - paramwise_options -- backbone.layer3.5.conv1.weight:weight_decay=0.05
07/14 04:18:44 - mmengine - INFO - paramwise_options -- backbone.layer3.5.conv1.weight:lr_mult=0.1
07/14 04:18:44 - mmengine - INFO - paramwise_options -- backbone.layer3.5.conv1.weight:decay_mult=1.0
07/14 04:18:44 - mmengine - WARNING - backbone.layer3.5.bn1.weight is skipped since its requires_grad=False
07/14 04:18:44 - mmengine - WARNING - backbone.layer3.5.bn1.bias is skipped since its requires_grad=False
07/14 04:18:44 - mmengine - INFO - paramwise_options -- backbone.layer3.5.conv2.weight:lr=1e-05
07/14 04:18:44 - mmengine - INFO - paramwise_options -- backbone.layer3.5.conv2.weight:weight_decay=0.05
07/14 04:18:44 - mmengine - INFO - paramwise_options -- backbone.layer3.5.conv2.weight:lr_mult=0.1
07/14 04:18:44 - mmengine - INFO - paramwise_options -- backbone.layer3.5.conv2.weight:decay_mult=1.0
07/14 04:18:44 - mmengine - WARNING - backbone.layer3.5.bn2.weight is skipped since its requires_grad=False
07/14 04:18:44 - mmengine - WARNING - backbone.layer3.5.bn2.bias is skipped since its requires_grad=False
07/14 04:18:44 - mmengine - INFO - paramwise_options -- backbone.layer3.5.conv3.weight:lr=1e-05
07/14 04:18:44 - mmengine - INFO - paramwise_options -- backbone.layer3.5.conv3.weight:weight_decay=0.05
07/14 04:18:44 - mmengine - INFO - paramwise_options -- backbone.layer3.5.conv3.weight:lr_mult=0.1
07/14 04:18:44 - mmengine - INFO - paramwise_options -- backbone.layer3.5.conv3.weight:decay_mult=1.0
07/14 04:18:44 - mmengine - WARNING - backbone.layer3.5.bn3.weight is skipped since its requires_grad=False
07/14 04:18:44 - mmengine - WARNING - backbone.layer3.5.bn3.bias is skipped since its requires_grad=False
07/14 04:18:44 - mmengine - INFO - paramwise_options -- backbone.layer4.0.conv1.weight:lr=1e-05
07/14 04:18:44 - mmengine - INFO - paramwise_options -- backbone.layer4.0.conv1.weight:weight_decay=0.05
07/14 04:18:44 - mmengine - INFO - paramwise_options -- backbone.layer4.0.conv1.weight:lr_mult=0.1
07/14 04:18:44 - mmengine - INFO - paramwise_options -- backbone.layer4.0.conv1.weight:decay_mult=1.0
07/14 04:18:44 - mmengine - WARNING - backbone.layer4.0.bn1.weight is skipped since its requires_grad=False
07/14 04:18:44 - mmengine - WARNING - backbone.layer4.0.bn1.bias is skipped since its requires_grad=False
07/14 04:18:44 - mmengine - INFO - paramwise_options -- backbone.layer4.0.conv2.weight:lr=1e-05
07/14 04:18:44 - mmengine - INFO - paramwise_options -- backbone.layer4.0.conv2.weight:weight_decay=0.05
07/14 04:18:44 - mmengine - INFO - paramwise_options -- backbone.layer4.0.conv2.weight:lr_mult=0.1
07/14 04:18:44 - mmengine - INFO - paramwise_options -- backbone.layer4.0.conv2.weight:decay_mult=1.0
07/14 04:18:44 - mmengine - WARNING - backbone.layer4.0.bn2.weight is skipped since its requires_grad=False
07/14 04:18:44 - mmengine - WARNING - backbone.layer4.0.bn2.bias is skipped since its requires_grad=False
07/14 04:18:44 - mmengine - INFO - paramwise_options -- backbone.layer4.0.conv3.weight:lr=1e-05
07/14 04:18:44 - mmengine - INFO - paramwise_options -- backbone.layer4.0.conv3.weight:weight_decay=0.05
07/14 04:18:44 - mmengine - INFO - paramwise_options -- backbone.layer4.0.conv3.weight:lr_mult=0.1
07/14 04:18:44 - mmengine - INFO - paramwise_options -- backbone.layer4.0.conv3.weight:decay_mult=1.0
07/14 04:18:44 - mmengine - WARNING - backbone.layer4.0.bn3.weight is skipped since its requires_grad=False
07/14 04:18:44 - mmengine - WARNING - backbone.layer4.0.bn3.bias is skipped since its requires_grad=False
07/14 04:18:44 - mmengine - INFO - paramwise_options -- backbone.layer4.0.downsample.0.weight:lr=1e-05
07/14 04:18:44 - mmengine - INFO - paramwise_options -- backbone.layer4.0.downsample.0.weight:weight_decay=0.05
07/14 04:18:44 - mmengine - INFO - paramwise_options -- backbone.layer4.0.downsample.0.weight:lr_mult=0.1
07/14 04:18:44 - mmengine - INFO - paramwise_options -- backbone.layer4.0.downsample.0.weight:decay_mult=1.0
07/14 04:18:44 - mmengine - WARNING - backbone.layer4.0.downsample.1.weight is skipped since its requires_grad=False
07/14 04:18:44 - mmengine - WARNING - backbone.layer4.0.downsample.1.bias is skipped since its requires_grad=False
07/14 04:18:44 - mmengine - INFO - paramwise_options -- backbone.layer4.1.conv1.weight:lr=1e-05
07/14 04:18:44 - mmengine - INFO - paramwise_options -- backbone.layer4.1.conv1.weight:weight_decay=0.05
07/14 04:18:44 - mmengine - INFO - paramwise_options -- backbone.layer4.1.conv1.weight:lr_mult=0.1
07/14 04:18:44 - mmengine - INFO - paramwise_options -- backbone.layer4.1.conv1.weight:decay_mult=1.0
07/14 04:18:44 - mmengine - WARNING - backbone.layer4.1.bn1.weight is skipped since its requires_grad=False
07/14 04:18:44 - mmengine - WARNING - backbone.layer4.1.bn1.bias is skipped since its requires_grad=False
07/14 04:18:44 - mmengine - INFO - paramwise_options -- backbone.layer4.1.conv2.weight:lr=1e-05
07/14 04:18:44 - mmengine - INFO - paramwise_options -- backbone.layer4.1.conv2.weight:weight_decay=0.05
07/14 04:18:44 - mmengine - INFO - paramwise_options -- backbone.layer4.1.conv2.weight:lr_mult=0.1
07/14 04:18:44 - mmengine - INFO - paramwise_options -- backbone.layer4.1.conv2.weight:decay_mult=1.0
07/14 04:18:44 - mmengine - WARNING - backbone.layer4.1.bn2.weight is skipped since its requires_grad=False
07/14 04:18:44 - mmengine - WARNING - backbone.layer4.1.bn2.bias is skipped since its requires_grad=False
07/14 04:18:44 - mmengine - INFO - paramwise_options -- backbone.layer4.1.conv3.weight:lr=1e-05
07/14 04:18:44 - mmengine - INFO - paramwise_options -- backbone.layer4.1.conv3.weight:weight_decay=0.05
07/14 04:18:44 - mmengine - INFO - paramwise_options -- backbone.layer4.1.conv3.weight:lr_mult=0.1
07/14 04:18:44 - mmengine - INFO - paramwise_options -- backbone.layer4.1.conv3.weight:decay_mult=1.0
07/14 04:18:44 - mmengine - WARNING - backbone.layer4.1.bn3.weight is skipped since its requires_grad=False
07/14 04:18:44 - mmengine - WARNING - backbone.layer4.1.bn3.bias is skipped since its requires_grad=False
07/14 04:18:44 - mmengine - INFO - paramwise_options -- backbone.layer4.2.conv1.weight:lr=1e-05
07/14 04:18:44 - mmengine - INFO - paramwise_options -- backbone.layer4.2.conv1.weight:weight_decay=0.05
07/14 04:18:44 - mmengine - INFO - paramwise_options -- backbone.layer4.2.conv1.weight:lr_mult=0.1
07/14 04:18:44 - mmengine - INFO - paramwise_options -- backbone.layer4.2.conv1.weight:decay_mult=1.0
07/14 04:18:44 - mmengine - WARNING - backbone.layer4.2.bn1.weight is skipped since its requires_grad=False
07/14 04:18:44 - mmengine - WARNING - backbone.layer4.2.bn1.bias is skipped since its requires_grad=False
07/14 04:18:44 - mmengine - INFO - paramwise_options -- backbone.layer4.2.conv2.weight:lr=1e-05
07/14 04:18:44 - mmengine - INFO - paramwise_options -- backbone.layer4.2.conv2.weight:weight_decay=0.05
07/14 04:18:44 - mmengine - INFO - paramwise_options -- backbone.layer4.2.conv2.weight:lr_mult=0.1
07/14 04:18:44 - mmengine - INFO - paramwise_options -- backbone.layer4.2.conv2.weight:decay_mult=1.0
07/14 04:18:44 - mmengine - WARNING - backbone.layer4.2.bn2.weight is skipped since its requires_grad=False
07/14 04:18:44 - mmengine - WARNING - backbone.layer4.2.bn2.bias is skipped since its requires_grad=False
07/14 04:18:44 - mmengine - INFO - paramwise_options -- backbone.layer4.2.conv3.weight:lr=1e-05
07/14 04:18:44 - mmengine - INFO - paramwise_options -- backbone.layer4.2.conv3.weight:weight_decay=0.05
07/14 04:18:44 - mmengine - INFO - paramwise_options -- backbone.layer4.2.conv3.weight:lr_mult=0.1
07/14 04:18:44 - mmengine - INFO - paramwise_options -- backbone.layer4.2.conv3.weight:decay_mult=1.0
07/14 04:18:44 - mmengine - WARNING - backbone.layer4.2.bn3.weight is skipped since its requires_grad=False
07/14 04:18:44 - mmengine - WARNING - backbone.layer4.2.bn3.bias is skipped since its requires_grad=False
07/14 04:18:44 - mmengine - INFO - paramwise_options -- decode_head.pixel_decoder.input_convs.0.gn.weight:weight_decay=0.0
07/14 04:18:44 - mmengine - INFO - paramwise_options -- decode_head.pixel_decoder.input_convs.0.gn.bias:weight_decay=0.0
07/14 04:18:44 - mmengine - INFO - paramwise_options -- decode_head.pixel_decoder.input_convs.1.gn.weight:weight_decay=0.0
07/14 04:18:44 - mmengine - INFO - paramwise_options -- decode_head.pixel_decoder.input_convs.1.gn.bias:weight_decay=0.0
07/14 04:18:44 - mmengine - INFO - paramwise_options -- decode_head.pixel_decoder.input_convs.2.gn.weight:weight_decay=0.0
07/14 04:18:44 - mmengine - INFO - paramwise_options -- decode_head.pixel_decoder.input_convs.2.gn.bias:weight_decay=0.0
07/14 04:18:44 - mmengine - INFO - paramwise_options -- decode_head.pixel_decoder.encoder.layers.0.norms.0.weight:weight_decay=0.0
07/14 04:18:44 - mmengine - INFO - paramwise_options -- decode_head.pixel_decoder.encoder.layers.0.norms.0.bias:weight_decay=0.0
07/14 04:18:44 - mmengine - INFO - paramwise_options -- decode_head.pixel_decoder.encoder.layers.0.norms.1.weight:weight_decay=0.0
07/14 04:18:44 - mmengine - INFO - paramwise_options -- decode_head.pixel_decoder.encoder.layers.0.norms.1.bias:weight_decay=0.0
07/14 04:18:44 - mmengine - INFO - paramwise_options -- decode_head.pixel_decoder.encoder.layers.1.norms.0.weight:weight_decay=0.0
07/14 04:18:44 - mmengine - INFO - paramwise_options -- decode_head.pixel_decoder.encoder.layers.1.norms.0.bias:weight_decay=0.0
07/14 04:18:44 - mmengine - INFO - paramwise_options -- decode_head.pixel_decoder.encoder.layers.1.norms.1.weight:weight_decay=0.0
07/14 04:18:44 - mmengine - INFO - paramwise_options -- decode_head.pixel_decoder.encoder.layers.1.norms.1.bias:weight_decay=0.0
07/14 04:18:44 - mmengine - INFO - paramwise_options -- decode_head.pixel_decoder.encoder.layers.2.norms.0.weight:weight_decay=0.0
07/14 04:18:44 - mmengine - INFO - paramwise_options -- decode_head.pixel_decoder.encoder.layers.2.norms.0.bias:weight_decay=0.0
07/14 04:18:44 - mmengine - INFO - paramwise_options -- decode_head.pixel_decoder.encoder.layers.2.norms.1.weight:weight_decay=0.0
07/14 04:18:44 - mmengine - INFO - paramwise_options -- decode_head.pixel_decoder.encoder.layers.2.norms.1.bias:weight_decay=0.0
07/14 04:18:44 - mmengine - INFO - paramwise_options -- decode_head.pixel_decoder.encoder.layers.3.norms.0.weight:weight_decay=0.0
07/14 04:18:44 - mmengine - INFO - paramwise_options -- decode_head.pixel_decoder.encoder.layers.3.norms.0.bias:weight_decay=0.0
07/14 04:18:44 - mmengine - INFO - paramwise_options -- decode_head.pixel_decoder.encoder.layers.3.norms.1.weight:weight_decay=0.0
07/14 04:18:44 - mmengine - INFO - paramwise_options -- decode_head.pixel_decoder.encoder.layers.3.norms.1.bias:weight_decay=0.0
07/14 04:18:44 - mmengine - INFO - paramwise_options -- decode_head.pixel_decoder.encoder.layers.4.norms.0.weight:weight_decay=0.0
07/14 04:18:44 - mmengine - INFO - paramwise_options -- decode_head.pixel_decoder.encoder.layers.4.norms.0.bias:weight_decay=0.0
07/14 04:18:44 - mmengine - INFO - paramwise_options -- decode_head.pixel_decoder.encoder.layers.4.norms.1.weight:weight_decay=0.0
07/14 04:18:44 - mmengine - INFO - paramwise_options -- decode_head.pixel_decoder.encoder.layers.4.norms.1.bias:weight_decay=0.0
07/14 04:18:44 - mmengine - INFO - paramwise_options -- decode_head.pixel_decoder.encoder.layers.5.norms.0.weight:weight_decay=0.0
07/14 04:18:44 - mmengine - INFO - paramwise_options -- decode_head.pixel_decoder.encoder.layers.5.norms.0.bias:weight_decay=0.0
07/14 04:18:44 - mmengine - INFO - paramwise_options -- decode_head.pixel_decoder.encoder.layers.5.norms.1.weight:weight_decay=0.0
07/14 04:18:44 - mmengine - INFO - paramwise_options -- decode_head.pixel_decoder.encoder.layers.5.norms.1.bias:weight_decay=0.0
07/14 04:18:44 - mmengine - INFO - paramwise_options -- decode_head.pixel_decoder.lateral_convs.0.gn.weight:weight_decay=0.0
07/14 04:18:44 - mmengine - INFO - paramwise_options -- decode_head.pixel_decoder.lateral_convs.0.gn.bias:weight_decay=0.0
07/14 04:18:44 - mmengine - INFO - paramwise_options -- decode_head.pixel_decoder.output_convs.0.gn.weight:weight_decay=0.0
07/14 04:18:44 - mmengine - INFO - paramwise_options -- decode_head.pixel_decoder.output_convs.0.gn.bias:weight_decay=0.0
07/14 04:18:44 - mmengine - INFO - paramwise_options -- decode_head.transformer_decoder.layers.0.norms.0.weight:weight_decay=0.0
07/14 04:18:44 - mmengine - INFO - paramwise_options -- decode_head.transformer_decoder.layers.0.norms.0.bias:weight_decay=0.0
07/14 04:18:44 - mmengine - INFO - paramwise_options -- decode_head.transformer_decoder.layers.0.norms.1.weight:weight_decay=0.0
07/14 04:18:44 - mmengine - INFO - paramwise_options -- decode_head.transformer_decoder.layers.0.norms.1.bias:weight_decay=0.0
07/14 04:18:44 - mmengine - INFO - paramwise_options -- decode_head.transformer_decoder.layers.0.norms.2.weight:weight_decay=0.0
07/14 04:18:44 - mmengine - INFO - paramwise_options -- decode_head.transformer_decoder.layers.0.norms.2.bias:weight_decay=0.0
07/14 04:18:44 - mmengine - INFO - paramwise_options -- decode_head.transformer_decoder.layers.1.norms.0.weight:weight_decay=0.0
07/14 04:18:44 - mmengine - INFO - paramwise_options -- decode_head.transformer_decoder.layers.1.norms.0.bias:weight_decay=0.0
07/14 04:18:44 - mmengine - INFO - paramwise_options -- decode_head.transformer_decoder.layers.1.norms.1.weight:weight_decay=0.0
07/14 04:18:44 - mmengine - INFO - paramwise_options -- decode_head.transformer_decoder.layers.1.norms.1.bias:weight_decay=0.0
07/14 04:18:44 - mmengine - INFO - paramwise_options -- decode_head.transformer_decoder.layers.1.norms.2.weight:weight_decay=0.0
07/14 04:18:44 - mmengine - INFO - paramwise_options -- decode_head.transformer_decoder.layers.1.norms.2.bias:weight_decay=0.0
07/14 04:18:44 - mmengine - INFO - paramwise_options -- decode_head.transformer_decoder.layers.2.norms.0.weight:weight_decay=0.0
07/14 04:18:44 - mmengine - INFO - paramwise_options -- decode_head.transformer_decoder.layers.2.norms.0.bias:weight_decay=0.0
07/14 04:18:44 - mmengine - INFO - paramwise_options -- decode_head.transformer_decoder.layers.2.norms.1.weight:weight_decay=0.0
07/14 04:18:44 - mmengine - INFO - paramwise_options -- decode_head.transformer_decoder.layers.2.norms.1.bias:weight_decay=0.0
07/14 04:18:44 - mmengine - INFO - paramwise_options -- decode_head.transformer_decoder.layers.2.norms.2.weight:weight_decay=0.0
07/14 04:18:44 - mmengine - INFO - paramwise_options -- decode_head.transformer_decoder.layers.2.norms.2.bias:weight_decay=0.0
07/14 04:18:44 - mmengine - INFO - paramwise_options -- decode_head.transformer_decoder.layers.3.norms.0.weight:weight_decay=0.0
07/14 04:18:44 - mmengine - INFO - paramwise_options -- decode_head.transformer_decoder.layers.3.norms.0.bias:weight_decay=0.0
07/14 04:18:44 - mmengine - INFO - paramwise_options -- decode_head.transformer_decoder.layers.3.norms.1.weight:weight_decay=0.0
07/14 04:18:44 - mmengine - INFO - paramwise_options -- decode_head.transformer_decoder.layers.3.norms.1.bias:weight_decay=0.0
07/14 04:18:44 - mmengine - INFO - paramwise_options -- decode_head.transformer_decoder.layers.3.norms.2.weight:weight_decay=0.0
07/14 04:18:44 - mmengine - INFO - paramwise_options -- decode_head.transformer_decoder.layers.3.norms.2.bias:weight_decay=0.0
07/14 04:18:44 - mmengine - INFO - paramwise_options -- decode_head.transformer_decoder.layers.4.norms.0.weight:weight_decay=0.0
07/14 04:18:44 - mmengine - INFO - paramwise_options -- decode_head.transformer_decoder.layers.4.norms.0.bias:weight_decay=0.0
07/14 04:18:44 - mmengine - INFO - paramwise_options -- decode_head.transformer_decoder.layers.4.norms.1.weight:weight_decay=0.0
07/14 04:18:44 - mmengine - INFO - paramwise_options -- decode_head.transformer_decoder.layers.4.norms.1.bias:weight_decay=0.0
07/14 04:18:44 - mmengine - INFO - paramwise_options -- decode_head.transformer_decoder.layers.4.norms.2.weight:weight_decay=0.0
07/14 04:18:44 - mmengine - INFO - paramwise_options -- decode_head.transformer_decoder.layers.4.norms.2.bias:weight_decay=0.0
07/14 04:18:44 - mmengine - INFO - paramwise_options -- decode_head.transformer_decoder.layers.5.norms.0.weight:weight_decay=0.0
07/14 04:18:44 - mmengine - INFO - paramwise_options -- decode_head.transformer_decoder.layers.5.norms.0.bias:weight_decay=0.0
07/14 04:18:44 - mmengine - INFO - paramwise_options -- decode_head.transformer_decoder.layers.5.norms.1.weight:weight_decay=0.0
07/14 04:18:44 - mmengine - INFO - paramwise_options -- decode_head.transformer_decoder.layers.5.norms.1.bias:weight_decay=0.0
07/14 04:18:44 - mmengine - INFO - paramwise_options -- decode_head.transformer_decoder.layers.5.norms.2.weight:weight_decay=0.0
07/14 04:18:44 - mmengine - INFO - paramwise_options -- decode_head.transformer_decoder.layers.5.norms.2.bias:weight_decay=0.0
07/14 04:18:44 - mmengine - INFO - paramwise_options -- decode_head.transformer_decoder.layers.6.norms.0.weight:weight_decay=0.0
07/14 04:18:44 - mmengine - INFO - paramwise_options -- decode_head.transformer_decoder.layers.6.norms.0.bias:weight_decay=0.0
07/14 04:18:44 - mmengine - INFO - paramwise_options -- decode_head.transformer_decoder.layers.6.norms.1.weight:weight_decay=0.0
07/14 04:18:44 - mmengine - INFO - paramwise_options -- decode_head.transformer_decoder.layers.6.norms.1.bias:weight_decay=0.0
07/14 04:18:44 - mmengine - INFO - paramwise_options -- decode_head.transformer_decoder.layers.6.norms.2.weight:weight_decay=0.0
07/14 04:18:44 - mmengine - INFO - paramwise_options -- decode_head.transformer_decoder.layers.6.norms.2.bias:weight_decay=0.0
07/14 04:18:44 - mmengine - INFO - paramwise_options -- decode_head.transformer_decoder.layers.7.norms.0.weight:weight_decay=0.0
07/14 04:18:44 - mmengine - INFO - paramwise_options -- decode_head.transformer_decoder.layers.7.norms.0.bias:weight_decay=0.0
07/14 04:18:44 - mmengine - INFO - paramwise_options -- decode_head.transformer_decoder.layers.7.norms.1.weight:weight_decay=0.0
07/14 04:18:44 - mmengine - INFO - paramwise_options -- decode_head.transformer_decoder.layers.7.norms.1.bias:weight_decay=0.0
07/14 04:18:44 - mmengine - INFO - paramwise_options -- decode_head.transformer_decoder.layers.7.norms.2.weight:weight_decay=0.0
07/14 04:18:44 - mmengine - INFO - paramwise_options -- decode_head.transformer_decoder.layers.7.norms.2.bias:weight_decay=0.0
07/14 04:18:44 - mmengine - INFO - paramwise_options -- decode_head.transformer_decoder.layers.8.norms.0.weight:weight_decay=0.0
07/14 04:18:44 - mmengine - INFO - paramwise_options -- decode_head.transformer_decoder.layers.8.norms.0.bias:weight_decay=0.0
07/14 04:18:44 - mmengine - INFO - paramwise_options -- decode_head.transformer_decoder.layers.8.norms.1.weight:weight_decay=0.0
07/14 04:18:44 - mmengine - INFO - paramwise_options -- decode_head.transformer_decoder.layers.8.norms.1.bias:weight_decay=0.0
07/14 04:18:44 - mmengine - INFO - paramwise_options -- decode_head.transformer_decoder.layers.8.norms.2.weight:weight_decay=0.0
07/14 04:18:44 - mmengine - INFO - paramwise_options -- decode_head.transformer_decoder.layers.8.norms.2.bias:weight_decay=0.0
07/14 04:18:44 - mmengine - INFO - paramwise_options -- decode_head.transformer_decoder.post_norm.weight:weight_decay=0.0
07/14 04:18:44 - mmengine - INFO - paramwise_options -- decode_head.transformer_decoder.post_norm.bias:weight_decay=0.0
07/14 04:18:44 - mmengine - INFO - paramwise_options -- decode_head.query_embed.weight:lr=0.0001
07/14 04:18:44 - mmengine - INFO - paramwise_options -- decode_head.query_embed.weight:weight_decay=0.0
07/14 04:18:44 - mmengine - INFO - paramwise_options -- decode_head.query_embed.weight:lr_mult=1.0
07/14 04:18:44 - mmengine - INFO - paramwise_options -- decode_head.query_embed.weight:decay_mult=0.0
07/14 04:18:44 - mmengine - INFO - paramwise_options -- decode_head.query_feat.weight:lr=0.0001
07/14 04:18:44 - mmengine - INFO - paramwise_options -- decode_head.query_feat.weight:weight_decay=0.0
07/14 04:18:44 - mmengine - INFO - paramwise_options -- decode_head.query_feat.weight:lr_mult=1.0
07/14 04:18:44 - mmengine - INFO - paramwise_options -- decode_head.query_feat.weight:decay_mult=0.0
07/14 04:18:44 - mmengine - INFO - paramwise_options -- decode_head.level_embed.weight:lr=0.0001
07/14 04:18:44 - mmengine - INFO - paramwise_options -- decode_head.level_embed.weight:weight_decay=0.0
07/14 04:18:44 - mmengine - INFO - paramwise_options -- decode_head.level_embed.weight:lr_mult=1.0
07/14 04:18:44 - mmengine - INFO - paramwise_options -- decode_head.level_embed.weight:decay_mult=0.0
07/14 04:18:46 - mmengine - WARNING - The prefix is not set in metric class IoUMetric.
07/14 04:18:47 - mmengine - INFO - load model from: torchvision://resnet50
07/14 04:18:47 - mmengine - INFO - Loads checkpoint by torchvision backend from path: torchvision://resnet50
07/14 04:18:47 - mmengine - WARNING - The model and loaded state dict do not match exactly

unexpected key in source state_dict: fc.weight, fc.bias

07/14 04:18:47 - mmengine - WARNING - "FileClient" will be deprecated in future. Please use io functions in https://mmengine.readthedocs.io/en/latest/api/fileio.html#file-io
07/14 04:18:47 - mmengine - WARNING - "HardDiskBackend" is the alias of "LocalBackend" and the former will be deprecated in future.
07/14 04:18:47 - mmengine - INFO - Checkpoints will be saved to /home/01/raithan/mmsegmentation/work_dirs/mask2former_r50_8xb2-160k_ade20k-512x512.
/root/miniconda3/envs/mmseg/lib/python3.8/site-packages/mmdet/models/layers/positional_encoding.py:103: UserWarning: __floordiv__ is deprecated, and its behavior will change in a future version of pytorch. It currently rounds toward 0 (like the 'trunc' function NOT 'floor'). This results in incorrect rounding for negative values. To keep the current behavior, use torch.div(a, b, rounding_mode='trunc'), or for actual floor division, use torch.div(a, b, rounding_mode='floor').
  dim_t = self.temperature**(2 * (dim_t // 2) / self.num_feats)
/root/miniconda3/envs/mmseg/lib/python3.8/site-packages/torch/functional.py:568: UserWarning: torch.meshgrid: in an upcoming release, it will be required to pass the indexing argument. (Triggered internally at  /opt/conda/conda-bld/pytorch_1646755903507/work/aten/src/ATen/native/TensorShape.cpp:2228.)
  return _VF.meshgrid(tensors, **kwargs)  # type: ignore[attr-defined]
TCAPPDLL 2025-07-14 04:18:50.089503 - Epoch: 0 Iteration: 0  rank : 0  train.loss : 171.6870574951172  train.ips : 0.8702250148735656 imgs/s train.total_time : 2.2982561588287354 
TCAPPDLL 2025-07-14 04:18:50.346924 - Epoch: 0 Iteration: 1  rank : 0  train.loss : 180.6725311279297  train.ips : 7.775754160116276 imgs/s train.total_time : 0.25720977783203125 
TCAPPDLL 2025-07-14 04:18:50.598504 - Epoch: 0 Iteration: 2  rank : 0  train.loss : 146.9428253173828  train.ips : 7.955072461019366 imgs/s train.total_time : 0.25141191482543945 
TCAPPDLL 2025-07-14 04:18:50.858475 - Epoch: 0 Iteration: 3  rank : 0  train.loss : 126.24439239501953  train.ips : 7.69756665143415 imgs/s train.total_time : 0.25982236862182617 
TCAPPDLL 2025-07-14 04:18:51.102703 - Epoch: 0 Iteration: 4  rank : 0  train.loss : 118.58827209472656  train.ips : 8.194512770517521 imgs/s train.total_time : 0.2440657615661621 
TCAPPDLL 2025-07-14 04:18:51.423151 - Epoch: 0 Iteration: 5  rank : 0  train.loss : 140.9929962158203  train.ips : 6.244520621875826 imgs/s train.total_time : 0.3202807903289795 
TCAPPDLL 2025-07-14 04:18:51.673451 - Epoch: 0 Iteration: 6  rank : 0  train.loss : 130.20257568359375  train.ips : 7.995104925763759 imgs/s train.total_time : 0.2501530647277832 
TCAPPDLL 2025-07-14 04:18:51.928290 - Epoch: 0 Iteration: 7  rank : 0  train.loss : 129.93521118164062  train.ips : 7.852876885962736 imgs/s train.total_time : 0.2546837329864502 
TCAPPDLL 2025-07-14 04:18:52.171640 - Epoch: 0 Iteration: 8  rank : 0  train.loss : 127.42228698730469  train.ips : 8.223149998872683 imgs/s train.total_time : 0.24321579933166504 
TCAPPDLL 2025-07-14 04:18:52.417293 - Epoch: 0 Iteration: 9  rank : 0  train.loss : 119.95662689208984  train.ips : 8.146209393293168 imgs/s train.total_time : 0.2455129623413086 
TCAPPDLL 2025-07-14 04:18:52.661437 - Epoch: 0 Iteration: 10  rank : 0  train.loss : 130.28506469726562  train.ips : 8.196330287778993 imgs/s train.total_time : 0.24401164054870605 
TCAPPDLL 2025-07-14 04:18:52.915142 - Epoch: 0 Iteration: 11  rank : 0  train.loss : 113.78105163574219  train.ips : 7.8876403015289895 imgs/s train.total_time : 0.25356125831604004 
TCAPPDLL 2025-07-14 04:18:53.170476 - Epoch: 0 Iteration: 12  rank : 0  train.loss : 118.53074645996094  train.ips : 7.837461997417599 imgs/s train.total_time : 0.2551846504211426 
TCAPPDLL 2025-07-14 04:18:53.425821 - Epoch: 0 Iteration: 13  rank : 0  train.loss : 125.35649871826172  train.ips : 7.836744455447395 imgs/s train.total_time : 0.25520801544189453 
TCAPPDLL 2025-07-14 04:18:53.668896 - Epoch: 0 Iteration: 14  rank : 0  train.loss : 117.34296417236328  train.ips : 8.233076943461077 imgs/s train.total_time : 0.24292254447937012 
TCAPPDLL 2025-07-14 04:18:53.950912 - Epoch: 0 Iteration: 15  rank : 0  train.loss : 116.90376281738281  train.ips : 7.096540813995787 imgs/s train.total_time : 0.281827449798584 
TCAPPDLL 2025-07-14 04:18:54.244737 - Epoch: 0 Iteration: 16  rank : 0  train.loss : 122.75550842285156  train.ips : 6.810250681544 imgs/s train.total_time : 0.29367494583129883 
TCAPPDLL 2025-07-14 04:18:54.544005 - Epoch: 0 Iteration: 17  rank : 0  train.loss : 118.26371002197266  train.ips : 6.686472750692671 imgs/s train.total_time : 0.29911136627197266 
TCAPPDLL 2025-07-14 04:18:54.754044 - Epoch: 0 Iteration: 18  rank : 0  train.loss : 112.19546508789062  train.ips : 9.527831791665909 imgs/s train.total_time : 0.20991134643554688 
TCAPPDLL 2025-07-14 04:18:54.970756 - Epoch: 0 Iteration: 19  rank : 0  train.loss : 117.43753814697266  train.ips : 9.234222710490453 imgs/s train.total_time : 0.21658563613891602 
TCAPPDLL 2025-07-14 04:18:55.189546 - Epoch: 0 Iteration: 20  rank : 0  train.loss : 118.63947296142578  train.ips : 9.14697450961791 imgs/s train.total_time : 0.21865153312683105 
TCAPPDLL 2025-07-14 04:18:55.417128 - Epoch: 0 Iteration: 21  rank : 0  train.loss : 113.95171356201172  train.ips : 8.794094922795162 imgs/s train.total_time : 0.22742533683776855 
TCAPPDLL 2025-07-14 04:18:55.640262 - Epoch: 0 Iteration: 22  rank : 0  train.loss : 111.83147430419922  train.ips : 8.968492807978258 imgs/s train.total_time : 0.22300291061401367 
TCAPPDLL 2025-07-14 04:18:55.859762 - Epoch: 0 Iteration: 23  rank : 0  train.loss : 143.08477783203125  train.ips : 9.116952193811398 imgs/s train.total_time : 0.21937155723571777 
TCAPPDLL 2025-07-14 04:18:56.079472 - Epoch: 0 Iteration: 24  rank : 0  train.loss : 115.5833969116211  train.ips : 9.108300352340157 imgs/s train.total_time : 0.21957993507385254 
TCAPPDLL 2025-07-14 04:18:56.306111 - Epoch: 0 Iteration: 25  rank : 0  train.loss : 117.49285888671875  train.ips : 8.829546734367582 imgs/s train.total_time : 0.22651219367980957 
TCAPPDLL 2025-07-14 04:18:56.510602 - Epoch: 0 Iteration: 26  rank : 0  train.loss : 119.48516845703125  train.ips : 9.786410847802475 imgs/s train.total_time : 0.20436501502990723 
TCAPPDLL 2025-07-14 04:18:56.720560 - Epoch: 0 Iteration: 27  rank : 0  train.loss : 117.68316650390625  train.ips : 9.531772544848808 imgs/s train.total_time : 0.2098245620727539 
TCAPPDLL 2025-07-14 04:18:56.929276 - Epoch: 0 Iteration: 28  rank : 0  train.loss : 132.73501586914062  train.ips : 9.590871725099898 imgs/s train.total_time : 0.20853161811828613 
TCAPPDLL 2025-07-14 04:18:57.151116 - Epoch: 0 Iteration: 29  rank : 0  train.loss : 117.92808532714844  train.ips : 9.023928674391886 imgs/s train.total_time : 0.2216329574584961 
TCAPPDLL 2025-07-14 04:18:57.362845 - Epoch: 0 Iteration: 30  rank : 0  train.loss : 123.18801879882812  train.ips : 9.451686431368131 imgs/s train.total_time : 0.21160244941711426 
TCAPPDLL 2025-07-14 04:18:57.582451 - Epoch: 0 Iteration: 31  rank : 0  train.loss : 109.67155456542969  train.ips : 9.112396545187716 imgs/s train.total_time : 0.2194812297821045 
TCAPPDLL 2025-07-14 04:18:57.809874 - Epoch: 0 Iteration: 32  rank : 0  train.loss : 127.1561050415039  train.ips : 8.799076101037288 imgs/s train.total_time : 0.2272965908050537 
TCAPPDLL 2025-07-14 04:18:58.018721 - Epoch: 0 Iteration: 33  rank : 0  train.loss : 126.14002990722656  train.ips : 9.582227786446493 imgs/s train.total_time : 0.20871973037719727 
TCAPPDLL 2025-07-14 04:18:58.223943 - Epoch: 0 Iteration: 34  rank : 0  train.loss : 114.28419494628906  train.ips : 9.751610038268923 imgs/s train.total_time : 0.2050943374633789 
TCAPPDLL 2025-07-14 04:18:58.424973 - Epoch: 0 Iteration: 35  rank : 0  train.loss : 123.44575500488281  train.ips : 9.95517410797994 imgs/s train.total_time : 0.20090055465698242 
TCAPPDLL 2025-07-14 04:18:58.654267 - Epoch: 0 Iteration: 36  rank : 0  train.loss : 115.17063903808594  train.ips : 8.726951926177918 imgs/s train.total_time : 0.22917509078979492 
TCAPPDLL 2025-07-14 04:18:58.874401 - Epoch: 0 Iteration: 37  rank : 0  train.loss : 110.20124816894531  train.ips : 9.090789686147737 imgs/s train.total_time : 0.2200028896331787 
TCAPPDLL 2025-07-14 04:18:59.109868 - Epoch: 0 Iteration: 38  rank : 0  train.loss : 110.48754119873047  train.ips : 8.498527960642956 imgs/s train.total_time : 0.2353348731994629 
TCAPPDLL 2025-07-14 04:18:59.334980 - Epoch: 0 Iteration: 39  rank : 0  train.loss : 129.5309600830078  train.ips : 8.889617979718983 imgs/s train.total_time : 0.22498154640197754 
TCAPPDLL 2025-07-14 04:18:59.551304 - Epoch: 0 Iteration: 40  rank : 0  train.loss : 104.25354766845703  train.ips : 9.251892871992773 imgs/s train.total_time : 0.2161719799041748 
TCAPPDLL 2025-07-14 04:18:59.779078 - Epoch: 0 Iteration: 41  rank : 0  train.loss : 110.2488784790039  train.ips : 8.786587703439594 imgs/s train.total_time : 0.22761964797973633 
TCAPPDLL 2025-07-14 04:18:59.996721 - Epoch: 0 Iteration: 42  rank : 0  train.loss : 119.88911437988281  train.ips : 9.201475551713964 imgs/s train.total_time : 0.21735644340515137 
TCAPPDLL 2025-07-14 04:19:00.207422 - Epoch: 0 Iteration: 43  rank : 0  train.loss : 105.5524673461914  train.ips : 9.501112233664209 imgs/s train.total_time : 0.21050167083740234 
TCAPPDLL 2025-07-14 04:19:00.411943 - Epoch: 0 Iteration: 44  rank : 0  train.loss : 126.65625  train.ips : 9.785543222765954 imgs/s train.total_time : 0.20438313484191895 
TCAPPDLL 2025-07-14 04:19:00.614984 - Epoch: 0 Iteration: 45  rank : 0  train.loss : 106.26754760742188  train.ips : 9.85563967723592 imgs/s train.total_time : 0.20292949676513672 
TCAPPDLL 2025-07-14 04:19:00.842122 - Epoch: 0 Iteration: 46  rank : 0  train.loss : 114.78384399414062  train.ips : 8.809804765855555 imgs/s train.total_time : 0.2270197868347168 
TCAPPDLL 2025-07-14 04:19:01.043600 - Epoch: 0 Iteration: 47  rank : 0  train.loss : 113.99905395507812  train.ips : 9.932542229189707 imgs/s train.total_time : 0.20135831832885742 
TCAPPDLL 2025-07-14 04:19:01.253993 - Epoch: 0 Iteration: 48  rank : 0  train.loss : 115.17840576171875  train.ips : 9.511540467605506 imgs/s train.total_time : 0.21027088165283203 
TCAPPDLL 2025-07-14 04:19:01.465386 - Epoch: 0 Iteration: 49  rank : 0  train.loss : 122.1414794921875  train.ips : 9.466480390187533 imgs/s train.total_time : 0.2112717628479004 
07/14 04:19:01 - mmengine - INFO - Iter(train) [    50/160000]  base_lr: 9.9972e-05 lr: 9.9972e-06  eta: 12:08:35  time: 0.2128  data_time: 0.0101  memory: 10622  grad_norm: 103.2040  loss: 113.8971  decode.loss_cls: 4.6856  decode.loss_mask: 2.1238  decode.loss_dice: 4.4507  decode.d0.loss_cls: 10.2290  decode.d0.loss_mask: 1.6823  decode.d0.loss_dice: 4.0189  decode.d1.loss_cls: 4.6723  decode.d1.loss_mask: 1.7509  decode.d1.loss_dice: 4.0523  decode.d2.loss_cls: 4.5902  decode.d2.loss_mask: 1.7565  decode.d2.loss_dice: 4.1103  decode.d3.loss_cls: 4.5869  decode.d3.loss_mask: 1.6127  decode.d3.loss_dice: 4.1853  decode.d4.loss_cls: 4.6538  decode.d4.loss_mask: 1.6447  decode.d4.loss_dice: 4.3147  decode.d5.loss_cls: 4.6617  decode.d5.loss_mask: 1.9538  decode.d5.loss_dice: 4.3918  decode.d6.loss_cls: 4.6770  decode.d6.loss_mask: 2.1605  decode.d6.loss_dice: 4.4564  decode.d7.loss_cls: 4.6702  decode.d7.loss_mask: 2.1028  decode.d7.loss_dice: 4.4386  decode.d8.loss_cls: 4.6847  decode.d8.loss_mask: 2.1314  decode.d8.loss_dice: 4.4475
TCAPPDLL 2025-07-14 04:19:01.709659 - Epoch: 0 Iteration: 50  rank : 0  train.loss : 123.87320709228516  train.ips : 8.191480033005718 imgs/s train.total_time : 0.2441561222076416 
TCAPPDLL 2025-07-14 04:19:01.922062 - Epoch: 0 Iteration: 51  rank : 0  train.loss : 112.99166107177734  train.ips : 9.421178595214055 imgs/s train.total_time : 0.21228766441345215 
TCAPPDLL 2025-07-14 04:19:02.134213 - Epoch: 0 Iteration: 52  rank : 0  train.loss : 110.57831573486328  train.ips : 9.43231221074315 imgs/s train.total_time : 0.2120370864868164 
TCAPPDLL 2025-07-14 04:19:02.351862 - Epoch: 0 Iteration: 53  rank : 0  train.loss : 127.149658203125  train.ips : 9.194385561871275 imgs/s train.total_time : 0.21752405166625977 
TCAPPDLL 2025-07-14 04:19:02.569456 - Epoch: 0 Iteration: 54  rank : 0  train.loss : 114.79940795898438  train.ips : 9.1964519265872 imgs/s train.total_time : 0.21747517585754395 
TCAPPDLL 2025-07-14 04:19:02.770424 - Epoch: 0 Iteration: 55  rank : 0  train.loss : 110.41490173339844  train.ips : 9.95762026801008 imgs/s train.total_time : 0.2008512020111084 
TCAPPDLL 2025-07-14 04:19:02.972300 - Epoch: 0 Iteration: 56  rank : 0  train.loss : 112.04264831542969  train.ips : 9.912893863621324 imgs/s train.total_time : 0.20175743103027344 
TCAPPDLL 2025-07-14 04:19:03.195815 - Epoch: 0 Iteration: 57  rank : 0  train.loss : 129.39064025878906  train.ips : 8.95404712168744 imgs/s train.total_time : 0.22336268424987793 
TCAPPDLL 2025-07-14 04:19:03.406483 - Epoch: 0 Iteration: 58  rank : 0  train.loss : 125.6972885131836  train.ips : 9.500305215389197 imgs/s train.total_time : 0.21051955223083496 
TCAPPDLL 2025-07-14 04:19:03.613459 - Epoch: 0 Iteration: 59  rank : 0  train.loss : 109.71013641357422  train.ips : 9.668594559331684 imgs/s train.total_time : 0.20685529708862305 
TCAPPDLL 2025-07-14 04:19:03.811778 - Epoch: 0 Iteration: 60  rank : 0  train.loss : 118.08446502685547  train.ips : 10.09093938296718 imgs/s train.total_time : 0.198197603225708 
TCAPPDLL 2025-07-14 04:19:04.022393 - Epoch: 0 Iteration: 61  rank : 0  train.loss : 110.1189956665039  train.ips : 9.501531937354239 imgs/s train.total_time : 0.21049237251281738 
TCAPPDLL 2025-07-14 04:19:04.236691 - Epoch: 0 Iteration: 62  rank : 0  train.loss : 115.70686340332031  train.ips : 9.338085897929696 imgs/s train.total_time : 0.21417665481567383 
TCAPPDLL 2025-07-14 04:19:04.451168 - Epoch: 0 Iteration: 63  rank : 0  train.loss : 104.69892883300781  train.ips : 9.330213106731325 imgs/s train.total_time : 0.2143573760986328 
TCAPPDLL 2025-07-14 04:19:04.655575 - Epoch: 0 Iteration: 64  rank : 0  train.loss : 105.76408386230469  train.ips : 9.790122822824225 imgs/s train.total_time : 0.20428752899169922 
TCAPPDLL 2025-07-14 04:19:04.875898 - Epoch: 0 Iteration: 65  rank : 0  train.loss : 121.1804428100586  train.ips : 9.082511909917713 imgs/s train.total_time : 0.22020339965820312 
TCAPPDLL 2025-07-14 04:19:05.082134 - Epoch: 0 Iteration: 66  rank : 0  train.loss : 98.51815795898438  train.ips : 9.70316347858877 imgs/s train.total_time : 0.20611834526062012 
TCAPPDLL 2025-07-14 04:19:05.301550 - Epoch: 0 Iteration: 67  rank : 0  train.loss : 99.38819122314453  train.ips : 9.119925723871534 imgs/s train.total_time : 0.2193000316619873 
TCAPPDLL 2025-07-14 04:19:05.524411 - Epoch: 0 Iteration: 68  rank : 0  train.loss : 98.21559143066406  train.ips : 8.979167870866917 imgs/s train.total_time : 0.22273778915405273 
TCAPPDLL 2025-07-14 04:19:05.747581 - Epoch: 0 Iteration: 69  rank : 0  train.loss : 133.68353271484375  train.ips : 8.966815140718982 imgs/s train.total_time : 0.22304463386535645 
TCAPPDLL 2025-07-14 04:19:05.979723 - Epoch: 0 Iteration: 70  rank : 0  train.loss : 105.1346664428711  train.ips : 8.620986696401502 imgs/s train.total_time : 0.23199200630187988 
TCAPPDLL 2025-07-14 04:19:06.204574 - Epoch: 0 Iteration: 71  rank : 0  train.loss : 118.67261505126953  train.ips : 8.900587599922757 imgs/s train.total_time : 0.22470426559448242 
TCAPPDLL 2025-07-14 04:19:06.412571 - Epoch: 0 Iteration: 72  rank : 0  train.loss : 134.0619354248047  train.ips : 9.62271107231308 imgs/s train.total_time : 0.2078416347503662 
TCAPPDLL 2025-07-14 04:19:06.630222 - Epoch: 0 Iteration: 73  rank : 0  train.loss : 117.9130630493164  train.ips : 9.195363189424125 imgs/s train.total_time : 0.21750092506408691 
TCAPPDLL 2025-07-14 04:19:06.837040 - Epoch: 0 Iteration: 74  rank : 0  train.loss : 102.22824096679688  train.ips : 9.676234155276845 imgs/s train.total_time : 0.20669198036193848 
TCAPPDLL 2025-07-14 04:19:07.052120 - Epoch: 0 Iteration: 75  rank : 0  train.loss : 109.7089614868164  train.ips : 9.30395944175853 imgs/s train.total_time : 0.21496224403381348 
TCAPPDLL 2025-07-14 04:19:07.258452 - Epoch: 0 Iteration: 76  rank : 0  train.loss : 116.5957260131836  train.ips : 9.698631213963722 imgs/s train.total_time : 0.20621466636657715 
TCAPPDLL 2025-07-14 04:19:07.462657 - Epoch: 0 Iteration: 77  rank : 0  train.loss : 107.30696868896484  train.ips : 9.80016495982317 imgs/s train.total_time : 0.20407819747924805 
TCAPPDLL 2025-07-14 04:19:07.665800 - Epoch: 0 Iteration: 78  rank : 0  train.loss : 114.6192398071289  train.ips : 9.851310946751816 imgs/s train.total_time : 0.2030186653137207 
TCAPPDLL 2025-07-14 04:19:07.869777 - Epoch: 0 Iteration: 79  rank : 0  train.loss : 123.46638488769531  train.ips : 9.810491600053798 imgs/s train.total_time : 0.20386338233947754 
TCAPPDLL 2025-07-14 04:19:08.083354 - Epoch: 0 Iteration: 80  rank : 0  train.loss : 113.6747055053711  train.ips : 9.369385952077524 imgs/s train.total_time : 0.21346116065979004 
TCAPPDLL 2025-07-14 04:19:08.305365 - Epoch: 0 Iteration: 81  rank : 0  train.loss : 120.6100082397461  train.ips : 9.013350353018792 imgs/s train.total_time : 0.2218930721282959 
TCAPPDLL 2025-07-14 04:19:08.518353 - Epoch: 0 Iteration: 82  rank : 0  train.loss : 112.80852508544922  train.ips : 9.395242463238795 imgs/s train.total_time : 0.2128736972808838 
TCAPPDLL 2025-07-14 04:19:08.728382 - Epoch: 0 Iteration: 83  rank : 0  train.loss : 116.00167083740234  train.ips : 9.52790754465173 imgs/s train.total_time : 0.20990967750549316 
TCAPPDLL 2025-07-14 04:19:08.944583 - Epoch: 0 Iteration: 84  rank : 0  train.loss : 101.11772918701172  train.ips : 9.255618839137352 imgs/s train.total_time : 0.21608495712280273 
TCAPPDLL 2025-07-14 04:19:09.167235 - Epoch: 0 Iteration: 85  rank : 0  train.loss : 113.2702865600586  train.ips : 8.98788416455593 imgs/s train.total_time : 0.22252178192138672 
TCAPPDLL 2025-07-14 04:19:09.400061 - Epoch: 0 Iteration: 86  rank : 0  train.loss : 117.06327056884766  train.ips : 8.596224002098687 imgs/s train.total_time : 0.23266029357910156 
TCAPPDLL 2025-07-14 04:19:09.630921 - Epoch: 0 Iteration: 87  rank : 0  train.loss : 97.93685150146484  train.ips : 8.669750674885176 imgs/s train.total_time : 0.23068714141845703 
TCAPPDLL 2025-07-14 04:19:09.848143 - Epoch: 0 Iteration: 88  rank : 0  train.loss : 117.62604522705078  train.ips : 9.213147882930773 imgs/s train.total_time : 0.21708106994628906 
TCAPPDLL 2025-07-14 04:19:10.072810 - Epoch: 0 Iteration: 89  rank : 0  train.loss : 106.87788391113281  train.ips : 8.90760989025575 imgs/s train.total_time : 0.22452712059020996 
TCAPPDLL 2025-07-14 04:19:10.295597 - Epoch: 0 Iteration: 90  rank : 0  train.loss : 107.0969009399414  train.ips : 8.98301403895784 imgs/s train.total_time : 0.2226424217224121 
TCAPPDLL 2025-07-14 04:19:10.526156 - Epoch: 0 Iteration: 91  rank : 0  train.loss : 101.36912536621094  train.ips : 8.680938607611312 imgs/s train.total_time : 0.23038983345031738 
TCAPPDLL 2025-07-14 04:19:10.748559 - Epoch: 0 Iteration: 92  rank : 0  train.loss : 134.35874938964844  train.ips : 9.000555788028025 imgs/s train.total_time : 0.22220849990844727 
TCAPPDLL 2025-07-14 04:19:10.971242 - Epoch: 0 Iteration: 93  rank : 0  train.loss : 116.0287094116211  train.ips : 8.988201964874836 imgs/s train.total_time : 0.22251391410827637 
TCAPPDLL 2025-07-14 04:19:11.200426 - Epoch: 0 Iteration: 94  rank : 0  train.loss : 105.25171661376953  train.ips : 8.73222998202257 imgs/s train.total_time : 0.22903656959533691 
TCAPPDLL 2025-07-14 04:19:11.428960 - Epoch: 0 Iteration: 95  rank : 0  train.loss : 106.8271713256836  train.ips : 8.757335616116588 imgs/s train.total_time : 0.2283799648284912 
TCAPPDLL 2025-07-14 04:19:11.649272 - Epoch: 0 Iteration: 96  rank : 0  train.loss : 111.48904418945312  train.ips : 9.08368228474652 imgs/s train.total_time : 0.22017502784729004 
TCAPPDLL 2025-07-14 04:19:11.859175 - Epoch: 0 Iteration: 97  rank : 0  train.loss : 109.38599395751953  train.ips : 9.534166735807476 imgs/s train.total_time : 0.20977187156677246 
TCAPPDLL 2025-07-14 04:19:12.070104 - Epoch: 0 Iteration: 98  rank : 0  train.loss : 119.30526733398438  train.ips : 9.487014543891792 imgs/s train.total_time : 0.2108144760131836 
TCAPPDLL 2025-07-14 04:19:12.278236 - Epoch: 0 Iteration: 99  rank : 0  train.loss : 104.83621978759766  train.ips : 9.614461449239483 imgs/s train.total_time : 0.20801997184753418 
07/14 04:19:12 - mmengine - INFO - Iter(train) [   100/160000]  base_lr: 9.9944e-05 lr: 9.9944e-06  eta: 10:52:09  time: 0.2204  data_time: 0.0116  memory: 3400  grad_norm: 100.5309  loss: 111.5949  decode.loss_cls: 5.1325  decode.loss_mask: 1.7950  decode.loss_dice: 4.1867  decode.d0.loss_cls: 10.1322  decode.d0.loss_mask: 1.9345  decode.d0.loss_dice: 3.4462  decode.d1.loss_cls: 5.1569  decode.d1.loss_mask: 1.9433  decode.d1.loss_dice: 3.4201  decode.d2.loss_cls: 5.1166  decode.d2.loss_mask: 1.9509  decode.d2.loss_dice: 3.4577  decode.d3.loss_cls: 5.0578  decode.d3.loss_mask: 1.9694  decode.d3.loss_dice: 3.5157  decode.d4.loss_cls: 5.0160  decode.d4.loss_mask: 1.9400  decode.d4.loss_dice: 3.4835  decode.d5.loss_cls: 5.0654  decode.d5.loss_mask: 1.9707  decode.d5.loss_dice: 3.4573  decode.d6.loss_cls: 5.0803  decode.d6.loss_mask: 2.0056  decode.d6.loss_dice: 3.4897  decode.d7.loss_cls: 5.0690  decode.d7.loss_mask: 2.0384  decode.d7.loss_dice: 3.6759  decode.d8.loss_cls: 5.1641  decode.d8.loss_mask: 1.8884  decode.d8.loss_dice: 4.0350
