85.806346
/root/miniconda3/envs/pf/lib/python3.10/site-packages/torch/optim/lr_scheduler.py:182: UserWarning: Detected call of `lr_scheduler.step()` before `optimizer.step()`. In PyTorch 1.1.0 and later, you should call them in the opposite order: `optimizer.step()` before `lr_scheduler.step()`.  Failure to do this will result in PyTorch skipping the first value of the learning rate schedule. See more details at https://pytorch.org/docs/stable/optim.html#how-to-adjust-learning-rate
  warnings.warn(
/root/miniconda3/envs/pf/lib/python3.10/site-packages/torch/optim/lr_scheduler.py:332: UserWarning: To get the last learning rate computed by the scheduler, please use `get_last_lr()`.
  _warn_get_lr_called_within_step(self)
TCAPPDLL 2025-06-04 09:09:54.491994 - Epoch: 1 Iteration: 0  rank : 0  train.loss : 2.3025848865509033  train.ips : 80.16784523318177 imgs/s
TCAPPDLL 2025-06-04 09:09:54.717952 - Epoch: 1 Iteration: 1  rank : 0  train.loss : 2.302569627761841  train.ips : 284.26353382702246 imgs/s
TCAPPDLL 2025-06-04 09:09:54.938149 - Epoch: 1 Iteration: 2  rank : 0  train.loss : 2.302494764328003  train.ips : 291.4576996992432 imgs/s
TCAPPDLL 2025-06-04 09:09:55.158864 - Epoch: 1 Iteration: 3  rank : 0  train.loss : 2.3023521900177  train.ips : 290.51299073056964 imgs/s
TCAPPDLL 2025-06-04 09:09:55.380191 - Epoch: 1 Iteration: 4  rank : 0  train.loss : 2.3021023273468018  train.ips : 289.919975807192 imgs/s
TCAPPDLL 2025-06-04 09:09:55.601090 - Epoch: 1 Iteration: 5  rank : 0  train.loss : 2.301718235015869  train.ips : 290.51299073056964 imgs/s
TCAPPDLL 2025-06-04 09:09:55.822129 - Epoch: 1 Iteration: 6  rank : 0  train.loss : 2.3011372089385986  train.ips : 290.3806859608016 imgs/s
TCAPPDLL 2025-06-04 09:09:56.043031 - Epoch: 1 Iteration: 7  rank : 0  train.loss : 2.3005588054656982  train.ips : 290.5472650601366 imgs/s
TCAPPDLL 2025-06-04 09:09:56.264539 - Epoch: 1 Iteration: 8  rank : 0  train.loss : 2.2998764514923096  train.ips : 289.5884438834679 imgs/s
TCAPPDLL 2025-06-04 09:09:56.485243 - Epoch: 1 Iteration: 9  rank : 0  train.loss : 2.2984683513641357  train.ips : 290.525881960769 imgs/s
TCAPPDLL 2025-06-04 09:09:56.706470 - Epoch: 1 Iteration: 10  rank : 0  train.loss : 2.297513723373413  train.ips : 289.8567385489857 imgs/s
TCAPPDLL 2025-06-04 09:09:56.927407 - Epoch: 1 Iteration: 11  rank : 0  train.loss : 2.295809030532837  train.ips : 290.20551274400424 imgs/s
TCAPPDLL 2025-06-04 09:09:57.148257 - Epoch: 1 Iteration: 12  rank : 0  train.loss : 2.2942044734954834  train.ips : 290.6038825786281 imgs/s
TCAPPDLL 2025-06-04 09:09:57.368948 - Epoch: 1 Iteration: 13  rank : 0  train.loss : 2.2921555042266846  train.ips : 290.7335568783413 imgs/s
TCAPPDLL 2025-06-04 09:09:57.590465 - Epoch: 1 Iteration: 14  rank : 0  train.loss : 2.2895734310150146  train.ips : 289.488819917306 imgs/s
TCAPPDLL 2025-06-04 09:09:57.811822 - Epoch: 1 Iteration: 15  rank : 0  train.loss : 2.287590980529785  train.ips : 289.9879396507209 imgs/s
TCAPPDLL 2025-06-04 09:09:58.031783 - Epoch: 1 Iteration: 16  rank : 0  train.loss : 2.2845921516418457  train.ips : 291.87855802331677 imgs/s
TCAPPDLL 2025-06-04 09:09:58.252312 - Epoch: 1 Iteration: 17  rank : 0  train.loss : 2.2821052074432373  train.ips : 290.7883570028057 imgs/s
TCAPPDLL 2025-06-04 09:09:58.473293 - Epoch: 1 Iteration: 18  rank : 0  train.loss : 2.278714656829834  train.ips : 290.51739248542464 imgs/s
TCAPPDLL 2025-06-04 09:09:58.693711 - Epoch: 1 Iteration: 19  rank : 0  train.loss : 2.2735435962677  train.ips : 291.5482337812417 imgs/s
TCAPPDLL 2025-06-04 09:09:58.914297 - Epoch: 1 Iteration: 20  rank : 0  train.loss : 2.2713913917541504  train.ips : 290.84506853025624 imgs/s
TCAPPDLL 2025-06-04 09:09:59.134443 - Epoch: 1 Iteration: 21  rank : 0  train.loss : 2.2662453651428223  train.ips : 291.3106226430451 imgs/s
TCAPPDLL 2025-06-04 09:09:59.355765 - Epoch: 1 Iteration: 22  rank : 0  train.loss : 2.262965202331543  train.ips : 289.83952526151216 imgs/s
TCAPPDLL 2025-06-04 09:09:59.576197 - Epoch: 1 Iteration: 23  rank : 0  train.loss : 2.261171817779541  train.ips : 290.99356841727564 imgs/s
TCAPPDLL 2025-06-04 09:09:59.796580 - Epoch: 1 Iteration: 24  rank : 0  train.loss : 2.25520658493042  train.ips : 291.0942309360632 imgs/s
TCAPPDLL 2025-06-04 09:10:00.017767 - Epoch: 1 Iteration: 25  rank : 0  train.loss : 2.2508089542388916  train.ips : 289.9876263802031 imgs/s
TCAPPDLL 2025-06-04 09:10:00.238285 - Epoch: 1 Iteration: 26  rank : 0  train.loss : 2.2401530742645264  train.ips : 291.04341763876135 imgs/s
TCAPPDLL 2025-06-04 09:10:00.458619 - Epoch: 1 Iteration: 27  rank : 0  train.loss : 2.2464067935943604  train.ips : 291.06235219747987 imgs/s
TCAPPDLL 2025-06-04 09:10:00.679766 - Epoch: 1 Iteration: 28  rank : 0  train.loss : 2.234537363052368  train.ips : 289.9691446175916 imgs/s
TCAPPDLL 2025-06-04 09:10:00.900492 - Epoch: 1 Iteration: 29  rank : 0  train.loss : 2.240166187286377  train.ips : 290.54254792940014 imgs/s
TCAPPDLL 2025-06-04 09:10:01.121121 - Epoch: 1 Iteration: 30  rank : 0  train.loss : 2.220830202102661  train.ips : 290.6879058832702 imgs/s
TCAPPDLL 2025-06-04 09:10:01.341753 - Epoch: 1 Iteration: 31  rank : 0  train.loss : 2.2153186798095703  train.ips : 290.8696503957212 imgs/s
TCAPPDLL 2025-06-04 09:10:01.562795 - Epoch: 1 Iteration: 32  rank : 0  train.loss : 2.2135913372039795  train.ips : 290.1471686284683 imgs/s
TCAPPDLL 2025-06-04 09:10:01.783456 - Epoch: 1 Iteration: 33  rank : 0  train.loss : 2.1980292797088623  train.ips : 290.7697730367238 imgs/s
TCAPPDLL 2025-06-04 09:10:02.004437 - Epoch: 1 Iteration: 34  rank : 0  train.loss : 2.2025163173675537  train.ips : 290.1735146786353 imgs/s
TCAPPDLL 2025-06-04 09:10:02.226616 - Epoch: 1 Iteration: 35  rank : 0  train.loss : 2.1872811317443848  train.ips : 288.8132526685337 imgs/s
TCAPPDLL 2025-06-04 09:10:02.447696 - Epoch: 1 Iteration: 36  rank : 0  train.loss : 2.176133871078491  train.ips : 290.2937007882531 imgs/s
TCAPPDLL 2025-06-04 09:10:02.669333 - Epoch: 1 Iteration: 37  rank : 0  train.loss : 2.1813745498657227  train.ips : 289.50286930197393 imgs/s
TCAPPDLL 2025-06-04 09:10:02.890105 - Epoch: 1 Iteration: 38  rank : 0  train.loss : 2.1619932651519775  train.ips : 290.71592444983537 imgs/s
TCAPPDLL 2025-06-04 09:10:03.112469 - Epoch: 1 Iteration: 39  rank : 0  train.loss : 2.162149429321289  train.ips : 288.66386500402183 imgs/s
TCAPPDLL 2025-06-04 09:10:03.333808 - Epoch: 1 Iteration: 40  rank : 0  train.loss : 2.1457858085632324  train.ips : 290.1089126459539 imgs/s
TCAPPDLL 2025-06-04 09:10:03.556871 - Epoch: 1 Iteration: 41  rank : 0  train.loss : 2.1391024589538574  train.ips : 287.7707743270334 imgs/s
TCAPPDLL 2025-06-04 09:10:03.777305 - Epoch: 1 Iteration: 42  rank : 0  train.loss : 2.153042793273926  train.ips : 291.27932862689266 imgs/s
TCAPPDLL 2025-06-04 09:10:03.998065 - Epoch: 1 Iteration: 43  rank : 0  train.loss : 2.1279804706573486  train.ips : 290.66555786555784 imgs/s
TCAPPDLL 2025-06-04 09:10:04.219281 - Epoch: 1 Iteration: 44  rank : 0  train.loss : 2.120541572570801  train.ips : 289.8620594333103 imgs/s
TCAPPDLL 2025-06-04 09:10:04.440422 - Epoch: 1 Iteration: 45  rank : 0  train.loss : 2.111363649368286  train.ips : 290.2240246506473 imgs/s
TCAPPDLL 2025-06-04 09:10:04.661157 - Epoch: 1 Iteration: 46  rank : 0  train.loss : 2.120701789855957  train.ips : 290.77040296278 imgs/s
TCAPPDLL 2025-06-04 09:10:04.881736 - Epoch: 1 Iteration: 47  rank : 0  train.loss : 2.0876400470733643  train.ips : 290.981897332946 imgs/s
TCAPPDLL 2025-06-04 09:10:05.103188 - Epoch: 1 Iteration: 48  rank : 0  train.loss : 2.084760904312134  train.ips : 289.76631339420067 imgs/s
TCAPPDLL 2025-06-04 09:10:05.324538 - Epoch: 1 Iteration: 49  rank : 0  train.loss : 2.0879077911376953  train.ips : 289.8692585877543 imgs/s
TCAPPDLL 2025-06-04 09:10:05.545387 - Epoch: 1 Iteration: 50  rank : 0  train.loss : 2.041398286819458  train.ips : 290.465208833564 imgs/s
TCAPPDLL 2025-06-04 09:10:05.766380 - Epoch: 1 Iteration: 51  rank : 0  train.loss : 2.017432928085327  train.ips : 290.2569754114314 imgs/s
TCAPPDLL 2025-06-04 09:10:05.987541 - Epoch: 1 Iteration: 52  rank : 0  train.loss : 2.0632522106170654  train.ips : 290.12396297625276 imgs/s
TCAPPDLL 2025-06-04 09:10:06.208992 - Epoch: 1 Iteration: 53  rank : 0  train.loss : 2.056114912033081  train.ips : 289.58250824726474 imgs/s
TCAPPDLL 2025-06-04 09:10:06.430045 - Epoch: 1 Iteration: 54  rank : 0  train.loss : 2.0018558502197266  train.ips : 290.3486492567018 imgs/s
TCAPPDLL 2025-06-04 09:10:06.650665 - Epoch: 1 Iteration: 55  rank : 0  train.loss : 2.0228757858276367  train.ips : 291.0361600444086 imgs/s
TCAPPDLL 2025-06-04 09:10:06.871422 - Epoch: 1 Iteration: 56  rank : 0  train.loss : 1.9987609386444092  train.ips : 290.5287118961421 imgs/s
TCAPPDLL 2025-06-04 09:10:07.092160 - Epoch: 1 Iteration: 57  rank : 0  train.loss : 2.019397497177124  train.ips : 290.75811989696996 imgs/s
TCAPPDLL 2025-06-04 09:10:07.312767 - Epoch: 1 Iteration: 58  rank : 0  train.loss : 1.9547593593597412  train.ips : 291.1854869065195 imgs/s
TCAPPDLL 2025-06-04 09:10:07.533230 - Epoch: 1 Iteration: 59  rank : 0  train.loss : 1.967603325843811  train.ips : 291.1138035219684 imgs/s
TCAPPDLL 2025-06-04 09:10:07.755524 - Epoch: 1 Iteration: 60  rank : 0  train.loss : 1.932011365890503  train.ips : 288.7166454782663 imgs/s
TCAPPDLL 2025-06-04 09:10:07.976096 - Epoch: 1 Iteration: 61  rank : 0  train.loss : 1.9061840772628784  train.ips : 291.2050717664939 imgs/s
TCAPPDLL 2025-06-04 09:10:08.197164 - Epoch: 1 Iteration: 62  rank : 0  train.loss : 1.894281029701233  train.ips : 290.0643978933128 imgs/s
TCAPPDLL 2025-06-04 09:10:08.417939 - Epoch: 1 Iteration: 63  rank : 0  train.loss : 1.8607701063156128  train.ips : 290.50827471266854 imgs/s
TCAPPDLL 2025-06-04 09:10:08.638931 - Epoch: 1 Iteration: 64  rank : 0  train.loss : 1.898645043373108  train.ips : 290.2287314441405 imgs/s
TCAPPDLL 2025-06-04 09:10:08.859944 - Epoch: 1 Iteration: 65  rank : 0  train.loss : 1.8728272914886475  train.ips : 290.2783189438898 imgs/s
TCAPPDLL 2025-06-04 09:10:09.081212 - Epoch: 1 Iteration: 66  rank : 0  train.loss : 1.8298439979553223  train.ips : 289.85924247021615 imgs/s
TCAPPDLL 2025-06-04 09:10:09.302389 - Epoch: 1 Iteration: 67  rank : 0  train.loss : 1.7714482545852661  train.ips : 290.2742383200056 imgs/s
TCAPPDLL 2025-06-04 09:10:09.525940 - Epoch: 1 Iteration: 68  rank : 0  train.loss : 1.7771855592727661  train.ips : 287.1858180612168 imgs/s
TCAPPDLL 2025-06-04 09:10:09.746898 - Epoch: 1 Iteration: 69  rank : 0  train.loss : 1.8127756118774414  train.ips : 290.5482085046645 imgs/s
TCAPPDLL 2025-06-04 09:10:09.968853 - Epoch: 1 Iteration: 70  rank : 0  train.loss : 1.7522615194320679  train.ips : 288.9285824995264 imgs/s
TCAPPDLL 2025-06-04 09:10:10.190110 - Epoch: 1 Iteration: 71  rank : 0  train.loss : 1.7365245819091797  train.ips : 289.867067502894 imgs/s
TCAPPDLL 2025-06-04 09:10:10.411237 - Epoch: 1 Iteration: 72  rank : 0  train.loss : 1.7381527423858643  train.ips : 290.275807777153 imgs/s
TCAPPDLL 2025-06-04 09:10:10.632128 - Epoch: 1 Iteration: 73  rank : 0  train.loss : 1.785265326499939  train.ips : 290.28145796341033 imgs/s
TCAPPDLL 2025-06-04 09:10:10.853106 - Epoch: 1 Iteration: 74  rank : 0  train.loss : 1.6771692037582397  train.ips : 290.2893058092368 imgs/s
TCAPPDLL 2025-06-04 09:10:11.074480 - Epoch: 1 Iteration: 75  rank : 0  train.loss : 1.6691064834594727  train.ips : 290.0358780151806 imgs/s
TCAPPDLL 2025-06-04 09:10:11.295669 - Epoch: 1 Iteration: 76  rank : 0  train.loss : 1.6833633184432983  train.ips : 289.9052597246912 imgs/s
TCAPPDLL 2025-06-04 09:10:11.516891 - Epoch: 1 Iteration: 77  rank : 0  train.loss : 1.5875937938690186  train.ips : 289.96977107944383 imgs/s
TCAPPDLL 2025-06-04 09:10:11.738283 - Epoch: 1 Iteration: 78  rank : 0  train.loss : 1.6349393129348755  train.ips : 289.7691285513349 imgs/s
TCAPPDLL 2025-06-04 09:10:11.960831 - Epoch: 1 Iteration: 79  rank : 0  train.loss : 1.6449618339538574  train.ips : 288.21167661423925 imgs/s
TCAPPDLL 2025-06-04 09:10:12.182160 - Epoch: 1 Iteration: 80  rank : 0  train.loss : 1.5981132984161377  train.ips : 290.04089209289157 imgs/s
TCAPPDLL 2025-06-04 09:10:12.403640 - Epoch: 1 Iteration: 81  rank : 0  train.loss : 1.5439921617507935  train.ips : 289.54221483481336 imgs/s
TCAPPDLL 2025-06-04 09:10:12.625784 - Epoch: 1 Iteration: 82  rank : 0  train.loss : 1.6142263412475586  train.ips : 288.8542759097869 imgs/s
TCAPPDLL 2025-06-04 09:10:12.847356 - Epoch: 1 Iteration: 83  rank : 0  train.loss : 1.5959875583648682  train.ips : 289.6887616901603 imgs/s
TCAPPDLL 2025-06-04 09:10:13.068070 - Epoch: 1 Iteration: 84  rank : 0  train.loss : 1.566757082939148  train.ips : 290.51707806994 imgs/s
TCAPPDLL 2025-06-04 09:10:13.289886 - Epoch: 1 Iteration: 85  rank : 0  train.loss : 1.5293936729431152  train.ips : 289.10937855078834 imgs/s
TCAPPDLL 2025-06-04 09:10:13.511635 - Epoch: 1 Iteration: 86  rank : 0  train.loss : 1.5141043663024902  train.ips : 289.54034099550324 imgs/s
TCAPPDLL 2025-06-04 09:10:13.732535 - Epoch: 1 Iteration: 87  rank : 0  train.loss : 1.450423240661621  train.ips : 290.62087213721037 imgs/s
TCAPPDLL 2025-06-04 09:10:13.953687 - Epoch: 1 Iteration: 88  rank : 0  train.loss : 1.3737337589263916  train.ips : 290.14873671182977 imgs/s
TCAPPDLL 2025-06-04 09:10:14.175122 - Epoch: 1 Iteration: 89  rank : 0  train.loss : 1.39316987991333  train.ips : 289.5497104346016 imgs/s
TCAPPDLL 2025-06-04 09:10:14.397075 - Epoch: 1 Iteration: 90  rank : 0  train.loss : 1.4239567518234253  train.ips : 288.97368253910156 imgs/s
TCAPPDLL 2025-06-04 09:10:14.618869 - Epoch: 1 Iteration: 91  rank : 0  train.loss : 1.3829885721206665  train.ips : 289.3396683596478 imgs/s
TCAPPDLL 2025-06-04 09:10:14.840057 - Epoch: 1 Iteration: 92  rank : 0  train.loss : 1.360511064529419  train.ips : 289.90557281727456 imgs/s
TCAPPDLL 2025-06-04 09:10:15.061598 - Epoch: 1 Iteration: 93  rank : 0  train.loss : 1.3470349311828613  train.ips : 289.56532751402597 imgs/s
TCAPPDLL 2025-06-04 09:10:15.282906 - Epoch: 1 Iteration: 94  rank : 0  train.loss : 1.3346288204193115  train.ips : 290.00799037179644 imgs/s
TCAPPDLL 2025-06-04 09:10:15.504167 - Epoch: 1 Iteration: 95  rank : 0  train.loss : 1.238028645515442  train.ips : 290.0932368789053 imgs/s
TCAPPDLL 2025-06-04 09:10:15.725899 - Epoch: 1 Iteration: 96  rank : 0  train.loss : 1.3744256496429443  train.ips : 289.6209379932697 imgs/s
TCAPPDLL 2025-06-04 09:10:15.947416 - Epoch: 1 Iteration: 97  rank : 0  train.loss : 1.3220840692520142  train.ips : 289.78257950156205 imgs/s
TCAPPDLL 2025-06-04 09:10:16.169906 - Epoch: 1 Iteration: 98  rank : 0  train.loss : 1.3808475732803345  train.ips : 288.62010289603415 imgs/s
TCAPPDLL 2025-06-04 09:10:16.393065 - Epoch: 1 Iteration: 99  rank : 0  train.loss : 1.3350194692611694  train.ips : 287.3881282840784 imgs/s