TCAPPDLL {"timestamp": "1750124746.244309", "elapsedtime": "6e-06", "datetime": "2025-06-17 01:45:46.244309", "type": "METADATA", "metric": "train.loss", "metadata": {"unit": "", "GOAL": "MINIMIZE", "STAGE": "TRAIN"}}
TCAPPDLL {"timestamp": "1750124746.244383", "elapsedtime": "8e-05", "datetime": "2025-06-17 01:45:46.244383", "type": "METADATA", "metric": "train.loss_mean", "metadata": {"unit": "", "GOAL": "MINIMIZE", "STAGE": "TRAIN"}}
TCAPPDLL {"timestamp": "1750124746.244412", "elapsedtime": "0.000109", "datetime": "2025-06-17 01:45:46.244412", "type": "METADATA", "metric": "val.loss", "metadata": {"unit": "", "GOAL": "MINIMIZE", "STAGE": "VALID"}}
TCAPPDLL {"timestamp": "1750124746.24443", "elapsedtime": "0.000127", "datetime": "2025-06-17 01:45:46.244430", "type": "METADATA", "metric": "train.ips", "metadata": {"unit": "imgs/s", "format": ":.3f", "GOAL": "MAXIMIZE", "STAGE": "TRAIN"}}
TCAPPDLL {"timestamp": "1750124746.244446", "elapsedtime": "0.000143", "datetime": "2025-06-17 01:45:46.244446", "type": "METADATA", "metric": "val.ips", "metadata": {"unit": "imgs/s", "format": ":.3f", "GOAL": "MAXIMIZE", "STAGE": "VALID"}}
TCAPPDLL {"timestamp": "1750124746.24446", "elapsedtime": "0.000157", "datetime": "2025-06-17 01:45:46.244460", "type": "METADATA", "metric": "train.compute_time", "metadata": {"unit": "s", "GOAL": "MINIMIZE", "STAGE": "TRAIN"}}
TCAPPDLL {"timestamp": "1750124746.244473", "elapsedtime": "0.00017", "datetime": "2025-06-17 01:45:46.244473", "type": "METADATA", "metric": "train.fp_time", "metadata": {"unit": "s", "GOAL": "MINIMIZE", "STAGE": "TRAIN"}}
TCAPPDLL {"timestamp": "1750124746.244485", "elapsedtime": "0.000182", "datetime": "2025-06-17 01:45:46.244485", "type": "METADATA", "metric": "train.bp_time", "metadata": {"unit": "s", "GOAL": "MINIMIZE", "STAGE": "TRAIN"}}
TCAPPDLL {"timestamp": "1750124746.244496", "elapsedtime": "0.000193", "datetime": "2025-06-17 01:45:46.244496", "type": "METADATA", "metric": "train.grad_time", "metadata": {"unit": "s", "GOAL": "MINIMIZE", "STAGE": "TRAIN"}}
TCAPPDLL {"timestamp": "1750124753.785254", "datetime": "2025-06-17 01:45:53.785254", "elapsedtime": "7.540951", "type": "LOG", "step": [0, 0], "data": "{'rank': '-1', 'train.loss': '437.60540771484375', 'train.ips': '22369621.333333332'}"}
TCAPPDLL {"timestamp": "1750124754.447027", "datetime": "2025-06-17 01:45:54.447027", "elapsedtime": "8.202724", "type": "LOG", "step": [0, 1], "data": "{'rank': '-1', 'train.loss': '434.98431396484375', 'train.ips': '48.31660402897173'}"}
TCAPPDLL {"timestamp": "1750124755.08948", "datetime": "2025-06-17 01:45:55.089480", "elapsedtime": "8.845177", "type": "LOG", "step": [0, 2], "data": "{'rank': '-1', 'train.loss': '447.0185546875', 'train.ips': '49.81136825853955'}"}
TCAPPDLL {"timestamp": "1750124755.75238", "datetime": "2025-06-17 01:45:55.752380", "elapsedtime": "9.508077", "type": "LOG", "step": [0, 3], "data": "{'rank': '-1', 'train.loss': '434.93157958984375', 'train.ips': '48.26347369125094'}"}
TCAPPDLL {"timestamp": "1750124757.910816", "datetime": "2025-06-17 01:45:57.910816", "elapsedtime": "11.666513", "type": "LOG", "step": [1, 4], "data": "{'rank': '-1', 'train.loss': '442.5710754394531', 'train.ips': '14.82486962023303'}"}
TCAPPDLL {"timestamp": "1750124758.410529", "datetime": "2025-06-17 01:45:58.410529", "elapsedtime": "12.166226", "type": "LOG", "step": [1, 5], "data": "{'rank': '-1', 'train.loss': '439.11199951171875', 'train.ips': '64.03761975647926'}"}
TCAPPDLL {"timestamp": "1750124758.91065", "datetime": "2025-06-17 01:45:58.910650", "elapsedtime": "12.666347", "type": "LOG", "step": [1, 6], "data": "{'rank': '-1', 'train.loss': '443.6792907714844', 'train.ips': '64.01996472212232'}"}
TCAPPDLL {"timestamp": "1750124759.378776", "datetime": "2025-06-17 01:45:59.378776", "elapsedtime": "13.134473", "type": "LOG", "step": [1, 7], "data": "{'rank': '-1', 'train.loss': '435.5283508300781', 'train.ips': '68.32240658577656'}"}
TCAPPDLL {"timestamp": "1750124761.267119", "datetime": "2025-06-17 01:46:01.267119", "elapsedtime": "15.022816", "type": "LOG", "step": [2, 8], "data": "{'rank': '-1', 'train.loss': '431.2379150390625', 'train.ips': '16.94485355431958'}"}
TCAPPDLL {"timestamp": "1750124761.743193", "datetime": "2025-06-17 01:46:01.743193", "elapsedtime": "15.49889", "type": "LOG", "step": [2, 9], "data": "{'rank': '-1', 'train.loss': '455.7588806152344', 'train.ips': '67.25110007666214'}"}
TCAPPDLL {"timestamp": "1750124762.278722", "datetime": "2025-06-17 01:46:02.278722", "elapsedtime": "16.034419", "type": "LOG", "step": [2, 10], "data": "{'rank': '-1', 'train.loss': '448.4490966796875', 'train.ips': '59.736405865500465'}"}
TCAPPDLL {"timestamp": "1750124762.756961", "datetime": "2025-06-17 01:46:02.756961", "elapsedtime": "16.512658", "type": "LOG", "step": [2, 11], "data": "{'rank': '-1', 'train.loss': '426.2125244140625', 'train.ips': '66.90437079067829'}"}
TCAPPDLL {"timestamp": "1750124764.943401", "datetime": "2025-06-17 01:46:04.943401", "elapsedtime": "18.699098", "type": "LOG", "step": [3, 12], "data": "{'rank': '-1', 'train.loss': '440.35302734375', 'train.ips': '14.639892364101225'}"}
TCAPPDLL {"timestamp": "1750124765.573878", "datetime": "2025-06-17 01:46:05.573878", "elapsedtime": "19.329575", "type": "LOG", "step": [3, 13], "data": "{'rank': '-1', 'train.loss': '438.39605712890625', 'train.ips': '50.738552161377186'}"}
TCAPPDLL {"timestamp": "1750124766.154033", "datetime": "2025-06-17 01:46:06.154033", "elapsedtime": "19.90973", "type": "LOG", "step": [3, 14], "data": "{'rank': '-1', 'train.loss': '442.1375732421875', 'train.ips': '55.1526062533644'}"}
TCAPPDLL {"timestamp": "1750124766.762262", "datetime": "2025-06-17 01:46:06.762262", "elapsedtime": "20.517959", "type": "LOG", "step": [3, 15], "data": "{'rank': '-1', 'train.loss': '433.87335205078125', 'train.ips': '52.617070455222596'}"}
TCAPPDLL {"timestamp": "1750124769.268289", "datetime": "2025-06-17 01:46:09.268289", "elapsedtime": "23.023986", "type": "LOG", "step": [4, 16], "data": "{'rank': '-1', 'train.loss': '441.2132873535156', 'train.ips': '12.76767340077237'}"}
TCAPPDLL {"timestamp": "1750124769.93409", "datetime": "2025-06-17 01:46:09.934090", "elapsedtime": "23.689787", "type": "LOG", "step": [4, 17], "data": "{'rank': '-1', 'train.loss': '426.06243896484375', 'train.ips': '48.08880420517234'}"}
TCAPPDLL {"timestamp": "1750124770.463394", "datetime": "2025-06-17 01:46:10.463394", "elapsedtime": "24.219091", "type": "LOG", "step": [4, 18], "data": "{'rank': '-1', 'train.loss': '432.57391357421875', 'train.ips': '60.41677023638203'}"}
TCAPPDLL {"timestamp": "1750124771.023038", "datetime": "2025-06-17 01:46:11.023038", "elapsedtime": "24.778735", "type": "LOG", "step": [4, 19], "data": "{'rank': '-1', 'train.loss': '450.70440673828125', 'train.ips': '57.17760075795045'}"}
TCAPPDLL {"timestamp": "1750124773.124083", "datetime": "2025-06-17 01:46:13.124083", "elapsedtime": "26.87978", "type": "LOG", "step": [5, 20], "data": "{'rank': '-1', 'train.loss': '439.0940856933594', 'train.ips': '15.232957769081839'}"}
TCAPPDLL {"timestamp": "1750124773.604752", "datetime": "2025-06-17 01:46:13.604752", "elapsedtime": "27.360449", "type": "LOG", "step": [5, 21], "data": "{'rank': '-1', 'train.loss': '439.1644287109375', 'train.ips': '66.51607275956674'}"}
TCAPPDLL {"timestamp": "1750124774.067155", "datetime": "2025-06-17 01:46:14.067155", "elapsedtime": "27.822852", "type": "LOG", "step": [5, 22], "data": "{'rank': '-1', 'train.loss': '438.72625732421875', 'train.ips': '69.21797015975275'}"}
TCAPPDLL {"timestamp": "1750124774.566155", "datetime": "2025-06-17 01:46:14.566155", "elapsedtime": "28.321852", "type": "LOG", "step": [5, 23], "data": "{'rank': '-1', 'train.loss': '440.46337890625', 'train.ips': '64.11623856497958'}"}
TCAPPDLL {"timestamp": "1750124776.789103", "datetime": "2025-06-17 01:46:16.789103", "elapsedtime": "30.5448", "type": "LOG", "step": [6, 24], "data": "{'rank': '-1', 'train.loss': '440.57464599609375', 'train.ips': '14.396883818870792'}"}
TCAPPDLL {"timestamp": "1750124777.284381", "datetime": "2025-06-17 01:46:17.284381", "elapsedtime": "31.040078", "type": "LOG", "step": [6, 25], "data": "{'rank': '-1', 'train.loss': '438.12213134765625', 'train.ips': '64.57997669269092'}"}
TCAPPDLL {"timestamp": "1750124777.791684", "datetime": "2025-06-17 01:46:17.791684", "elapsedtime": "31.547381", "type": "LOG", "step": [6, 26], "data": "{'rank': '-1', 'train.loss': '433.4171142578125', 'train.ips': '63.213847938497565'}"}
TCAPPDLL {"timestamp": "1750124778.461946", "datetime": "2025-06-17 01:46:18.461946", "elapsedtime": "32.217643", "type": "LOG", "step": [6, 27], "data": "{'rank': '-1', 'train.loss': '436.1502990722656', 'train.ips': '47.74207602223733'}"}
TCAPPDLL {"timestamp": "1750124781.408337", "datetime": "2025-06-17 01:46:21.408337", "elapsedtime": "35.164034", "type": "LOG", "step": [7, 28], "data": "{'rank': '-1', 'train.loss': '426.21478271484375', 'train.ips': '10.856854935418738'}"}
TCAPPDLL {"timestamp": "1750124781.875354", "datetime": "2025-06-17 01:46:21.875354", "elapsedtime": "35.631051", "type": "LOG", "step": [7, 29], "data": "{'rank': '-1', 'train.loss': '438.2359924316406', 'train.ips': '68.61345412886482'}"}
TCAPPDLL {"timestamp": "1750124782.361305", "datetime": "2025-06-17 01:46:22.361305", "elapsedtime": "36.117002", "type": "LOG", "step": [7, 30], "data": "{'rank': '-1', 'train.loss': '450.77783203125', 'train.ips': '65.7640548425252'}"}
TCAPPDLL {"timestamp": "1750124782.814887", "datetime": "2025-06-17 01:46:22.814887", "elapsedtime": "36.570584", "type": "LOG", "step": [7, 31], "data": "{'rank': '-1', 'train.loss': '443.09814453125', 'train.ips': '70.75747310042333'}"}
TCAPPDLL {"timestamp": "1750124785.612541", "datetime": "2025-06-17 01:46:25.612541", "elapsedtime": "39.368238", "type": "LOG", "step": [8, 32], "data": "{'rank': '-1', 'train.loss': '448.958984375', 'train.ips': '11.433084868368654'}"}
TCAPPDLL {"timestamp": "1750124786.071149", "datetime": "2025-06-17 01:46:26.071149", "elapsedtime": "39.826846", "type": "LOG", "step": [8, 33], "data": "{'rank': '-1', 'train.loss': '436.1495361328125', 'train.ips': '69.76702243841483'}"}
TCAPPDLL {"timestamp": "1750124786.568735", "datetime": "2025-06-17 01:46:26.568735", "elapsedtime": "40.324432", "type": "LOG", "step": [8, 34], "data": "{'rank': '-1', 'train.loss': '431.7160339355469', 'train.ips': '64.3115988521273'}"}
TCAPPDLL {"timestamp": "1750124787.068411", "datetime": "2025-06-17 01:46:27.068411", "elapsedtime": "40.824108", "type": "LOG", "step": [8, 35], "data": "{'rank': '-1', 'train.loss': '428.72900390625', 'train.ips': '64.0376503099595'}"}
TCAPPDLL {"timestamp": "1750124789.031146", "datetime": "2025-06-17 01:46:29.031146", "elapsedtime": "42.786843", "type": "LOG", "step": [9, 36], "data": "{'rank': '-1', 'train.loss': '445.6903991699219', 'train.ips': '16.303186584759846'}"}
TCAPPDLL {"timestamp": "1750124789.55165", "datetime": "2025-06-17 01:46:29.551650", "elapsedtime": "43.307347", "type": "LOG", "step": [9, 37], "data": "{'rank': '-1', 'train.loss': '438.77838134765625', 'train.ips': '61.541482972180226'}"}
TCAPPDLL {"timestamp": "1750124790.008058", "datetime": "2025-06-17 01:46:30.008058", "elapsedtime": "43.763755", "type": "LOG", "step": [9, 38], "data": "{'rank': '-1', 'train.loss': '427.18280029296875', 'train.ips': '70.0376274678219'}"}
TCAPPDLL {"timestamp": "1750124790.484712", "datetime": "2025-06-17 01:46:30.484712", "elapsedtime": "44.240409", "type": "LOG", "step": [9, 39], "data": "{'rank': '-1', 'train.loss': '445.6944580078125', 'train.ips': '67.12990922654252'}"}
TCAPPDLL {"timestamp": "1750124792.922765", "datetime": "2025-06-17 01:46:32.922765", "elapsedtime": "46.678462", "type": "LOG", "step": [10, 40], "data": "{'rank': '-1', 'train.loss': '433.355712890625', 'train.ips': '13.131174652470957'}"}
TCAPPDLL {"timestamp": "1750124793.477249", "datetime": "2025-06-17 01:46:33.477249", "elapsedtime": "47.232946", "type": "LOG", "step": [10, 41], "data": "{'rank': '-1', 'train.loss': '427.123779296875', 'train.ips': '57.59735241662361'}"}
TCAPPDLL {"timestamp": "1750124793.938631", "datetime": "2025-06-17 01:46:33.938631", "elapsedtime": "47.694328", "type": "LOG", "step": [10, 42], "data": "{'rank': '-1', 'train.loss': '440.51629638671875', 'train.ips': '69.3564642590096'}"}
TCAPPDLL {"timestamp": "1750124794.413053", "datetime": "2025-06-17 01:46:34.413053", "elapsedtime": "48.16875", "type": "LOG", "step": [10, 43], "data": "{'rank': '-1', 'train.loss': '449.10858154296875', 'train.ips': '67.45382285005518'}"}
TCAPPDLL {"timestamp": "1750124796.635552", "datetime": "2025-06-17 01:46:36.635552", "elapsedtime": "50.391249", "type": "LOG", "step": [11, 44], "data": "{'rank': '-1', 'train.loss': '438.27008056640625', 'train.ips': '14.401403811919332'}"}
TCAPPDLL {"timestamp": "1750124797.127883", "datetime": "2025-06-17 01:46:37.127883", "elapsedtime": "50.88358", "type": "LOG", "step": [11, 45], "data": "{'rank': '-1', 'train.loss': '439.83233642578125', 'train.ips': '64.93930670238018'}"}
TCAPPDLL {"timestamp": "1750124797.615237", "datetime": "2025-06-17 01:46:37.615237", "elapsedtime": "51.370934", "type": "LOG", "step": [11, 46], "data": "{'rank': '-1', 'train.loss': '432.8251037597656', 'train.ips': '65.65336179567088'}"}
TCAPPDLL {"timestamp": "1750124798.067191", "datetime": "2025-06-17 01:46:38.067191", "elapsedtime": "51.822888", "type": "LOG", "step": [11, 47], "data": "{'rank': '-1', 'train.loss': '435.80517578125', 'train.ips': '70.8087635109755'}"}
TCAPPDLL {"timestamp": "1750124800.13243", "datetime": "2025-06-17 01:46:40.132430", "elapsedtime": "53.888127", "type": "LOG", "step": [12, 48], "data": "{'rank': '-1', 'train.loss': '426.73699951171875', 'train.ips': '15.495208318373159'}"}
TCAPPDLL {"timestamp": "1750124800.585868", "datetime": "2025-06-17 01:46:40.585868", "elapsedtime": "54.341565", "type": "LOG", "step": [12, 49], "data": "{'rank': '-1', 'train.loss': '428.9337158203125', 'train.ips': '70.55175433570525'}"}
TCAPPDLL {"timestamp": "1750124801.070845", "datetime": "2025-06-17 01:46:41.070845", "elapsedtime": "54.826542", "type": "LOG", "step": [12, 50], "data": "{'rank': '-1', 'train.loss': '441.9993591308594', 'train.ips': '66.0044121711403'}"}
TCAPPDLL {"timestamp": "1750124801.538317", "datetime": "2025-06-17 01:46:41.538317", "elapsedtime": "55.294014", "type": "LOG", "step": [12, 51], "data": "{'rank': '-1', 'train.loss': '439.617919921875', 'train.ips': '68.45454341444108'}"}
TCAPPDLL {"timestamp": "1750124803.39389", "datetime": "2025-06-17 01:46:43.393890", "elapsedtime": "57.149587", "type": "LOG", "step": [13, 52], "data": "{'rank': '-1', 'train.loss': '436.5359191894531', 'train.ips': '17.24618282650987'}"}
TCAPPDLL {"timestamp": "1750124803.816265", "datetime": "2025-06-17 01:46:43.816265", "elapsedtime": "57.571962", "type": "LOG", "step": [13, 53], "data": "{'rank': '-1', 'train.loss': '433.1309509277344', 'train.ips': '75.72598937155166'}"}
TCAPPDLL {"timestamp": "1750124804.258987", "datetime": "2025-06-17 01:46:44.258987", "elapsedtime": "58.014684", "type": "LOG", "step": [13, 54], "data": "{'rank': '-1', 'train.loss': '431.0152587890625', 'train.ips': '72.36767845820052'}"}
TCAPPDLL {"timestamp": "1750124804.714492", "datetime": "2025-06-17 01:46:44.714492", "elapsedtime": "58.470189", "type": "LOG", "step": [13, 55], "data": "{'rank': '-1', 'train.loss': '430.6222839355469', 'train.ips': '70.16720696644286'}"}
TCAPPDLL {"timestamp": "1750124806.555776", "datetime": "2025-06-17 01:46:46.555776", "elapsedtime": "60.311473", "type": "LOG", "step": [14, 56], "data": "{'rank': '-1', 'train.loss': '430.17193603515625', 'train.ips': '17.383439552151913'}"}
TCAPPDLL {"timestamp": "1750124807.086787", "datetime": "2025-06-17 01:46:47.086787", "elapsedtime": "60.842484", "type": "LOG", "step": [14, 57], "data": "{'rank': '-1', 'train.loss': '431.13714599609375', 'train.ips': '60.213135317203246'}"}
TCAPPDLL {"timestamp": "1750124807.559553", "datetime": "2025-06-17 01:46:47.559553", "elapsedtime": "61.31525", "type": "LOG", "step": [14, 58], "data": "{'rank': '-1', 'train.loss': '440.6893005371094', 'train.ips': '67.71785063072208'}"}
TCAPPDLL {"timestamp": "1750124808.103517", "datetime": "2025-06-17 01:46:48.103517", "elapsedtime": "61.859214", "type": "LOG", "step": [14, 59], "data": "{'rank': '-1', 'train.loss': '434.8319091796875', 'train.ips': '58.92296203746426'}"}
TCAPPDLL {"timestamp": "1750124810.181763", "datetime": "2025-06-17 01:46:50.181763", "elapsedtime": "63.93746", "type": "LOG", "step": [15, 60], "data": "{'rank': '-1', 'train.loss': '436.95574951171875', 'train.ips': '15.391946579798136'}"}
TCAPPDLL {"timestamp": "1750124810.634766", "datetime": "2025-06-17 01:46:50.634766", "elapsedtime": "64.390463", "type": "LOG", "step": [15, 61], "data": "{'rank': '-1', 'train.loss': '434.7265930175781', 'train.ips': '70.58878522859173'}"}
TCAPPDLL {"timestamp": "1750124811.056492", "datetime": "2025-06-17 01:46:51.056492", "elapsedtime": "64.812189", "type": "LOG", "step": [15, 62], "data": "{'rank': '-1', 'train.loss': '434.12615966796875', 'train.ips': '75.88903570893444'}"}
TCAPPDLL {"timestamp": "1750124811.538808", "datetime": "2025-06-17 01:46:51.538808", "elapsedtime": "65.294505", "type": "LOG", "step": [15, 63], "data": "{'rank': '-1', 'train.loss': '435.1573181152344', 'train.ips': '66.33788509937506'}"}
TCAPPDLL {"timestamp": "1750124813.618868", "datetime": "2025-06-17 01:46:53.618868", "elapsedtime": "67.374565", "type": "LOG", "step": [16, 64], "data": "{'rank': '-1', 'train.loss': '432.40753173828125', 'train.ips': '15.386310812178708'}"}
TCAPPDLL {"timestamp": "1750124814.058495", "datetime": "2025-06-17 01:46:54.058495", "elapsedtime": "67.814192", "type": "LOG", "step": [16, 65], "data": "{'rank': '-1', 'train.loss': '436.13446044921875', 'train.ips': '72.743108744713'}"}
TCAPPDLL {"timestamp": "1750124814.47229", "datetime": "2025-06-17 01:46:54.472290", "elapsedtime": "68.227987", "type": "LOG", "step": [16, 66], "data": "{'rank': '-1', 'train.loss': '429.3995361328125', 'train.ips': '77.36137341529559'}"}
TCAPPDLL {"timestamp": "1750124814.937345", "datetime": "2025-06-17 01:46:54.937345", "elapsedtime": "68.693042", "type": "LOG", "step": [16, 67], "data": "{'rank': '-1', 'train.loss': '432.4111328125', 'train.ips': '68.77285767794676'}"}
TCAPPDLL {"timestamp": "1750124817.495384", "datetime": "2025-06-17 01:46:57.495384", "elapsedtime": "71.251081", "type": "LOG", "step": [17, 68], "data": "{'rank': '-1', 'train.loss': '430.66363525390625', 'train.ips': '12.510991393071485'}"}
TCAPPDLL {"timestamp": "1750124817.947614", "datetime": "2025-06-17 01:46:57.947614", "elapsedtime": "71.703311", "type": "LOG", "step": [17, 69], "data": "{'rank': '-1', 'train.loss': '444.74920654296875', 'train.ips': '70.80316050570623'}"}
TCAPPDLL {"timestamp": "1750124818.428153", "datetime": "2025-06-17 01:46:58.428153", "elapsedtime": "72.18385", "type": "LOG", "step": [17, 70], "data": "{'rank': '-1', 'train.loss': '432.9578857421875', 'train.ips': '66.55136323022045'}"}
TCAPPDLL {"timestamp": "1750124818.865171", "datetime": "2025-06-17 01:46:58.865171", "elapsedtime": "72.620868", "type": "LOG", "step": [17, 71], "data": "{'rank': '-1', 'train.loss': '423.5887756347656', 'train.ips': '73.19020122465606'}"}
TCAPPDLL {"timestamp": "1750124821.000086", "datetime": "2025-06-17 01:47:01.000086", "elapsedtime": "74.755783", "type": "LOG", "step": [18, 72], "data": "{'rank': '-1', 'train.loss': '434.02105712890625', 'train.ips': '14.99025739630167'}"}
TCAPPDLL {"timestamp": "1750124821.467508", "datetime": "2025-06-17 01:47:01.467508", "elapsedtime": "75.223205", "type": "LOG", "step": [18, 73], "data": "{'rank': '-1', 'train.loss': '428.1202087402344', 'train.ips': '68.43642804951858'}"}
TCAPPDLL {"timestamp": "1750124821.926378", "datetime": "2025-06-17 01:47:01.926378", "elapsedtime": "75.682075", "type": "LOG", "step": [18, 74], "data": "{'rank': '-1', 'train.loss': '431.1012268066406', 'train.ips': '69.75788479619304'}"}
TCAPPDLL {"timestamp": "1750124822.418774", "datetime": "2025-06-17 01:47:02.418774", "elapsedtime": "76.174471", "type": "LOG", "step": [18, 75], "data": "{'rank': '-1', 'train.loss': '429.0912170410156', 'train.ips': '64.98137382109728'}"}
TCAPPDLL {"timestamp": "1750124824.202909", "datetime": "2025-06-17 01:47:04.202909", "elapsedtime": "77.958606", "type": "LOG", "step": [19, 76], "data": "{'rank': '-1', 'train.loss': '432.0057373046875', 'train.ips': '17.93569366353635'}"}
TCAPPDLL {"timestamp": "1750124824.640857", "datetime": "2025-06-17 01:47:04.640857", "elapsedtime": "78.396554", "type": "LOG", "step": [19, 77], "data": "{'rank': '-1', 'train.loss': '416.7781982421875', 'train.ips': '73.04449629084196'}"}
TCAPPDLL {"timestamp": "1750124825.129436", "datetime": "2025-06-17 01:47:05.129436", "elapsedtime": "78.885133", "type": "LOG", "step": [19, 78], "data": "{'rank': '-1', 'train.loss': '436.92193603515625', 'train.ips': '65.53331211024548'}"}
TCAPPDLL {"timestamp": "1750124825.575753", "datetime": "2025-06-17 01:47:05.575753", "elapsedtime": "79.33145", "type": "LOG", "step": [19, 79], "data": "{'rank': '-1', 'train.loss': '432.5289306640625', 'train.ips': '71.66829331848184'}"}
TCAPPDLL {"timestamp": "1750124827.491218", "datetime": "2025-06-17 01:47:07.491218", "elapsedtime": "81.246915", "type": "LOG", "step": [20, 80], "data": "{'rank': '-1', 'train.loss': '428.5550537109375', 'train.ips': '16.708188208938296'}"}
TCAPPDLL {"timestamp": "1750124827.97003", "datetime": "2025-06-17 01:47:07.970030", "elapsedtime": "81.725727", "type": "LOG", "step": [20, 81], "data": "{'rank': '-1', 'train.loss': '435.2190246582031', 'train.ips': '66.78847966305632'}"}
TCAPPDLL {"timestamp": "1750124828.384029", "datetime": "2025-06-17 01:47:08.384029", "elapsedtime": "82.139726", "type": "LOG", "step": [20, 82], "data": "{'rank': '-1', 'train.loss': '428.95513916015625', 'train.ips': '77.315027491597'}"}
TCAPPDLL {"timestamp": "1750124828.848058", "datetime": "2025-06-17 01:47:08.848058", "elapsedtime": "82.603755", "type": "LOG", "step": [20, 83], "data": "{'rank': '-1', 'train.loss': '433.41827392578125', 'train.ips': '68.93980172408922'}"}
TCAPPDLL {"timestamp": "1750124830.939707", "datetime": "2025-06-17 01:47:10.939707", "elapsedtime": "84.695404", "type": "LOG", "step": [21, 84], "data": "{'rank': '-1', 'train.loss': '435.99664306640625', 'train.ips': '15.30000963248919'}"}
TCAPPDLL {"timestamp": "1750124831.399215", "datetime": "2025-06-17 01:47:11.399215", "elapsedtime": "85.154912", "type": "LOG", "step": [21, 85], "data": "{'rank': '-1', 'train.loss': '430.2137451171875', 'train.ips': '69.62298479234394'}"}
TCAPPDLL {"timestamp": "1750124831.881726", "datetime": "2025-06-17 01:47:11.881726", "elapsedtime": "85.637423", "type": "LOG", "step": [21, 86], "data": "{'rank': '-1', 'train.loss': '430.2199401855469', 'train.ips': '66.38188281040189'}"}
TCAPPDLL {"timestamp": "1750124832.378653", "datetime": "2025-06-17 01:47:12.378653", "elapsedtime": "86.13435", "type": "LOG", "step": [21, 87], "data": "{'rank': '-1', 'train.loss': '432.6723937988281', 'train.ips': '64.33431787308736'}"}
TCAPPDLL {"timestamp": "1750124834.628116", "datetime": "2025-06-17 01:47:14.628116", "elapsedtime": "88.383813", "type": "LOG", "step": [22, 88], "data": "{'rank': '-1', 'train.loss': '429.9710693359375', 'train.ips': '14.234574098299978'}"}
TCAPPDLL {"timestamp": "1750124835.378373", "datetime": "2025-06-17 01:47:15.378373", "elapsedtime": "89.13407", "type": "LOG", "step": [22, 89], "data": "{'rank': '-1', 'train.loss': '435.28106689453125', 'train.ips': '42.606232639936'}"}
TCAPPDLL {"timestamp": "1750124836.088665", "datetime": "2025-06-17 01:47:16.088665", "elapsedtime": "89.844362", "type": "LOG", "step": [22, 90], "data": "{'rank': '-1', 'train.loss': '436.45257568359375', 'train.ips': '45.03542564935392'}"}
TCAPPDLL {"timestamp": "1750124836.563844", "datetime": "2025-06-17 01:47:16.563844", "elapsedtime": "90.319541", "type": "LOG", "step": [22, 91], "data": "{'rank': '-1', 'train.loss': '433.25054931640625', 'train.ips': '67.33875852159272'}"}
TCAPPDLL {"timestamp": "1750124838.82382", "datetime": "2025-06-17 01:47:18.823820", "elapsedtime": "92.579517", "type": "LOG", "step": [23, 92], "data": "{'rank': '-1', 'train.loss': '419.5660400390625', 'train.ips': '14.158079287219042'}"}
TCAPPDLL {"timestamp": "1750124839.268946", "datetime": "2025-06-17 01:47:19.268946", "elapsedtime": "93.024643", "type": "LOG", "step": [23, 93], "data": "{'rank': '-1', 'train.loss': '436.175048828125', 'train.ips': '71.87103904727226'}"}
TCAPPDLL {"timestamp": "1750124839.689626", "datetime": "2025-06-17 01:47:19.689626", "elapsedtime": "93.445323", "type": "LOG", "step": [23, 94], "data": "{'rank': '-1', 'train.loss': '431.1709289550781', 'train.ips': '76.10336897207114'}"}
TCAPPDLL {"timestamp": "1750124840.149519", "datetime": "2025-06-17 01:47:20.149519", "elapsedtime": "93.905216", "type": "LOG", "step": [23, 95], "data": "{'rank': '-1', 'train.loss': '427.7444152832031', 'train.ips': '69.56095730599358'}"}
TCAPPDLL {"timestamp": "1750124842.00974", "datetime": "2025-06-17 01:47:22.009740", "elapsedtime": "95.765437", "type": "LOG", "step": [24, 96], "data": "{'rank': '-1', 'train.loss': '435.3097839355469', 'train.ips': '17.208929972880924'}"}
TCAPPDLL {"timestamp": "1750124842.479181", "datetime": "2025-06-17 01:47:22.479181", "elapsedtime": "96.234878", "type": "LOG", "step": [24, 97], "data": "{'rank': '-1', 'train.loss': '429.9490966796875', 'train.ips': '68.0642132978486'}"}
TCAPPDLL {"timestamp": "1750124842.917139", "datetime": "2025-06-17 01:47:22.917139", "elapsedtime": "96.672836", "type": "LOG", "step": [24, 98], "data": "{'rank': '-1', 'train.loss': '444.7644958496094', 'train.ips': '73.09891831158356'}"}
TCAPPDLL {"timestamp": "1750124843.418402", "datetime": "2025-06-17 01:47:23.418402", "elapsedtime": "97.174099", "type": "LOG", "step": [24, 99], "data": "{'rank': '-1', 'train.loss': '424.4293518066406', 'train.ips': '63.802430637093885'}"}
