/root/miniconda3/envs/wyc_mmlab2/lib/python3.9/site-packages/torch/distributed/launch.py:181: FutureWarning: The module torch.distributed.launch is deprecated
and will be removed in future. Use torchrun.
Note that --use-env is set by default in torchrun.
If your script expects `--local-rank` argument to be set, please
change it to read from `os.environ['LOCAL_RANK']` instead. See 
https://pytorch.org/docs/stable/distributed.html#launch-utility for 
further instructions

  warnings.warn(
/root/miniconda3/envs/wyc_mmlab2/lib/python3.9/site-packages/torch/utils/cpp_extension.py:28: UserWarning: pkg_resources is deprecated as an API. See https://setuptools.pypa.io/en/latest/pkg_resources.html. The pkg_resources package is slated for removal as early as 2025-11-30. Refrain from using this package or pin to Setuptools<81.
  from pkg_resources import packaging  # type: ignore[attr-defined]
06/22 02:15:07 - mmengine - INFO - 
------------------------------------------------------------
System environment:
    sys.platform: linux
    Python: 3.9.23 (main, Jun  5 2025, 13:40:20) [GCC 11.2.0]
    CUDA available: True
    MUSA available: False
    numpy_random_seed: 1450137221
    GPU 0: NVIDIA GeForce RTX 4090
    CUDA_HOME: /usr/local/cuda
    NVCC: Cuda compilation tools, release 12.9, V12.9.86
    GCC: gcc (Ubuntu 11.4.0-1ubuntu1~22.04) 11.4.0
    PyTorch: 2.1.0+cu121
    PyTorch compiling details: PyTorch built with:
  - GCC 9.3
  - C++ Version: 201703
  - Intel(R) oneAPI Math Kernel Library Version 2023.1-Product Build 20230303 for Intel(R) 64 architecture applications
  - Intel(R) MKL-DNN v3.1.1 (Git Hash 64f6bcbcbab628e96f33a62c3e975f8535a7bde4)
  - OpenMP 201511 (a.k.a. OpenMP 4.5)
  - LAPACK is enabled (usually provided by MKL)
  - NNPACK is enabled
  - CPU capability usage: AVX512
  - CUDA Runtime 12.1
  - NVCC architecture flags: -gencode;arch=compute_50,code=sm_50;-gencode;arch=compute_60,code=sm_60;-gencode;arch=compute_70,code=sm_70;-gencode;arch=compute_75,code=sm_75;-gencode;arch=compute_80,code=sm_80;-gencode;arch=compute_86,code=sm_86;-gencode;arch=compute_90,code=sm_90
  - CuDNN 8.9.2
  - Magma 2.6.1
  - Build settings: BLAS_INFO=mkl, BUILD_TYPE=Release, CUDA_VERSION=12.1, CUDNN_VERSION=8.9.2, CXX_COMPILER=/opt/rh/devtoolset-9/root/usr/bin/c++, CXX_FLAGS= -D_GLIBCXX_USE_CXX11_ABI=0 -fabi-version=11 -fvisibility-inlines-hidden -DUSE_PTHREADPOOL -DNDEBUG -DUSE_KINETO -DLIBKINETO_NOROCTRACER -DUSE_FBGEMM -DUSE_QNNPACK -DUSE_PYTORCH_QNNPACK -DUSE_XNNPACK -DSYMBOLICATE_MOBILE_DEBUG_HANDLE -O2 -fPIC -Wall -Wextra -Werror=return-type -Werror=non-virtual-dtor -Werror=bool-operation -Wnarrowing -Wno-missing-field-initializers -Wno-type-limits -Wno-array-bounds -Wno-unknown-pragmas -Wno-unused-parameter -Wno-unused-function -Wno-unused-result -Wno-strict-overflow -Wno-strict-aliasing -Wno-stringop-overflow -Wno-psabi -Wno-error=pedantic -Wno-error=old-style-cast -Wno-invalid-partial-specialization -Wno-unused-private-field -Wno-aligned-allocation-unavailable -Wno-missing-braces -fdiagnostics-color=always -faligned-new -Wno-unused-but-set-variable -Wno-maybe-uninitialized -fno-math-errno -fno-trapping-math -Werror=format -Werror=cast-function-type -Wno-stringop-overflow, LAPACK_INFO=mkl, PERF_WITH_AVX=1, PERF_WITH_AVX2=1, PERF_WITH_AVX512=1, TORCH_DISABLE_GPU_ASSERTS=ON, TORCH_VERSION=2.1.0, USE_CUDA=ON, USE_CUDNN=ON, USE_EXCEPTION_PTR=1, USE_GFLAGS=OFF, USE_GLOG=OFF, USE_MKL=ON, USE_MKLDNN=ON, USE_MPI=OFF, USE_NCCL=1, USE_NNPACK=ON, USE_OPENMP=ON, USE_ROCM=OFF, 

    TorchVision: 0.16.0+cu121
    OpenCV: 4.11.0
    MMEngine: 0.10.4

Runtime environment:
    cudnn_benchmark: False
    mp_cfg: {'mp_start_method': 'fork', 'opencv_num_threads': 0}
    dist_cfg: {'backend': 'nccl'}
    seed: 1450137221
    Distributed launcher: none
    Distributed training: False
    GPU number: 1
------------------------------------------------------------

06/22 02:15:09 - mmengine - INFO - Config:
auto_scale_lr = dict(base_batch_size=16)
backend_args = None
data_root = '/home/01/wyc/datasets/coco/'
dataset_type = 'CocoDataset'
default_hooks = dict(
    checkpoint=dict(interval=1, type='CheckpointHook'),
    logger=dict(interval=50, type='LoggerHook'),
    param_scheduler=dict(type='ParamSchedulerHook'),
    sampler_seed=dict(type='DistSamplerSeedHook'),
    timer=dict(type='IterTimerHook'),
    visualization=dict(type='DetVisualizationHook'))
default_scope = 'mmdet'
env_cfg = dict(
    cudnn_benchmark=False,
    dist_cfg=dict(backend='nccl'),
    mp_cfg=dict(mp_start_method='fork', opencv_num_threads=0))
launcher = 'none'
load_from = None
log_level = 'INFO'
log_processor = dict(by_epoch=True, type='LogProcessor', window_size=50)
max_epochs = 150
model = dict(
    backbone=dict(
        depth=50,
        frozen_stages=1,
        init_cfg=dict(checkpoint='torchvision://resnet50', type='Pretrained'),
        norm_cfg=dict(requires_grad=False, type='BN'),
        norm_eval=True,
        num_stages=4,
        out_indices=(3, ),
        style='pytorch',
        type='ResNet'),
    bbox_head=dict(
        embed_dims=256,
        loss_bbox=dict(loss_weight=5.0, type='L1Loss'),
        loss_cls=dict(
            alpha=0.25,
            gamma=2.0,
            loss_weight=2.0,
            type='FocalLoss',
            use_sigmoid=True),
        loss_iou=dict(loss_weight=2.0, type='GIoULoss'),
        num_classes=80,
        type='ConditionalDETRHead'),
    data_preprocessor=dict(
        bgr_to_rgb=True,
        mean=[
            123.675,
            116.28,
            103.53,
        ],
        pad_size_divisor=1,
        std=[
            58.395,
            57.12,
            57.375,
        ],
        type='DetDataPreprocessor'),
    decoder=dict(
        layer_cfg=dict(
            cross_attn_cfg=dict(
                attn_drop=0.1, cross_attn=True, embed_dims=256, num_heads=8),
            ffn_cfg=dict(
                act_cfg=dict(inplace=True, type='ReLU'),
                embed_dims=256,
                feedforward_channels=2048,
                ffn_drop=0.1,
                num_fcs=2),
            self_attn_cfg=dict(
                attn_drop=0.1, cross_attn=False, embed_dims=256, num_heads=8)),
        num_layers=6,
        return_intermediate=True),
    encoder=dict(
        layer_cfg=dict(
            ffn_cfg=dict(
                act_cfg=dict(inplace=True, type='ReLU'),
                embed_dims=256,
                feedforward_channels=2048,
                ffn_drop=0.1,
                num_fcs=2),
            self_attn_cfg=dict(
                batch_first=True, dropout=0.1, embed_dims=256, num_heads=8)),
        num_layers=6),
    neck=dict(
        act_cfg=None,
        in_channels=[
            2048,
        ],
        kernel_size=1,
        norm_cfg=None,
        num_outs=1,
        out_channels=256,
        type='ChannelMapper'),
    num_queries=300,
    positional_encoding=dict(normalize=True, num_feats=128),
    test_cfg=dict(max_per_img=100),
    train_cfg=dict(
        assigner=dict(
            match_costs=[
                dict(type='FocalLossCost', weight=2.0),
                dict(box_format='xywh', type='BBoxL1Cost', weight=5.0),
                dict(iou_mode='giou', type='IoUCost', weight=2.0),
            ],
            type='HungarianAssigner')),
    type='ConditionalDETR')
optim_wrapper = dict(
    clip_grad=dict(max_norm=0.1, norm_type=2),
    loss_scale='dynamic',
    optimizer=dict(lr=0.0001, type='AdamW', weight_decay=0.0001),
    paramwise_cfg=dict(
        custom_keys=dict(backbone=dict(decay_mult=1.0, lr_mult=0.1))),
    type='AmpOptimWrapper')
param_scheduler = [
    dict(end=50, milestones=[
        40,
    ], type='MultiStepLR'),
]
resume = False
test_cfg = dict(type='TestLoop')
test_dataloader = dict(
    batch_size=1,
    dataset=dict(
        ann_file='annotations/instances_val2017.json',
        backend_args=None,
        data_prefix=dict(img='images/val2017/'),
        data_root='/home/01/wyc/datasets/coco/',
        pipeline=[
            dict(backend_args=None, type='LoadImageFromFile'),
            dict(keep_ratio=True, scale=(
                1333,
                800,
            ), type='Resize'),
            dict(type='LoadAnnotations', with_bbox=True),
            dict(
                meta_keys=(
                    'img_id',
                    'img_path',
                    'ori_shape',
                    'img_shape',
                    'scale_factor',
                ),
                type='PackDetInputs'),
        ],
        test_mode=True,
        type='CocoDataset'),
    drop_last=False,
    num_workers=2,
    persistent_workers=True,
    sampler=dict(shuffle=False, type='DefaultSampler'))
test_evaluator = dict(
    ann_file='/home/01/wyc/datasets/coco/annotations/instances_val2017.json',
    backend_args=None,
    format_only=False,
    metric='bbox',
    type='CocoMetric')
test_pipeline = [
    dict(backend_args=None, type='LoadImageFromFile'),
    dict(keep_ratio=True, scale=(
        1333,
        800,
    ), type='Resize'),
    dict(type='LoadAnnotations', with_bbox=True),
    dict(
        meta_keys=(
            'img_id',
            'img_path',
            'ori_shape',
            'img_shape',
            'scale_factor',
        ),
        type='PackDetInputs'),
]
train_cfg = dict(max_epochs=50, type='EpochBasedTrainLoop', val_interval=1)
train_dataloader = dict(
    batch_sampler=dict(type='AspectRatioBatchSampler'),
    batch_size=2,
    dataset=dict(
        ann_file='annotations/instances_train2017.json',
        backend_args=None,
        data_prefix=dict(img='images/train2017/'),
        data_root='/home/01/wyc/datasets/coco/',
        filter_cfg=dict(filter_empty_gt=True, min_size=32),
        pipeline=[
            dict(backend_args=None, type='LoadImageFromFile'),
            dict(type='LoadAnnotations', with_bbox=True),
            dict(prob=0.5, type='RandomFlip'),
            dict(
                transforms=[
                    [
                        dict(
                            keep_ratio=True,
                            scales=[
                                (
                                    480,
                                    1333,
                                ),
                                (
                                    512,
                                    1333,
                                ),
                                (
                                    544,
                                    1333,
                                ),
                                (
                                    576,
                                    1333,
                                ),
                                (
                                    608,
                                    1333,
                                ),
                                (
                                    640,
                                    1333,
                                ),
                                (
                                    672,
                                    1333,
                                ),
                                (
                                    704,
                                    1333,
                                ),
                                (
                                    736,
                                    1333,
                                ),
                                (
                                    768,
                                    1333,
                                ),
                                (
                                    800,
                                    1333,
                                ),
                            ],
                            type='RandomChoiceResize'),
                    ],
                    [
                        dict(
                            keep_ratio=True,
                            scales=[
                                (
                                    400,
                                    1333,
                                ),
                                (
                                    500,
                                    1333,
                                ),
                                (
                                    600,
                                    1333,
                                ),
                            ],
                            type='RandomChoiceResize'),
                        dict(
                            allow_negative_crop=True,
                            crop_size=(
                                384,
                                600,
                            ),
                            crop_type='absolute_range',
                            type='RandomCrop'),
                        dict(
                            keep_ratio=True,
                            scales=[
                                (
                                    480,
                                    1333,
                                ),
                                (
                                    512,
                                    1333,
                                ),
                                (
                                    544,
                                    1333,
                                ),
                                (
                                    576,
                                    1333,
                                ),
                                (
                                    608,
                                    1333,
                                ),
                                (
                                    640,
                                    1333,
                                ),
                                (
                                    672,
                                    1333,
                                ),
                                (
                                    704,
                                    1333,
                                ),
                                (
                                    736,
                                    1333,
                                ),
                                (
                                    768,
                                    1333,
                                ),
                                (
                                    800,
                                    1333,
                                ),
                            ],
                            type='RandomChoiceResize'),
                    ],
                ],
                type='RandomChoice'),
            dict(type='PackDetInputs'),
        ],
        type='CocoDataset'),
    num_workers=2,
    persistent_workers=True,
    sampler=dict(shuffle=True, type='DefaultSampler'))
train_pipeline = [
    dict(backend_args=None, type='LoadImageFromFile'),
    dict(type='LoadAnnotations', with_bbox=True),
    dict(prob=0.5, type='RandomFlip'),
    dict(
        transforms=[
            [
                dict(
                    keep_ratio=True,
                    scales=[
                        (
                            480,
                            1333,
                        ),
                        (
                            512,
                            1333,
                        ),
                        (
                            544,
                            1333,
                        ),
                        (
                            576,
                            1333,
                        ),
                        (
                            608,
                            1333,
                        ),
                        (
                            640,
                            1333,
                        ),
                        (
                            672,
                            1333,
                        ),
                        (
                            704,
                            1333,
                        ),
                        (
                            736,
                            1333,
                        ),
                        (
                            768,
                            1333,
                        ),
                        (
                            800,
                            1333,
                        ),
                    ],
                    type='RandomChoiceResize'),
            ],
            [
                dict(
                    keep_ratio=True,
                    scales=[
                        (
                            400,
                            1333,
                        ),
                        (
                            500,
                            1333,
                        ),
                        (
                            600,
                            1333,
                        ),
                    ],
                    type='RandomChoiceResize'),
                dict(
                    allow_negative_crop=True,
                    crop_size=(
                        384,
                        600,
                    ),
                    crop_type='absolute_range',
                    type='RandomCrop'),
                dict(
                    keep_ratio=True,
                    scales=[
                        (
                            480,
                            1333,
                        ),
                        (
                            512,
                            1333,
                        ),
                        (
                            544,
                            1333,
                        ),
                        (
                            576,
                            1333,
                        ),
                        (
                            608,
                            1333,
                        ),
                        (
                            640,
                            1333,
                        ),
                        (
                            672,
                            1333,
                        ),
                        (
                            704,
                            1333,
                        ),
                        (
                            736,
                            1333,
                        ),
                        (
                            768,
                            1333,
                        ),
                        (
                            800,
                            1333,
                        ),
                    ],
                    type='RandomChoiceResize'),
            ],
        ],
        type='RandomChoice'),
    dict(type='PackDetInputs'),
]
val_cfg = dict(type='ValLoop')
val_dataloader = dict(
    batch_size=1,
    dataset=dict(
        ann_file='annotations/instances_val2017.json',
        backend_args=None,
        data_prefix=dict(img='images/val2017/'),
        data_root='/home/01/wyc/datasets/coco/',
        pipeline=[
            dict(backend_args=None, type='LoadImageFromFile'),
            dict(keep_ratio=True, scale=(
                1333,
                800,
            ), type='Resize'),
            dict(type='LoadAnnotations', with_bbox=True),
            dict(
                meta_keys=(
                    'img_id',
                    'img_path',
                    'ori_shape',
                    'img_shape',
                    'scale_factor',
                ),
                type='PackDetInputs'),
        ],
        test_mode=True,
        type='CocoDataset'),
    drop_last=False,
    num_workers=2,
    persistent_workers=True,
    sampler=dict(shuffle=False, type='DefaultSampler'))
val_evaluator = dict(
    ann_file='/home/01/wyc/datasets/coco/annotations/instances_val2017.json',
    backend_args=None,
    format_only=False,
    metric='bbox',
    type='CocoMetric')
vis_backends = [
    dict(type='LocalVisBackend'),
]
visualizer = dict(
    name='visualizer',
    type='DetLocalVisualizer',
    vis_backends=[
        dict(type='LocalVisBackend'),
    ])
work_dir = './work_dirs/conditional-detr_r50_8xb2-50e_coco'

06/22 02:15:11 - mmengine - INFO - Distributed training is not used, all SyncBatchNorm (SyncBN) layers in the model will be automatically reverted to BatchNormXd layers if they are used.
06/22 02:15:11 - mmengine - INFO - Hooks will be executed in the following order:
before_run:
(VERY_HIGH   ) RuntimeInfoHook                    
(BELOW_NORMAL) LoggerHook                         
 -------------------- 
before_train:
(VERY_HIGH   ) RuntimeInfoHook                    
(NORMAL      ) IterTimerHook                      
(VERY_LOW    ) CheckpointHook                     
 -------------------- 
before_train_epoch:
(VERY_HIGH   ) RuntimeInfoHook                    
(NORMAL      ) IterTimerHook                      
(NORMAL      ) DistSamplerSeedHook                
 -------------------- 
before_train_iter:
(VERY_HIGH   ) RuntimeInfoHook                    
(NORMAL      ) IterTimerHook                      
 -------------------- 
after_train_iter:
(VERY_HIGH   ) RuntimeInfoHook                    
(NORMAL      ) IterTimerHook                      
(BELOW_NORMAL) LoggerHook                         
(LOW         ) ParamSchedulerHook                 
(VERY_LOW    ) CheckpointHook                     
 -------------------- 
after_train_epoch:
(NORMAL      ) IterTimerHook                      
(LOW         ) ParamSchedulerHook                 
(VERY_LOW    ) CheckpointHook                     
 -------------------- 
before_val:
(VERY_HIGH   ) RuntimeInfoHook                    
 -------------------- 
before_val_epoch:
(NORMAL      ) IterTimerHook                      
 -------------------- 
before_val_iter:
(NORMAL      ) IterTimerHook                      
 -------------------- 
after_val_iter:
(NORMAL      ) IterTimerHook                      
(NORMAL      ) DetVisualizationHook               
(BELOW_NORMAL) LoggerHook                         
 -------------------- 
after_val_epoch:
(VERY_HIGH   ) RuntimeInfoHook                    
(NORMAL      ) IterTimerHook                      
(BELOW_NORMAL) LoggerHook                         
(LOW         ) ParamSchedulerHook                 
(VERY_LOW    ) CheckpointHook                     
 -------------------- 
after_val:
(VERY_HIGH   ) RuntimeInfoHook                    
 -------------------- 
after_train:
(VERY_HIGH   ) RuntimeInfoHook                    
(VERY_LOW    ) CheckpointHook                     
 -------------------- 
before_test:
(VERY_HIGH   ) RuntimeInfoHook                    
 -------------------- 
before_test_epoch:
(NORMAL      ) IterTimerHook                      
 -------------------- 
before_test_iter:
(NORMAL      ) IterTimerHook                      
 -------------------- 
after_test_iter:
(NORMAL      ) IterTimerHook                      
(NORMAL      ) DetVisualizationHook               
(BELOW_NORMAL) LoggerHook                         
 -------------------- 
after_test_epoch:
(VERY_HIGH   ) RuntimeInfoHook                    
(NORMAL      ) IterTimerHook                      
(BELOW_NORMAL) LoggerHook                         
 -------------------- 
after_test:
(VERY_HIGH   ) RuntimeInfoHook                    
 -------------------- 
after_run:
(BELOW_NORMAL) LoggerHook                         
 -------------------- 
loading annotations into memory...
Done (t=13.90s)
creating index...
index created!
06/22 02:15:42 - mmengine - WARNING - backbone.conv1.weight is skipped since its requires_grad=False
06/22 02:15:42 - mmengine - WARNING - backbone.bn1.weight is skipped since its requires_grad=False
06/22 02:15:42 - mmengine - WARNING - backbone.bn1.bias is skipped since its requires_grad=False
06/22 02:15:42 - mmengine - WARNING - backbone.layer1.0.conv1.weight is skipped since its requires_grad=False
06/22 02:15:42 - mmengine - WARNING - backbone.layer1.0.bn1.weight is skipped since its requires_grad=False
06/22 02:15:42 - mmengine - WARNING - backbone.layer1.0.bn1.bias is skipped since its requires_grad=False
06/22 02:15:42 - mmengine - WARNING - backbone.layer1.0.conv2.weight is skipped since its requires_grad=False
06/22 02:15:42 - mmengine - WARNING - backbone.layer1.0.bn2.weight is skipped since its requires_grad=False
06/22 02:15:42 - mmengine - WARNING - backbone.layer1.0.bn2.bias is skipped since its requires_grad=False
06/22 02:15:42 - mmengine - WARNING - backbone.layer1.0.conv3.weight is skipped since its requires_grad=False
06/22 02:15:42 - mmengine - WARNING - backbone.layer1.0.bn3.weight is skipped since its requires_grad=False
06/22 02:15:42 - mmengine - WARNING - backbone.layer1.0.bn3.bias is skipped since its requires_grad=False
06/22 02:15:42 - mmengine - WARNING - backbone.layer1.0.downsample.0.weight is skipped since its requires_grad=False
06/22 02:15:42 - mmengine - WARNING - backbone.layer1.0.downsample.1.weight is skipped since its requires_grad=False
06/22 02:15:42 - mmengine - WARNING - backbone.layer1.0.downsample.1.bias is skipped since its requires_grad=False
06/22 02:15:42 - mmengine - WARNING - backbone.layer1.1.conv1.weight is skipped since its requires_grad=False
06/22 02:15:42 - mmengine - WARNING - backbone.layer1.1.bn1.weight is skipped since its requires_grad=False
06/22 02:15:42 - mmengine - WARNING - backbone.layer1.1.bn1.bias is skipped since its requires_grad=False
06/22 02:15:42 - mmengine - WARNING - backbone.layer1.1.conv2.weight is skipped since its requires_grad=False
06/22 02:15:42 - mmengine - WARNING - backbone.layer1.1.bn2.weight is skipped since its requires_grad=False
06/22 02:15:42 - mmengine - WARNING - backbone.layer1.1.bn2.bias is skipped since its requires_grad=False
06/22 02:15:42 - mmengine - WARNING - backbone.layer1.1.conv3.weight is skipped since its requires_grad=False
06/22 02:15:42 - mmengine - WARNING - backbone.layer1.1.bn3.weight is skipped since its requires_grad=False
06/22 02:15:42 - mmengine - WARNING - backbone.layer1.1.bn3.bias is skipped since its requires_grad=False
06/22 02:15:42 - mmengine - WARNING - backbone.layer1.2.conv1.weight is skipped since its requires_grad=False
06/22 02:15:42 - mmengine - WARNING - backbone.layer1.2.bn1.weight is skipped since its requires_grad=False
06/22 02:15:42 - mmengine - WARNING - backbone.layer1.2.bn1.bias is skipped since its requires_grad=False
06/22 02:15:42 - mmengine - WARNING - backbone.layer1.2.conv2.weight is skipped since its requires_grad=False
06/22 02:15:42 - mmengine - WARNING - backbone.layer1.2.bn2.weight is skipped since its requires_grad=False
06/22 02:15:42 - mmengine - WARNING - backbone.layer1.2.bn2.bias is skipped since its requires_grad=False
06/22 02:15:42 - mmengine - WARNING - backbone.layer1.2.conv3.weight is skipped since its requires_grad=False
06/22 02:15:42 - mmengine - WARNING - backbone.layer1.2.bn3.weight is skipped since its requires_grad=False
06/22 02:15:42 - mmengine - WARNING - backbone.layer1.2.bn3.bias is skipped since its requires_grad=False
06/22 02:15:42 - mmengine - INFO - paramwise_options -- backbone.layer2.0.conv1.weight:lr=1e-05
06/22 02:15:42 - mmengine - INFO - paramwise_options -- backbone.layer2.0.conv1.weight:weight_decay=0.0001
06/22 02:15:42 - mmengine - INFO - paramwise_options -- backbone.layer2.0.conv1.weight:lr_mult=0.1
06/22 02:15:42 - mmengine - INFO - paramwise_options -- backbone.layer2.0.conv1.weight:decay_mult=1.0
06/22 02:15:42 - mmengine - WARNING - backbone.layer2.0.bn1.weight is skipped since its requires_grad=False
06/22 02:15:42 - mmengine - WARNING - backbone.layer2.0.bn1.bias is skipped since its requires_grad=False
06/22 02:15:42 - mmengine - INFO - paramwise_options -- backbone.layer2.0.conv2.weight:lr=1e-05
06/22 02:15:42 - mmengine - INFO - paramwise_options -- backbone.layer2.0.conv2.weight:weight_decay=0.0001
06/22 02:15:42 - mmengine - INFO - paramwise_options -- backbone.layer2.0.conv2.weight:lr_mult=0.1
06/22 02:15:42 - mmengine - INFO - paramwise_options -- backbone.layer2.0.conv2.weight:decay_mult=1.0
06/22 02:15:42 - mmengine - WARNING - backbone.layer2.0.bn2.weight is skipped since its requires_grad=False
06/22 02:15:42 - mmengine - WARNING - backbone.layer2.0.bn2.bias is skipped since its requires_grad=False
06/22 02:15:42 - mmengine - INFO - paramwise_options -- backbone.layer2.0.conv3.weight:lr=1e-05
06/22 02:15:42 - mmengine - INFO - paramwise_options -- backbone.layer2.0.conv3.weight:weight_decay=0.0001
06/22 02:15:42 - mmengine - INFO - paramwise_options -- backbone.layer2.0.conv3.weight:lr_mult=0.1
06/22 02:15:42 - mmengine - INFO - paramwise_options -- backbone.layer2.0.conv3.weight:decay_mult=1.0
06/22 02:15:42 - mmengine - WARNING - backbone.layer2.0.bn3.weight is skipped since its requires_grad=False
06/22 02:15:42 - mmengine - WARNING - backbone.layer2.0.bn3.bias is skipped since its requires_grad=False
06/22 02:15:42 - mmengine - INFO - paramwise_options -- backbone.layer2.0.downsample.0.weight:lr=1e-05
06/22 02:15:42 - mmengine - INFO - paramwise_options -- backbone.layer2.0.downsample.0.weight:weight_decay=0.0001
06/22 02:15:42 - mmengine - INFO - paramwise_options -- backbone.layer2.0.downsample.0.weight:lr_mult=0.1
06/22 02:15:42 - mmengine - INFO - paramwise_options -- backbone.layer2.0.downsample.0.weight:decay_mult=1.0
06/22 02:15:42 - mmengine - WARNING - backbone.layer2.0.downsample.1.weight is skipped since its requires_grad=False
06/22 02:15:42 - mmengine - WARNING - backbone.layer2.0.downsample.1.bias is skipped since its requires_grad=False
06/22 02:15:42 - mmengine - INFO - paramwise_options -- backbone.layer2.1.conv1.weight:lr=1e-05
06/22 02:15:42 - mmengine - INFO - paramwise_options -- backbone.layer2.1.conv1.weight:weight_decay=0.0001
06/22 02:15:42 - mmengine - INFO - paramwise_options -- backbone.layer2.1.conv1.weight:lr_mult=0.1
06/22 02:15:42 - mmengine - INFO - paramwise_options -- backbone.layer2.1.conv1.weight:decay_mult=1.0
06/22 02:15:42 - mmengine - WARNING - backbone.layer2.1.bn1.weight is skipped since its requires_grad=False
06/22 02:15:42 - mmengine - WARNING - backbone.layer2.1.bn1.bias is skipped since its requires_grad=False
06/22 02:15:42 - mmengine - INFO - paramwise_options -- backbone.layer2.1.conv2.weight:lr=1e-05
06/22 02:15:42 - mmengine - INFO - paramwise_options -- backbone.layer2.1.conv2.weight:weight_decay=0.0001
06/22 02:15:42 - mmengine - INFO - paramwise_options -- backbone.layer2.1.conv2.weight:lr_mult=0.1
06/22 02:15:42 - mmengine - INFO - paramwise_options -- backbone.layer2.1.conv2.weight:decay_mult=1.0
06/22 02:15:42 - mmengine - WARNING - backbone.layer2.1.bn2.weight is skipped since its requires_grad=False
06/22 02:15:42 - mmengine - WARNING - backbone.layer2.1.bn2.bias is skipped since its requires_grad=False
06/22 02:15:42 - mmengine - INFO - paramwise_options -- backbone.layer2.1.conv3.weight:lr=1e-05
06/22 02:15:42 - mmengine - INFO - paramwise_options -- backbone.layer2.1.conv3.weight:weight_decay=0.0001
06/22 02:15:42 - mmengine - INFO - paramwise_options -- backbone.layer2.1.conv3.weight:lr_mult=0.1
06/22 02:15:42 - mmengine - INFO - paramwise_options -- backbone.layer2.1.conv3.weight:decay_mult=1.0
06/22 02:15:42 - mmengine - WARNING - backbone.layer2.1.bn3.weight is skipped since its requires_grad=False
06/22 02:15:42 - mmengine - WARNING - backbone.layer2.1.bn3.bias is skipped since its requires_grad=False
06/22 02:15:42 - mmengine - INFO - paramwise_options -- backbone.layer2.2.conv1.weight:lr=1e-05
06/22 02:15:42 - mmengine - INFO - paramwise_options -- backbone.layer2.2.conv1.weight:weight_decay=0.0001
06/22 02:15:42 - mmengine - INFO - paramwise_options -- backbone.layer2.2.conv1.weight:lr_mult=0.1
06/22 02:15:42 - mmengine - INFO - paramwise_options -- backbone.layer2.2.conv1.weight:decay_mult=1.0
06/22 02:15:42 - mmengine - WARNING - backbone.layer2.2.bn1.weight is skipped since its requires_grad=False
06/22 02:15:42 - mmengine - WARNING - backbone.layer2.2.bn1.bias is skipped since its requires_grad=False
06/22 02:15:42 - mmengine - INFO - paramwise_options -- backbone.layer2.2.conv2.weight:lr=1e-05
06/22 02:15:42 - mmengine - INFO - paramwise_options -- backbone.layer2.2.conv2.weight:weight_decay=0.0001
06/22 02:15:42 - mmengine - INFO - paramwise_options -- backbone.layer2.2.conv2.weight:lr_mult=0.1
06/22 02:15:42 - mmengine - INFO - paramwise_options -- backbone.layer2.2.conv2.weight:decay_mult=1.0
06/22 02:15:42 - mmengine - WARNING - backbone.layer2.2.bn2.weight is skipped since its requires_grad=False
06/22 02:15:42 - mmengine - WARNING - backbone.layer2.2.bn2.bias is skipped since its requires_grad=False
06/22 02:15:42 - mmengine - INFO - paramwise_options -- backbone.layer2.2.conv3.weight:lr=1e-05
06/22 02:15:42 - mmengine - INFO - paramwise_options -- backbone.layer2.2.conv3.weight:weight_decay=0.0001
06/22 02:15:42 - mmengine - INFO - paramwise_options -- backbone.layer2.2.conv3.weight:lr_mult=0.1
06/22 02:15:42 - mmengine - INFO - paramwise_options -- backbone.layer2.2.conv3.weight:decay_mult=1.0
06/22 02:15:42 - mmengine - WARNING - backbone.layer2.2.bn3.weight is skipped since its requires_grad=False
06/22 02:15:42 - mmengine - WARNING - backbone.layer2.2.bn3.bias is skipped since its requires_grad=False
06/22 02:15:42 - mmengine - INFO - paramwise_options -- backbone.layer2.3.conv1.weight:lr=1e-05
06/22 02:15:42 - mmengine - INFO - paramwise_options -- backbone.layer2.3.conv1.weight:weight_decay=0.0001
06/22 02:15:42 - mmengine - INFO - paramwise_options -- backbone.layer2.3.conv1.weight:lr_mult=0.1
06/22 02:15:42 - mmengine - INFO - paramwise_options -- backbone.layer2.3.conv1.weight:decay_mult=1.0
06/22 02:15:42 - mmengine - WARNING - backbone.layer2.3.bn1.weight is skipped since its requires_grad=False
06/22 02:15:42 - mmengine - WARNING - backbone.layer2.3.bn1.bias is skipped since its requires_grad=False
06/22 02:15:42 - mmengine - INFO - paramwise_options -- backbone.layer2.3.conv2.weight:lr=1e-05
06/22 02:15:42 - mmengine - INFO - paramwise_options -- backbone.layer2.3.conv2.weight:weight_decay=0.0001
06/22 02:15:42 - mmengine - INFO - paramwise_options -- backbone.layer2.3.conv2.weight:lr_mult=0.1
06/22 02:15:42 - mmengine - INFO - paramwise_options -- backbone.layer2.3.conv2.weight:decay_mult=1.0
06/22 02:15:42 - mmengine - WARNING - backbone.layer2.3.bn2.weight is skipped since its requires_grad=False
06/22 02:15:42 - mmengine - WARNING - backbone.layer2.3.bn2.bias is skipped since its requires_grad=False
06/22 02:15:42 - mmengine - INFO - paramwise_options -- backbone.layer2.3.conv3.weight:lr=1e-05
06/22 02:15:42 - mmengine - INFO - paramwise_options -- backbone.layer2.3.conv3.weight:weight_decay=0.0001
06/22 02:15:42 - mmengine - INFO - paramwise_options -- backbone.layer2.3.conv3.weight:lr_mult=0.1
06/22 02:15:42 - mmengine - INFO - paramwise_options -- backbone.layer2.3.conv3.weight:decay_mult=1.0
06/22 02:15:42 - mmengine - WARNING - backbone.layer2.3.bn3.weight is skipped since its requires_grad=False
06/22 02:15:42 - mmengine - WARNING - backbone.layer2.3.bn3.bias is skipped since its requires_grad=False
06/22 02:15:42 - mmengine - INFO - paramwise_options -- backbone.layer3.0.conv1.weight:lr=1e-05
06/22 02:15:42 - mmengine - INFO - paramwise_options -- backbone.layer3.0.conv1.weight:weight_decay=0.0001
06/22 02:15:42 - mmengine - INFO - paramwise_options -- backbone.layer3.0.conv1.weight:lr_mult=0.1
06/22 02:15:42 - mmengine - INFO - paramwise_options -- backbone.layer3.0.conv1.weight:decay_mult=1.0
06/22 02:15:42 - mmengine - WARNING - backbone.layer3.0.bn1.weight is skipped since its requires_grad=False
06/22 02:15:42 - mmengine - WARNING - backbone.layer3.0.bn1.bias is skipped since its requires_grad=False
06/22 02:15:42 - mmengine - INFO - paramwise_options -- backbone.layer3.0.conv2.weight:lr=1e-05
06/22 02:15:42 - mmengine - INFO - paramwise_options -- backbone.layer3.0.conv2.weight:weight_decay=0.0001
06/22 02:15:42 - mmengine - INFO - paramwise_options -- backbone.layer3.0.conv2.weight:lr_mult=0.1
06/22 02:15:42 - mmengine - INFO - paramwise_options -- backbone.layer3.0.conv2.weight:decay_mult=1.0
06/22 02:15:42 - mmengine - WARNING - backbone.layer3.0.bn2.weight is skipped since its requires_grad=False
06/22 02:15:42 - mmengine - WARNING - backbone.layer3.0.bn2.bias is skipped since its requires_grad=False
06/22 02:15:42 - mmengine - INFO - paramwise_options -- backbone.layer3.0.conv3.weight:lr=1e-05
06/22 02:15:42 - mmengine - INFO - paramwise_options -- backbone.layer3.0.conv3.weight:weight_decay=0.0001
06/22 02:15:42 - mmengine - INFO - paramwise_options -- backbone.layer3.0.conv3.weight:lr_mult=0.1
06/22 02:15:42 - mmengine - INFO - paramwise_options -- backbone.layer3.0.conv3.weight:decay_mult=1.0
06/22 02:15:42 - mmengine - WARNING - backbone.layer3.0.bn3.weight is skipped since its requires_grad=False
06/22 02:15:42 - mmengine - WARNING - backbone.layer3.0.bn3.bias is skipped since its requires_grad=False
06/22 02:15:42 - mmengine - INFO - paramwise_options -- backbone.layer3.0.downsample.0.weight:lr=1e-05
06/22 02:15:42 - mmengine - INFO - paramwise_options -- backbone.layer3.0.downsample.0.weight:weight_decay=0.0001
06/22 02:15:42 - mmengine - INFO - paramwise_options -- backbone.layer3.0.downsample.0.weight:lr_mult=0.1
06/22 02:15:42 - mmengine - INFO - paramwise_options -- backbone.layer3.0.downsample.0.weight:decay_mult=1.0
06/22 02:15:42 - mmengine - WARNING - backbone.layer3.0.downsample.1.weight is skipped since its requires_grad=False
06/22 02:15:42 - mmengine - WARNING - backbone.layer3.0.downsample.1.bias is skipped since its requires_grad=False
06/22 02:15:42 - mmengine - INFO - paramwise_options -- backbone.layer3.1.conv1.weight:lr=1e-05
06/22 02:15:42 - mmengine - INFO - paramwise_options -- backbone.layer3.1.conv1.weight:weight_decay=0.0001
06/22 02:15:42 - mmengine - INFO - paramwise_options -- backbone.layer3.1.conv1.weight:lr_mult=0.1
06/22 02:15:42 - mmengine - INFO - paramwise_options -- backbone.layer3.1.conv1.weight:decay_mult=1.0
06/22 02:15:42 - mmengine - WARNING - backbone.layer3.1.bn1.weight is skipped since its requires_grad=False
06/22 02:15:42 - mmengine - WARNING - backbone.layer3.1.bn1.bias is skipped since its requires_grad=False
06/22 02:15:42 - mmengine - INFO - paramwise_options -- backbone.layer3.1.conv2.weight:lr=1e-05
06/22 02:15:42 - mmengine - INFO - paramwise_options -- backbone.layer3.1.conv2.weight:weight_decay=0.0001
06/22 02:15:42 - mmengine - INFO - paramwise_options -- backbone.layer3.1.conv2.weight:lr_mult=0.1
06/22 02:15:42 - mmengine - INFO - paramwise_options -- backbone.layer3.1.conv2.weight:decay_mult=1.0
06/22 02:15:42 - mmengine - WARNING - backbone.layer3.1.bn2.weight is skipped since its requires_grad=False
06/22 02:15:42 - mmengine - WARNING - backbone.layer3.1.bn2.bias is skipped since its requires_grad=False
06/22 02:15:42 - mmengine - INFO - paramwise_options -- backbone.layer3.1.conv3.weight:lr=1e-05
06/22 02:15:42 - mmengine - INFO - paramwise_options -- backbone.layer3.1.conv3.weight:weight_decay=0.0001
06/22 02:15:42 - mmengine - INFO - paramwise_options -- backbone.layer3.1.conv3.weight:lr_mult=0.1
06/22 02:15:42 - mmengine - INFO - paramwise_options -- backbone.layer3.1.conv3.weight:decay_mult=1.0
06/22 02:15:42 - mmengine - WARNING - backbone.layer3.1.bn3.weight is skipped since its requires_grad=False
06/22 02:15:42 - mmengine - WARNING - backbone.layer3.1.bn3.bias is skipped since its requires_grad=False
06/22 02:15:42 - mmengine - INFO - paramwise_options -- backbone.layer3.2.conv1.weight:lr=1e-05
06/22 02:15:42 - mmengine - INFO - paramwise_options -- backbone.layer3.2.conv1.weight:weight_decay=0.0001
06/22 02:15:42 - mmengine - INFO - paramwise_options -- backbone.layer3.2.conv1.weight:lr_mult=0.1
06/22 02:15:42 - mmengine - INFO - paramwise_options -- backbone.layer3.2.conv1.weight:decay_mult=1.0
06/22 02:15:42 - mmengine - WARNING - backbone.layer3.2.bn1.weight is skipped since its requires_grad=False
06/22 02:15:42 - mmengine - WARNING - backbone.layer3.2.bn1.bias is skipped since its requires_grad=False
06/22 02:15:42 - mmengine - INFO - paramwise_options -- backbone.layer3.2.conv2.weight:lr=1e-05
06/22 02:15:42 - mmengine - INFO - paramwise_options -- backbone.layer3.2.conv2.weight:weight_decay=0.0001
06/22 02:15:42 - mmengine - INFO - paramwise_options -- backbone.layer3.2.conv2.weight:lr_mult=0.1
06/22 02:15:42 - mmengine - INFO - paramwise_options -- backbone.layer3.2.conv2.weight:decay_mult=1.0
06/22 02:15:42 - mmengine - WARNING - backbone.layer3.2.bn2.weight is skipped since its requires_grad=False
06/22 02:15:42 - mmengine - WARNING - backbone.layer3.2.bn2.bias is skipped since its requires_grad=False
06/22 02:15:42 - mmengine - INFO - paramwise_options -- backbone.layer3.2.conv3.weight:lr=1e-05
06/22 02:15:42 - mmengine - INFO - paramwise_options -- backbone.layer3.2.conv3.weight:weight_decay=0.0001
06/22 02:15:42 - mmengine - INFO - paramwise_options -- backbone.layer3.2.conv3.weight:lr_mult=0.1
06/22 02:15:42 - mmengine - INFO - paramwise_options -- backbone.layer3.2.conv3.weight:decay_mult=1.0
06/22 02:15:42 - mmengine - WARNING - backbone.layer3.2.bn3.weight is skipped since its requires_grad=False
06/22 02:15:42 - mmengine - WARNING - backbone.layer3.2.bn3.bias is skipped since its requires_grad=False
06/22 02:15:42 - mmengine - INFO - paramwise_options -- backbone.layer3.3.conv1.weight:lr=1e-05
06/22 02:15:42 - mmengine - INFO - paramwise_options -- backbone.layer3.3.conv1.weight:weight_decay=0.0001
06/22 02:15:42 - mmengine - INFO - paramwise_options -- backbone.layer3.3.conv1.weight:lr_mult=0.1
06/22 02:15:42 - mmengine - INFO - paramwise_options -- backbone.layer3.3.conv1.weight:decay_mult=1.0
06/22 02:15:42 - mmengine - WARNING - backbone.layer3.3.bn1.weight is skipped since its requires_grad=False
06/22 02:15:42 - mmengine - WARNING - backbone.layer3.3.bn1.bias is skipped since its requires_grad=False
06/22 02:15:42 - mmengine - INFO - paramwise_options -- backbone.layer3.3.conv2.weight:lr=1e-05
06/22 02:15:42 - mmengine - INFO - paramwise_options -- backbone.layer3.3.conv2.weight:weight_decay=0.0001
06/22 02:15:42 - mmengine - INFO - paramwise_options -- backbone.layer3.3.conv2.weight:lr_mult=0.1
06/22 02:15:42 - mmengine - INFO - paramwise_options -- backbone.layer3.3.conv2.weight:decay_mult=1.0
06/22 02:15:42 - mmengine - WARNING - backbone.layer3.3.bn2.weight is skipped since its requires_grad=False
06/22 02:15:42 - mmengine - WARNING - backbone.layer3.3.bn2.bias is skipped since its requires_grad=False
06/22 02:15:42 - mmengine - INFO - paramwise_options -- backbone.layer3.3.conv3.weight:lr=1e-05
06/22 02:15:42 - mmengine - INFO - paramwise_options -- backbone.layer3.3.conv3.weight:weight_decay=0.0001
06/22 02:15:42 - mmengine - INFO - paramwise_options -- backbone.layer3.3.conv3.weight:lr_mult=0.1
06/22 02:15:42 - mmengine - INFO - paramwise_options -- backbone.layer3.3.conv3.weight:decay_mult=1.0
06/22 02:15:42 - mmengine - WARNING - backbone.layer3.3.bn3.weight is skipped since its requires_grad=False
06/22 02:15:42 - mmengine - WARNING - backbone.layer3.3.bn3.bias is skipped since its requires_grad=False
06/22 02:15:42 - mmengine - INFO - paramwise_options -- backbone.layer3.4.conv1.weight:lr=1e-05
06/22 02:15:42 - mmengine - INFO - paramwise_options -- backbone.layer3.4.conv1.weight:weight_decay=0.0001
06/22 02:15:42 - mmengine - INFO - paramwise_options -- backbone.layer3.4.conv1.weight:lr_mult=0.1
06/22 02:15:42 - mmengine - INFO - paramwise_options -- backbone.layer3.4.conv1.weight:decay_mult=1.0
06/22 02:15:42 - mmengine - WARNING - backbone.layer3.4.bn1.weight is skipped since its requires_grad=False
06/22 02:15:42 - mmengine - WARNING - backbone.layer3.4.bn1.bias is skipped since its requires_grad=False
06/22 02:15:42 - mmengine - INFO - paramwise_options -- backbone.layer3.4.conv2.weight:lr=1e-05
06/22 02:15:42 - mmengine - INFO - paramwise_options -- backbone.layer3.4.conv2.weight:weight_decay=0.0001
06/22 02:15:42 - mmengine - INFO - paramwise_options -- backbone.layer3.4.conv2.weight:lr_mult=0.1
06/22 02:15:42 - mmengine - INFO - paramwise_options -- backbone.layer3.4.conv2.weight:decay_mult=1.0
06/22 02:15:42 - mmengine - WARNING - backbone.layer3.4.bn2.weight is skipped since its requires_grad=False
06/22 02:15:42 - mmengine - WARNING - backbone.layer3.4.bn2.bias is skipped since its requires_grad=False
06/22 02:15:42 - mmengine - INFO - paramwise_options -- backbone.layer3.4.conv3.weight:lr=1e-05
06/22 02:15:42 - mmengine - INFO - paramwise_options -- backbone.layer3.4.conv3.weight:weight_decay=0.0001
06/22 02:15:42 - mmengine - INFO - paramwise_options -- backbone.layer3.4.conv3.weight:lr_mult=0.1
06/22 02:15:42 - mmengine - INFO - paramwise_options -- backbone.layer3.4.conv3.weight:decay_mult=1.0
06/22 02:15:42 - mmengine - WARNING - backbone.layer3.4.bn3.weight is skipped since its requires_grad=False
06/22 02:15:42 - mmengine - WARNING - backbone.layer3.4.bn3.bias is skipped since its requires_grad=False
06/22 02:15:42 - mmengine - INFO - paramwise_options -- backbone.layer3.5.conv1.weight:lr=1e-05
06/22 02:15:42 - mmengine - INFO - paramwise_options -- backbone.layer3.5.conv1.weight:weight_decay=0.0001
06/22 02:15:42 - mmengine - INFO - paramwise_options -- backbone.layer3.5.conv1.weight:lr_mult=0.1
06/22 02:15:42 - mmengine - INFO - paramwise_options -- backbone.layer3.5.conv1.weight:decay_mult=1.0
06/22 02:15:42 - mmengine - WARNING - backbone.layer3.5.bn1.weight is skipped since its requires_grad=False
06/22 02:15:42 - mmengine - WARNING - backbone.layer3.5.bn1.bias is skipped since its requires_grad=False
06/22 02:15:42 - mmengine - INFO - paramwise_options -- backbone.layer3.5.conv2.weight:lr=1e-05
06/22 02:15:42 - mmengine - INFO - paramwise_options -- backbone.layer3.5.conv2.weight:weight_decay=0.0001
06/22 02:15:42 - mmengine - INFO - paramwise_options -- backbone.layer3.5.conv2.weight:lr_mult=0.1
06/22 02:15:42 - mmengine - INFO - paramwise_options -- backbone.layer3.5.conv2.weight:decay_mult=1.0
06/22 02:15:42 - mmengine - WARNING - backbone.layer3.5.bn2.weight is skipped since its requires_grad=False
06/22 02:15:42 - mmengine - WARNING - backbone.layer3.5.bn2.bias is skipped since its requires_grad=False
06/22 02:15:42 - mmengine - INFO - paramwise_options -- backbone.layer3.5.conv3.weight:lr=1e-05
06/22 02:15:42 - mmengine - INFO - paramwise_options -- backbone.layer3.5.conv3.weight:weight_decay=0.0001
06/22 02:15:42 - mmengine - INFO - paramwise_options -- backbone.layer3.5.conv3.weight:lr_mult=0.1
06/22 02:15:42 - mmengine - INFO - paramwise_options -- backbone.layer3.5.conv3.weight:decay_mult=1.0
06/22 02:15:42 - mmengine - WARNING - backbone.layer3.5.bn3.weight is skipped since its requires_grad=False
06/22 02:15:42 - mmengine - WARNING - backbone.layer3.5.bn3.bias is skipped since its requires_grad=False
06/22 02:15:42 - mmengine - INFO - paramwise_options -- backbone.layer4.0.conv1.weight:lr=1e-05
06/22 02:15:42 - mmengine - INFO - paramwise_options -- backbone.layer4.0.conv1.weight:weight_decay=0.0001
06/22 02:15:42 - mmengine - INFO - paramwise_options -- backbone.layer4.0.conv1.weight:lr_mult=0.1
06/22 02:15:42 - mmengine - INFO - paramwise_options -- backbone.layer4.0.conv1.weight:decay_mult=1.0
06/22 02:15:42 - mmengine - WARNING - backbone.layer4.0.bn1.weight is skipped since its requires_grad=False
06/22 02:15:42 - mmengine - WARNING - backbone.layer4.0.bn1.bias is skipped since its requires_grad=False
06/22 02:15:42 - mmengine - INFO - paramwise_options -- backbone.layer4.0.conv2.weight:lr=1e-05
06/22 02:15:42 - mmengine - INFO - paramwise_options -- backbone.layer4.0.conv2.weight:weight_decay=0.0001
06/22 02:15:42 - mmengine - INFO - paramwise_options -- backbone.layer4.0.conv2.weight:lr_mult=0.1
06/22 02:15:42 - mmengine - INFO - paramwise_options -- backbone.layer4.0.conv2.weight:decay_mult=1.0
06/22 02:15:42 - mmengine - WARNING - backbone.layer4.0.bn2.weight is skipped since its requires_grad=False
06/22 02:15:42 - mmengine - WARNING - backbone.layer4.0.bn2.bias is skipped since its requires_grad=False
06/22 02:15:42 - mmengine - INFO - paramwise_options -- backbone.layer4.0.conv3.weight:lr=1e-05
06/22 02:15:42 - mmengine - INFO - paramwise_options -- backbone.layer4.0.conv3.weight:weight_decay=0.0001
06/22 02:15:42 - mmengine - INFO - paramwise_options -- backbone.layer4.0.conv3.weight:lr_mult=0.1
06/22 02:15:42 - mmengine - INFO - paramwise_options -- backbone.layer4.0.conv3.weight:decay_mult=1.0
06/22 02:15:42 - mmengine - WARNING - backbone.layer4.0.bn3.weight is skipped since its requires_grad=False
06/22 02:15:42 - mmengine - WARNING - backbone.layer4.0.bn3.bias is skipped since its requires_grad=False
06/22 02:15:42 - mmengine - INFO - paramwise_options -- backbone.layer4.0.downsample.0.weight:lr=1e-05
06/22 02:15:42 - mmengine - INFO - paramwise_options -- backbone.layer4.0.downsample.0.weight:weight_decay=0.0001
06/22 02:15:42 - mmengine - INFO - paramwise_options -- backbone.layer4.0.downsample.0.weight:lr_mult=0.1
06/22 02:15:42 - mmengine - INFO - paramwise_options -- backbone.layer4.0.downsample.0.weight:decay_mult=1.0
06/22 02:15:42 - mmengine - WARNING - backbone.layer4.0.downsample.1.weight is skipped since its requires_grad=False
06/22 02:15:42 - mmengine - WARNING - backbone.layer4.0.downsample.1.bias is skipped since its requires_grad=False
06/22 02:15:42 - mmengine - INFO - paramwise_options -- backbone.layer4.1.conv1.weight:lr=1e-05
06/22 02:15:42 - mmengine - INFO - paramwise_options -- backbone.layer4.1.conv1.weight:weight_decay=0.0001
06/22 02:15:42 - mmengine - INFO - paramwise_options -- backbone.layer4.1.conv1.weight:lr_mult=0.1
06/22 02:15:42 - mmengine - INFO - paramwise_options -- backbone.layer4.1.conv1.weight:decay_mult=1.0
06/22 02:15:42 - mmengine - WARNING - backbone.layer4.1.bn1.weight is skipped since its requires_grad=False
06/22 02:15:42 - mmengine - WARNING - backbone.layer4.1.bn1.bias is skipped since its requires_grad=False
06/22 02:15:42 - mmengine - INFO - paramwise_options -- backbone.layer4.1.conv2.weight:lr=1e-05
06/22 02:15:42 - mmengine - INFO - paramwise_options -- backbone.layer4.1.conv2.weight:weight_decay=0.0001
06/22 02:15:42 - mmengine - INFO - paramwise_options -- backbone.layer4.1.conv2.weight:lr_mult=0.1
06/22 02:15:42 - mmengine - INFO - paramwise_options -- backbone.layer4.1.conv2.weight:decay_mult=1.0
06/22 02:15:42 - mmengine - WARNING - backbone.layer4.1.bn2.weight is skipped since its requires_grad=False
06/22 02:15:42 - mmengine - WARNING - backbone.layer4.1.bn2.bias is skipped since its requires_grad=False
06/22 02:15:42 - mmengine - INFO - paramwise_options -- backbone.layer4.1.conv3.weight:lr=1e-05
06/22 02:15:42 - mmengine - INFO - paramwise_options -- backbone.layer4.1.conv3.weight:weight_decay=0.0001
06/22 02:15:42 - mmengine - INFO - paramwise_options -- backbone.layer4.1.conv3.weight:lr_mult=0.1
06/22 02:15:42 - mmengine - INFO - paramwise_options -- backbone.layer4.1.conv3.weight:decay_mult=1.0
06/22 02:15:42 - mmengine - WARNING - backbone.layer4.1.bn3.weight is skipped since its requires_grad=False
06/22 02:15:42 - mmengine - WARNING - backbone.layer4.1.bn3.bias is skipped since its requires_grad=False
06/22 02:15:42 - mmengine - INFO - paramwise_options -- backbone.layer4.2.conv1.weight:lr=1e-05
06/22 02:15:42 - mmengine - INFO - paramwise_options -- backbone.layer4.2.conv1.weight:weight_decay=0.0001
06/22 02:15:42 - mmengine - INFO - paramwise_options -- backbone.layer4.2.conv1.weight:lr_mult=0.1
06/22 02:15:42 - mmengine - INFO - paramwise_options -- backbone.layer4.2.conv1.weight:decay_mult=1.0
06/22 02:15:42 - mmengine - WARNING - backbone.layer4.2.bn1.weight is skipped since its requires_grad=False
06/22 02:15:42 - mmengine - WARNING - backbone.layer4.2.bn1.bias is skipped since its requires_grad=False
06/22 02:15:42 - mmengine - INFO - paramwise_options -- backbone.layer4.2.conv2.weight:lr=1e-05
06/22 02:15:42 - mmengine - INFO - paramwise_options -- backbone.layer4.2.conv2.weight:weight_decay=0.0001
06/22 02:15:42 - mmengine - INFO - paramwise_options -- backbone.layer4.2.conv2.weight:lr_mult=0.1
06/22 02:15:42 - mmengine - INFO - paramwise_options -- backbone.layer4.2.conv2.weight:decay_mult=1.0
06/22 02:15:42 - mmengine - WARNING - backbone.layer4.2.bn2.weight is skipped since its requires_grad=False
06/22 02:15:42 - mmengine - WARNING - backbone.layer4.2.bn2.bias is skipped since its requires_grad=False
06/22 02:15:42 - mmengine - INFO - paramwise_options -- backbone.layer4.2.conv3.weight:lr=1e-05
06/22 02:15:42 - mmengine - INFO - paramwise_options -- backbone.layer4.2.conv3.weight:weight_decay=0.0001
06/22 02:15:42 - mmengine - INFO - paramwise_options -- backbone.layer4.2.conv3.weight:lr_mult=0.1
06/22 02:15:42 - mmengine - INFO - paramwise_options -- backbone.layer4.2.conv3.weight:decay_mult=1.0
06/22 02:15:42 - mmengine - WARNING - backbone.layer4.2.bn3.weight is skipped since its requires_grad=False
06/22 02:15:42 - mmengine - WARNING - backbone.layer4.2.bn3.bias is skipped since its requires_grad=False
loading annotations into memory...
Done (t=0.59s)
creating index...
index created!
loading annotations into memory...
Done (t=0.59s)
creating index...
index created!
06/22 02:15:45 - mmengine - INFO - load model from: torchvision://resnet50
06/22 02:15:45 - mmengine - INFO - Loads checkpoint by torchvision backend from path: torchvision://resnet50
06/22 02:15:46 - mmengine - WARNING - The model and loaded state dict do not match exactly

unexpected key in source state_dict: fc.weight, fc.bias

06/22 02:15:46 - mmengine - WARNING - "FileClient" will be deprecated in future. Please use io functions in https://mmengine.readthedocs.io/en/latest/api/fileio.html#file-io
06/22 02:15:46 - mmengine - WARNING - "HardDiskBackend" is the alias of "LocalBackend" and the former will be deprecated in future.
06/22 02:15:46 - mmengine - INFO - Checkpoints will be saved to /home/01/wyc/mmdetection/work_dirs/conditional-detr_r50_8xb2-50e_coco.
TCAPPDLL 2025-06-22 02:15:47.856964 - Epoch: 0 Iteration: 0  rank : 0  train.loss : 44.897701263427734  train.ips : 1.1601435220887044 imgs/s train.total_time : 1.7239246368408203 
TCAPPDLL 2025-06-22 02:15:48.243836 - Epoch: 0 Iteration: 1  rank : 0  train.loss : 47.52277374267578  train.ips : 5.171844712868748 imgs/s train.total_time : 0.38670921325683594 
TCAPPDLL 2025-06-22 02:15:48.600527 - Epoch: 0 Iteration: 2  rank : 0  train.loss : 47.88904571533203  train.ips : 5.609064254168213 imgs/s train.total_time : 0.3565657138824463 
TCAPPDLL 2025-06-22 02:15:48.954275 - Epoch: 0 Iteration: 3  rank : 0  train.loss : 30.011844635009766  train.ips : 5.655581954149149 imgs/s train.total_time : 0.35363292694091797 
TCAPPDLL 2025-06-22 02:15:49.401788 - Epoch: 0 Iteration: 4  rank : 0  train.loss : 48.52756118774414  train.ips : 4.470488547201857 imgs/s train.total_time : 0.44737839698791504 
TCAPPDLL 2025-06-22 02:15:49.795388 - Epoch: 0 Iteration: 5  rank : 0  train.loss : 41.30245590209961  train.ips : 5.0829235720158925 imgs/s train.total_time : 0.3934743404388428 
TCAPPDLL 2025-06-22 02:15:50.202172 - Epoch: 0 Iteration: 6  rank : 0  train.loss : 43.411888122558594  train.ips : 4.9179913443059675 imgs/s train.total_time : 0.40667009353637695 
TCAPPDLL 2025-06-22 02:15:50.605329 - Epoch: 0 Iteration: 7  rank : 0  train.loss : 40.36396408081055  train.ips : 4.962246359922531 imgs/s train.total_time : 0.403043270111084 
TCAPPDLL 2025-06-22 02:15:50.941313 - Epoch: 0 Iteration: 8  rank : 0  train.loss : 41.02701187133789  train.ips : 5.954853442994645 imgs/s train.total_time : 0.3358604907989502 
TCAPPDLL 2025-06-22 02:15:51.348632 - Epoch: 0 Iteration: 9  rank : 0  train.loss : 36.461429595947266  train.ips : 4.911736841797092 imgs/s train.total_time : 0.40718793869018555 
TCAPPDLL 2025-06-22 02:15:51.726129 - Epoch: 0 Iteration: 10  rank : 0  train.loss : 36.81104278564453  train.ips : 5.2997898054041555 imgs/s train.total_time : 0.37737345695495605 
TCAPPDLL 2025-06-22 02:15:52.140610 - Epoch: 0 Iteration: 11  rank : 0  train.loss : 52.75022506713867  train.ips : 4.826592435664483 imgs/s train.total_time : 0.4143710136413574 
TCAPPDLL 2025-06-22 02:15:52.541397 - Epoch: 0 Iteration: 12  rank : 0  train.loss : 36.691097259521484  train.ips : 4.991570046800016 imgs/s train.total_time : 0.40067553520202637 
TCAPPDLL 2025-06-22 02:15:52.939839 - Epoch: 0 Iteration: 13  rank : 0  train.loss : 34.64595031738281  train.ips : 5.020971871906263 imgs/s train.total_time : 0.3983292579650879 
TCAPPDLL 2025-06-22 02:15:53.174368 - Epoch: 0 Iteration: 14  rank : 0  train.loss : 43.13615798950195  train.ips : 8.531927315038008 imgs/s train.total_time : 0.23441362380981445 
TCAPPDLL 2025-06-22 02:15:53.382974 - Epoch: 0 Iteration: 15  rank : 0  train.loss : 43.934112548828125  train.ips : 9.592758152624494 imgs/s train.total_time : 0.20849061012268066 
TCAPPDLL 2025-06-22 02:15:53.750153 - Epoch: 0 Iteration: 16  rank : 0  train.loss : 39.73197937011719  train.ips : 5.448764990649822 imgs/s train.total_time : 0.36705565452575684 
TCAPPDLL 2025-06-22 02:15:54.106681 - Epoch: 0 Iteration: 17  rank : 0  train.loss : 36.63255310058594  train.ips : 5.611687090175176 imgs/s train.total_time : 0.3563990592956543 
TCAPPDLL 2025-06-22 02:15:54.478830 - Epoch: 0 Iteration: 18  rank : 0  train.loss : 43.12131881713867  train.ips : 5.375796570198149 imgs/s train.total_time : 0.3720378875732422 
TCAPPDLL 2025-06-22 02:15:54.831344 - Epoch: 0 Iteration: 19  rank : 0  train.loss : 34.49193572998047  train.ips : 5.675321784606433 imgs/s train.total_time : 0.352402925491333 
TCAPPDLL 2025-06-22 02:15:55.195493 - Epoch: 0 Iteration: 20  rank : 0  train.loss : 35.85523223876953  train.ips : 5.493982468733463 imgs/s train.total_time : 0.36403465270996094 
TCAPPDLL 2025-06-22 02:15:55.568212 - Epoch: 0 Iteration: 21  rank : 0  train.loss : 40.478065490722656  train.ips : 5.367661352503991 imgs/s train.total_time : 0.3726017475128174 
TCAPPDLL 2025-06-22 02:15:55.973193 - Epoch: 0 Iteration: 22  rank : 0  train.loss : 49.1248779296875  train.ips : 4.939865559183698 imgs/s train.total_time : 0.40486931800842285 
TCAPPDLL 2025-06-22 02:15:56.338893 - Epoch: 0 Iteration: 23  rank : 0  train.loss : 37.810218811035156  train.ips : 5.470636264272318 imgs/s train.total_time : 0.3655881881713867 
TCAPPDLL 2025-06-22 02:15:56.752157 - Epoch: 0 Iteration: 24  rank : 0  train.loss : 31.8497257232666  train.ips : 4.841219173947495 imgs/s train.total_time : 0.4131190776824951 
TCAPPDLL 2025-06-22 02:15:57.117097 - Epoch: 0 Iteration: 25  rank : 0  train.loss : 39.103057861328125  train.ips : 5.482847082922379 imgs/s train.total_time : 0.3647739887237549 
TCAPPDLL 2025-06-22 02:15:57.521857 - Epoch: 0 Iteration: 26  rank : 0  train.loss : 37.682220458984375  train.ips : 4.942735477347732 imgs/s train.total_time : 0.4046342372894287 
TCAPPDLL 2025-06-22 02:15:57.923800 - Epoch: 0 Iteration: 27  rank : 0  train.loss : 33.29413604736328  train.ips : 4.977276948061002 imgs/s train.total_time : 0.4018261432647705 
TCAPPDLL 2025-06-22 02:15:58.296338 - Epoch: 0 Iteration: 28  rank : 0  train.loss : 34.125343322753906  train.ips : 5.370248877758231 imgs/s train.total_time : 0.3724222183227539 
TCAPPDLL 2025-06-22 02:15:58.512994 - Epoch: 0 Iteration: 29  rank : 0  train.loss : 32.67164611816406  train.ips : 9.236113802519158 imgs/s train.total_time : 0.21654129028320312 
TCAPPDLL 2025-06-22 02:15:58.918018 - Epoch: 0 Iteration: 30  rank : 0  train.loss : 33.65589904785156  train.ips : 4.939362357344149 imgs/s train.total_time : 0.4049105644226074 
TCAPPDLL 2025-06-22 02:15:59.310471 - Epoch: 0 Iteration: 31  rank : 0  train.loss : 37.23638916015625  train.ips : 5.097617030689222 imgs/s train.total_time : 0.39234018325805664 
TCAPPDLL 2025-06-22 02:15:59.718129 - Epoch: 0 Iteration: 32  rank : 0  train.loss : 27.430356979370117  train.ips : 4.907443938213277 imgs/s train.total_time : 0.4075441360473633 
TCAPPDLL 2025-06-22 02:16:00.133508 - Epoch: 0 Iteration: 33  rank : 0  train.loss : 34.66254425048828  train.ips : 4.816206266585369 imgs/s train.total_time : 0.4152646064758301 
TCAPPDLL 2025-06-22 02:16:00.491364 - Epoch: 0 Iteration: 34  rank : 0  train.loss : 44.57637023925781  train.ips : 5.590612610222989 imgs/s train.total_time : 0.3577425479888916 
TCAPPDLL 2025-06-22 02:16:00.903451 - Epoch: 0 Iteration: 35  rank : 0  train.loss : 33.683372497558594  train.ips : 4.85469832216008 imgs/s train.total_time : 0.4119720458984375 
TCAPPDLL 2025-06-22 02:16:01.304182 - Epoch: 0 Iteration: 36  rank : 0  train.loss : 33.18507385253906  train.ips : 4.992315676210971 imgs/s train.total_time : 0.4006156921386719 
TCAPPDLL 2025-06-22 02:16:01.686423 - Epoch: 0 Iteration: 37  rank : 0  train.loss : 34.060264587402344  train.ips : 5.2338548715059465 imgs/s train.total_time : 0.3821275234222412 
TCAPPDLL 2025-06-22 02:16:02.084296 - Epoch: 0 Iteration: 38  rank : 0  train.loss : 27.10977554321289  train.ips : 5.028544573246101 imgs/s train.total_time : 0.39772939682006836 
TCAPPDLL 2025-06-22 02:16:02.496916 - Epoch: 0 Iteration: 39  rank : 0  train.loss : 29.917346954345703  train.ips : 4.848710167796678 imgs/s train.total_time : 0.41248083114624023 
TCAPPDLL 2025-06-22 02:16:02.864639 - Epoch: 0 Iteration: 40  rank : 0  train.loss : 47.28934097290039  train.ips : 5.44064400933689 imgs/s train.total_time : 0.3676035404205322 
TCAPPDLL 2025-06-22 02:16:03.249087 - Epoch: 0 Iteration: 41  rank : 0  train.loss : 30.99852752685547  train.ips : 5.203805922281072 imgs/s train.total_time : 0.38433408737182617 
TCAPPDLL 2025-06-22 02:16:03.656355 - Epoch: 0 Iteration: 42  rank : 0  train.loss : 29.220932006835938  train.ips : 4.912130877602061 imgs/s train.total_time : 0.40715527534484863 
TCAPPDLL 2025-06-22 02:16:04.060818 - Epoch: 0 Iteration: 43  rank : 0  train.loss : 27.198699951171875  train.ips : 4.946212365106376 imgs/s train.total_time : 0.40434980392456055 
TCAPPDLL 2025-06-22 02:16:04.423896 - Epoch: 0 Iteration: 44  rank : 0  train.loss : 29.48440170288086  train.ips : 5.510182391684616 imgs/s train.total_time : 0.362964391708374 
TCAPPDLL 2025-06-22 02:16:04.809289 - Epoch: 0 Iteration: 45  rank : 0  train.loss : 34.78187942504883  train.ips : 5.191114851589308 imgs/s train.total_time : 0.38527369499206543 
TCAPPDLL 2025-06-22 02:16:05.034900 - Epoch: 0 Iteration: 46  rank : 0  train.loss : 36.919349670410156  train.ips : 8.86999129771848 imgs/s train.total_time : 0.2254793643951416 
TCAPPDLL 2025-06-22 02:16:05.412358 - Epoch: 0 Iteration: 47  rank : 0  train.loss : 48.21170425415039  train.ips : 5.300462903871939 imgs/s train.total_time : 0.37732553482055664 
TCAPPDLL 2025-06-22 02:16:05.676947 - Epoch: 0 Iteration: 48  rank : 0  train.loss : 32.315093994140625  train.ips : 7.562536962510999 imgs/s train.total_time : 0.2644615173339844 
TCAPPDLL 2025-06-22 02:16:05.943156 - Epoch: 0 Iteration: 49  rank : 0  train.loss : 27.829893112182617  train.ips : 7.516532394999736 imgs/s train.total_time : 0.2660801410675049 
06/22 02:16:05 - mmengine - INFO - Epoch(train)  [1][   50/58633]  base_lr: 1.0000e-04 lr: 1.0000e-05  eta: 13 days, 10:32:02  time: 0.3961  data_time: 0.0208  memory: 2927  grad_norm: nan  loss: 37.5025  loss_cls: 1.9716  loss_bbox: 2.6447  loss_iou: 1.5959  d0.loss_cls: 2.0181  d0.loss_bbox: 2.7154  d0.loss_iou: 1.5902  d1.loss_cls: 2.0236  d1.loss_bbox: 2.6277  d1.loss_iou: 1.5969  d2.loss_cls: 2.0358  d2.loss_bbox: 2.6183  d2.loss_iou: 1.5971  d3.loss_cls: 1.9775  d3.loss_bbox: 2.6614  d3.loss_iou: 1.6010  d4.loss_cls: 1.9839  d4.loss_bbox: 2.6435  d4.loss_iou: 1.5997
TCAPPDLL 2025-06-22 02:16:06.323325 - Epoch: 0 Iteration: 50  rank : 0  train.loss : 39.45691680908203  train.ips : 5.262641217772736 imgs/s train.total_time : 0.3800373077392578 
TCAPPDLL 2025-06-22 02:16:06.731115 - Epoch: 0 Iteration: 51  rank : 0  train.loss : 40.4914665222168  train.ips : 4.906049068631751 imgs/s train.total_time : 0.40766000747680664 
TCAPPDLL 2025-06-22 02:16:07.127056 - Epoch: 0 Iteration: 52  rank : 0  train.loss : 35.17459487915039  train.ips : 5.052952160661149 imgs/s train.total_time : 0.39580821990966797 
TCAPPDLL 2025-06-22 02:16:07.482246 - Epoch: 0 Iteration: 53  rank : 0  train.loss : 32.37576675415039  train.ips : 5.632815149213793 imgs/s train.total_time : 0.35506224632263184 
TCAPPDLL 2025-06-22 02:16:07.726680 - Epoch: 0 Iteration: 54  rank : 0  train.loss : 29.132368087768555  train.ips : 8.186459749407872 imgs/s train.total_time : 0.24430584907531738 
TCAPPDLL 2025-06-22 02:16:08.148759 - Epoch: 0 Iteration: 55  rank : 0  train.loss : 40.0606689453125  train.ips : 4.7406764412013365 imgs/s train.total_time : 0.42188072204589844 
TCAPPDLL 2025-06-22 02:16:08.559342 - Epoch: 0 Iteration: 56  rank : 0  train.loss : 32.731624603271484  train.ips : 4.8729358472327995 imgs/s train.total_time : 0.4104301929473877 
TCAPPDLL 2025-06-22 02:16:08.960538 - Epoch: 0 Iteration: 57  rank : 0  train.loss : 46.20830154418945  train.ips : 4.986926021924714 imgs/s train.total_time : 0.4010486602783203 
TCAPPDLL 2025-06-22 02:16:09.264258 - Epoch: 0 Iteration: 58  rank : 0  train.loss : 34.11040496826172  train.ips : 6.587711996180221 imgs/s train.total_time : 0.30359554290771484 
TCAPPDLL 2025-06-22 02:16:09.637129 - Epoch: 0 Iteration: 59  rank : 0  train.loss : 29.97353744506836  train.ips : 5.3656494120792555 imgs/s train.total_time : 0.3727414608001709 
TCAPPDLL 2025-06-22 02:16:10.021070 - Epoch: 0 Iteration: 60  rank : 0  train.loss : 45.23340606689453  train.ips : 5.210788059041379 imgs/s train.total_time : 0.3838191032409668 
TCAPPDLL 2025-06-22 02:16:10.415033 - Epoch: 0 Iteration: 61  rank : 0  train.loss : 40.289371490478516  train.ips : 5.0788275224891954 imgs/s train.total_time : 0.39379167556762695 
TCAPPDLL 2025-06-22 02:16:10.683110 - Epoch: 0 Iteration: 62  rank : 0  train.loss : 28.19846534729004  train.ips : 7.464535791670189 imgs/s train.total_time : 0.26793360710144043 
TCAPPDLL 2025-06-22 02:16:11.099712 - Epoch: 0 Iteration: 63  rank : 0  train.loss : 39.41603469848633  train.ips : 4.802084645205018 imgs/s train.total_time : 0.4164857864379883 
TCAPPDLL 2025-06-22 02:16:11.479384 - Epoch: 0 Iteration: 64  rank : 0  train.loss : 71.05799102783203  train.ips : 5.269404866747993 imgs/s train.total_time : 0.379549503326416 
TCAPPDLL 2025-06-22 02:16:11.862632 - Epoch: 0 Iteration: 65  rank : 0  train.loss : 38.30526351928711  train.ips : 5.220185244648889 imgs/s train.total_time : 0.38312816619873047 
TCAPPDLL 2025-06-22 02:16:12.237732 - Epoch: 0 Iteration: 66  rank : 0  train.loss : 31.28828239440918  train.ips : 5.333611396875091 imgs/s train.total_time : 0.37498044967651367 
TCAPPDLL 2025-06-22 02:16:12.626306 - Epoch: 0 Iteration: 67  rank : 0  train.loss : 30.634876251220703  train.ips : 5.148605809744939 imgs/s train.total_time : 0.3884546756744385 
TCAPPDLL 2025-06-22 02:16:13.012425 - Epoch: 0 Iteration: 68  rank : 0  train.loss : 31.847665786743164  train.ips : 5.181402657469129 imgs/s train.total_time : 0.38599586486816406 
TCAPPDLL 2025-06-22 02:16:13.395479 - Epoch: 0 Iteration: 69  rank : 0  train.loss : 36.537933349609375  train.ips : 5.223871637080573 imgs/s train.total_time : 0.3828577995300293 
TCAPPDLL 2025-06-22 02:16:13.795526 - Epoch: 0 Iteration: 70  rank : 0  train.loss : 29.543790817260742  train.ips : 5.002494506182595 imgs/s train.total_time : 0.39980053901672363 
TCAPPDLL 2025-06-22 02:16:14.207346 - Epoch: 0 Iteration: 71  rank : 0  train.loss : 29.380983352661133  train.ips : 4.8579623865298025 imgs/s train.total_time : 0.4116952419281006 
TCAPPDLL 2025-06-22 02:16:14.602225 - Epoch: 0 Iteration: 72  rank : 0  train.loss : 30.2451171875  train.ips : 5.0664442456721215 imgs/s train.total_time : 0.39475417137145996 
TCAPPDLL 2025-06-22 02:16:14.982245 - Epoch: 0 Iteration: 73  rank : 0  train.loss : 23.07117462158203  train.ips : 5.264824446395632 imgs/s train.total_time : 0.3798797130584717 
TCAPPDLL 2025-06-22 02:16:15.374449 - Epoch: 0 Iteration: 74  rank : 0  train.loss : 36.95216369628906  train.ips : 5.102326840320545 imgs/s train.total_time : 0.39197802543640137 
TCAPPDLL 2025-06-22 02:16:15.811658 - Epoch: 0 Iteration: 75  rank : 0  train.loss : 34.90837860107422  train.ips : 4.575867268010308 imgs/s train.total_time : 0.4370756149291992 
TCAPPDLL 2025-06-22 02:16:16.236073 - Epoch: 0 Iteration: 76  rank : 0  train.loss : 41.95165252685547  train.ips : 4.713951115127157 imgs/s train.total_time : 0.4242725372314453 
TCAPPDLL 2025-06-22 02:16:16.633053 - Epoch: 0 Iteration: 77  rank : 0  train.loss : 35.87165832519531  train.ips : 5.039537799501249 imgs/s train.total_time : 0.3968617916107178 
TCAPPDLL 2025-06-22 02:16:16.918328 - Epoch: 0 Iteration: 78  rank : 0  train.loss : 42.154930114746094  train.ips : 7.013733815151175 imgs/s train.total_time : 0.2851548194885254 
TCAPPDLL 2025-06-22 02:16:17.248261 - Epoch: 0 Iteration: 79  rank : 0  train.loss : 40.8685188293457  train.ips : 6.064033518923068 imgs/s train.total_time : 0.32981348037719727 
TCAPPDLL 2025-06-22 02:16:17.475938 - Epoch: 0 Iteration: 80  rank : 0  train.loss : 31.230772018432617  train.ips : 8.788935209874577 imgs/s train.total_time : 0.22755885124206543 
TCAPPDLL 2025-06-22 02:16:17.818990 - Epoch: 0 Iteration: 81  rank : 0  train.loss : 42.134071350097656  train.ips : 5.832137280285218 imgs/s train.total_time : 0.3429274559020996 
TCAPPDLL 2025-06-22 02:16:18.084709 - Epoch: 0 Iteration: 82  rank : 0  train.loss : 28.78996467590332  train.ips : 7.530168761220826 imgs/s train.total_time : 0.2655982971191406 
TCAPPDLL 2025-06-22 02:16:18.458452 - Epoch: 0 Iteration: 83  rank : 0  train.loss : 35.697750091552734  train.ips : 5.352950035096676 imgs/s train.total_time : 0.3736257553100586 
TCAPPDLL 2025-06-22 02:16:18.794723 - Epoch: 0 Iteration: 84  rank : 0  train.loss : 32.79145812988281  train.ips : 5.94963321056189 imgs/s train.total_time : 0.3361551761627197 
TCAPPDLL 2025-06-22 02:16:19.178726 - Epoch: 0 Iteration: 85  rank : 0  train.loss : 31.65701675415039  train.ips : 5.210296110697724 imgs/s train.total_time : 0.38385534286499023 
TCAPPDLL 2025-06-22 02:16:19.419491 - Epoch: 0 Iteration: 86  rank : 0  train.loss : 36.84649658203125  train.ips : 8.311765725864383 imgs/s train.total_time : 0.24062275886535645 
TCAPPDLL 2025-06-22 02:16:19.836766 - Epoch: 0 Iteration: 87  rank : 0  train.loss : 39.013790130615234  train.ips : 4.7945587873869036 imgs/s train.total_time : 0.41713953018188477 
TCAPPDLL 2025-06-22 02:16:20.250663 - Epoch: 0 Iteration: 88  rank : 0  train.loss : 26.01274299621582  train.ips : 4.833506192985125 imgs/s train.total_time : 0.41377830505371094 
TCAPPDLL 2025-06-22 02:16:20.484621 - Epoch: 0 Iteration: 89  rank : 0  train.loss : 32.06187438964844  train.ips : 8.552848346803671 imgs/s train.total_time : 0.2338402271270752 
TCAPPDLL 2025-06-22 02:16:20.907187 - Epoch: 0 Iteration: 90  rank : 0  train.loss : 33.80918884277344  train.ips : 4.7342793304539175 imgs/s train.total_time : 0.4224507808685303 
TCAPPDLL 2025-06-22 02:16:21.130279 - Epoch: 0 Iteration: 91  rank : 0  train.loss : 38.84553909301758  train.ips : 8.969710708232867 imgs/s train.total_time : 0.22297263145446777 
TCAPPDLL 2025-06-22 02:16:21.356868 - Epoch: 0 Iteration: 92  rank : 0  train.loss : 26.067686080932617  train.ips : 8.831712689034225 imgs/s train.total_time : 0.2264566421508789 
TCAPPDLL 2025-06-22 02:16:21.786077 - Epoch: 0 Iteration: 93  rank : 0  train.loss : 37.11484146118164  train.ips : 4.661303703489668 imgs/s train.total_time : 0.4290645122528076 
TCAPPDLL 2025-06-22 02:16:22.124446 - Epoch: 0 Iteration: 94  rank : 0  train.loss : 25.786405563354492  train.ips : 5.9129128007257385 imgs/s train.total_time : 0.338242769241333 
TCAPPDLL 2025-06-22 02:16:22.483183 - Epoch: 0 Iteration: 95  rank : 0  train.loss : 46.21180725097656  train.ips : 5.577205589034684 imgs/s train.total_time : 0.35860252380371094 
TCAPPDLL 2025-06-22 02:16:22.880466 - Epoch: 0 Iteration: 96  rank : 0  train.loss : 49.042808532714844  train.ips : 5.03577736129504 imgs/s train.total_time : 0.397158145904541 
TCAPPDLL 2025-06-22 02:16:23.319586 - Epoch: 0 Iteration: 97  rank : 0  train.loss : 30.333099365234375  train.ips : 4.555918653309835 imgs/s train.total_time : 0.43898940086364746 
TCAPPDLL 2025-06-22 02:16:23.773141 - Epoch: 0 Iteration: 98  rank : 0  train.loss : 31.489343643188477  train.ips : 4.410854922416014 imgs/s train.total_time : 0.4534268379211426 
TCAPPDLL 2025-06-22 02:16:24.196268 - Epoch: 0 Iteration: 99  rank : 0  train.loss : 27.925813674926758  train.ips : 4.729101541469377 imgs/s train.total_time : 0.4229133129119873 
06/22 02:16:24 - mmengine - INFO - Epoch(train)  [1][  100/58633]  base_lr: 1.0000e-04 lr: 1.0000e-05  eta: 12 days, 21:50:27  time: 0.3649  data_time: 0.0071  memory: 2657  grad_norm: 72.5999  loss: 35.6067  loss_cls: 1.9071  loss_bbox: 2.3859  loss_iou: 1.6365  d0.loss_cls: 1.8890  d0.loss_bbox: 2.3827  d0.loss_iou: 1.6365  d1.loss_cls: 1.8932  d1.loss_bbox: 2.3863  d1.loss_iou: 1.6392  d2.loss_cls: 1.9212  d2.loss_bbox: 2.3881  d2.loss_iou: 1.6356  d3.loss_cls: 1.9356  d3.loss_bbox: 2.3901  d3.loss_iou: 1.6359  d4.loss_cls: 1.9118  d4.loss_bbox: 2.3850  d4.loss_iou: 1.6471
