--------------+------------------------------------------------
 Host IP      | 10.244.32.82
 PyTorch      | 2.4.0a0+git4451b0e
 Torch-SDAA   | 20250616.14.30.dev0+git35328dc
--------------+------------------------------------------------
 SDAA Driver  | 2.1.0 (N/A)
 SDAA Runtime | 2.1.0 (/opt/tecoai/lib64/libsdaart.so)
 SDPTI        | 1.4.0b0 (/opt/tecoai/lib64/libsdpti.so)
 TecoDNN      | 2.2.0b0 (/opt/tecoai/lib64/libtecodnn.so)
 TecoBLAS     | 2.2.0b0 (/opt/tecoai/lib64/libtecoblas.so)
 CustomDNN    | 1.20.0a0 (/opt/tecoai/lib64/libtecodnn_ext.so)
 TecoRAND     | 2.0.1 (/opt/tecoai/lib64/libtecorand.so)
 TCCL         | 1.23.0 (/opt/tecoai/lib64/libtccl.so)
--------------+------------------------------------------------
/data/bigc-data/zjh/train5/lib/python3.10/site-packages/torch/distributed/launch.py:208: FutureWarning: The module torch.distributed.launch is deprecated
and will be removed in future. Use torchrun.
Note that --use-env is set by default in torchrun.
If your script expects `--local-rank` argument to be set, please
change it to read from `os.environ['LOCAL_RANK']` instead. See 
https://pytorch.org/docs/stable/distributed.html#launch-utility for 
further instructions

  main()
--------------+------------------------------------------------
 Host IP      | 10.244.32.82
 PyTorch      | 2.4.0a0+git4451b0e
 Torch-SDAA   | 20250616.14.30.dev0+git35328dc
--------------+------------------------------------------------
 SDAA Driver  | 2.1.0 (N/A)
 SDAA Runtime | 2.1.0 (/opt/tecoai/lib64/libsdaart.so)
 SDPTI        | 1.4.0b0 (/opt/tecoai/lib64/libsdpti.so)
 TecoDNN      | 2.2.0b0 (/opt/tecoai/lib64/libtecodnn.so)
 TecoBLAS     | 2.2.0b0 (/opt/tecoai/lib64/libtecoblas.so)
 CustomDNN    | 1.20.0a0 (/opt/tecoai/lib64/libtecodnn_ext.so)
 TecoRAND     | 2.0.1 (/opt/tecoai/lib64/libtecorand.so)
 TCCL         | 1.23.0 (/opt/tecoai/lib64/libtccl.so)
--------------+------------------------------------------------
/data/bigc-data/zjh/train5/lib/python3.10/site-packages/mmengine/optim/optimizer/zero_optimizer.py:11: DeprecationWarning: `TorchScript` support for functional optimizers is deprecated and will be removed in a future PyTorch release. Consider using the `torch.compile` optimizer instead.
  from torch.distributed.optim import \
/data/bigc-data/zjh/train5/lib/python3.10/site-packages/mmengine/utils/dl_utils/setup_env.py:46: UserWarning: Setting OMP_NUM_THREADS environment variable for each process to be 1 in default, to avoid your system being overloaded, please further tune the variable for optimal performance in your application as needed.
  warnings.warn(
/data/bigc-data/zjh/train5/lib/python3.10/site-packages/mmengine/utils/dl_utils/setup_env.py:56: UserWarning: Setting MKL_NUM_THREADS environment variable for each process to be 1 in default, to avoid your system being overloaded, please further tune the variable for optimal performance in your application as needed.
  warnings.warn(
06/26 06:32:22 - mmengine - INFO - 
------------------------------------------------------------
System environment:
    sys.platform: linux
    Python: 3.10.16 (main, Dec 11 2024, 16:24:50) [GCC 11.2.0]
    CUDA available: False
    MUSA available: False
    numpy_random_seed: 1126229836
    GCC: gcc (Ubuntu 11.4.0-1ubuntu1~22.04) 11.4.0
    PyTorch: 2.4.0a0+git4451b0e
    PyTorch compiling details: PyTorch built with:
  - GCC 11.5
  - C++ Version: 201703
  - Intel(R) oneAPI Math Kernel Library Version 2025.0-Product Build 20241009 for Intel(R) 64 architecture applications
  - Intel(R) MKL-DNN v3.4.2 (Git Hash 1137e04ec0b5251ca2b4400a4fd3c667ce843d67)
  - OpenMP 201511 (a.k.a. OpenMP 4.5)
  - LAPACK is enabled (usually provided by MKL)
  - NNPACK is enabled
  - CPU capability usage: AVX512
  - Build settings: BLAS_INFO=mkl, BUILD_TYPE=Release, CXX_COMPILER=/usr/bin/g++, CXX_FLAGS= -D_GLIBCXX_USE_CXX11_ABI=1 -fvisibility-inlines-hidden -DUSE_PTHREADPOOL -DNDEBUG -DUSE_KINETO -DLIBKINETO_NOCUPTI -DLIBKINETO_NOROCTRACER -DUSE_FBGEMM -DUSE_PYTORCH_QNNPACK -DUSE_XNNPACK -DSYMBOLICATE_MOBILE_DEBUG_HANDLE -O2 -fPIC -Wall -Wextra -Werror=return-type -Werror=non-virtual-dtor -Werror=range-loop-construct -Werror=bool-operation -Wnarrowing -Wno-missing-field-initializers -Wno-type-limits -Wno-array-bounds -Wno-unknown-pragmas -Wno-unused-parameter -Wno-unused-function -Wno-unused-result -Wno-strict-overflow -Wno-strict-aliasing -Wno-stringop-overflow -Wsuggest-override -Wno-psabi -Wno-error=pedantic -Wno-error=old-style-cast -Wno-missing-braces -fdiagnostics-color=always -faligned-new -Wno-unused-but-set-variable -Wno-maybe-uninitialized -fno-math-errno -fno-trapping-math -Werror=format -Wno-stringop-overflow, FORCE_FALLBACK_CUDA_MPI=1, LAPACK_INFO=mkl, PERF_WITH_AVX=1, PERF_WITH_AVX2=1, PERF_WITH_AVX512=1, TORCH_VERSION=2.4.0, USE_CUDA=OFF, USE_CUDNN=OFF, USE_CUSPARSELT=OFF, USE_EXCEPTION_PTR=1, USE_GFLAGS=OFF, USE_GLOG=OFF, USE_GLOO=ON, USE_MKL=ON, USE_MKLDNN=1, USE_MPI=ON, USE_NCCL=OFF, USE_NNPACK=ON, USE_OPENMP=ON, USE_ROCM=OFF, USE_ROCM_KERNEL_ASSERT=OFF, 

    TorchVision: 0.15.1a0+42759b1
    OpenCV: 4.11.0
    MMEngine: 0.10.4

Runtime environment:
    cudnn_benchmark: True
    mp_cfg: {'mp_start_method': 'fork', 'opencv_num_threads': 0}
    dist_cfg: {'backend': 'tccl'}
    seed: 1126229836
    Distributed launcher: pytorch
    Distributed training: True
    GPU number: 1
------------------------------------------------------------

06/26 06:32:22 - mmengine - INFO - Config:
crop_size = (
    512,
    1024,
)
data_preprocessor = dict(
    bgr_to_rgb=True,
    mean=[
        123.675,
        116.28,
        103.53,
    ],
    pad_val=0,
    seg_pad_val=255,
    size=(
        512,
        1024,
    ),
    std=[
        58.395,
        57.12,
        57.375,
    ],
    type='SegDataPreProcessor')
data_root = '/data/teco-data/Cityscapes/'
dataset_type = 'CityscapesDataset'
default_hooks = dict(
    checkpoint=dict(by_epoch=False, interval=16000, type='CheckpointHook'),
    logger=dict(interval=50, log_metric_by_epoch=False, type='LoggerHook'),
    param_scheduler=dict(type='ParamSchedulerHook'),
    sampler_seed=dict(type='DistSamplerSeedHook'),
    timer=dict(type='IterTimerHook'),
    visualization=dict(type='SegVisualizationHook'))
default_scope = 'mmseg'
env_cfg = dict(
    cudnn_benchmark=True,
    dist_cfg=dict(backend='nccl'),
    mp_cfg=dict(mp_start_method='fork', opencv_num_threads=0))
img_ratios = [
    0.5,
    0.75,
    1.0,
    1.25,
    1.5,
    1.75,
]
launcher = 'pytorch'
load_from = None
log_level = 'INFO'
log_processor = dict(by_epoch=False)
model = dict(
    backbone=dict(
        dec_non_bottleneck_channels=(
            64,
            16,
        ),
        dec_stages_non_bottleneck=(
            2,
            2,
        ),
        dec_upsample_channels=(
            64,
            16,
        ),
        dropout_ratio=0.1,
        enc_downsample_channels=(
            16,
            64,
            128,
        ),
        enc_non_bottleneck_channels=(
            64,
            128,
        ),
        enc_non_bottleneck_dilations=(
            2,
            4,
            8,
            16,
        ),
        enc_stage_non_bottlenecks=(
            5,
            8,
        ),
        in_channels=3,
        init_cfg=None,
        type='ERFNet'),
    data_preprocessor=dict(
        bgr_to_rgb=True,
        mean=[
            123.675,
            116.28,
            103.53,
        ],
        pad_val=0,
        seg_pad_val=255,
        size=(
            512,
            1024,
        ),
        std=[
            58.395,
            57.12,
            57.375,
        ],
        type='SegDataPreProcessor'),
    decode_head=dict(
        align_corners=False,
        channels=128,
        concat_input=False,
        dropout_ratio=0.1,
        in_channels=16,
        loss_decode=dict(
            loss_weight=1.0, type='CrossEntropyLoss', use_sigmoid=False),
        norm_cfg=dict(requires_grad=True, type='SyncBN'),
        num_classes=19,
        num_convs=1,
        type='FCNHead'),
    pretrained=None,
    test_cfg=dict(mode='whole'),
    train_cfg=dict(),
    type='EncoderDecoder')
norm_cfg = dict(requires_grad=True, type='SyncBN')
optim_wrapper = dict(
    clip_grad=None,
    loss_scale='dynamic',
    optimizer=dict(lr=0.01, momentum=0.9, type='SGD', weight_decay=0.0005),
    type='AmpOptimWrapper')
optimizer = dict(lr=0.01, momentum=0.9, type='SGD', weight_decay=0.0005)
param_scheduler = [
    dict(
        begin=0,
        by_epoch=False,
        end=160000,
        eta_min=0.0001,
        power=0.9,
        type='PolyLR'),
]
resume = False
test_cfg = dict(type='TestLoop')
test_dataloader = dict(
    batch_size=1,
    dataset=dict(
        data_prefix=dict(
            img_path='leftImg8bit/val', seg_map_path='gtFine/val'),
        data_root='/data/teco-data/Cityscapes/',
        pipeline=[
            dict(type='LoadImageFromFile'),
            dict(keep_ratio=True, scale=(
                2048,
                1024,
            ), type='Resize'),
            dict(type='LoadAnnotations'),
            dict(type='PackSegInputs'),
        ],
        type='CityscapesDataset'),
    num_workers=4,
    persistent_workers=True,
    sampler=dict(shuffle=False, type='DefaultSampler'))
test_evaluator = dict(
    iou_metrics=[
        'mIoU',
    ], type='IoUMetric')
test_pipeline = [
    dict(type='LoadImageFromFile'),
    dict(keep_ratio=True, scale=(
        2048,
        1024,
    ), type='Resize'),
    dict(type='LoadAnnotations'),
    dict(type='PackSegInputs'),
]
train_cfg = dict(
    max_iters=160000, type='IterBasedTrainLoop', val_interval=16000)
train_dataloader = dict(
    batch_size=4,
    dataset=dict(
        data_prefix=dict(
            img_path='leftImg8bit/train', seg_map_path='gtFine/train'),
        data_root='/data/teco-data/Cityscapes/',
        pipeline=[
            dict(type='LoadImageFromFile'),
            dict(type='LoadAnnotations'),
            dict(
                keep_ratio=True,
                ratio_range=(
                    0.5,
                    2.0,
                ),
                scale=(
                    2048,
                    1024,
                ),
                type='RandomResize'),
            dict(
                cat_max_ratio=0.75, crop_size=(
                    512,
                    1024,
                ), type='RandomCrop'),
            dict(prob=0.5, type='RandomFlip'),
            dict(type='PhotoMetricDistortion'),
            dict(type='PackSegInputs'),
        ],
        type='CityscapesDataset'),
    num_workers=4,
    persistent_workers=True,
    sampler=dict(shuffle=True, type='InfiniteSampler'))
train_pipeline = [
    dict(type='LoadImageFromFile'),
    dict(type='LoadAnnotations'),
    dict(
        keep_ratio=True,
        ratio_range=(
            0.5,
            2.0,
        ),
        scale=(
            2048,
            1024,
        ),
        type='RandomResize'),
    dict(cat_max_ratio=0.75, crop_size=(
        512,
        1024,
    ), type='RandomCrop'),
    dict(prob=0.5, type='RandomFlip'),
    dict(type='PhotoMetricDistortion'),
    dict(type='PackSegInputs'),
]
tta_model = dict(type='SegTTAModel')
tta_pipeline = [
    dict(backend_args=None, type='LoadImageFromFile'),
    dict(
        transforms=[
            [
                dict(keep_ratio=True, scale_factor=0.5, type='Resize'),
                dict(keep_ratio=True, scale_factor=0.75, type='Resize'),
                dict(keep_ratio=True, scale_factor=1.0, type='Resize'),
                dict(keep_ratio=True, scale_factor=1.25, type='Resize'),
                dict(keep_ratio=True, scale_factor=1.5, type='Resize'),
                dict(keep_ratio=True, scale_factor=1.75, type='Resize'),
            ],
            [
                dict(direction='horizontal', prob=0.0, type='RandomFlip'),
                dict(direction='horizontal', prob=1.0, type='RandomFlip'),
            ],
            [
                dict(type='LoadAnnotations'),
            ],
            [
                dict(type='PackSegInputs'),
            ],
        ],
        type='TestTimeAug'),
]
val_cfg = dict(type='ValLoop')
val_dataloader = dict(
    batch_size=1,
    dataset=dict(
        data_prefix=dict(
            img_path='leftImg8bit/val', seg_map_path='gtFine/val'),
        data_root='/data/teco-data/Cityscapes/',
        pipeline=[
            dict(type='LoadImageFromFile'),
            dict(keep_ratio=True, scale=(
                2048,
                1024,
            ), type='Resize'),
            dict(type='LoadAnnotations'),
            dict(type='PackSegInputs'),
        ],
        type='CityscapesDataset'),
    num_workers=4,
    persistent_workers=True,
    sampler=dict(shuffle=False, type='DefaultSampler'))
val_evaluator = dict(
    iou_metrics=[
        'mIoU',
    ], type='IoUMetric')
vis_backends = [
    dict(type='LocalVisBackend'),
]
visualizer = dict(
    name='visualizer',
    type='SegLocalVisualizer',
    vis_backends=[
        dict(type='LocalVisBackend'),
    ])
work_dir = './work_dirs/erfnet_fcn_4xb4-160k_cityscapes-512x1024'

/data/bigc-data/zjh/new/deeplabv3/mmseg/models/losses/cross_entropy_loss.py:250: UserWarning: Default ``avg_non_ignore`` is False, if you would like to ignore the certain label and average loss over non-ignore labels, which is the same with PyTorch official cross_entropy, set ``avg_non_ignore=True``.
  warnings.warn(
/data/bigc-data/zjh/new/deeplabv3/mmseg/engine/hooks/visualization_hook.py:60: UserWarning: The draw is False, it means that the hook for visualization will not take effect. The results will NOT be visualized or stored.
  warnings.warn('The draw is False, it means that the '
06/26 06:32:26 - mmengine - INFO - Hooks will be executed in the following order:
before_run:
(VERY_HIGH   ) RuntimeInfoHook                    
(BELOW_NORMAL) LoggerHook                         
 -------------------- 
before_train:
(VERY_HIGH   ) RuntimeInfoHook                    
(NORMAL      ) IterTimerHook                      
(VERY_LOW    ) CheckpointHook                     
 -------------------- 
before_train_epoch:
(VERY_HIGH   ) RuntimeInfoHook                    
(NORMAL      ) IterTimerHook                      
(NORMAL      ) DistSamplerSeedHook                
 -------------------- 
before_train_iter:
(VERY_HIGH   ) RuntimeInfoHook                    
(NORMAL      ) IterTimerHook                      
 -------------------- 
after_train_iter:
(VERY_HIGH   ) RuntimeInfoHook                    
(NORMAL      ) IterTimerHook                      
(BELOW_NORMAL) LoggerHook                         
(LOW         ) ParamSchedulerHook                 
(VERY_LOW    ) CheckpointHook                     
 -------------------- 
after_train_epoch:
(NORMAL      ) IterTimerHook                      
(LOW         ) ParamSchedulerHook                 
(VERY_LOW    ) CheckpointHook                     
 -------------------- 
before_val:
(VERY_HIGH   ) RuntimeInfoHook                    
 -------------------- 
before_val_epoch:
(NORMAL      ) IterTimerHook                      
 -------------------- 
before_val_iter:
(NORMAL      ) IterTimerHook                      
 -------------------- 
after_val_iter:
(NORMAL      ) IterTimerHook                      
(NORMAL      ) SegVisualizationHook               
(BELOW_NORMAL) LoggerHook                         
 -------------------- 
after_val_epoch:
(VERY_HIGH   ) RuntimeInfoHook                    
(NORMAL      ) IterTimerHook                      
(BELOW_NORMAL) LoggerHook                         
(LOW         ) ParamSchedulerHook                 
(VERY_LOW    ) CheckpointHook                     
 -------------------- 
after_val:
(VERY_HIGH   ) RuntimeInfoHook                    
 -------------------- 
after_train:
(VERY_HIGH   ) RuntimeInfoHook                    
(VERY_LOW    ) CheckpointHook                     
 -------------------- 
before_test:
(VERY_HIGH   ) RuntimeInfoHook                    
 -------------------- 
before_test_epoch:
(NORMAL      ) IterTimerHook                      
 -------------------- 
before_test_iter:
(NORMAL      ) IterTimerHook                      
 -------------------- 
after_test_iter:
(NORMAL      ) IterTimerHook                      
(NORMAL      ) SegVisualizationHook               
(BELOW_NORMAL) LoggerHook                         
 -------------------- 
after_test_epoch:
(VERY_HIGH   ) RuntimeInfoHook                    
(NORMAL      ) IterTimerHook                      
(BELOW_NORMAL) LoggerHook                         
 -------------------- 
after_test:
(VERY_HIGH   ) RuntimeInfoHook                    
 -------------------- 
after_run:
(BELOW_NORMAL) LoggerHook                         
 -------------------- 
/data/bigc-data/zjh/train5/lib/python3.10/site-packages/albumentations/check_version.py:147: UserWarning: Error fetching version info The read operation timed out
  data = fetch_version_info()
06/26 06:32:34 - mmengine - WARNING - The prefix is not set in metric class IoUMetric.
06/26 06:32:34 - mmengine - WARNING - "FileClient" will be deprecated in future. Please use io functions in https://mmengine.readthedocs.io/en/latest/api/fileio.html#file-io
06/26 06:32:34 - mmengine - WARNING - "HardDiskBackend" is the alias of "LocalBackend" and the former will be deprecated in future.
06/26 06:32:34 - mmengine - INFO - Checkpoints will be saved to /data/bigc-data/zjh/new/erfnet/run_scripts/work_dirs/erfnet_fcn_4xb4-160k_cityscapes-512x1024.
TCAPPDLL 2025-06-26 06:32:38.307676 - Epoch: 0 Iteration: 0  rank : 0  train.loss : 2.8494434356689453  train.ips : 1.1434773286063578 imgs/s train.total_time : 3.4981017112731934 
TCAPPDLL 2025-06-26 06:32:40.899309 - Epoch: 0 Iteration: 1  rank : 0  train.loss : 2.6657941341400146  train.ips : 1.5436182232379774 imgs/s train.total_time : 2.5913143157958984 
TCAPPDLL 2025-06-26 06:32:43.408572 - Epoch: 0 Iteration: 2  rank : 0  train.loss : 2.7614102363586426  train.ips : 1.5943080410171966 imgs/s train.total_time : 2.508925437927246 
TCAPPDLL 2025-06-26 06:32:46.007993 - Epoch: 0 Iteration: 3  rank : 0  train.loss : 2.6364171504974365  train.ips : 1.539008882600553 imgs/s train.total_time : 2.5990753173828125 
TCAPPDLL 2025-06-26 06:32:48.698847 - Epoch: 0 Iteration: 4  rank : 0  train.loss : 2.733192205429077  train.ips : 1.4867210588486546 imgs/s train.total_time : 2.6904845237731934 
TCAPPDLL 2025-06-26 06:32:51.196429 - Epoch: 0 Iteration: 5  rank : 0  train.loss : 2.588712453842163  train.ips : 1.6018545641335087 imgs/s train.total_time : 2.497105598449707 
TCAPPDLL 2025-06-26 06:32:53.899105 - Epoch: 0 Iteration: 6  rank : 0  train.loss : 2.624769687652588  train.ips : 1.4802564286037587 imgs/s train.total_time : 2.7022345066070557 
TCAPPDLL 2025-06-26 06:32:56.498853 - Epoch: 0 Iteration: 7  rank : 0  train.loss : 2.518187999725342  train.ips : 1.5388221287789603 imgs/s train.total_time : 2.599390745162964 
TCAPPDLL 2025-06-26 06:32:59.098277 - Epoch: 0 Iteration: 8  rank : 0  train.loss : 2.291293144226074  train.ips : 1.5390914752749978 imgs/s train.total_time : 2.598935842514038 
TCAPPDLL 2025-06-26 06:33:01.706804 - Epoch: 0 Iteration: 9  rank : 0  train.loss : 2.365082025527954  train.ips : 1.5336684196169543 imgs/s train.total_time : 2.608125686645508 
TCAPPDLL 2025-06-26 06:33:04.602434 - Epoch: 0 Iteration: 10  rank : 0  train.loss : 2.233025074005127  train.ips : 1.3816289769909074 imgs/s train.total_time : 2.8951332569122314 
TCAPPDLL 2025-06-26 06:33:07.306498 - Epoch: 0 Iteration: 11  rank : 0  train.loss : 2.1746273040771484  train.ips : 1.4794987952606207 imgs/s train.total_time : 2.703618288040161 
TCAPPDLL 2025-06-26 06:33:09.906173 - Epoch: 0 Iteration: 12  rank : 0  train.loss : 2.136186122894287  train.ips : 1.5388519103641538 imgs/s train.total_time : 2.5993404388427734 
TCAPPDLL 2025-06-26 06:33:12.599267 - Epoch: 0 Iteration: 13  rank : 0  train.loss : 1.8871192932128906  train.ips : 1.4854631544891894 imgs/s train.total_time : 2.692762851715088 
TCAPPDLL 2025-06-26 06:33:15.499660 - Epoch: 0 Iteration: 14  rank : 0  train.loss : 1.8189109563827515  train.ips : 1.379279682782089 imgs/s train.total_time : 2.900064468383789 
TCAPPDLL 2025-06-26 06:33:18.099578 - Epoch: 0 Iteration: 15  rank : 0  train.loss : 2.451289653778076  train.ips : 1.538694405670085 imgs/s train.total_time : 2.599606513977051 
TCAPPDLL 2025-06-26 06:33:20.798903 - Epoch: 0 Iteration: 16  rank : 0  train.loss : 1.98475182056427  train.ips : 1.4821561370474543 imgs/s train.total_time : 2.6987709999084473 
TCAPPDLL 2025-06-26 06:33:23.700210 - Epoch: 0 Iteration: 17  rank : 0  train.loss : 1.9767775535583496  train.ips : 1.378971890524998 imgs/s train.total_time : 2.90071177482605 
TCAPPDLL 2025-06-26 06:33:26.303596 - Epoch: 0 Iteration: 18  rank : 0  train.loss : 2.2831907272338867  train.ips : 1.5367164903118586 imgs/s train.total_time : 2.602952480316162 
TCAPPDLL 2025-06-26 06:33:28.905325 - Epoch: 0 Iteration: 19  rank : 0  train.loss : 2.50616192817688  train.ips : 1.5376281458672227 imgs/s train.total_time : 2.6014091968536377 
TCAPPDLL 2025-06-26 06:33:31.407423 - Epoch: 0 Iteration: 20  rank : 0  train.loss : 1.8463214635849  train.ips : 1.598855646931627 imgs/s train.total_time : 2.5017893314361572 
TCAPPDLL 2025-06-26 06:33:34.100530 - Epoch: 0 Iteration: 21  rank : 0  train.loss : 1.6213617324829102  train.ips : 1.4854574989935196 imgs/s train.total_time : 2.6927731037139893 
TCAPPDLL 2025-06-26 06:33:36.796594 - Epoch: 0 Iteration: 22  rank : 0  train.loss : 2.029449939727783  train.ips : 1.4839289389659933 imgs/s train.total_time : 2.695546865463257 
TCAPPDLL 2025-06-26 06:33:39.505595 - Epoch: 0 Iteration: 23  rank : 0  train.loss : 1.806027889251709  train.ips : 1.4768002656216908 imgs/s train.total_time : 2.7085585594177246 
TCAPPDLL 2025-06-26 06:33:42.403002 - Epoch: 0 Iteration: 24  rank : 0  train.loss : 1.95539391040802  train.ips : 1.3807737731254202 imgs/s train.total_time : 2.8969264030456543 
TCAPPDLL 2025-06-26 06:33:45.197206 - Epoch: 0 Iteration: 25  rank : 0  train.loss : 1.6196650266647339  train.ips : 1.4317465418820794 imgs/s train.total_time : 2.793790578842163 
TCAPPDLL 2025-06-26 06:33:47.609139 - Epoch: 0 Iteration: 26  rank : 0  train.loss : 1.7866110801696777  train.ips : 1.6587275112684647 imgs/s train.total_time : 2.411487102508545 
TCAPPDLL 2025-06-26 06:33:50.208187 - Epoch: 0 Iteration: 27  rank : 0  train.loss : 1.8615262508392334  train.ips : 1.5392273136163945 imgs/s train.total_time : 2.5987064838409424 
TCAPPDLL 2025-06-26 06:33:53.002124 - Epoch: 0 Iteration: 28  rank : 0  train.loss : 1.6752665042877197  train.ips : 1.4318335417858814 imgs/s train.total_time : 2.7936208248138428 
TCAPPDLL 2025-06-26 06:33:55.608753 - Epoch: 0 Iteration: 29  rank : 0  train.loss : 1.7320064306259155  train.ips : 1.5347325623208934 imgs/s train.total_time : 2.6063172817230225 
TCAPPDLL 2025-06-26 06:33:58.300770 - Epoch: 0 Iteration: 30  rank : 0  train.loss : 1.6904410123825073  train.ips : 1.4860503766097601 imgs/s train.total_time : 2.6916987895965576 
TCAPPDLL 2025-06-26 06:34:00.997997 - Epoch: 0 Iteration: 31  rank : 0  train.loss : 2.188331127166748  train.ips : 1.4832984093272692 imgs/s train.total_time : 2.696692705154419 
TCAPPDLL 2025-06-26 06:34:03.698956 - Epoch: 0 Iteration: 32  rank : 0  train.loss : 1.697616457939148  train.ips : 1.4811866468024057 imgs/s train.total_time : 2.7005374431610107 
TCAPPDLL 2025-06-26 06:34:06.301984 - Epoch: 0 Iteration: 33  rank : 0  train.loss : 1.53327476978302  train.ips : 1.5368773915210934 imgs/s train.total_time : 2.602679967880249 
TCAPPDLL 2025-06-26 06:34:09.206737 - Epoch: 0 Iteration: 34  rank : 0  train.loss : 2.0231847763061523  train.ips : 1.3772426491020209 imgs/s train.total_time : 2.9043538570404053 
TCAPPDLL 2025-06-26 06:34:11.997577 - Epoch: 0 Iteration: 35  rank : 0  train.loss : 2.0708835124969482  train.ips : 1.433539505052869 imgs/s train.total_time : 2.7902963161468506 
TCAPPDLL 2025-06-26 06:34:14.597062 - Epoch: 0 Iteration: 36  rank : 0  train.loss : 1.7457256317138672  train.ips : 1.5389998473587188 imgs/s train.total_time : 2.599090576171875 
TCAPPDLL 2025-06-26 06:34:17.099999 - Epoch: 0 Iteration: 37  rank : 0  train.loss : 1.276684045791626  train.ips : 1.5983328850970928 imgs/s train.total_time : 2.502607583999634 
TCAPPDLL 2025-06-26 06:34:19.806984 - Epoch: 0 Iteration: 38  rank : 0  train.loss : 1.7172749042510986  train.ips : 1.4778358743320998 imgs/s train.total_time : 2.706660509109497 
TCAPPDLL 2025-06-26 06:34:22.409780 - Epoch: 0 Iteration: 39  rank : 0  train.loss : 2.0975677967071533  train.ips : 1.5371257776348102 imgs/s train.total_time : 2.602259397506714 
TCAPPDLL 2025-06-26 06:34:24.992554 - Epoch: 0 Iteration: 40  rank : 0  train.loss : 2.215139865875244  train.ips : 1.5489704054165718 imgs/s train.total_time : 2.5823605060577393 
TCAPPDLL 2025-06-26 06:34:27.598077 - Epoch: 0 Iteration: 41  rank : 0  train.loss : 1.4831516742706299  train.ips : 1.535394941562488 imgs/s train.total_time : 2.6051928997039795 
TCAPPDLL 2025-06-26 06:34:30.199026 - Epoch: 0 Iteration: 42  rank : 0  train.loss : 1.7011574506759644  train.ips : 1.538102498997042 imgs/s train.total_time : 2.600606918334961 
TCAPPDLL 2025-06-26 06:34:32.798324 - Epoch: 0 Iteration: 43  rank : 0  train.loss : 1.7420786619186401  train.ips : 1.5390656376394265 imgs/s train.total_time : 2.5989794731140137 
TCAPPDLL 2025-06-26 06:34:35.298797 - Epoch: 0 Iteration: 44  rank : 0  train.loss : 1.7666020393371582  train.ips : 1.5999185222157608 imgs/s train.total_time : 2.5001273155212402 
TCAPPDLL 2025-06-26 06:34:37.898966 - Epoch: 0 Iteration: 45  rank : 0  train.loss : 1.6659746170043945  train.ips : 1.5385637407645638 imgs/s train.total_time : 2.599827289581299 
TCAPPDLL 2025-06-26 06:34:40.499003 - Epoch: 0 Iteration: 46  rank : 0  train.loss : 1.5211410522460938  train.ips : 1.538631469262708 imgs/s train.total_time : 2.59971284866333 
TCAPPDLL 2025-06-26 06:34:43.098234 - Epoch: 0 Iteration: 47  rank : 0  train.loss : 1.2194786071777344  train.ips : 1.5391160430117627 imgs/s train.total_time : 2.5988943576812744 
TCAPPDLL 2025-06-26 06:34:45.708001 - Epoch: 0 Iteration: 48  rank : 0  train.loss : 1.1857573986053467  train.ips : 1.5328883321170828 imgs/s train.total_time : 2.609452962875366 
TCAPPDLL 2025-06-26 06:34:48.399398 - Epoch: 0 Iteration: 49  rank : 0  train.loss : 1.5128315687179565  train.ips : 1.4863918972351802 imgs/s train.total_time : 2.691080331802368 
06/26 06:34:48 - mmengine - INFO - Iter(train) [    50/160000]  lr: 9.9973e-03  eta: 4 days, 22:41:27  time: 2.5986  data_time: 0.0389  memory: 2643  loss: 1.6013  decode.loss_ce: 1.6013  decode.acc_seg: 56.4136
TCAPPDLL 2025-06-26 06:34:51.099614 - Epoch: 0 Iteration: 50  rank : 0  train.loss : 1.6259485483169556  train.ips : 1.4815718571202754 imgs/s train.total_time : 2.6998353004455566 
TCAPPDLL 2025-06-26 06:34:53.700020 - Epoch: 0 Iteration: 51  rank : 0  train.loss : 1.9221153259277344  train.ips : 1.5385885738548772 imgs/s train.total_time : 2.599785327911377 
TCAPPDLL 2025-06-26 06:34:56.298264 - Epoch: 0 Iteration: 52  rank : 0  train.loss : 1.3878501653671265  train.ips : 1.5397326110746254 imgs/s train.total_time : 2.597853660583496 
TCAPPDLL 2025-06-26 06:34:58.998967 - Epoch: 0 Iteration: 53  rank : 0  train.loss : 1.4961154460906982  train.ips : 1.4812729583536954 imgs/s train.total_time : 2.7003800868988037 
TCAPPDLL 2025-06-26 06:35:01.697012 - Epoch: 0 Iteration: 54  rank : 0  train.loss : 1.8908908367156982  train.ips : 1.4827318361502106 imgs/s train.total_time : 2.697723150253296 
TCAPPDLL 2025-06-26 06:35:04.208730 - Epoch: 0 Iteration: 55  rank : 0  train.loss : 1.474530577659607  train.ips : 1.5927341045483523 imgs/s train.total_time : 2.5114047527313232 
TCAPPDLL 2025-06-26 06:35:06.799242 - Epoch: 0 Iteration: 56  rank : 0  train.loss : 1.2866636514663696  train.ips : 1.5442844583766067 imgs/s train.total_time : 2.590196371078491 
TCAPPDLL 2025-06-26 06:35:09.499695 - Epoch: 0 Iteration: 57  rank : 0  train.loss : 1.7812858819961548  train.ips : 1.481418533802168 imgs/s train.total_time : 2.7001147270202637 
TCAPPDLL 2025-06-26 06:35:12.202797 - Epoch: 0 Iteration: 58  rank : 0  train.loss : 1.2065269947052002  train.ips : 1.4800542823672906 imgs/s train.total_time : 2.702603578567505 
TCAPPDLL 2025-06-26 06:35:14.805303 - Epoch: 0 Iteration: 59  rank : 0  train.loss : 1.5174390077590942  train.ips : 1.5372118303222926 imgs/s train.total_time : 2.602113723754883 
TCAPPDLL 2025-06-26 06:35:17.498406 - Epoch: 0 Iteration: 60  rank : 0  train.loss : 1.1636192798614502  train.ips : 1.4854527641930542 imgs/s train.total_time : 2.692781686782837 
TCAPPDLL 2025-06-26 06:35:20.197847 - Epoch: 0 Iteration: 61  rank : 0  train.loss : 1.6798831224441528  train.ips : 1.4819636821549032 imgs/s train.total_time : 2.6991214752197266 
TCAPPDLL 2025-06-26 06:35:23.106715 - Epoch: 0 Iteration: 62  rank : 0  train.loss : 1.3240419626235962  train.ips : 1.3753277397336634 imgs/s train.total_time : 2.908397674560547 
TCAPPDLL 2025-06-26 06:35:25.905983 - Epoch: 0 Iteration: 63  rank : 0  train.loss : 1.5160601139068604  train.ips : 1.4291330520478156 imgs/s train.total_time : 2.7988996505737305 
TCAPPDLL 2025-06-26 06:35:28.502446 - Epoch: 0 Iteration: 64  rank : 0  train.loss : 1.7435191869735718  train.ips : 1.5407341558374172 imgs/s train.total_time : 2.5961649417877197 
TCAPPDLL 2025-06-26 06:35:31.097941 - Epoch: 0 Iteration: 65  rank : 0  train.loss : 1.5481834411621094  train.ips : 1.5413188860166318 imgs/s train.total_time : 2.595180034637451 
TCAPPDLL 2025-06-26 06:35:33.698034 - Epoch: 0 Iteration: 66  rank : 0  train.loss : 1.781315803527832  train.ips : 1.5386162298307406 imgs/s train.total_time : 2.599738597869873 
TCAPPDLL 2025-06-26 06:35:36.198438 - Epoch: 0 Iteration: 67  rank : 0  train.loss : 1.7580256462097168  train.ips : 1.599982300000496 imgs/s train.total_time : 2.500027656555176 
TCAPPDLL 2025-06-26 06:35:38.798913 - Epoch: 0 Iteration: 68  rank : 0  train.loss : 1.6040176153182983  train.ips : 1.538367926069797 imgs/s train.total_time : 2.600158214569092 
TCAPPDLL 2025-06-26 06:35:41.397092 - Epoch: 0 Iteration: 69  rank : 0  train.loss : 1.6138355731964111  train.ips : 1.5397266761072408 imgs/s train.total_time : 2.5978636741638184 
TCAPPDLL 2025-06-26 06:35:44.101899 - Epoch: 0 Iteration: 70  rank : 0  train.loss : 1.6196959018707275  train.ips : 1.4790394239992721 imgs/s train.total_time : 2.704457998275757 
TCAPPDLL 2025-06-26 06:35:46.698944 - Epoch: 0 Iteration: 71  rank : 0  train.loss : 1.433903694152832  train.ips : 1.5403909698278415 imgs/s train.total_time : 2.59674334526062 
TCAPPDLL 2025-06-26 06:35:49.201806 - Epoch: 0 Iteration: 72  rank : 0  train.loss : 1.4051295518875122  train.ips : 1.5983703444145074 imgs/s train.total_time : 2.502548933029175 
TCAPPDLL 2025-06-26 06:35:51.705854 - Epoch: 0 Iteration: 73  rank : 0  train.loss : 1.3090413808822632  train.ips : 1.5976386829082763 imgs/s train.total_time : 2.503695011138916 
TCAPPDLL 2025-06-26 06:35:54.297652 - Epoch: 0 Iteration: 74  rank : 0  train.loss : 1.329877257347107  train.ips : 1.5435395462859938 imgs/s train.total_time : 2.5914463996887207 
TCAPPDLL 2025-06-26 06:35:56.897361 - Epoch: 0 Iteration: 75  rank : 0  train.loss : 1.1165592670440674  train.ips : 1.5388324322301492 imgs/s train.total_time : 2.5993733406066895 
TCAPPDLL 2025-06-26 06:35:59.697772 - Epoch: 0 Iteration: 76  rank : 0  train.loss : 2.4119997024536133  train.ips : 1.4285356910070337 imgs/s train.total_time : 2.80007004737854 
TCAPPDLL 2025-06-26 06:36:02.299656 - Epoch: 0 Iteration: 77  rank : 0  train.loss : 1.862766981124878  train.ips : 1.5375310558579298 imgs/s train.total_time : 2.6015734672546387 
TCAPPDLL 2025-06-26 06:36:05.000834 - Epoch: 0 Iteration: 78  rank : 0  train.loss : 1.3834670782089233  train.ips : 1.4811079289765938 imgs/s train.total_time : 2.70068097114563 
TCAPPDLL 2025-06-26 06:36:07.698423 - Epoch: 0 Iteration: 79  rank : 0  train.loss : 2.1584348678588867  train.ips : 1.4830351257434418 imgs/s train.total_time : 2.697171449661255 
TCAPPDLL 2025-06-26 06:36:10.201428 - Epoch: 0 Iteration: 80  rank : 0  train.loss : 1.499625325202942  train.ips : 1.5982917732331634 imgs/s train.total_time : 2.502671957015991 
TCAPPDLL 2025-06-26 06:36:12.797294 - Epoch: 0 Iteration: 81  rank : 0  train.loss : 1.8290010690689087  train.ips : 1.541115149682453 imgs/s train.total_time : 2.5955231189727783 
TCAPPDLL 2025-06-26 06:36:15.397302 - Epoch: 0 Iteration: 82  rank : 0  train.loss : 2.1395318508148193  train.ips : 1.538642475706875 imgs/s train.total_time : 2.59969425201416 
TCAPPDLL 2025-06-26 06:36:17.997289 - Epoch: 0 Iteration: 83  rank : 0  train.loss : 1.8021031618118286  train.ips : 1.5386587034438384 imgs/s train.total_time : 2.5996668338775635 
TCAPPDLL 2025-06-26 06:36:20.597140 - Epoch: 0 Iteration: 84  rank : 0  train.loss : 1.9301701784133911  train.ips : 1.5387360368404086 imgs/s train.total_time : 2.599536180496216 
TCAPPDLL 2025-06-26 06:36:23.008108 - Epoch: 0 Iteration: 85  rank : 0  train.loss : 1.3987631797790527  train.ips : 1.6592975892181165 imgs/s train.total_time : 2.410658597946167 
TCAPPDLL 2025-06-26 06:36:25.697046 - Epoch: 0 Iteration: 86  rank : 0  train.loss : 1.4652589559555054  train.ips : 1.487747149555903 imgs/s train.total_time : 2.688628911972046 
TCAPPDLL 2025-06-26 06:36:28.196446 - Epoch: 0 Iteration: 87  rank : 0  train.loss : 1.505368709564209  train.ips : 1.600574241666522 imgs/s train.total_time : 2.49910306930542 
TCAPPDLL 2025-06-26 06:36:30.697893 - Epoch: 0 Iteration: 88  rank : 0  train.loss : 2.0191707611083984  train.ips : 1.5992581566168038 imgs/s train.total_time : 2.50115966796875 
TCAPPDLL 2025-06-26 06:36:33.305763 - Epoch: 0 Iteration: 89  rank : 0  train.loss : 1.4651988744735718  train.ips : 1.534004689091234 imgs/s train.total_time : 2.6075539588928223 
TCAPPDLL 2025-06-26 06:36:36.000009 - Epoch: 0 Iteration: 90  rank : 0  train.loss : 1.5719318389892578  train.ips : 1.4849110919049624 imgs/s train.total_time : 2.6937639713287354 
TCAPPDLL 2025-06-26 06:36:38.600094 - Epoch: 0 Iteration: 91  rank : 0  train.loss : 2.013430118560791  train.ips : 1.538672250338578 imgs/s train.total_time : 2.5996439456939697 
TCAPPDLL 2025-06-26 06:36:41.299976 - Epoch: 0 Iteration: 92  rank : 0  train.loss : 2.402287006378174  train.ips : 1.4817809617312052 imgs/s train.total_time : 2.6994543075561523 
TCAPPDLL 2025-06-26 06:36:43.899294 - Epoch: 0 Iteration: 93  rank : 0  train.loss : 1.9085036516189575  train.ips : 1.5390992408541417 imgs/s train.total_time : 2.5989227294921875 
TCAPPDLL 2025-06-26 06:36:46.500192 - Epoch: 0 Iteration: 94  rank : 0  train.loss : 1.4368857145309448  train.ips : 1.5382357652218697 imgs/s train.total_time : 2.60038161277771 
TCAPPDLL 2025-06-26 06:36:49.199524 - Epoch: 0 Iteration: 95  rank : 0  train.loss : 1.7337849140167236  train.ips : 1.4820737811829319 imgs/s train.total_time : 2.698920965194702 
TCAPPDLL 2025-06-26 06:36:51.901788 - Epoch: 0 Iteration: 96  rank : 0  train.loss : 1.9762165546417236  train.ips : 1.4804155204704939 imgs/s train.total_time : 2.70194411277771 
TCAPPDLL 2025-06-26 06:36:54.600166 - Epoch: 0 Iteration: 97  rank : 0  train.loss : 1.4666327238082886  train.ips : 1.482649678349493 imgs/s train.total_time : 2.6978726387023926 
TCAPPDLL 2025-06-26 06:36:57.195081 - Epoch: 0 Iteration: 98  rank : 0  train.loss : 1.6856110095977783  train.ips : 1.5417093777857949 imgs/s train.total_time : 2.594522714614868 
TCAPPDLL 2025-06-26 06:36:59.700526 - Epoch: 0 Iteration: 99  rank : 0  train.loss : 1.5828020572662354  train.ips : 1.5967268330310818 imgs/s train.total_time : 2.505124807357788 
06/26 06:36:59 - mmengine - INFO - Iter(train) [   100/160000]  lr: 9.9945e-03  eta: 4 days, 21:38:15  time: 2.6390  data_time: 0.0404  memory: 2643  loss: 1.7778  decode.loss_ce: 1.7778  decode.acc_seg: 43.3434
TCAPPDLL 2025-06-26 06:37:02.407008 - Epoch: 0 Iteration: 100  rank : 0  train.loss : 1.9466944932937622  train.ips : 1.4781251830893096 imgs/s train.total_time : 2.7061307430267334 
