--------------+------------------------------------------------
 Host IP      | 10.244.37.148
 PyTorch      | 2.4.0a0+git4451b0e
 Torch-SDAA   | 20250616.14.30.dev0+git35328dc
--------------+------------------------------------------------
 SDAA Driver  | 2.1.0 (N/A)
 SDAA Runtime | 2.1.0 (/opt/tecoai/lib64/libsdaart.so)
 SDPTI        | 1.4.0b0 (/opt/tecoai/lib64/libsdpti.so)
 TecoDNN      | 2.2.0b0 (/opt/tecoai/lib64/libtecodnn.so)
 TecoBLAS     | 2.2.0b0 (/opt/tecoai/lib64/libtecoblas.so)
 CustomDNN    | 1.20.0a0 (/opt/tecoai/lib64/libtecodnn_ext.so)
 TecoRAND     | 2.0.1 (/opt/tecoai/lib64/libtecorand.so)
 TCCL         | 1.23.0 (/opt/tecoai/lib64/libtccl.so)
--------------+------------------------------------------------
Using device: cuda
TCAPPDLL 2025-06-23 08:43:12.887606 - Epoch: 1 Iteration: 0  rank : 0  train.loss : 1.17367109375  train.ips : 5778.521892624963 imgs/s
TCAPPDLL 2025-06-23 08:43:12.900779 - Epoch: 1 Iteration: 1  rank : 0  train.loss : 1.1177020833333333  train.ips : 13211.381548834806 imgs/s
TCAPPDLL 2025-06-23 08:43:12.920890 - Epoch: 1 Iteration: 2  rank : 0  train.loss : 1.0652140625  train.ips : 13287.89723535381 imgs/s
TCAPPDLL 2025-06-23 08:43:12.939799 - Epoch: 1 Iteration: 3  rank : 0  train.loss : 1.0077708984375  train.ips : 13293.81978457348 imgs/s
TCAPPDLL 2025-06-23 08:43:12.961020 - Epoch: 1 Iteration: 4  rank : 0  train.loss : 0.9500681640625  train.ips : 9987.552777467723 imgs/s
TCAPPDLL 2025-06-23 08:43:12.976602 - Epoch: 1 Iteration: 5  rank : 0  train.loss : 0.8815091796875  train.ips : 10593.766762697818 imgs/s
TCAPPDLL 2025-06-23 08:43:12.994688 - Epoch: 1 Iteration: 6  rank : 0  train.loss : 0.8228690755208333  train.ips : 7346.445791540661 imgs/s
TCAPPDLL 2025-06-23 08:43:13.009090 - Epoch: 1 Iteration: 7  rank : 0  train.loss : 0.750520703125  train.ips : 9343.547781896657 imgs/s
TCAPPDLL 2025-06-23 08:43:13.021039 - Epoch: 1 Iteration: 8  rank : 0  train.loss : 0.702955078125  train.ips : 11329.25871528657 imgs/s
TCAPPDLL 2025-06-23 08:43:13.032077 - Epoch: 1 Iteration: 9  rank : 0  train.loss : 0.6434838541666666  train.ips : 12357.76889789154 imgs/s
TCAPPDLL 2025-06-23 08:43:13.048414 - Epoch: 1 Iteration: 10  rank : 0  train.loss : 0.6552522786458334  train.ips : 11944.532716310321 imgs/s
TCAPPDLL 2025-06-23 08:43:13.063087 - Epoch: 1 Iteration: 11  rank : 0  train.loss : 0.6379037760416667  train.ips : 13143.460033784611 imgs/s
TCAPPDLL 2025-06-23 08:43:13.091222 - Epoch: 1 Iteration: 12  rank : 0  train.loss : 0.6262053385416667  train.ips : 13458.784457257458 imgs/s
TCAPPDLL 2025-06-23 08:43:13.114041 - Epoch: 1 Iteration: 13  rank : 0  train.loss : 0.5792876302083333  train.ips : 13553.923554657915 imgs/s
TCAPPDLL 2025-06-23 08:43:13.134750 - Epoch: 1 Iteration: 14  rank : 0  train.loss : 0.54540166015625  train.ips : 11979.71464911302 imgs/s
TCAPPDLL 2025-06-23 08:43:13.152715 - Epoch: 1 Iteration: 15  rank : 0  train.loss : 0.53628310546875  train.ips : 12789.644614908164 imgs/s
TCAPPDLL 2025-06-23 08:43:13.173118 - Epoch: 1 Iteration: 16  rank : 0  train.loss : 0.5232402018229166  train.ips : 10830.56106516038 imgs/s
TCAPPDLL 2025-06-23 08:43:13.187004 - Epoch: 1 Iteration: 17  rank : 0  train.loss : 0.5307319986979167  train.ips : 12944.758451077783 imgs/s
TCAPPDLL 2025-06-23 08:43:13.204903 - Epoch: 1 Iteration: 18  rank : 0  train.loss : 0.5126093424479167  train.ips : 11671.360507837127 imgs/s
TCAPPDLL 2025-06-23 08:43:13.222014 - Epoch: 1 Iteration: 19  rank : 0  train.loss : 0.5207721354166667  train.ips : 11375.10672288493 imgs/s
TCAPPDLL 2025-06-23 08:43:13.238349 - Epoch: 1 Iteration: 20  rank : 0  train.loss : 0.5094515950520834  train.ips : 10781.406378022331 imgs/s
TCAPPDLL 2025-06-23 08:43:13.252915 - Epoch: 1 Iteration: 21  rank : 0  train.loss : 0.5059900065104167  train.ips : 9228.550270734851 imgs/s
TCAPPDLL 2025-06-23 08:43:13.269406 - Epoch: 1 Iteration: 22  rank : 0  train.loss : 0.5071817057291667  train.ips : 8071.790233341352 imgs/s
TCAPPDLL 2025-06-23 08:43:13.283818 - Epoch: 1 Iteration: 23  rank : 0  train.loss : 0.48879404296875  train.ips : 9344.198276912366 imgs/s
TCAPPDLL 2025-06-23 08:43:13.300441 - Epoch: 1 Iteration: 24  rank : 0  train.loss : 0.4965365234375  train.ips : 8023.29724721284 imgs/s
TCAPPDLL 2025-06-23 08:43:13.315693 - Epoch: 1 Iteration: 25  rank : 0  train.loss : 0.47711546223958334  train.ips : 9542.336070527177 imgs/s
TCAPPDLL 2025-06-23 08:43:13.329761 - Epoch: 1 Iteration: 26  rank : 0  train.loss : 0.48714013671875  train.ips : 10005.794543014761 imgs/s
TCAPPDLL 2025-06-23 08:43:13.344572 - Epoch: 1 Iteration: 27  rank : 0  train.loss : 0.4885919921875  train.ips : 9033.516380340227 imgs/s
TCAPPDLL 2025-06-23 08:43:13.356578 - Epoch: 1 Iteration: 28  rank : 0  train.loss : 0.47760465494791665  train.ips : 11811.301799621595 imgs/s
TCAPPDLL 2025-06-23 08:43:13.373114 - Epoch: 1 Iteration: 29  rank : 0  train.loss : 0.47923779296875  train.ips : 10420.833323628176 imgs/s
TCAPPDLL 2025-06-23 08:43:13.386073 - Epoch: 1 Iteration: 30  rank : 0  train.loss : 0.46409713541666664  train.ips : 12399.439050302555 imgs/s
TCAPPDLL 2025-06-23 08:43:13.403784 - Epoch: 1 Iteration: 31  rank : 0  train.loss : 0.47439287109375  train.ips : 11983.190750412929 imgs/s
TCAPPDLL 2025-06-23 08:43:13.422120 - Epoch: 1 Iteration: 32  rank : 0  train.loss : 0.4767376302083333  train.ips : 11449.82644116957 imgs/s
TCAPPDLL 2025-06-23 08:43:13.438117 - Epoch: 1 Iteration: 33  rank : 0  train.loss : 0.4711619466145833  train.ips : 13525.58163907994 imgs/s
TCAPPDLL 2025-06-23 08:43:13.456326 - Epoch: 1 Iteration: 34  rank : 0  train.loss : 0.45019423828125  train.ips : 11060.153519704993 imgs/s
TCAPPDLL 2025-06-23 08:43:13.472246 - Epoch: 1 Iteration: 35  rank : 0  train.loss : 0.4636807291666667  train.ips : 11005.963755637556 imgs/s
TCAPPDLL 2025-06-23 08:43:13.485440 - Epoch: 1 Iteration: 36  rank : 0  train.loss : 0.47224993489583333  train.ips : 12826.004873620335 imgs/s
TCAPPDLL 2025-06-23 08:43:13.503132 - Epoch: 1 Iteration: 37  rank : 0  train.loss : 0.46236373697916666  train.ips : 12895.321307616554 imgs/s
TCAPPDLL 2025-06-23 08:43:13.520299 - Epoch: 1 Iteration: 38  rank : 0  train.loss : 0.45054661458333334  train.ips : 11962.097814219826 imgs/s
TCAPPDLL 2025-06-23 08:43:13.537729 - Epoch: 1 Iteration: 39  rank : 0  train.loss : 0.4628521809895833  train.ips : 11085.503035308693 imgs/s
TCAPPDLL 2025-06-23 08:43:13.551041 - Epoch: 1 Iteration: 40  rank : 0  train.loss : 0.45542145182291666  train.ips : 12895.940813336216 imgs/s
TCAPPDLL 2025-06-23 08:43:13.568908 - Epoch: 1 Iteration: 41  rank : 0  train.loss : 0.45823662109375  train.ips : 11663.24676848211 imgs/s
TCAPPDLL 2025-06-23 08:43:13.587819 - Epoch: 1 Iteration: 42  rank : 0  train.loss : 0.4770611328125  train.ips : 10728.83517186251 imgs/s
TCAPPDLL 2025-06-23 08:43:13.602927 - Epoch: 1 Iteration: 43  rank : 0  train.loss : 0.4553578450520833  train.ips : 12165.943302590133 imgs/s
TCAPPDLL 2025-06-23 08:43:13.622467 - Epoch: 1 Iteration: 44  rank : 0  train.loss : 0.46416207682291666  train.ips : 10912.675813565867 imgs/s
TCAPPDLL 2025-06-23 08:43:13.637261 - Epoch: 1 Iteration: 45  rank : 0  train.loss : 0.463980859375  train.ips : 11696.788862502452 imgs/s
TCAPPDLL 2025-06-23 08:43:13.650284 - Epoch: 1 Iteration: 46  rank : 0  train.loss : 0.4509111328125  train.ips : 10331.195627910556 imgs/s
TCAPPDLL 2025-06-23 08:43:13.661596 - Epoch: 1 Iteration: 47  rank : 0  train.loss : 0.45455016276041665  train.ips : 12035.845222615791 imgs/s
TCAPPDLL 2025-06-23 08:43:13.672153 - Epoch: 1 Iteration: 48  rank : 0  train.loss : 0.4505654622395833  train.ips : 12910.205891547434 imgs/s
TCAPPDLL 2025-06-23 08:43:13.684485 - Epoch: 1 Iteration: 49  rank : 0  train.loss : 0.44899332682291665  train.ips : 10936.684634032064 imgs/s
TCAPPDLL 2025-06-23 08:43:13.695618 - Epoch: 1 Iteration: 50  rank : 0  train.loss : 0.44553134765625  train.ips : 12200.779765016021 imgs/s
TCAPPDLL 2025-06-23 08:43:13.708739 - Epoch: 1 Iteration: 51  rank : 0  train.loss : 0.4422826497395833  train.ips : 11614.046467356033 imgs/s
TCAPPDLL 2025-06-23 08:43:13.722763 - Epoch: 1 Iteration: 52  rank : 0  train.loss : 0.44477197265625  train.ips : 13049.852017501215 imgs/s
TCAPPDLL 2025-06-23 08:43:13.738777 - Epoch: 1 Iteration: 53  rank : 0  train.loss : 0.45133427734375  train.ips : 13253.45393502518 imgs/s
TCAPPDLL 2025-06-23 08:43:13.757191 - Epoch: 1 Iteration: 54  rank : 0  train.loss : 0.4412947265625  train.ips : 11560.029972869386 imgs/s
TCAPPDLL 2025-06-23 08:43:13.772533 - Epoch: 1 Iteration: 55  rank : 0  train.loss : 0.4626752278645833  train.ips : 11137.938508775569 imgs/s
TCAPPDLL 2025-06-23 08:43:13.782848 - Epoch: 1 Iteration: 56  rank : 0  train.loss : 0.4436822591145833  train.ips : 13209.431193563467 imgs/s
TCAPPDLL 2025-06-23 08:43:13.795166 - Epoch: 1 Iteration: 57  rank : 0  train.loss : 0.44481171875  train.ips : 13111.681531773555 imgs/s
TCAPPDLL 2025-06-23 08:43:13.807940 - Epoch: 1 Iteration: 58  rank : 0  train.loss : 0.45364436848958334  train.ips : 12693.784272000757 imgs/s
TCAPPDLL 2025-06-23 08:43:13.818703 - Epoch: 1 Iteration: 59  rank : 0  train.loss : 0.4544837890625  train.ips : 12642.966088922381 imgs/s
TCAPPDLL 2025-06-23 08:43:13.830732 - Epoch: 1 Iteration: 60  rank : 0  train.loss : 0.43640361328125  train.ips : 13394.982834331337 imgs/s
TCAPPDLL 2025-06-23 08:43:13.846021 - Epoch: 1 Iteration: 61  rank : 0  train.loss : 0.45478916015625  train.ips : 13019.786880077603 imgs/s
TCAPPDLL 2025-06-23 08:43:13.862440 - Epoch: 1 Iteration: 62  rank : 0  train.loss : 0.42913974609375  train.ips : 13492.269910281218 imgs/s
TCAPPDLL 2025-06-23 08:43:13.879195 - Epoch: 1 Iteration: 63  rank : 0  train.loss : 0.44155501302083333  train.ips : 13243.972469595677 imgs/s
TCAPPDLL 2025-06-23 08:43:13.895281 - Epoch: 1 Iteration: 64  rank : 0  train.loss : 0.45002884114583336  train.ips : 13235.809674079188 imgs/s
TCAPPDLL 2025-06-23 08:43:13.913287 - Epoch: 1 Iteration: 65  rank : 0  train.loss : 0.4426190104166667  train.ips : 12770.78217845334 imgs/s
TCAPPDLL 2025-06-23 08:43:13.930050 - Epoch: 1 Iteration: 66  rank : 0  train.loss : 0.436849609375  train.ips : 13084.519314664522 imgs/s
TCAPPDLL 2025-06-23 08:43:13.949437 - Epoch: 1 Iteration: 67  rank : 0  train.loss : 0.44029892578125  train.ips : 12658.765697578458 imgs/s
TCAPPDLL 2025-06-23 08:43:13.964042 - Epoch: 1 Iteration: 68  rank : 0  train.loss : 0.4283345377604167  train.ips : 12832.7495936514 imgs/s
TCAPPDLL 2025-06-23 08:43:13.980240 - Epoch: 1 Iteration: 69  rank : 0  train.loss : 0.4508005533854167  train.ips : 13172.483548838236 imgs/s
TCAPPDLL 2025-06-23 08:43:13.996999 - Epoch: 1 Iteration: 70  rank : 0  train.loss : 0.41674140625  train.ips : 12946.319226410089 imgs/s
TCAPPDLL 2025-06-23 08:43:14.012731 - Epoch: 1 Iteration: 71  rank : 0  train.loss : 0.43676188151041667  train.ips : 12657.273481705017 imgs/s
TCAPPDLL 2025-06-23 08:43:14.025518 - Epoch: 1 Iteration: 72  rank : 0  train.loss : 0.4312341471354167  train.ips : 12697.987511825922 imgs/s
TCAPPDLL 2025-06-23 08:43:14.039634 - Epoch: 1 Iteration: 73  rank : 0  train.loss : 0.410985546875  train.ips : 12669.819039977345 imgs/s
TCAPPDLL 2025-06-23 08:43:14.055966 - Epoch: 1 Iteration: 74  rank : 0  train.loss : 0.41998479817708334  train.ips : 12753.489927784112 imgs/s
TCAPPDLL 2025-06-23 08:43:14.073381 - Epoch: 1 Iteration: 75  rank : 0  train.loss : 0.42311819661458333  train.ips : 13339.401992695108 imgs/s
TCAPPDLL 2025-06-23 08:43:14.091261 - Epoch: 1 Iteration: 76  rank : 0  train.loss : 0.4204680989583333  train.ips : 12958.50620323437 imgs/s
TCAPPDLL 2025-06-23 08:43:14.108780 - Epoch: 1 Iteration: 77  rank : 0  train.loss : 0.41679609375  train.ips : 11934.177566353977 imgs/s
TCAPPDLL 2025-06-23 08:43:14.123634 - Epoch: 1 Iteration: 78  rank : 0  train.loss : 0.42617317708333335  train.ips : 13003.388766439799 imgs/s
TCAPPDLL 2025-06-23 08:43:14.141342 - Epoch: 1 Iteration: 79  rank : 0  train.loss : 0.4338949544270833  train.ips : 12975.104816685598 imgs/s
TCAPPDLL 2025-06-23 08:43:14.157530 - Epoch: 1 Iteration: 80  rank : 0  train.loss : 0.42169759114583333  train.ips : 13256.726554397748 imgs/s
TCAPPDLL 2025-06-23 08:43:14.174983 - Epoch: 1 Iteration: 81  rank : 0  train.loss : 0.40888837890625  train.ips : 12829.989532799618 imgs/s
TCAPPDLL 2025-06-23 08:43:14.190771 - Epoch: 1 Iteration: 82  rank : 0  train.loss : 0.4128670572916667  train.ips : 13173.129971782604 imgs/s
TCAPPDLL 2025-06-23 08:43:14.207860 - Epoch: 1 Iteration: 83  rank : 0  train.loss : 0.4078990559895833  train.ips : 12757.126508886988 imgs/s
TCAPPDLL 2025-06-23 08:43:14.227283 - Epoch: 1 Iteration: 84  rank : 0  train.loss : 0.4153318359375  train.ips : 12982.321226483533 imgs/s
TCAPPDLL 2025-06-23 08:43:14.242165 - Epoch: 1 Iteration: 85  rank : 0  train.loss : 0.4039039388020833  train.ips : 13554.265747683607 imgs/s
TCAPPDLL 2025-06-23 08:43:14.263701 - Epoch: 1 Iteration: 86  rank : 0  train.loss : 0.40299833984375  train.ips : 12779.293804003713 imgs/s
TCAPPDLL 2025-06-23 08:43:14.279668 - Epoch: 1 Iteration: 87  rank : 0  train.loss : 0.4194906575520833  train.ips : 12841.34404898584 imgs/s
TCAPPDLL 2025-06-23 08:43:14.297325 - Epoch: 1 Iteration: 88  rank : 0  train.loss : 0.4110841796875  train.ips : 13351.344457984134 imgs/s
TCAPPDLL 2025-06-23 08:43:14.313386 - Epoch: 1 Iteration: 89  rank : 0  train.loss : 0.41566940104166666  train.ips : 13135.742017567469 imgs/s
TCAPPDLL 2025-06-23 08:43:14.331509 - Epoch: 1 Iteration: 90  rank : 0  train.loss : 0.41356149088541666  train.ips : 13320.86723072724 imgs/s
TCAPPDLL 2025-06-23 08:43:14.348629 - Epoch: 1 Iteration: 91  rank : 0  train.loss : 0.40194716796875  train.ips : 12806.729610457765 imgs/s
TCAPPDLL 2025-06-23 08:43:14.363845 - Epoch: 1 Iteration: 92  rank : 0  train.loss : 0.4152825846354167  train.ips : 13278.69486285276 imgs/s
TCAPPDLL 2025-06-23 08:43:14.382664 - Epoch: 1 Iteration: 93  rank : 0  train.loss : 0.4186390625  train.ips : 13220.16527948781 imgs/s
TCAPPDLL 2025-06-23 08:43:14.399521 - Epoch: 1 Iteration: 94  rank : 0  train.loss : 0.4123139322916667  train.ips : 13137.349190035726 imgs/s
TCAPPDLL 2025-06-23 08:43:14.415208 - Epoch: 1 Iteration: 95  rank : 0  train.loss : 0.4027578125  train.ips : 12637.906640615805 imgs/s
TCAPPDLL 2025-06-23 08:43:14.431534 - Epoch: 1 Iteration: 96  rank : 0  train.loss : 0.3961259114583333  train.ips : 12839.194356092312 imgs/s
TCAPPDLL 2025-06-23 08:43:14.461486 - Epoch: 1 Iteration: 97  rank : 0  train.loss : 0.40681363932291664  train.ips : 13488.202195814385 imgs/s
TCAPPDLL 2025-06-23 08:43:14.483243 - Epoch: 1 Iteration: 98  rank : 0  train.loss : 0.4033431640625  train.ips : 10454.51895702296 imgs/s
TCAPPDLL 2025-06-23 08:43:14.496878 - Epoch: 1 Iteration: 99  rank : 0  train.loss : 0.40105397135416665  train.ips : 12459.870776086149 imgs/s
====> Epoch: 1 Average loss: 50.2518
====> Test set loss: 183.8364
Executing command: python main.py --batch-size 128 --epochs 1 --seed 1 --log-interval 10
