Namespace(augmentation_prob=0.11151479513802354, batch_size=1, beta1=0.5, beta2=0.999, cuda_idx=0, image_size=224, img_ch=3, log_step=2, lr=0.000446190817490782, mode='train', model_path='./models', model_type='AttU_Net', num_epochs=100, num_epochs_decay=20, num_workers=8, output_ch=1, result_path='./result/AttU_Net', t=3, test_path='./dataset/test/', train_path='./dataset/train/', val_step=2, valid_path='./dataset/valid/')
image count in train path :1815
image count in valid path :259
image count in test path :520
TCAPPDLL 2025-06-20 02:30:12.553196 - Epoch: 0 Iteration: 0  rank : 0  train.loss : 0.9999395608901978  train.ips : 0.29417395432035454 imgs/s
TCAPPDLL 2025-06-20 02:30:15.288567 - Epoch: 0 Iteration: 1  rank : 0  train.loss : 0.6926383972167969  train.ips : 0.3666138462828059 imgs/s
TCAPPDLL 2025-06-20 02:30:15.320134 - Epoch: 0 Iteration: 2  rank : 0  train.loss : 0.9359488487243652  train.ips : 33.80295129794247 imgs/s
TCAPPDLL 2025-06-20 02:30:15.356799 - Epoch: 0 Iteration: 3  rank : 0  train.loss : 0.7819902300834656  train.ips : 32.77849936307724 imgs/s
TCAPPDLL 2025-06-20 02:30:15.387962 - Epoch: 0 Iteration: 4  rank : 0  train.loss : 0.8476282954216003  train.ips : 34.25151891291566 imgs/s
TCAPPDLL 2025-06-20 02:30:15.419530 - Epoch: 0 Iteration: 5  rank : 0  train.loss : 0.7474964261054993  train.ips : 33.86818688328677 imgs/s
TCAPPDLL 2025-06-20 02:30:15.447989 - Epoch: 0 Iteration: 6  rank : 0  train.loss : 0.8480119705200195  train.ips : 37.6103299856528 imgs/s
TCAPPDLL 2025-06-20 02:30:15.477388 - Epoch: 0 Iteration: 7  rank : 0  train.loss : 0.7014950513839722  train.ips : 38.6457818892124 imgs/s
TCAPPDLL 2025-06-20 02:30:15.507236 - Epoch: 0 Iteration: 8  rank : 0  train.loss : 0.6809274554252625  train.ips : 38.66074292561527 imgs/s
TCAPPDLL 2025-06-20 02:30:15.536251 - Epoch: 0 Iteration: 9  rank : 0  train.loss : 0.7072772979736328  train.ips : 36.87721673685784 imgs/s
TCAPPDLL 2025-06-20 02:30:15.564156 - Epoch: 0 Iteration: 10  rank : 0  train.loss : 0.7930966019630432  train.ips : 38.46573734409391 imgs/s
TCAPPDLL 2025-06-20 02:30:15.593823 - Epoch: 0 Iteration: 11  rank : 0  train.loss : 0.7180042266845703  train.ips : 37.743678347101486 imgs/s
TCAPPDLL 2025-06-20 02:30:15.621325 - Epoch: 0 Iteration: 12  rank : 0  train.loss : 0.6609929203987122  train.ips : 39.0480198111978 imgs/s
TCAPPDLL 2025-06-20 02:30:15.648844 - Epoch: 0 Iteration: 13  rank : 0  train.loss : 0.8019813895225525  train.ips : 38.82823869211827 imgs/s
TCAPPDLL 2025-06-20 02:30:15.676234 - Epoch: 0 Iteration: 14  rank : 0  train.loss : 0.7276141047477722  train.ips : 39.16359935385678 imgs/s
TCAPPDLL 2025-06-20 02:30:15.703955 - Epoch: 0 Iteration: 15  rank : 0  train.loss : 0.8228616714477539  train.ips : 39.31410574859167 imgs/s
TCAPPDLL 2025-06-20 02:30:15.734108 - Epoch: 0 Iteration: 16  rank : 0  train.loss : 0.8610677719116211  train.ips : 36.89668094689339 imgs/s
TCAPPDLL 2025-06-20 02:30:15.764434 - Epoch: 0 Iteration: 17  rank : 0  train.loss : 0.8679617047309875  train.ips : 36.909993311978596 imgs/s
TCAPPDLL 2025-06-20 02:30:15.794814 - Epoch: 0 Iteration: 18  rank : 0  train.loss : 0.6845601797103882  train.ips : 36.8983038918995 imgs/s
TCAPPDLL 2025-06-20 02:30:17.010591 - Epoch: 0 Iteration: 19  rank : 0  train.loss : 0.8471078276634216  train.ips : 35.5895869395513 imgs/s
TCAPPDLL 2025-06-20 02:30:17.593722 - Epoch: 0 Iteration: 20  rank : 0  train.loss : 0.736862301826477  train.ips : 35.82915328367389 imgs/s
TCAPPDLL 2025-06-20 02:30:17.622897 - Epoch: 0 Iteration: 21  rank : 0  train.loss : 0.792268693447113  train.ips : 36.615806336153085 imgs/s
TCAPPDLL 2025-06-20 02:30:17.651207 - Epoch: 0 Iteration: 22  rank : 0  train.loss : 0.7919920682907104  train.ips : 37.95338062834805 imgs/s
TCAPPDLL 2025-06-20 02:30:20.286767 - Epoch: 0 Iteration: 23  rank : 0  train.loss : 0.578643262386322  train.ips : 25.70874119658958 imgs/s
TCAPPDLL 2025-06-20 02:30:20.315005 - Epoch: 0 Iteration: 24  rank : 0  train.loss : 0.8170391321182251  train.ips : 38.552714304097655 imgs/s
TCAPPDLL 2025-06-20 02:30:20.342237 - Epoch: 0 Iteration: 25  rank : 0  train.loss : 0.8015705347061157  train.ips : 39.256336340833364 imgs/s
TCAPPDLL 2025-06-20 02:30:20.371995 - Epoch: 0 Iteration: 26  rank : 0  train.loss : 0.8098577857017517  train.ips : 35.796128767965044 imgs/s
TCAPPDLL 2025-06-20 02:30:20.400185 - Epoch: 0 Iteration: 27  rank : 0  train.loss : 0.8219501376152039  train.ips : 37.848922096790204 imgs/s
TCAPPDLL 2025-06-20 02:30:22.405074 - Epoch: 0 Iteration: 28  rank : 0  train.loss : 0.8794664740562439  train.ips : 0.49923840119599044 imgs/s
TCAPPDLL 2025-06-20 02:30:22.463262 - Epoch: 0 Iteration: 29  rank : 0  train.loss : 0.8603792190551758  train.ips : 17.89836988990356 imgs/s
TCAPPDLL 2025-06-20 02:30:25.532016 - Epoch: 0 Iteration: 30  rank : 0  train.loss : 0.8085494637489319  train.ips : 0.32617564226242485 imgs/s
TCAPPDLL 2025-06-20 02:30:25.570022 - Epoch: 0 Iteration: 31  rank : 0  train.loss : 0.7804263830184937  train.ips : 31.187198857890667 imgs/s
TCAPPDLL 2025-06-20 02:30:25.599726 - Epoch: 0 Iteration: 32  rank : 0  train.loss : 0.7529854774475098  train.ips : 36.44875471435772 imgs/s
TCAPPDLL 2025-06-20 02:30:25.628112 - Epoch: 0 Iteration: 33  rank : 0  train.loss : 0.7866975665092468  train.ips : 37.86293059868564 imgs/s
TCAPPDLL 2025-06-20 02:30:25.657106 - Epoch: 0 Iteration: 34  rank : 0  train.loss : 0.6299209594726562  train.ips : 36.79665923885389 imgs/s
TCAPPDLL 2025-06-20 02:30:25.690468 - Epoch: 0 Iteration: 35  rank : 0  train.loss : 0.812918484210968  train.ips : 31.680468903424625 imgs/s
TCAPPDLL 2025-06-20 02:30:25.723935 - Epoch: 0 Iteration: 36  rank : 0  train.loss : 0.8349103927612305  train.ips : 31.5897992076762 imgs/s
TCAPPDLL 2025-06-20 02:30:25.770329 - Epoch: 0 Iteration: 37  rank : 0  train.loss : 0.8148943781852722  train.ips : 36.418056628838855 imgs/s
TCAPPDLL 2025-06-20 02:30:25.800042 - Epoch: 0 Iteration: 38  rank : 0  train.loss : 0.8457922339439392  train.ips : 35.99642979745966 imgs/s
TCAPPDLL 2025-06-20 02:30:25.834866 - Epoch: 0 Iteration: 39  rank : 0  train.loss : 0.8126945495605469  train.ips : 30.33964338674093 imgs/s
TCAPPDLL 2025-06-20 02:30:25.864159 - Epoch: 0 Iteration: 40  rank : 0  train.loss : 0.8263255953788757  train.ips : 36.6776032739865 imgs/s
TCAPPDLL 2025-06-20 02:30:25.893142 - Epoch: 0 Iteration: 41  rank : 0  train.loss : 0.8351707458496094  train.ips : 37.11116616528048 imgs/s
TCAPPDLL 2025-06-20 02:30:25.920726 - Epoch: 0 Iteration: 42  rank : 0  train.loss : 0.7829903960227966  train.ips : 38.95083672294348 imgs/s
TCAPPDLL 2025-06-20 02:30:25.949836 - Epoch: 0 Iteration: 43  rank : 0  train.loss : 0.7877086997032166  train.ips : 36.79988769565522 imgs/s
TCAPPDLL 2025-06-20 02:30:25.978099 - Epoch: 0 Iteration: 44  rank : 0  train.loss : 0.8312625885009766  train.ips : 37.957158758744264 imgs/s
TCAPPDLL 2025-06-20 02:30:26.009353 - Epoch: 0 Iteration: 45  rank : 0  train.loss : 0.5998110175132751  train.ips : 35.77597707228032 imgs/s
TCAPPDLL 2025-06-20 02:30:26.037696 - Epoch: 0 Iteration: 46  rank : 0  train.loss : 0.8054186701774597  train.ips : 39.888768426058014 imgs/s
TCAPPDLL 2025-06-20 02:30:26.392385 - Epoch: 0 Iteration: 47  rank : 0  train.loss : 0.7240831255912781  train.ips : 30.839110039262973 imgs/s
TCAPPDLL 2025-06-20 02:30:26.618138 - Epoch: 0 Iteration: 48  rank : 0  train.loss : 0.649588942527771  train.ips : 37.524526951465 imgs/s
TCAPPDLL 2025-06-20 02:30:27.888956 - Epoch: 0 Iteration: 49  rank : 0  train.loss : 0.8150637745857239  train.ips : 28.736769985475075 imgs/s
TCAPPDLL 2025-06-20 02:30:27.941288 - Epoch: 0 Iteration: 50  rank : 0  train.loss : 0.7124826312065125  train.ips : 24.46913868340606 imgs/s
TCAPPDLL 2025-06-20 02:30:28.121723 - Epoch: 0 Iteration: 51  rank : 0  train.loss : 0.8189124464988708  train.ips : 36.78020291659725 imgs/s
TCAPPDLL 2025-06-20 02:30:28.150191 - Epoch: 0 Iteration: 52  rank : 0  train.loss : 0.8630813956260681  train.ips : 37.55442938237559 imgs/s
TCAPPDLL 2025-06-20 02:30:30.585647 - Epoch: 0 Iteration: 53  rank : 0  train.loss : 0.6554948091506958  train.ips : 29.461830237981513 imgs/s
TCAPPDLL 2025-06-20 02:30:30.616318 - Epoch: 0 Iteration: 54  rank : 0  train.loss : 0.8307876586914062  train.ips : 34.913255920422856 imgs/s
TCAPPDLL 2025-06-20 02:30:30.647971 - Epoch: 0 Iteration: 55  rank : 0  train.loss : 0.8146505355834961  train.ips : 35.2589927452777 imgs/s
TCAPPDLL 2025-06-20 02:30:30.674768 - Epoch: 0 Iteration: 56  rank : 0  train.loss : 0.7712014317512512  train.ips : 40.147253357326775 imgs/s
TCAPPDLL 2025-06-20 02:30:30.702663 - Epoch: 0 Iteration: 57  rank : 0  train.loss : 0.7638628482818604  train.ips : 38.27513391675716 imgs/s
TCAPPDLL 2025-06-20 02:30:30.737891 - Epoch: 0 Iteration: 58  rank : 0  train.loss : 0.7812174558639526  train.ips : 30.444910609942873 imgs/s
TCAPPDLL 2025-06-20 02:30:30.778681 - Epoch: 0 Iteration: 59  rank : 0  train.loss : 0.6997475624084473  train.ips : 25.673963077224425 imgs/s
TCAPPDLL 2025-06-20 02:30:30.904993 - Epoch: 0 Iteration: 60  rank : 0  train.loss : 0.663970410823822  train.ips : 34.755873018503635 imgs/s
TCAPPDLL 2025-06-20 02:30:30.935232 - Epoch: 0 Iteration: 61  rank : 0  train.loss : 0.6442393064498901  train.ips : 35.29934944159702 imgs/s
TCAPPDLL 2025-06-20 02:30:30.964932 - Epoch: 0 Iteration: 62  rank : 0  train.loss : 0.7099225521087646  train.ips : 36.34578856152513 imgs/s
TCAPPDLL 2025-06-20 02:30:30.995767 - Epoch: 0 Iteration: 63  rank : 0  train.loss : 0.8013436198234558  train.ips : 34.66195064707535 imgs/s
TCAPPDLL 2025-06-20 02:30:33.667933 - Epoch: 0 Iteration: 64  rank : 0  train.loss : 0.6476811766624451  train.ips : 0.37454858067181857 imgs/s
TCAPPDLL 2025-06-20 02:30:33.707340 - Epoch: 0 Iteration: 65  rank : 0  train.loss : 0.6453484892845154  train.ips : 28.203637830750093 imgs/s
TCAPPDLL 2025-06-20 02:30:34.327108 - Epoch: 0 Iteration: 66  rank : 0  train.loss : 0.5977248549461365  train.ips : 33.286277746474404 imgs/s
TCAPPDLL 2025-06-20 02:30:34.360311 - Epoch: 0 Iteration: 67  rank : 0  train.loss : 0.8600189089775085  train.ips : 32.354719018783506 imgs/s
TCAPPDLL 2025-06-20 02:30:34.391437 - Epoch: 0 Iteration: 68  rank : 0  train.loss : 0.6676795482635498  train.ips : 34.382922910450205 imgs/s
TCAPPDLL 2025-06-20 02:30:37.037199 - Epoch: 0 Iteration: 69  rank : 0  train.loss : 0.6966489553451538  train.ips : 0.37835176514375335 imgs/s
TCAPPDLL 2025-06-20 02:30:37.071707 - Epoch: 0 Iteration: 70  rank : 0  train.loss : 0.7181560397148132  train.ips : 30.921411931231752 imgs/s
TCAPPDLL 2025-06-20 02:30:37.107313 - Epoch: 0 Iteration: 71  rank : 0  train.loss : 0.5822948217391968  train.ips : 34.52897787144362 imgs/s
TCAPPDLL 2025-06-20 02:30:37.140055 - Epoch: 0 Iteration: 72  rank : 0  train.loss : 0.7870358228683472  train.ips : 32.49106444291236 imgs/s
TCAPPDLL 2025-06-20 02:30:37.173705 - Epoch: 0 Iteration: 73  rank : 0  train.loss : 0.7578343152999878  train.ips : 31.64724257354772 imgs/s
TCAPPDLL 2025-06-20 02:30:37.205078 - Epoch: 0 Iteration: 74  rank : 0  train.loss : 0.8194557428359985  train.ips : 33.95812620431692 imgs/s
TCAPPDLL 2025-06-20 02:30:37.234895 - Epoch: 0 Iteration: 75  rank : 0  train.loss : 0.6092275977134705  train.ips : 36.07382815859637 imgs/s
TCAPPDLL 2025-06-20 02:30:37.271835 - Epoch: 0 Iteration: 76  rank : 0  train.loss : 0.6807109713554382  train.ips : 30.805361536484153 imgs/s
TCAPPDLL 2025-06-20 02:30:37.305759 - Epoch: 0 Iteration: 77  rank : 0  train.loss : 0.5934096574783325  train.ips : 31.734640760244538 imgs/s
TCAPPDLL 2025-06-20 02:30:37.336445 - Epoch: 0 Iteration: 78  rank : 0  train.loss : 0.8099064230918884  train.ips : 35.15938773115161 imgs/s
TCAPPDLL 2025-06-20 02:30:37.366740 - Epoch: 0 Iteration: 79  rank : 0  train.loss : 0.7920523285865784  train.ips : 36.983220322543666 imgs/s
TCAPPDLL 2025-06-20 02:30:37.397180 - Epoch: 0 Iteration: 80  rank : 0  train.loss : 0.698405921459198  train.ips : 35.1641040258891 imgs/s
TCAPPDLL 2025-06-20 02:30:37.430685 - Epoch: 0 Iteration: 81  rank : 0  train.loss : 0.7910834550857544  train.ips : 31.58504149283853 imgs/s
TCAPPDLL 2025-06-20 02:30:38.517890 - Epoch: 0 Iteration: 82  rank : 0  train.loss : 0.8293607831001282  train.ips : 32.7268357768744 imgs/s
TCAPPDLL 2025-06-20 02:30:38.546346 - Epoch: 0 Iteration: 83  rank : 0  train.loss : 0.6519102454185486  train.ips : 37.85746263268106 imgs/s
TCAPPDLL 2025-06-20 02:30:38.573960 - Epoch: 0 Iteration: 84  rank : 0  train.loss : 0.658599317073822  train.ips : 38.937819120295586 imgs/s
TCAPPDLL 2025-06-20 02:30:38.602685 - Epoch: 0 Iteration: 85  rank : 0  train.loss : 0.8451706171035767  train.ips : 37.20465512347431 imgs/s
TCAPPDLL 2025-06-20 02:30:38.630134 - Epoch: 0 Iteration: 86  rank : 0  train.loss : 0.7798742651939392  train.ips : 39.13801823322478 imgs/s
TCAPPDLL 2025-06-20 02:30:38.660697 - Epoch: 0 Iteration: 87  rank : 0  train.loss : 0.8281695246696472  train.ips : 37.47323279250947 imgs/s
TCAPPDLL 2025-06-20 02:30:38.689154 - Epoch: 0 Iteration: 88  rank : 0  train.loss : 0.5735626816749573  train.ips : 37.66741205736814 imgs/s
TCAPPDLL 2025-06-20 02:30:38.722364 - Epoch: 0 Iteration: 89  rank : 0  train.loss : 0.8055404424667358  train.ips : 32.011723043106606 imgs/s
TCAPPDLL 2025-06-20 02:30:39.456489 - Epoch: 0 Iteration: 90  rank : 0  train.loss : 0.8116331100463867  train.ips : 24.463001953865447 imgs/s
TCAPPDLL 2025-06-20 02:30:39.498615 - Epoch: 0 Iteration: 91  rank : 0  train.loss : 0.7789483070373535  train.ips : 25.803955827616967 imgs/s
TCAPPDLL 2025-06-20 02:30:42.274068 - Epoch: 0 Iteration: 92  rank : 0  train.loss : 0.697616696357727  train.ips : 38.19635913267583 imgs/s
TCAPPDLL 2025-06-20 02:30:42.301289 - Epoch: 0 Iteration: 93  rank : 0  train.loss : 0.7189725637435913  train.ips : 39.394603123914 imgs/s
TCAPPDLL 2025-06-20 02:30:42.333897 - Epoch: 0 Iteration: 94  rank : 0  train.loss : 0.7909457087516785  train.ips : 32.53870382150781 imgs/s
TCAPPDLL 2025-06-20 02:30:42.362736 - Epoch: 0 Iteration: 95  rank : 0  train.loss : 0.6491760611534119  train.ips : 37.608306583218265 imgs/s
TCAPPDLL 2025-06-20 02:30:42.395673 - Epoch: 0 Iteration: 96  rank : 0  train.loss : 0.6870714426040649  train.ips : 32.42400160794075 imgs/s
TCAPPDLL 2025-06-20 02:30:42.432967 - Epoch: 0 Iteration: 97  rank : 0  train.loss : 0.6396490335464478  train.ips : 28.572915602242613 imgs/s
TCAPPDLL 2025-06-20 02:30:42.469258 - Epoch: 0 Iteration: 98  rank : 0  train.loss : 0.5787713527679443  train.ips : 29.328951324741798 imgs/s
TCAPPDLL 2025-06-20 02:30:42.499509 - Epoch: 0 Iteration: 99  rank : 0  train.loss : 0.6991495490074158  train.ips : 35.906755356944124 imgs/s
