Setting up [LPIPS] perceptual loss: trunk [vgg], v[0.1], spatial [off]
Loading model from: /root/miniconda3/envs/misf/lib/python3.8/site-packages/lpips/weights/v0.1/vgg.pth
training:True  mask:None  mask_list:./data/mask.txt  data_list:./data/face.txt
training:False  mask:None  mask_list:./data/mask.txt  data_list:./data/face.txt
train dataset:159514
eval dataset:159514

start training...



Training epoch: 1
TCAPPDLL 2025-07-03 07:30:48.539237 - Epoch: 1 Iteration: 1  rank : 0  train.loss : 0.6966356635093689  train.ips : 0.31110858259960966 imgs/s
[('epoch', 1), ('iter', 1), ('l_d2', 0.6966356635093689), ('l_g2', 0.06879251450300217), ('l_l1', 0.5618669986724854), ('l_per', 0.17307141423225403), ('l_sty', 0.3901013433933258)]
TCAPPDLL 2025-07-03 07:30:48.617750 - Epoch: 1 Iteration: 2  rank : 0  train.loss : 0.6932244300842285  train.ips : 15.684800981257386 imgs/s
[('epoch', 1), ('iter', 2), ('l_d2', 0.6932244300842285), ('l_g2', 0.06929280608892441), ('l_l1', 4.127881050109863), ('l_per', 0.13887865841388702), ('l_sty', 0.18563544750213623)]
TCAPPDLL 2025-07-03 07:30:48.691743 - Epoch: 1 Iteration: 3  rank : 0  train.loss : 0.6926068663597107  train.ips : 16.074687842530064 imgs/s
[('epoch', 1), ('iter', 3), ('l_d2', 0.6926068663597107), ('l_g2', 0.06985865533351898), ('l_l1', 0.5735745429992676), ('l_per', 0.14035968482494354), ('l_sty', 0.4507797360420227)]
TCAPPDLL 2025-07-03 07:30:48.752958 - Epoch: 1 Iteration: 4  rank : 0  train.loss : 0.6924722194671631  train.ips : 19.93964345139054 imgs/s
[('epoch', 1), ('iter', 4), ('l_d2', 0.6924722194671631), ('l_g2', 0.06991066038608551), ('l_l1', 0.4439271092414856), ('l_per', 0.17622080445289612), ('l_sty', 0.5648968815803528)]
TCAPPDLL 2025-07-03 07:30:48.810657 - Epoch: 1 Iteration: 5  rank : 0  train.loss : 0.6917557120323181  train.ips : 20.901812455461037 imgs/s
[('epoch', 1), ('iter', 5), ('l_d2', 0.6917557120323181), ('l_g2', 0.06964109092950821), ('l_l1', 0.5479726791381836), ('l_per', 0.20850880444049835), ('l_sty', 0.5503836274147034)]
TCAPPDLL 2025-07-03 07:30:48.863900 - Epoch: 1 Iteration: 6  rank : 0  train.loss : 0.6902270913124084  train.ips : 21.580300270634602 imgs/s
[('epoch', 1), ('iter', 6), ('l_d2', 0.6902270913124084), ('l_g2', 0.06971757858991623), ('l_l1', 3.023458957672119), ('l_per', 0.23978553712368011), ('l_sty', 0.22038666903972626)]
TCAPPDLL 2025-07-03 07:30:48.915661 - Epoch: 1 Iteration: 7  rank : 0  train.loss : 0.6909083127975464  train.ips : 21.96085658935023 imgs/s
[('epoch', 1), ('iter', 7), ('l_d2', 0.6909083127975464), ('l_g2', 0.06973371654748917), ('l_l1', 0.7184727191925049), ('l_per', 0.15523815155029297), ('l_sty', 0.25979000329971313)]
TCAPPDLL 2025-07-03 07:30:48.973245 - Epoch: 1 Iteration: 8  rank : 0  train.loss : 0.6926698684692383  train.ips : 20.063640277445586 imgs/s
[('epoch', 1), ('iter', 8), ('l_d2', 0.6926698684692383), ('l_g2', 0.06918355077505112), ('l_l1', 5.02974271774292), ('l_per', 0.1108657494187355), ('l_sty', 0.34315675497055054)]
TCAPPDLL 2025-07-03 07:30:49.035703 - Epoch: 1 Iteration: 9  rank : 0  train.loss : 0.691265344619751  train.ips : 18.527959995935984 imgs/s
[('epoch', 1), ('iter', 9), ('l_d2', 0.691265344619751), ('l_g2', 0.07032687962055206), ('l_l1', 0.4577595889568329), ('l_per', 0.16162370145320892), ('l_sty', 0.2895629107952118)]
TCAPPDLL 2025-07-03 07:30:49.095894 - Epoch: 1 Iteration: 10  rank : 0  train.loss : 0.690106987953186  train.ips : 18.957049169954757 imgs/s
[('epoch', 1), ('iter', 10), ('l_d2', 0.690106987953186), ('l_g2', 0.06991773098707199), ('l_l1', 1.021722435951233), ('l_per', 0.18088559806346893), ('l_sty', 0.39115259051322937)]
TCAPPDLL 2025-07-03 07:30:49.155458 - Epoch: 1 Iteration: 11  rank : 0  train.loss : 0.6900259256362915  train.ips : 19.547212370615128 imgs/s
[('epoch', 1), ('iter', 11), ('l_d2', 0.6900259256362915), ('l_g2', 0.06982439756393433), ('l_l1', 1.0076680183410645), ('l_per', 0.17809203267097473), ('l_sty', 0.44457295536994934)]
TCAPPDLL 2025-07-03 07:30:49.221332 - Epoch: 1 Iteration: 12  rank : 0  train.loss : 0.6898365020751953  train.ips : 18.687530074316978 imgs/s
[('epoch', 1), ('iter', 12), ('l_d2', 0.6898365020751953), ('l_g2', 0.06989150494337082), ('l_l1', 2.241769552230835), ('l_per', 0.16255025565624237), ('l_sty', 0.20156832039356232)]
TCAPPDLL 2025-07-03 07:30:49.277820 - Epoch: 1 Iteration: 13  rank : 0  train.loss : 0.6901019811630249  train.ips : 20.75165620253415 imgs/s
[('epoch', 1), ('iter', 13), ('l_d2', 0.6901019811630249), ('l_g2', 0.07005489617586136), ('l_l1', 0.33523544669151306), ('l_per', 0.2109345942735672), ('l_sty', 0.3185415267944336)]
TCAPPDLL 2025-07-03 07:30:49.343859 - Epoch: 1 Iteration: 14  rank : 0  train.loss : 0.6912248134613037  train.ips : 18.172185660004594 imgs/s
[('epoch', 1), ('iter', 14), ('l_d2', 0.6912248134613037), ('l_g2', 0.06952832639217377), ('l_l1', 0.40799057483673096), ('l_per', 0.20383620262145996), ('l_sty', 0.4096001386642456)]
TCAPPDLL 2025-07-03 07:30:49.404766 - Epoch: 1 Iteration: 15  rank : 0  train.loss : 0.6894867420196533  train.ips : 20.785180853647056 imgs/s
[('epoch', 1), ('iter', 15), ('l_d2', 0.6894867420196533), ('l_g2', 0.06923209875822067), ('l_l1', 0.6306992769241333), ('l_per', 0.21106405556201935), ('l_sty', 0.47707247734069824)]
TCAPPDLL 2025-07-03 07:30:49.457518 - Epoch: 1 Iteration: 16  rank : 0  train.loss : 0.6890839338302612  train.ips : 22.51515932319849 imgs/s
[('epoch', 1), ('iter', 16), ('l_d2', 0.6890839338302612), ('l_g2', 0.06922262907028198), ('l_l1', 3.0269031524658203), ('l_per', 0.15003295242786407), ('l_sty', 0.08964216709136963)]
TCAPPDLL 2025-07-03 07:30:49.518376 - Epoch: 1 Iteration: 17  rank : 0  train.loss : 0.6897428035736084  train.ips : 19.41843367469768 imgs/s
[('epoch', 1), ('iter', 17), ('l_d2', 0.6897428035736084), ('l_g2', 0.06921219825744629), ('l_l1', 0.7841417789459229), ('l_per', 0.20580779016017914), ('l_sty', 0.6597601771354675)]
TCAPPDLL 2025-07-03 07:30:49.570273 - Epoch: 1 Iteration: 18  rank : 0  train.loss : 0.6890550851821899  train.ips : 22.39972656583782 imgs/s
[('epoch', 1), ('iter', 18), ('l_d2', 0.6890550851821899), ('l_g2', 0.06873288750648499), ('l_l1', 0.7625482678413391), ('l_per', 0.1592860072851181), ('l_sty', 0.3746999204158783)]
TCAPPDLL 2025-07-03 07:30:49.623227 - Epoch: 1 Iteration: 19  rank : 0  train.loss : 0.6935352087020874  train.ips : 22.24528502026009 imgs/s
[('epoch', 1), ('iter', 19), ('l_d2', 0.6935352087020874), ('l_g2', 0.06790683418512344), ('l_l1', 1.453865885734558), ('l_per', 0.1578943431377411), ('l_sty', 0.24894548952579498)]
TCAPPDLL 2025-07-03 07:30:49.677654 - Epoch: 1 Iteration: 20  rank : 0  train.loss : 0.6867765188217163  train.ips : 21.64902627734966 imgs/s
[('epoch', 1), ('iter', 20), ('l_d2', 0.6867765188217163), ('l_g2', 0.06828045099973679), ('l_l1', 0.304960697889328), ('l_per', 0.20060491561889648), ('l_sty', 0.3925800621509552)]
TCAPPDLL 2025-07-03 07:30:49.731855 - Epoch: 1 Iteration: 21  rank : 0  train.loss : 0.6873100996017456  train.ips : 21.858197793493044 imgs/s
[('epoch', 1), ('iter', 21), ('l_d2', 0.6873100996017456), ('l_g2', 0.0679781511425972), ('l_l1', 1.050469994544983), ('l_per', 0.2071581929922104), ('l_sty', 0.24031971395015717)]
TCAPPDLL 2025-07-03 07:30:49.790090 - Epoch: 1 Iteration: 22  rank : 0  train.loss : 0.6865550875663757  train.ips : 21.960741605625397 imgs/s
[('epoch', 1), ('iter', 22), ('l_d2', 0.6865550875663757), ('l_g2', 0.06710227578878403), ('l_l1', 0.40869787335395813), ('l_per', 0.20999865233898163), ('l_sty', 0.47669389843940735)]
TCAPPDLL 2025-07-03 07:30:49.861453 - Epoch: 1 Iteration: 23  rank : 0  train.loss : 0.6825236082077026  train.ips : 17.157775459696058 imgs/s
[('epoch', 1), ('iter', 23), ('l_d2', 0.6825236082077026), ('l_g2', 0.06681143492460251), ('l_l1', 1.0896801948547363), ('l_per', 0.17131277918815613), ('l_sty', 0.7014666199684143)]
TCAPPDLL 2025-07-03 07:30:49.928712 - Epoch: 1 Iteration: 24  rank : 0  train.loss : 0.6799837350845337  train.ips : 20.180349401706113 imgs/s
[('epoch', 1), ('iter', 24), ('l_d2', 0.6799837350845337), ('l_g2', 0.06503500789403915), ('l_l1', 0.5537233352661133), ('l_per', 0.20090830326080322), ('l_sty', 0.6434484124183655)]
TCAPPDLL 2025-07-03 07:30:49.987325 - Epoch: 1 Iteration: 25  rank : 0  train.loss : 0.6944444179534912  train.ips : 21.326608023592822 imgs/s
[('epoch', 1), ('iter', 25), ('l_d2', 0.6944444179534912), ('l_g2', 0.06470736116170883), ('l_l1', 2.9099955558776855), ('l_per', 0.18499958515167236), ('l_sty', 0.102531798183918)]
TCAPPDLL 2025-07-03 07:30:50.048991 - Epoch: 1 Iteration: 26  rank : 0  train.loss : 0.690992534160614  train.ips : 21.430453154299318 imgs/s
[('epoch', 1), ('iter', 26), ('l_d2', 0.690992534160614), ('l_g2', 0.06451230496168137), ('l_l1', 0.5080429911613464), ('l_per', 0.21150460839271545), ('l_sty', 0.3239952623844147)]
TCAPPDLL 2025-07-03 07:30:50.110156 - Epoch: 1 Iteration: 27  rank : 0  train.loss : 0.6906036138534546  train.ips : 22.064484226141943 imgs/s
[('epoch', 1), ('iter', 27), ('l_d2', 0.6906036138534546), ('l_g2', 0.06392048299312592), ('l_l1', 0.473076730966568), ('l_per', 0.1634148359298706), ('l_sty', 0.20599809288978577)]
TCAPPDLL 2025-07-03 07:30:50.170579 - Epoch: 1 Iteration: 28  rank : 0  train.loss : 0.6984632015228271  train.ips : 22.206183820415077 imgs/s
[('epoch', 1), ('iter', 28), ('l_d2', 0.6984632015228271), ('l_g2', 0.06244010478258133), ('l_l1', 0.3581801652908325), ('l_per', 0.18602414429187775), ('l_sty', 0.27857255935668945)]
TCAPPDLL 2025-07-03 07:30:50.231644 - Epoch: 1 Iteration: 29  rank : 0  train.loss : 0.6796835660934448  train.ips : 21.824758951197047 imgs/s
[('epoch', 1), ('iter', 29), ('l_d2', 0.6796835660934448), ('l_g2', 0.06386872380971909), ('l_l1', 0.9654013514518738), ('l_per', 0.18738122284412384), ('l_sty', 0.4006061851978302)]
TCAPPDLL 2025-07-03 07:30:50.291713 - Epoch: 1 Iteration: 30  rank : 0  train.loss : 0.7006186246871948  train.ips : 22.268078893578615 imgs/s
[('epoch', 1), ('iter', 30), ('l_d2', 0.7006186246871948), ('l_g2', 0.06209385022521019), ('l_l1', 0.5504024624824524), ('l_per', 0.2225869745016098), ('l_sty', 0.3772028982639313)]
TCAPPDLL 2025-07-03 07:30:50.352698 - Epoch: 1 Iteration: 31  rank : 0  train.loss : 0.6956820487976074  train.ips : 21.770610249196768 imgs/s
[('epoch', 1), ('iter', 31), ('l_d2', 0.6956820487976074), ('l_g2', 0.06267847865819931), ('l_l1', 0.45228368043899536), ('l_per', 0.19447235763072968), ('l_sty', 0.30736371874809265)]
TCAPPDLL 2025-07-03 07:30:50.418143 - Epoch: 1 Iteration: 32  rank : 0  train.loss : 0.6955182552337646  train.ips : 19.282915122704747 imgs/s
[('epoch', 1), ('iter', 32), ('l_d2', 0.6955182552337646), ('l_g2', 0.06210250407457352), ('l_l1', 4.356916904449463), ('l_per', 0.1867312639951706), ('l_sty', 0.05147143453359604)]
TCAPPDLL 2025-07-03 07:30:50.483281 - Epoch: 1 Iteration: 33  rank : 0  train.loss : 0.6934762001037598  train.ips : 19.58939054976157 imgs/s
[('epoch', 1), ('iter', 33), ('l_d2', 0.6934762001037598), ('l_g2', 0.06303071975708008), ('l_l1', 0.21060943603515625), ('l_per', 0.14856766164302826), ('l_sty', 0.266397088766098)]
TCAPPDLL 2025-07-03 07:30:50.548855 - Epoch: 1 Iteration: 34  rank : 0  train.loss : 0.6787921190261841  train.ips : 18.763354612435524 imgs/s
[('epoch', 1), ('iter', 34), ('l_d2', 0.6787921190261841), ('l_g2', 0.06318484991788864), ('l_l1', 1.101730227470398), ('l_per', 0.18083031475543976), ('l_sty', 0.5709837079048157)]
TCAPPDLL 2025-07-03 07:30:50.615500 - Epoch: 1 Iteration: 35  rank : 0  train.loss : 0.696418821811676  train.ips : 18.87778487906311 imgs/s
[('epoch', 1), ('iter', 35), ('l_d2', 0.696418821811676), ('l_g2', 0.06171618774533272), ('l_l1', 0.45927557349205017), ('l_per', 0.1643076390028), ('l_sty', 0.545682966709137)]
TCAPPDLL 2025-07-03 07:30:50.676261 - Epoch: 1 Iteration: 36  rank : 0  train.loss : 0.6840273141860962  train.ips : 21.105540180143915 imgs/s
[('epoch', 1), ('iter', 36), ('l_d2', 0.6840273141860962), ('l_g2', 0.06203538924455643), ('l_l1', 0.7076846361160278), ('l_per', 0.14225327968597412), ('l_sty', 0.3251717686653137)]
TCAPPDLL 2025-07-03 07:30:50.729626 - Epoch: 1 Iteration: 37  rank : 0  train.loss : 0.7197617292404175  train.ips : 22.20101204717241 imgs/s
[('epoch', 1), ('iter', 37), ('l_d2', 0.7197617292404175), ('l_g2', 0.060725029557943344), ('l_l1', 7.116408824920654), ('l_per', 0.1570005565881729), ('l_sty', 0.09375257790088654)]
TCAPPDLL 2025-07-03 07:30:50.783626 - Epoch: 1 Iteration: 38  rank : 0  train.loss : 0.7060326337814331  train.ips : 22.723994452149793 imgs/s
[('epoch', 1), ('iter', 38), ('l_d2', 0.7060326337814331), ('l_g2', 0.06399834156036377), ('l_l1', 0.436322420835495), ('l_per', 0.14995789527893066), ('l_sty', 0.40595343708992004)]
TCAPPDLL 2025-07-03 07:30:50.835409 - Epoch: 1 Iteration: 39  rank : 0  train.loss : 0.6799874901771545  train.ips : 22.55754068560488 imgs/s
[('epoch', 1), ('iter', 39), ('l_d2', 0.6799874901771545), ('l_g2', 0.06479974836111069), ('l_l1', 2.7163116931915283), ('l_per', 0.2010507434606552), ('l_sty', 0.1685296893119812)]
TCAPPDLL 2025-07-03 07:30:50.890483 - Epoch: 1 Iteration: 40  rank : 0  train.loss : 0.7018407583236694  train.ips : 22.75197587185176 imgs/s
[('epoch', 1), ('iter', 40), ('l_d2', 0.7018407583236694), ('l_g2', 0.06342970579862595), ('l_l1', 0.6984233856201172), ('l_per', 0.16795797646045685), ('l_sty', 0.3982528746128082)]
TCAPPDLL 2025-07-03 07:30:50.945380 - Epoch: 1 Iteration: 41  rank : 0  train.loss : 0.698906421661377  train.ips : 22.063671751709627 imgs/s
[('epoch', 1), ('iter', 41), ('l_d2', 0.698906421661377), ('l_g2', 0.06399855017662048), ('l_l1', 0.968684732913971), ('l_per', 0.18557636439800262), ('l_sty', 0.17815907299518585)]
TCAPPDLL 2025-07-03 07:30:51.010123 - Epoch: 1 Iteration: 42  rank : 0  train.loss : 0.6903508305549622  train.ips : 20.264687693259123 imgs/s
[('epoch', 1), ('iter', 42), ('l_d2', 0.6903508305549622), ('l_g2', 0.06500884145498276), ('l_l1', 0.42956554889678955), ('l_per', 0.17755751311779022), ('l_sty', 0.24437315762043)]
TCAPPDLL 2025-07-03 07:30:51.067854 - Epoch: 1 Iteration: 43  rank : 0  train.loss : 0.6764857769012451  train.ips : 22.062743282765584 imgs/s
[('epoch', 1), ('iter', 43), ('l_d2', 0.6764857769012451), ('l_g2', 0.0648941919207573), ('l_l1', 0.8728038668632507), ('l_per', 0.21488051116466522), ('l_sty', 0.49614614248275757)]
TCAPPDLL 2025-07-03 07:30:51.125165 - Epoch: 1 Iteration: 44  rank : 0  train.loss : 0.6853314638137817  train.ips : 22.629223788636573 imgs/s
[('epoch', 1), ('iter', 44), ('l_d2', 0.6853314638137817), ('l_g2', 0.0624106340110302), ('l_l1', 0.31352898478507996), ('l_per', 0.175283282995224), ('l_sty', 0.30987298488616943)]
TCAPPDLL 2025-07-03 07:30:51.180076 - Epoch: 1 Iteration: 45  rank : 0  train.loss : 0.6978558301925659  train.ips : 21.37486367759624 imgs/s
[('epoch', 1), ('iter', 45), ('l_d2', 0.6978558301925659), ('l_g2', 0.061860281974077225), ('l_l1', 0.4337131381034851), ('l_per', 0.2041318714618683), ('l_sty', 0.4348481595516205)]
TCAPPDLL 2025-07-03 07:30:51.239183 - Epoch: 1 Iteration: 46  rank : 0  train.loss : 0.6954354047775269  train.ips : 20.757407343254332 imgs/s
[('epoch', 1), ('iter', 46), ('l_d2', 0.6954354047775269), ('l_g2', 0.06284630298614502), ('l_l1', 0.5325625538825989), ('l_per', 0.2156384438276291), ('l_sty', 0.19082295894622803)]
TCAPPDLL 2025-07-03 07:30:51.295963 - Epoch: 1 Iteration: 47  rank : 0  train.loss : 0.6883677244186401  train.ips : 21.41393183164172 imgs/s
[('epoch', 1), ('iter', 47), ('l_d2', 0.6883677244186401), ('l_g2', 0.06292311102151871), ('l_l1', 0.4914320111274719), ('l_per', 0.14441736042499542), ('l_sty', 0.32695016264915466)]
TCAPPDLL 2025-07-03 07:30:51.351228 - Epoch: 1 Iteration: 48  rank : 0  train.loss : 0.7048513293266296  train.ips : 21.175546389462472 imgs/s
[('epoch', 1), ('iter', 48), ('l_d2', 0.7048513293266296), ('l_g2', 0.06162788346409798), ('l_l1', 0.32758402824401855), ('l_per', 0.17164698243141174), ('l_sty', 0.36994197964668274)]
TCAPPDLL 2025-07-03 07:30:51.405206 - Epoch: 1 Iteration: 49  rank : 0  train.loss : 0.6915074586868286  train.ips : 21.38042054288263 imgs/s
[('epoch', 1), ('iter', 49), ('l_d2', 0.6915074586868286), ('l_g2', 0.06261181086301804), ('l_l1', 0.3266698718070984), ('l_per', 0.22668468952178955), ('l_sty', 0.35325706005096436)]
TCAPPDLL 2025-07-03 07:30:51.458476 - Epoch: 1 Iteration: 50  rank : 0  train.loss : 0.7079175710678101  train.ips : 22.35781640627082 imgs/s
[('epoch', 1), ('iter', 50), ('l_d2', 0.7079175710678101), ('l_g2', 0.06213429197669029), ('l_l1', 0.386029452085495), ('l_per', 0.15425685048103333), ('l_sty', 0.2167080193758011)]
TCAPPDLL 2025-07-03 07:30:51.509513 - Epoch: 1 Iteration: 51  rank : 0  train.loss : 0.6851139068603516  train.ips : 22.468964113333083 imgs/s
[('epoch', 1), ('iter', 51), ('l_d2', 0.6851139068603516), ('l_g2', 0.06405143439769745), ('l_l1', 4.353949069976807), ('l_per', 0.16057538986206055), ('l_sty', 0.05841831490397453)]
TCAPPDLL 2025-07-03 07:30:51.561448 - Epoch: 1 Iteration: 52  rank : 0  train.loss : 0.683440089225769  train.ips : 22.07087003651901 imgs/s
[('epoch', 1), ('iter', 52), ('l_d2', 0.683440089225769), ('l_g2', 0.06173678860068321), ('l_l1', 1.6837897300720215), ('l_per', 0.1839611977338791), ('l_sty', 0.16154630482196808)]
TCAPPDLL 2025-07-03 07:30:51.618099 - Epoch: 1 Iteration: 53  rank : 0  train.loss : 0.7039932012557983  train.ips : 21.835666501809094 imgs/s
[('epoch', 1), ('iter', 53), ('l_d2', 0.7039932012557983), ('l_g2', 0.05961138755083084), ('l_l1', 0.28784358501434326), ('l_per', 0.20185048878192902), ('l_sty', 0.4578002989292145)]
TCAPPDLL 2025-07-03 07:30:51.671021 - Epoch: 1 Iteration: 54  rank : 0  train.loss : 0.7152394652366638  train.ips : 21.75130425763626 imgs/s
[('epoch', 1), ('iter', 54), ('l_d2', 0.7152394652366638), ('l_g2', 0.06046944484114647), ('l_l1', 0.5602241158485413), ('l_per', 0.1614074558019638), ('l_sty', 0.37518835067749023)]
TCAPPDLL 2025-07-03 07:30:51.728261 - Epoch: 1 Iteration: 55  rank : 0  train.loss : 0.6782742738723755  train.ips : 20.69156315057275 imgs/s
[('epoch', 1), ('iter', 55), ('l_d2', 0.6782742738723755), ('l_g2', 0.06203044578433037), ('l_l1', 19.774505615234375), ('l_per', 0.14671452343463898), ('l_sty', 0.06077609956264496)]
TCAPPDLL 2025-07-03 07:30:51.785138 - Epoch: 1 Iteration: 56  rank : 0  train.loss : 0.7124488353729248  train.ips : 21.268211551138382 imgs/s
[('epoch', 1), ('iter', 56), ('l_d2', 0.7124488353729248), ('l_g2', 0.058902889490127563), ('l_l1', 0.8235957622528076), ('l_per', 0.20357708632946014), ('l_sty', 0.29797425866127014)]
TCAPPDLL 2025-07-03 07:30:51.839883 - Epoch: 1 Iteration: 57  rank : 0  train.loss : 0.7180647850036621  train.ips : 22.14206000200605 imgs/s
[('epoch', 1), ('iter', 57), ('l_d2', 0.7180647850036621), ('l_g2', 0.06043052300810814), ('l_l1', 0.8388852477073669), ('l_per', 0.19645722210407257), ('l_sty', 0.44549310207366943)]
TCAPPDLL 2025-07-03 07:30:51.897493 - Epoch: 1 Iteration: 58  rank : 0  train.loss : 0.6920608282089233  train.ips : 19.897549752128846 imgs/s
[('epoch', 1), ('iter', 58), ('l_d2', 0.6920608282089233), ('l_g2', 0.062133777886629105), ('l_l1', 0.28664782643318176), ('l_per', 0.1994677484035492), ('l_sty', 0.36121708154678345)]
TCAPPDLL 2025-07-03 07:30:51.956160 - Epoch: 1 Iteration: 59  rank : 0  train.loss : 0.7053283452987671  train.ips : 20.944397005877388 imgs/s
[('epoch', 1), ('iter', 59), ('l_d2', 0.7053283452987671), ('l_g2', 0.061362363398075104), ('l_l1', 0.5939310193061829), ('l_per', 0.19816628098487854), ('l_sty', 0.31913626194000244)]
TCAPPDLL 2025-07-03 07:30:52.016459 - Epoch: 1 Iteration: 60  rank : 0  train.loss : 0.6976101994514465  train.ips : 19.35892181297886 imgs/s
[('epoch', 1), ('iter', 60), ('l_d2', 0.6976101994514465), ('l_g2', 0.061714570969343185), ('l_l1', 1.9356907606124878), ('l_per', 0.20035718381404877), ('l_sty', 0.13395413756370544)]
TCAPPDLL 2025-07-03 07:30:52.077188 - Epoch: 1 Iteration: 61  rank : 0  train.loss : 0.692997932434082  train.ips : 19.70396399612902 imgs/s
[('epoch', 1), ('iter', 61), ('l_d2', 0.692997932434082), ('l_g2', 0.06232157349586487), ('l_l1', 1.9373892545700073), ('l_per', 0.1983841061592102), ('l_sty', 0.09647250175476074)]
TCAPPDLL 2025-07-03 07:30:52.137387 - Epoch: 1 Iteration: 62  rank : 0  train.loss : 0.6924005746841431  train.ips : 20.732064653254906 imgs/s
[('epoch', 1), ('iter', 62), ('l_d2', 0.6924005746841431), ('l_g2', 0.06250731647014618), ('l_l1', 0.3098512291908264), ('l_per', 0.19149409234523773), ('l_sty', 0.24115565419197083)]
TCAPPDLL 2025-07-03 07:30:52.192889 - Epoch: 1 Iteration: 63  rank : 0  train.loss : 0.6963886022567749  train.ips : 21.515761179023396 imgs/s
[('epoch', 1), ('iter', 63), ('l_d2', 0.6963886022567749), ('l_g2', 0.06178155541419983), ('l_l1', 1.1410186290740967), ('l_per', 0.15839426219463348), ('l_sty', 0.09472998976707458)]
TCAPPDLL 2025-07-03 07:30:52.247947 - Epoch: 1 Iteration: 64  rank : 0  train.loss : 0.7023570537567139  train.ips : 21.915646031016177 imgs/s
[('epoch', 1), ('iter', 64), ('l_d2', 0.7023570537567139), ('l_g2', 0.0614071786403656), ('l_l1', 1.1307638883590698), ('l_per', 0.19409425556659698), ('l_sty', 0.16514109075069427)]
TCAPPDLL 2025-07-03 07:30:52.302435 - Epoch: 1 Iteration: 65  rank : 0  train.loss : 0.7060410976409912  train.ips : 21.08813739982101 imgs/s
[('epoch', 1), ('iter', 65), ('l_d2', 0.7060410976409912), ('l_g2', 0.06311626732349396), ('l_l1', 0.44396859407424927), ('l_per', 0.18606410920619965), ('l_sty', 0.25150811672210693)]
TCAPPDLL 2025-07-03 07:30:52.366066 - Epoch: 1 Iteration: 66  rank : 0  train.loss : 0.7041610479354858  train.ips : 19.363658607524226 imgs/s
[('epoch', 1), ('iter', 66), ('l_d2', 0.7041610479354858), ('l_g2', 0.0633358359336853), ('l_l1', 1.0534906387329102), ('l_per', 0.14597725868225098), ('l_sty', 0.2542315125465393)]
TCAPPDLL 2025-07-03 07:30:52.425526 - Epoch: 1 Iteration: 67  rank : 0  train.loss : 0.6897951364517212  train.ips : 19.590397010742645 imgs/s
[('epoch', 1), ('iter', 67), ('l_d2', 0.6897951364517212), ('l_g2', 0.06424294412136078), ('l_l1', 1.5040303468704224), ('l_per', 0.19550447165966034), ('l_sty', 0.1955903321504593)]
TCAPPDLL 2025-07-03 07:30:52.485191 - Epoch: 1 Iteration: 68  rank : 0  train.loss : 0.6996854543685913  train.ips : 20.47830014110157 imgs/s
[('epoch', 1), ('iter', 68), ('l_d2', 0.6996854543685913), ('l_g2', 0.06370456516742706), ('l_l1', 0.36990535259246826), ('l_per', 0.18115757405757904), ('l_sty', 0.34499236941337585)]
TCAPPDLL 2025-07-03 07:30:52.544119 - Epoch: 1 Iteration: 69  rank : 0  train.loss : 0.6898874044418335  train.ips : 20.09632504431987 imgs/s
[('epoch', 1), ('iter', 69), ('l_d2', 0.6898874044418335), ('l_g2', 0.06403020769357681), ('l_l1', 0.38966551423072815), ('l_per', 0.20904795825481415), ('l_sty', 0.31999221444129944)]
TCAPPDLL 2025-07-03 07:30:52.603466 - Epoch: 1 Iteration: 70  rank : 0  train.loss : 0.7121603488922119  train.ips : 20.178019387583287 imgs/s
[('epoch', 1), ('iter', 70), ('l_d2', 0.7121603488922119), ('l_g2', 0.06369270384311676), ('l_l1', 0.9574899077415466), ('l_per', 0.18376417458057404), ('l_sty', 0.8620376586914062)]
TCAPPDLL 2025-07-03 07:30:52.654298 - Epoch: 1 Iteration: 71  rank : 0  train.loss : 0.6833957433700562  train.ips : 22.756419785907667 imgs/s
[('epoch', 1), ('iter', 71), ('l_d2', 0.6833957433700562), ('l_g2', 0.06518685072660446), ('l_l1', 0.43624448776245117), ('l_per', 0.1958126723766327), ('l_sty', 0.4554018974304199)]
TCAPPDLL 2025-07-03 07:30:52.714849 - Epoch: 1 Iteration: 72  rank : 0  train.loss : 0.684453010559082  train.ips : 19.632945758205548 imgs/s
[('epoch', 1), ('iter', 72), ('l_d2', 0.684453010559082), ('l_g2', 0.06406478583812714), ('l_l1', 1.3648264408111572), ('l_per', 0.1797315776348114), ('l_sty', 0.203311949968338)]
TCAPPDLL 2025-07-03 07:30:52.797706 - Epoch: 1 Iteration: 73  rank : 0  train.loss : 0.6987342238426208  train.ips : 18.822549521168224 imgs/s
[('epoch', 1), ('iter', 73), ('l_d2', 0.6987342238426208), ('l_g2', 0.06302911043167114), ('l_l1', 0.9583709239959717), ('l_per', 0.16843311488628387), ('l_sty', 0.10268717259168625)]
TCAPPDLL 2025-07-03 07:30:52.860188 - Epoch: 1 Iteration: 74  rank : 0  train.loss : 0.6914467811584473  train.ips : 18.971626040898666 imgs/s
[('epoch', 1), ('iter', 74), ('l_d2', 0.6914467811584473), ('l_g2', 0.06349453330039978), ('l_l1', 0.7538562417030334), ('l_per', 0.20882712304592133), ('l_sty', 0.19682851433753967)]
TCAPPDLL 2025-07-03 07:30:52.919242 - Epoch: 1 Iteration: 75  rank : 0  train.loss : 0.6915184259414673  train.ips : 19.361781487157707 imgs/s
[('epoch', 1), ('iter', 75), ('l_d2', 0.6915184259414673), ('l_g2', 0.06313776969909668), ('l_l1', 6.639334678649902), ('l_per', 0.14283540844917297), ('l_sty', 0.025194549933075905)]
TCAPPDLL 2025-07-03 07:30:52.984381 - Epoch: 1 Iteration: 76  rank : 0  train.loss : 0.70272296667099  train.ips : 18.590866580086963 imgs/s
[('epoch', 1), ('iter', 76), ('l_d2', 0.70272296667099), ('l_g2', 0.061622150242328644), ('l_l1', 0.6469023823738098), ('l_per', 0.1653675138950348), ('l_sty', 0.16929659247398376)]
TCAPPDLL 2025-07-03 07:30:53.043249 - Epoch: 1 Iteration: 77  rank : 0  train.loss : 0.6968989372253418  train.ips : 20.003357497138495 imgs/s
[('epoch', 1), ('iter', 77), ('l_d2', 0.6968989372253418), ('l_g2', 0.06252986192703247), ('l_l1', 0.5997636914253235), ('l_per', 0.18849420547485352), ('l_sty', 0.2715121805667877)]
TCAPPDLL 2025-07-03 07:30:53.101759 - Epoch: 1 Iteration: 78  rank : 0  train.loss : 0.7001054286956787  train.ips : 19.9314946111882 imgs/s
[('epoch', 1), ('iter', 78), ('l_d2', 0.7001054286956787), ('l_g2', 0.06304942816495895), ('l_l1', 1.908126711845398), ('l_per', 0.1695283055305481), ('l_sty', 0.1776805967092514)]
TCAPPDLL 2025-07-03 07:30:53.168748 - Epoch: 1 Iteration: 79  rank : 0  train.loss : 0.6957519054412842  train.ips : 18.588147701689387 imgs/s
[('epoch', 1), ('iter', 79), ('l_d2', 0.6957519054412842), ('l_g2', 0.06451808661222458), ('l_l1', 0.38031065464019775), ('l_per', 0.16405467689037323), ('l_sty', 0.19265057146549225)]
TCAPPDLL 2025-07-03 07:30:53.233104 - Epoch: 1 Iteration: 80  rank : 0  train.loss : 0.6892033815383911  train.ips : 18.648561888374616 imgs/s
[('epoch', 1), ('iter', 80), ('l_d2', 0.6892033815383911), ('l_g2', 0.06472118198871613), ('l_l1', 0.41983193159103394), ('l_per', 0.1879660189151764), ('l_sty', 0.37948185205459595)]
TCAPPDLL 2025-07-03 07:30:53.295624 - Epoch: 1 Iteration: 81  rank : 0  train.loss : 0.6926388144493103  train.ips : 18.90748445902999 imgs/s
[('epoch', 1), ('iter', 81), ('l_d2', 0.6926388144493103), ('l_g2', 0.0636390894651413), ('l_l1', 2.0280187129974365), ('l_per', 0.1683908849954605), ('l_sty', 0.05452766641974449)]
TCAPPDLL 2025-07-03 07:30:53.351684 - Epoch: 1 Iteration: 82  rank : 0  train.loss : 0.6921277046203613  train.ips : 20.954023390468958 imgs/s
[('epoch', 1), ('iter', 82), ('l_d2', 0.6921277046203613), ('l_g2', 0.06280957907438278), ('l_l1', 0.46984753012657166), ('l_per', 0.2305540293455124), ('l_sty', 0.34177663922309875)]
TCAPPDLL 2025-07-03 07:30:53.408154 - Epoch: 1 Iteration: 83  rank : 0  train.loss : 0.7068688869476318  train.ips : 20.429823236874277 imgs/s
[('epoch', 1), ('iter', 83), ('l_d2', 0.7068688869476318), ('l_g2', 0.06276298314332962), ('l_l1', 0.561851978302002), ('l_per', 0.16828054189682007), ('l_sty', 0.34463807940483093)]
TCAPPDLL 2025-07-03 07:30:53.463482 - Epoch: 1 Iteration: 84  rank : 0  train.loss : 0.7041302919387817  train.ips : 20.43808595653445 imgs/s
[('epoch', 1), ('iter', 84), ('l_d2', 0.7041302919387817), ('l_g2', 0.06411445140838623), ('l_l1', 1.7468053102493286), ('l_per', 0.14023183286190033), ('l_sty', 0.1798132359981537)]
TCAPPDLL 2025-07-03 07:30:53.518921 - Epoch: 1 Iteration: 85  rank : 0  train.loss : 0.6780581474304199  train.ips : 20.87331107140902 imgs/s
[('epoch', 1), ('iter', 85), ('l_d2', 0.6780581474304199), ('l_g2', 0.0656319186091423), ('l_l1', 0.4599248468875885), ('l_per', 0.20963506400585175), ('l_sty', 0.49808067083358765)]
TCAPPDLL 2025-07-03 07:30:53.572021 - Epoch: 1 Iteration: 86  rank : 0  train.loss : 0.6853227615356445  train.ips : 21.397435962840337 imgs/s
[('epoch', 1), ('iter', 86), ('l_d2', 0.6853227615356445), ('l_g2', 0.06467431783676147), ('l_l1', 1.6347415447235107), ('l_per', 0.17036430537700653), ('l_sty', 0.1932695508003235)]
TCAPPDLL 2025-07-03 07:30:53.625354 - Epoch: 1 Iteration: 87  rank : 0  train.loss : 0.7004634141921997  train.ips : 21.45588664091874 imgs/s
[('epoch', 1), ('iter', 87), ('l_d2', 0.7004634141921997), ('l_g2', 0.06288408488035202), ('l_l1', 0.9683391451835632), ('l_per', 0.1846361607313156), ('l_sty', 0.182633638381958)]
TCAPPDLL 2025-07-03 07:30:53.683765 - Epoch: 1 Iteration: 88  rank : 0  train.loss : 0.6963391900062561  train.ips : 20.07016872266511 imgs/s
[('epoch', 1), ('iter', 88), ('l_d2', 0.6963391900062561), ('l_g2', 0.06437381356954575), ('l_l1', 0.425508588552475), ('l_per', 0.1893838793039322), ('l_sty', 0.34577101469039917)]
TCAPPDLL 2025-07-03 07:30:53.749501 - Epoch: 1 Iteration: 89  rank : 0  train.loss : 0.6950022578239441  train.ips : 18.767384524517986 imgs/s
[('epoch', 1), ('iter', 89), ('l_d2', 0.6950022578239441), ('l_g2', 0.06477068364620209), ('l_l1', 0.3216068744659424), ('l_per', 0.2003069967031479), ('l_sty', 0.33219170570373535)]
TCAPPDLL 2025-07-03 07:30:53.812284 - Epoch: 1 Iteration: 90  rank : 0  train.loss : 0.6902287006378174  train.ips : 19.204776578647337 imgs/s
[('epoch', 1), ('iter', 90), ('l_d2', 0.6902287006378174), ('l_g2', 0.064884714782238), ('l_l1', 0.44857680797576904), ('l_per', 0.14795294404029846), ('l_sty', 0.3274531662464142)]
TCAPPDLL 2025-07-03 07:30:53.867310 - Epoch: 1 Iteration: 91  rank : 0  train.loss : 0.6931874752044678  train.ips : 21.998405572105902 imgs/s
[('epoch', 1), ('iter', 91), ('l_d2', 0.6931874752044678), ('l_g2', 0.063313789665699), ('l_l1', 0.5331857204437256), ('l_per', 0.16886277496814728), ('l_sty', 0.19324184954166412)]
TCAPPDLL 2025-07-03 07:30:53.918699 - Epoch: 1 Iteration: 92  rank : 0  train.loss : 0.6972744464874268  train.ips : 22.344714424987615 imgs/s
[('epoch', 1), ('iter', 92), ('l_d2', 0.6972744464874268), ('l_g2', 0.06313765794038773), ('l_l1', 0.3761478364467621), ('l_per', 0.17872653901576996), ('l_sty', 0.1561294049024582)]
TCAPPDLL 2025-07-03 07:30:53.974065 - Epoch: 1 Iteration: 93  rank : 0  train.loss : 0.6964272260665894  train.ips : 20.639329983908986 imgs/s
[('epoch', 1), ('iter', 93), ('l_d2', 0.6964272260665894), ('l_g2', 0.06392983347177505), ('l_l1', 0.393113374710083), ('l_per', 0.17798607051372528), ('l_sty', 0.1976521909236908)]
TCAPPDLL 2025-07-03 07:30:54.030405 - Epoch: 1 Iteration: 94  rank : 0  train.loss : 0.696965754032135  train.ips : 20.739548153898642 imgs/s
[('epoch', 1), ('iter', 94), ('l_d2', 0.696965754032135), ('l_g2', 0.06472596526145935), ('l_l1', 0.23884791135787964), ('l_per', 0.18094073235988617), ('l_sty', 0.24432741105556488)]
TCAPPDLL 2025-07-03 07:30:54.089944 - Epoch: 1 Iteration: 95  rank : 0  train.loss : 0.6881642937660217  train.ips : 19.43444939717725 imgs/s
[('epoch', 1), ('iter', 95), ('l_d2', 0.6881642937660217), ('l_g2', 0.06517279893159866), ('l_l1', 0.2670867145061493), ('l_per', 0.180940642952919), ('l_sty', 0.18896232545375824)]
TCAPPDLL 2025-07-03 07:30:54.149655 - Epoch: 1 Iteration: 96  rank : 0  train.loss : 0.6904000043869019  train.ips : 19.38200201476881 imgs/s
[('epoch', 1), ('iter', 96), ('l_d2', 0.6904000043869019), ('l_g2', 0.06500837206840515), ('l_l1', 0.30723249912261963), ('l_per', 0.17720560729503632), ('l_sty', 0.22906376421451569)]
TCAPPDLL 2025-07-03 07:30:54.210169 - Epoch: 1 Iteration: 97  rank : 0  train.loss : 0.6695032119750977  train.ips : 19.864755165930198 imgs/s
[('epoch', 1), ('iter', 97), ('l_d2', 0.6695032119750977), ('l_g2', 0.06448782980442047), ('l_l1', 0.40392908453941345), ('l_per', 0.1953955739736557), ('l_sty', 0.39020729064941406)]
TCAPPDLL 2025-07-03 07:30:54.267018 - Epoch: 1 Iteration: 98  rank : 0  train.loss : 0.6811304092407227  train.ips : 21.250539584747738 imgs/s
[('epoch', 1), ('iter', 98), ('l_d2', 0.6811304092407227), ('l_g2', 0.062471210956573486), ('l_l1', 0.3864915370941162), ('l_per', 0.20988836884498596), ('l_sty', 0.43168333172798157)]
TCAPPDLL 2025-07-03 07:30:54.319832 - Epoch: 1 Iteration: 99  rank : 0  train.loss : 0.7004329562187195  train.ips : 21.620458048320334 imgs/s
/home/01/raithan/misf/src/config.py:8: YAMLLoadWarning: calling yaml.load() without Loader=... is deprecated, as the default Loader is unsafe. Please read https://msg.pyyaml.org/load for full details.
  self._dict = yaml.load(self._yaml)
[('epoch', 1), ('iter', 99), ('l_d2', 0.7004329562187195), ('l_g2', 0.059558089822530746), ('l_l1', 5.123940467834473), ('l_per', 0.18104183673858643), ('l_sty', 0.12038557231426239)]
TCAPPDLL 2025-07-03 07:30:54.375557 - Epoch: 1 Iteration: 100  rank : 0  train.loss : 0.695836067199707  train.ips : 21.090470252222534 imgs/s

End training....
