--------------+------------------------------------------------
 Host IP      | 10.244.32.89
 PyTorch      | 2.4.0a0+git4451b0e
 Torch-SDAA   | 20250616.14.30.dev0+git35328dc
--------------+------------------------------------------------
 SDAA Driver  | 2.1.0 (N/A)
 SDAA Runtime | 2.1.0 (/opt/tecoai/lib64/libsdaart.so)
 SDPTI        | 1.4.0b0 (/opt/tecoai/lib64/libsdpti.so)
 TecoDNN      | 2.2.0b0 (/opt/tecoai/lib64/libtecodnn.so)
 TecoBLAS     | 2.2.0b0 (/opt/tecoai/lib64/libtecoblas.so)
 CustomDNN    | 1.20.0a0 (/opt/tecoai/lib64/libtecodnn_ext.so)
 TecoRAND     | 2.0.1 (/opt/tecoai/lib64/libtecorand.so)
 TCCL         | 1.23.0 (/opt/tecoai/lib64/libtccl.so)
--------------+------------------------------------------------
/root/miniconda3/envs/test/lib/python3.10/site-packages/torchvision/models/_utils.py:208: UserWarning: The parameter 'pretrained' is deprecated since 0.13 and may be removed in the future, please use 'weights' instead.
  warnings.warn(
/root/miniconda3/envs/test/lib/python3.10/site-packages/torchvision/models/_utils.py:223: UserWarning: Arguments other than a weight enum or `None` for 'weights' are deprecated since 0.13 and may be removed in the future. The current behavior is equivalent to passing `weights=VGG19_Weights.IMAGENET1K_V1`. You can also use `weights=VGG19_Weights.DEFAULT` to get the most up-to-date weights.
  warnings.warn(msg)
/root/miniconda3/envs/test/lib/python3.10/site-packages/torchvision/models/_utils.py:223: UserWarning: Arguments other than a weight enum or `None` for 'weights' are deprecated since 0.13 and may be removed in the future. The current behavior is equivalent to passing `weights=VGG16_Weights.IMAGENET1K_V1`. You can also use `weights=VGG16_Weights.DEFAULT` to get the most up-to-date weights.
  warnings.warn(msg)
/root/miniconda3/envs/test/lib/python3.10/site-packages/torch_sdaa/utils/cuda_migrate.py:301: FutureWarning: You are using `torch.load` with `weights_only=False` (the current default value), which uses the default pickle module implicitly. It is possible to construct malicious pickle data which will execute arbitrary code during unpickling (See https://github.com/pytorch/pytorch/blob/main/SECURITY.md#untrusted-models for more details). In a future release, the default value for `weights_only` will be flipped to `True`. This limits the functions that could be executed during unpickling. Arbitrary objects will no longer be allowed to be loaded via this mode unless they are explicitly allowlisted by the user via `torch.serialization.add_safe_globals`. We recommend you start setting `weights_only=True` for any use case where you don't have full control of the loaded file. Please open an issue on GitHub for any issues related to this experimental feature.
  return fn(*args, **kwargs)
Setting up [LPIPS] perceptual loss: trunk [vgg], v[0.1], spatial [off]
Loading model from: /root/miniconda3/envs/test/lib/python3.10/site-packages/lpips/weights/v0.1/vgg.pth
training:True  mask:None  mask_list:./data/mask.txt  data_list:./data/face.txt
training:False  mask:None  mask_list:./data/mask.txt  data_list:./data/face.txt
train dataset:159514
eval dataset:159514

start training...



Training epoch: 1
TCAPPDLL 2025-07-04 06:06:57.233702 - Epoch: 1 Iteration: 1  rank : 0  train.loss : 0.7032032012939453  train.ips : 0.24363193217369686 imgs/s
[('epoch', 1), ('iter', 1), ('l_d2', 0.7032032012939453), ('l_g2', 0.07226696610450745), ('l_l1', 0.5056042671203613), ('l_per', 0.19146721065044403), ('l_sty', 0.4929847717285156)]
TCAPPDLL 2025-07-04 06:07:01.768960 - Epoch: 1 Iteration: 2  rank : 0  train.loss : 0.6950603723526001  train.ips : 0.22897520930687829 imgs/s
[('epoch', 1), ('iter', 2), ('l_d2', 0.6950603723526001), ('l_g2', 0.07156898081302643), ('l_l1', 2.9094581604003906), ('l_per', 0.18355555832386017), ('l_sty', 0.17005184292793274)]
TCAPPDLL 2025-07-04 06:07:05.875073 - Epoch: 1 Iteration: 3  rank : 0  train.loss : 0.6951212882995605  train.ips : 0.24818594490067808 imgs/s
[('epoch', 1), ('iter', 3), ('l_d2', 0.6951212882995605), ('l_g2', 0.07139060646295547), ('l_l1', 0.6029967665672302), ('l_per', 0.14606621861457825), ('l_sty', 0.446278840303421)]
TCAPPDLL 2025-07-04 06:07:09.812546 - Epoch: 1 Iteration: 4  rank : 0  train.loss : 0.6931533813476562  train.ips : 0.2584891890449449 imgs/s
[('epoch', 1), ('iter', 4), ('l_d2', 0.6931533813476562), ('l_g2', 0.07128807157278061), ('l_l1', 0.661302387714386), ('l_per', 0.17294488847255707), ('l_sty', 0.44830387830734253)]
TCAPPDLL 2025-07-04 06:07:13.707647 - Epoch: 1 Iteration: 5  rank : 0  train.loss : 0.690000057220459  train.ips : 0.26228609349114884 imgs/s
[('epoch', 1), ('iter', 5), ('l_d2', 0.690000057220459), ('l_g2', 0.07125269621610641), ('l_l1', 0.531772792339325), ('l_per', 0.15084026753902435), ('l_sty', 0.36209070682525635)]
TCAPPDLL 2025-07-04 06:07:17.219570 - Epoch: 1 Iteration: 6  rank : 0  train.loss : 0.6931950449943542  train.ips : 0.29391182723665826 imgs/s
[('epoch', 1), ('iter', 6), ('l_d2', 0.6931950449943542), ('l_g2', 0.07127784192562103), ('l_l1', 1.8761317729949951), ('l_per', 0.14916875958442688), ('l_sty', 0.07970154285430908)]
TCAPPDLL 2025-07-04 06:07:20.672493 - Epoch: 1 Iteration: 7  rank : 0  train.loss : 0.6923003196716309  train.ips : 0.2915744700493249 imgs/s
[('epoch', 1), ('iter', 7), ('l_d2', 0.6923003196716309), ('l_g2', 0.07126446813344955), ('l_l1', 0.5535848736763), ('l_per', 0.17932544648647308), ('l_sty', 0.3245973587036133)]
TCAPPDLL 2025-07-04 06:07:24.772196 - Epoch: 1 Iteration: 8  rank : 0  train.loss : 0.6937812566757202  train.ips : 0.2491034943468177 imgs/s
[('epoch', 1), ('iter', 8), ('l_d2', 0.6937812566757202), ('l_g2', 0.07126965373754501), ('l_l1', 2.4987599849700928), ('l_per', 0.20132847130298615), ('l_sty', 0.24776047468185425)]
TCAPPDLL 2025-07-04 06:07:28.983707 - Epoch: 1 Iteration: 9  rank : 0  train.loss : 0.6927814483642578  train.ips : 0.24085147977117666 imgs/s
[('epoch', 1), ('iter', 9), ('l_d2', 0.6927814483642578), ('l_g2', 0.07124809175729752), ('l_l1', 0.7821391820907593), ('l_per', 0.18922212719917297), ('l_sty', 0.4152802526950836)]
TCAPPDLL 2025-07-04 06:07:32.891741 - Epoch: 1 Iteration: 10  rank : 0  train.loss : 0.6924853920936584  train.ips : 0.2579063409124672 imgs/s
[('epoch', 1), ('iter', 10), ('l_d2', 0.6924853920936584), ('l_g2', 0.07125654071569443), ('l_l1', 0.5232946276664734), ('l_per', 0.13596513867378235), ('l_sty', 0.2498234361410141)]
TCAPPDLL 2025-07-04 06:07:36.388343 - Epoch: 1 Iteration: 11  rank : 0  train.loss : 0.6885913014411926  train.ips : 0.2886006134761213 imgs/s
[('epoch', 1), ('iter', 11), ('l_d2', 0.6885913014411926), ('l_g2', 0.0712655708193779), ('l_l1', 1.3253068923950195), ('l_per', 0.13057497143745422), ('l_sty', 0.5361414551734924)]
TCAPPDLL 2025-07-04 06:07:39.592396 - Epoch: 1 Iteration: 12  rank : 0  train.loss : 0.6935590505599976  train.ips : 0.3149743056217337 imgs/s
[('epoch', 1), ('iter', 12), ('l_d2', 0.6935590505599976), ('l_g2', 0.0713442787528038), ('l_l1', 1.4572830200195312), ('l_per', 0.17368313670158386), ('l_sty', 0.20747894048690796)]
TCAPPDLL 2025-07-04 06:07:42.975777 - Epoch: 1 Iteration: 13  rank : 0  train.loss : 0.6943573355674744  train.ips : 0.2977366907893518 imgs/s
[('epoch', 1), ('iter', 13), ('l_d2', 0.6943573355674744), ('l_g2', 0.0713312178850174), ('l_l1', 0.2785198986530304), ('l_per', 0.1667006015777588), ('l_sty', 0.335971474647522)]
TCAPPDLL 2025-07-04 06:07:46.792993 - Epoch: 1 Iteration: 14  rank : 0  train.loss : 0.6890700459480286  train.ips : 0.26425165468201534 imgs/s
[('epoch', 1), ('iter', 14), ('l_d2', 0.6890700459480286), ('l_g2', 0.07130683958530426), ('l_l1', 0.6127738356590271), ('l_per', 0.1550212949514389), ('l_sty', 0.5894124507904053)]
TCAPPDLL 2025-07-04 06:07:50.301300 - Epoch: 1 Iteration: 15  rank : 0  train.loss : 0.693516731262207  train.ips : 0.28752273314628113 imgs/s
[('epoch', 1), ('iter', 15), ('l_d2', 0.693516731262207), ('l_g2', 0.0713767409324646), ('l_l1', 0.5866410732269287), ('l_per', 0.17230647802352905), ('l_sty', 0.3880127966403961)]
TCAPPDLL 2025-07-04 06:07:53.997713 - Epoch: 1 Iteration: 16  rank : 0  train.loss : 0.694084644317627  train.ips : 0.2728010408615153 imgs/s
[('epoch', 1), ('iter', 16), ('l_d2', 0.694084644317627), ('l_g2', 0.07136841863393784), ('l_l1', 3.5020270347595215), ('l_per', 0.14235399663448334), ('l_sty', 0.0696861743927002)]
TCAPPDLL 2025-07-04 06:07:57.599371 - Epoch: 1 Iteration: 17  rank : 0  train.loss : 0.6899315118789673  train.ips : 0.28003864440140236 imgs/s
[('epoch', 1), ('iter', 17), ('l_d2', 0.6899315118789673), ('l_g2', 0.07135915011167526), ('l_l1', 1.387973427772522), ('l_per', 0.16296175122261047), ('l_sty', 0.4001326262950897)]
TCAPPDLL 2025-07-04 06:08:01.088928 - Epoch: 1 Iteration: 18  rank : 0  train.loss : 0.6924533843994141  train.ips : 0.28863086031636714 imgs/s
[('epoch', 1), ('iter', 18), ('l_d2', 0.6924533843994141), ('l_g2', 0.07142604887485504), ('l_l1', 0.7400979995727539), ('l_per', 0.16231124103069305), ('l_sty', 0.2777908742427826)]
TCAPPDLL 2025-07-04 06:08:04.695176 - Epoch: 1 Iteration: 19  rank : 0  train.loss : 0.6898995637893677  train.ips : 0.2797876542939756 imgs/s
[('epoch', 1), ('iter', 19), ('l_d2', 0.6898995637893677), ('l_g2', 0.07144360989332199), ('l_l1', 2.686379909515381), ('l_per', 0.16289415955543518), ('l_sty', 0.2090827375650406)]
TCAPPDLL 2025-07-04 06:08:08.085374 - Epoch: 1 Iteration: 20  rank : 0  train.loss : 0.6894465684890747  train.ips : 0.2974172805210339 imgs/s
[('epoch', 1), ('iter', 20), ('l_d2', 0.6894465684890747), ('l_g2', 0.07149600237607956), ('l_l1', 0.500618577003479), ('l_per', 0.12218748778104782), ('l_sty', 0.33828672766685486)]
TCAPPDLL 2025-07-04 06:08:11.665266 - Epoch: 1 Iteration: 21  rank : 0  train.loss : 0.6889499425888062  train.ips : 0.2816426297337327 imgs/s
[('epoch', 1), ('iter', 21), ('l_d2', 0.6889499425888062), ('l_g2', 0.07155825942754745), ('l_l1', 1.8233134746551514), ('l_per', 0.19969451427459717), ('l_sty', 0.42272499203681946)]
TCAPPDLL 2025-07-04 06:08:15.472397 - Epoch: 1 Iteration: 22  rank : 0  train.loss : 0.6950873136520386  train.ips : 0.26453830311419874 imgs/s
[('epoch', 1), ('iter', 22), ('l_d2', 0.6950873136520386), ('l_g2', 0.07162041962146759), ('l_l1', 0.48633936047554016), ('l_per', 0.1547473520040512), ('l_sty', 0.4823032319545746)]
TCAPPDLL 2025-07-04 06:08:19.217135 - Epoch: 1 Iteration: 23  rank : 0  train.loss : 0.6932412385940552  train.ips : 0.2692761490626287 imgs/s
[('epoch', 1), ('iter', 23), ('l_d2', 0.6932412385940552), ('l_g2', 0.07158837467432022), ('l_l1', 0.679892361164093), ('l_per', 0.18364952504634857), ('l_sty', 0.3912773132324219)]
TCAPPDLL 2025-07-04 06:08:22.957906 - Epoch: 1 Iteration: 24  rank : 0  train.loss : 0.6901320219039917  train.ips : 0.2722514190092883 imgs/s
[('epoch', 1), ('iter', 24), ('l_d2', 0.6901320219039917), ('l_g2', 0.07158250361680984), ('l_l1', 0.6829906702041626), ('l_per', 0.15789131820201874), ('l_sty', 0.5348524451255798)]
TCAPPDLL 2025-07-04 06:08:26.917710 - Epoch: 1 Iteration: 25  rank : 0  train.loss : 0.6903624534606934  train.ips : 0.2689443762157806 imgs/s
[('epoch', 1), ('iter', 25), ('l_d2', 0.6903624534606934), ('l_g2', 0.07163329422473907), ('l_l1', 5.790976047515869), ('l_per', 0.1811586618423462), ('l_sty', 0.1580631136894226)]
TCAPPDLL 2025-07-04 06:08:30.820074 - Epoch: 1 Iteration: 26  rank : 0  train.loss : 0.6927220821380615  train.ips : 0.25841835034084226 imgs/s
[('epoch', 1), ('iter', 26), ('l_d2', 0.6927220821380615), ('l_g2', 0.07168551534414291), ('l_l1', 0.6432755589485168), ('l_per', 0.1621125489473343), ('l_sty', 0.3586576282978058)]
TCAPPDLL 2025-07-04 06:08:34.714735 - Epoch: 1 Iteration: 27  rank : 0  train.loss : 0.687267541885376  train.ips : 0.2588477358636118 imgs/s
[('epoch', 1), ('iter', 27), ('l_d2', 0.687267541885376), ('l_g2', 0.07168116420507431), ('l_l1', 1.1377266645431519), ('l_per', 0.1251264065504074), ('l_sty', 0.3327989876270294)]
TCAPPDLL 2025-07-04 06:08:38.856858 - Epoch: 1 Iteration: 28  rank : 0  train.loss : 0.6919359564781189  train.ips : 0.24317805698001468 imgs/s
[('epoch', 1), ('iter', 28), ('l_d2', 0.6919359564781189), ('l_g2', 0.07176128774881363), ('l_l1', 0.4868418574333191), ('l_per', 0.16949686408042908), ('l_sty', 0.39041009545326233)]
TCAPPDLL 2025-07-04 06:08:43.395477 - Epoch: 1 Iteration: 29  rank : 0  train.loss : 0.6909923553466797  train.ips : 0.22191593857871292 imgs/s
[('epoch', 1), ('iter', 29), ('l_d2', 0.6909923553466797), ('l_g2', 0.07177074253559113), ('l_l1', 0.9546289443969727), ('l_per', 0.20304644107818604), ('l_sty', 0.42500293254852295)]
TCAPPDLL 2025-07-04 06:08:47.643843 - Epoch: 1 Iteration: 30  rank : 0  train.loss : 0.6957327723503113  train.ips : 0.24090895932575193 imgs/s
[('epoch', 1), ('iter', 30), ('l_d2', 0.6957327723503113), ('l_g2', 0.07180800288915634), ('l_l1', 0.6283622980117798), ('l_per', 0.18443921208381653), ('l_sty', 0.4187467098236084)]
TCAPPDLL 2025-07-04 06:08:51.914888 - Epoch: 1 Iteration: 31  rank : 0  train.loss : 0.6866999864578247  train.ips : 0.23593667072710084 imgs/s
[('epoch', 1), ('iter', 31), ('l_d2', 0.6866999864578247), ('l_g2', 0.07176927477121353), ('l_l1', 0.9813731908798218), ('l_per', 0.147990420460701), ('l_sty', 0.5131104588508606)]
TCAPPDLL 2025-07-04 06:08:55.913218 - Epoch: 1 Iteration: 32  rank : 0  train.loss : 0.6913595199584961  train.ips : 0.2518588102821563 imgs/s
[('epoch', 1), ('iter', 32), ('l_d2', 0.6913595199584961), ('l_g2', 0.07185345143079758), ('l_l1', 15.409333229064941), ('l_per', 0.16362279653549194), ('l_sty', 0.04761091247200966)]
TCAPPDLL 2025-07-04 06:08:59.992505 - Epoch: 1 Iteration: 33  rank : 0  train.loss : 0.6916053891181946  train.ips : 0.24697341124110395 imgs/s
[('epoch', 1), ('iter', 33), ('l_d2', 0.6916053891181946), ('l_g2', 0.07187451422214508), ('l_l1', 0.44335851073265076), ('l_per', 0.15118156373500824), ('l_sty', 0.5600565075874329)]
TCAPPDLL 2025-07-04 06:09:04.102915 - Epoch: 1 Iteration: 34  rank : 0  train.loss : 0.6860549449920654  train.ips : 0.24574103186410298 imgs/s
[('epoch', 1), ('iter', 34), ('l_d2', 0.6860549449920654), ('l_g2', 0.07189005613327026), ('l_l1', 1.8187670707702637), ('l_per', 0.12633870542049408), ('l_sty', 0.8583200573921204)]
TCAPPDLL 2025-07-04 06:09:08.423524 - Epoch: 1 Iteration: 35  rank : 0  train.loss : 0.6951910257339478  train.ips : 0.232957148322408 imgs/s
[('epoch', 1), ('iter', 35), ('l_d2', 0.6951910257339478), ('l_g2', 0.07197844982147217), ('l_l1', 0.465486615896225), ('l_per', 0.16466331481933594), ('l_sty', 0.5800111293792725)]
TCAPPDLL 2025-07-04 06:09:12.708918 - Epoch: 1 Iteration: 36  rank : 0  train.loss : 0.6909458637237549  train.ips : 0.23468453109076082 imgs/s
[('epoch', 1), ('iter', 36), ('l_d2', 0.6909458637237549), ('l_g2', 0.07194050401449203), ('l_l1', 0.8396996259689331), ('l_per', 0.22758357226848602), ('l_sty', 0.49375784397125244)]
TCAPPDLL 2025-07-04 06:09:16.784526 - Epoch: 1 Iteration: 37  rank : 0  train.loss : 0.6917563676834106  train.ips : 0.2488239707493443 imgs/s
[('epoch', 1), ('iter', 37), ('l_d2', 0.6917563676834106), ('l_g2', 0.07196611911058426), ('l_l1', 7.208786487579346), ('l_per', 0.2027282565832138), ('l_sty', 0.11070281267166138)]
TCAPPDLL 2025-07-04 06:09:21.005501 - Epoch: 1 Iteration: 38  rank : 0  train.loss : 0.69581139087677  train.ips : 0.23859954833204894 imgs/s
[('epoch', 1), ('iter', 38), ('l_d2', 0.69581139087677), ('l_g2', 0.07197576016187668), ('l_l1', 0.3935915529727936), ('l_per', 0.20359162986278534), ('l_sty', 0.5810796618461609)]
TCAPPDLL 2025-07-04 06:09:25.280965 - Epoch: 1 Iteration: 39  rank : 0  train.loss : 0.690306544303894  train.ips : 0.23523626463361888 imgs/s
[('epoch', 1), ('iter', 39), ('l_d2', 0.690306544303894), ('l_g2', 0.07193386554718018), ('l_l1', 5.39004373550415), ('l_per', 0.15677018463611603), ('l_sty', 0.1771012246608734)]
TCAPPDLL 2025-07-04 06:09:29.656899 - Epoch: 1 Iteration: 40  rank : 0  train.loss : 0.6924899816513062  train.ips : 0.2300414181656256 imgs/s
[('epoch', 1), ('iter', 40), ('l_d2', 0.6924899816513062), ('l_g2', 0.07198018580675125), ('l_l1', 0.6495884656906128), ('l_per', 0.12217793613672256), ('l_sty', 0.4402361810207367)]
TCAPPDLL 2025-07-04 06:09:34.143367 - Epoch: 1 Iteration: 41  rank : 0  train.loss : 0.6961314678192139  train.ips : 0.2244614292811242 imgs/s
[('epoch', 1), ('iter', 41), ('l_d2', 0.6961314678192139), ('l_g2', 0.07197380065917969), ('l_l1', 1.8073982000350952), ('l_per', 0.1751716583967209), ('l_sty', 0.28542667627334595)]
TCAPPDLL 2025-07-04 06:09:38.687927 - Epoch: 1 Iteration: 42  rank : 0  train.loss : 0.6901208758354187  train.ips : 0.22279500456925067 imgs/s
[('epoch', 1), ('iter', 42), ('l_d2', 0.6901208758354187), ('l_g2', 0.07192181050777435), ('l_l1', 0.8768910765647888), ('l_per', 0.1680489331483841), ('l_sty', 0.364334374666214)]
TCAPPDLL 2025-07-04 06:09:42.581965 - Epoch: 1 Iteration: 43  rank : 0  train.loss : 0.6867611408233643  train.ips : 0.2584512326349104 imgs/s
[('epoch', 1), ('iter', 43), ('l_d2', 0.6867611408233643), ('l_g2', 0.07195837795734406), ('l_l1', 0.958177924156189), ('l_per', 0.16142292320728302), ('l_sty', 0.45733320713043213)]
TCAPPDLL 2025-07-04 06:09:46.188953 - Epoch: 1 Iteration: 44  rank : 0  train.loss : 0.6925987005233765  train.ips : 0.2794737665182578 imgs/s
[('epoch', 1), ('iter', 44), ('l_d2', 0.6925987005233765), ('l_g2', 0.07203971594572067), ('l_l1', 0.32802483439445496), ('l_per', 0.1724930703639984), ('l_sty', 0.31449609994888306)]
TCAPPDLL 2025-07-04 06:09:50.294189 - Epoch: 1 Iteration: 45  rank : 0  train.loss : 0.6946295499801636  train.ips : 0.2503133165626416 imgs/s
[('epoch', 1), ('iter', 45), ('l_d2', 0.6946295499801636), ('l_g2', 0.07203954458236694), ('l_l1', 0.4200100302696228), ('l_per', 0.1742684692144394), ('l_sty', 0.5935221314430237)]
TCAPPDLL 2025-07-04 06:09:54.991872 - Epoch: 1 Iteration: 46  rank : 0  train.loss : 0.6918424367904663  train.ips : 0.21901289988561923 imgs/s
[('epoch', 1), ('iter', 46), ('l_d2', 0.6918424367904663), ('l_g2', 0.07201169431209564), ('l_l1', 0.9645464420318604), ('l_per', 0.19017185270786285), ('l_sty', 0.2759348750114441)]
TCAPPDLL 2025-07-04 06:09:58.847900 - Epoch: 1 Iteration: 47  rank : 0  train.loss : 0.7004856467247009  train.ips : 0.26131170588477537 imgs/s
[('epoch', 1), ('iter', 47), ('l_d2', 0.7004856467247009), ('l_g2', 0.07202519476413727), ('l_l1', 0.9297019839286804), ('l_per', 0.14980831742286682), ('l_sty', 0.6537021398544312)]
TCAPPDLL 2025-07-04 06:10:02.880110 - Epoch: 1 Iteration: 48  rank : 0  train.loss : 0.6901341676712036  train.ips : 0.2498588614207694 imgs/s
[('epoch', 1), ('iter', 48), ('l_d2', 0.6901341676712036), ('l_g2', 0.07192206382751465), ('l_l1', 0.5825665593147278), ('l_per', 0.17636163532733917), ('l_sty', 0.36577078700065613)]
TCAPPDLL 2025-07-04 06:10:07.391210 - Epoch: 1 Iteration: 49  rank : 0  train.loss : 0.6899335384368896  train.ips : 0.22295086777361847 imgs/s
[('epoch', 1), ('iter', 49), ('l_d2', 0.6899335384368896), ('l_g2', 0.0719573125243187), ('l_l1', 0.575666069984436), ('l_per', 0.09029003232717514), ('l_sty', 0.24848070740699768)]
TCAPPDLL 2025-07-04 06:10:11.414675 - Epoch: 1 Iteration: 50  rank : 0  train.loss : 0.6898530721664429  train.ips : 0.2500589628968966 imgs/s
[('epoch', 1), ('iter', 50), ('l_d2', 0.6898530721664429), ('l_g2', 0.07198794931173325), ('l_l1', 0.6607632637023926), ('l_per', 0.15889403223991394), ('l_sty', 0.3054763674736023)]
TCAPPDLL 2025-07-04 06:10:15.389228 - Epoch: 1 Iteration: 51  rank : 0  train.loss : 0.6957265734672546  train.ips : 0.2531018723353515 imgs/s
[('epoch', 1), ('iter', 51), ('l_d2', 0.6957265734672546), ('l_g2', 0.07202230393886566), ('l_l1', 3.6173136234283447), ('l_per', 0.1769273728132248), ('l_sty', 0.044226571917533875)]
TCAPPDLL 2025-07-04 06:10:19.097418 - Epoch: 1 Iteration: 52  rank : 0  train.loss : 0.6937289237976074  train.ips : 0.27136236613938153 imgs/s
[('epoch', 1), ('iter', 52), ('l_d2', 0.6937289237976074), ('l_g2', 0.0719849169254303), ('l_l1', 1.3138047456741333), ('l_per', 0.18056350946426392), ('l_sty', 0.163797989487648)]
TCAPPDLL 2025-07-04 06:10:22.619015 - Epoch: 1 Iteration: 53  rank : 0  train.loss : 0.6921765208244324  train.ips : 0.28949555845643654 imgs/s
[('epoch', 1), ('iter', 53), ('l_d2', 0.6921765208244324), ('l_g2', 0.07197286188602448), ('l_l1', 0.43333032727241516), ('l_per', 0.1566646695137024), ('l_sty', 0.3717893064022064)]
TCAPPDLL 2025-07-04 06:10:26.480500 - Epoch: 1 Iteration: 54  rank : 0  train.loss : 0.6916548013687134  train.ips : 0.26401545706644947 imgs/s
[('epoch', 1), ('iter', 54), ('l_d2', 0.6916548013687134), ('l_g2', 0.07198052853345871), ('l_l1', 1.006605863571167), ('l_per', 0.15248212218284607), ('l_sty', 0.3051600456237793)]
TCAPPDLL 2025-07-04 06:10:30.294032 - Epoch: 1 Iteration: 55  rank : 0  train.loss : 0.6926551461219788  train.ips : 0.2638841012418578 imgs/s
[('epoch', 1), ('iter', 55), ('l_d2', 0.6926551461219788), ('l_g2', 0.07201225310564041), ('l_l1', 8.211008071899414), ('l_per', 0.1434362381696701), ('l_sty', 0.013474401086568832)]
TCAPPDLL 2025-07-04 06:10:33.991863 - Epoch: 1 Iteration: 56  rank : 0  train.loss : 0.6881072521209717  train.ips : 0.27222643339967156 imgs/s
[('epoch', 1), ('iter', 56), ('l_d2', 0.6881072521209717), ('l_g2', 0.0720159038901329), ('l_l1', 1.2754548788070679), ('l_per', 0.12874804437160492), ('l_sty', 0.275973379611969)]
TCAPPDLL 2025-07-04 06:10:38.110997 - Epoch: 1 Iteration: 57  rank : 0  train.loss : 0.6975470781326294  train.ips : 0.24624986408509364 imgs/s
[('epoch', 1), ('iter', 57), ('l_d2', 0.6975470781326294), ('l_g2', 0.072086401283741), ('l_l1', 0.8619003295898438), ('l_per', 0.13064561784267426), ('l_sty', 0.3434748649597168)]
TCAPPDLL 2025-07-04 06:10:42.258273 - Epoch: 1 Iteration: 58  rank : 0  train.loss : 0.6889454126358032  train.ips : 0.24315272368414723 imgs/s
[('epoch', 1), ('iter', 58), ('l_d2', 0.6889454126358032), ('l_g2', 0.0720062330365181), ('l_l1', 0.6070141196250916), ('l_per', 0.16626301407814026), ('l_sty', 0.47155553102493286)]
TCAPPDLL 2025-07-04 06:10:46.490102 - Epoch: 1 Iteration: 59  rank : 0  train.loss : 0.6898275017738342  train.ips : 0.23843424745452654 imgs/s
[('epoch', 1), ('iter', 59), ('l_d2', 0.6898275017738342), ('l_g2', 0.07206498086452484), ('l_l1', 0.9316967725753784), ('l_per', 0.17870323359966278), ('l_sty', 0.33861038088798523)]
TCAPPDLL 2025-07-04 06:10:50.793829 - Epoch: 1 Iteration: 60  rank : 0  train.loss : 0.696221113204956  train.ips : 0.23368710350173186 imgs/s
[('epoch', 1), ('iter', 60), ('l_d2', 0.696221113204956), ('l_g2', 0.07209404557943344), ('l_l1', 4.189640045166016), ('l_per', 0.14236511290073395), ('l_sty', 0.15839383006095886)]
TCAPPDLL 2025-07-04 06:10:54.882195 - Epoch: 1 Iteration: 61  rank : 0  train.loss : 0.6971652507781982  train.ips : 0.24631757253949574 imgs/s
[('epoch', 1), ('iter', 61), ('l_d2', 0.6971652507781982), ('l_g2', 0.07204817980527878), ('l_l1', 3.2382748126983643), ('l_per', 0.18632648885250092), ('l_sty', 0.1379145234823227)]
TCAPPDLL 2025-07-04 06:10:58.813208 - Epoch: 1 Iteration: 62  rank : 0  train.loss : 0.6946216821670532  train.ips : 0.2610212984538565 imgs/s
[('epoch', 1), ('iter', 62), ('l_d2', 0.6946216821670532), ('l_g2', 0.07199336588382721), ('l_l1', 0.47614359855651855), ('l_per', 0.1767035573720932), ('l_sty', 0.3442482650279999)]
TCAPPDLL 2025-07-04 06:11:02.879368 - Epoch: 1 Iteration: 63  rank : 0  train.loss : 0.6942821145057678  train.ips : 0.2474948859779762 imgs/s
[('epoch', 1), ('iter', 63), ('l_d2', 0.6942821145057678), ('l_g2', 0.07196474820375443), ('l_l1', 1.59787118434906), ('l_per', 0.1637326329946518), ('l_sty', 0.1447078287601471)]
TCAPPDLL 2025-07-04 06:11:06.796175 - Epoch: 1 Iteration: 64  rank : 0  train.loss : 0.6949323415756226  train.ips : 0.25715056987462154 imgs/s
[('epoch', 1), ('iter', 64), ('l_d2', 0.6949323415756226), ('l_g2', 0.0719376727938652), ('l_l1', 2.3417835235595703), ('l_per', 0.18083523213863373), ('l_sty', 0.28277623653411865)]
TCAPPDLL 2025-07-04 06:11:10.598206 - Epoch: 1 Iteration: 65  rank : 0  train.loss : 0.6905418634414673  train.ips : 0.26464766616479374 imgs/s
[('epoch', 1), ('iter', 65), ('l_d2', 0.6905418634414673), ('l_g2', 0.0718909353017807), ('l_l1', 0.36699503660202026), ('l_per', 0.09767540544271469), ('l_sty', 0.1783839911222458)]
TCAPPDLL 2025-07-04 06:11:14.390659 - Epoch: 1 Iteration: 66  rank : 0  train.loss : 0.6985626220703125  train.ips : 0.2654162505995796 imgs/s
[('epoch', 1), ('iter', 66), ('l_d2', 0.6985626220703125), ('l_g2', 0.07192160934209824), ('l_l1', 1.7649706602096558), ('l_per', 0.14210321009159088), ('l_sty', 0.45397934317588806)]
TCAPPDLL 2025-07-04 06:11:18.192006 - Epoch: 1 Iteration: 67  rank : 0  train.loss : 0.6904574632644653  train.ips : 0.26562398969347223 imgs/s
[('epoch', 1), ('iter', 67), ('l_d2', 0.6904574632644653), ('l_g2', 0.07183316349983215), ('l_l1', 2.136852979660034), ('l_per', 0.20434169471263885), ('l_sty', 0.2640897035598755)]
TCAPPDLL 2025-07-04 06:11:22.164478 - Epoch: 1 Iteration: 68  rank : 0  train.loss : 0.6880038976669312  train.ips : 0.25341410579278123 imgs/s
[('epoch', 1), ('iter', 68), ('l_d2', 0.6880038976669312), ('l_g2', 0.07186176627874374), ('l_l1', 0.7165566682815552), ('l_per', 0.1856246441602707), ('l_sty', 0.5156686902046204)]
TCAPPDLL 2025-07-04 06:11:26.111227 - Epoch: 1 Iteration: 69  rank : 0  train.loss : 0.6936392784118652  train.ips : 0.2547916060208591 imgs/s
[('epoch', 1), ('iter', 69), ('l_d2', 0.6936392784118652), ('l_g2', 0.07192801684141159), ('l_l1', 0.29278460144996643), ('l_per', 0.20842352509498596), ('l_sty', 0.43343332409858704)]
TCAPPDLL 2025-07-04 06:11:29.872337 - Epoch: 1 Iteration: 70  rank : 0  train.loss : 0.6930816173553467  train.ips : 0.27031187888843233 imgs/s
[('epoch', 1), ('iter', 70), ('l_d2', 0.6930816173553467), ('l_g2', 0.07190552353858948), ('l_l1', 0.7929244637489319), ('l_per', 0.18149156868457794), ('l_sty', 0.4033788740634918)]
TCAPPDLL 2025-07-04 06:11:34.024797 - Epoch: 1 Iteration: 71  rank : 0  train.loss : 0.6867533326148987  train.ips : 0.2423412652648331 imgs/s
[('epoch', 1), ('iter', 71), ('l_d2', 0.6867533326148987), ('l_g2', 0.07189948111772537), ('l_l1', 0.5993492007255554), ('l_per', 0.16698770225048065), ('l_sty', 0.4466242492198944)]
TCAPPDLL 2025-07-04 06:11:37.889947 - Epoch: 1 Iteration: 72  rank : 0  train.loss : 0.6940795183181763  train.ips : 0.26037777617614216 imgs/s
[('epoch', 1), ('iter', 72), ('l_d2', 0.6940795183181763), ('l_g2', 0.07197590917348862), ('l_l1', 1.7501004934310913), ('l_per', 0.17705421149730682), ('l_sty', 0.1970456838607788)]
TCAPPDLL 2025-07-04 06:11:41.589705 - Epoch: 1 Iteration: 73  rank : 0  train.loss : 0.6964164972305298  train.ips : 0.27194695694024923 imgs/s
[('epoch', 1), ('iter', 73), ('l_d2', 0.6964164972305298), ('l_g2', 0.07194563001394272), ('l_l1', 1.9897395372390747), ('l_per', 0.1690012514591217), ('l_sty', 0.13742491602897644)]
TCAPPDLL 2025-07-04 06:11:45.676105 - Epoch: 1 Iteration: 74  rank : 0  train.loss : 0.6935253143310547  train.ips : 0.24665929957247057 imgs/s
[('epoch', 1), ('iter', 74), ('l_d2', 0.6935253143310547), ('l_g2', 0.07188551872968674), ('l_l1', 1.2661936283111572), ('l_per', 0.20514705777168274), ('l_sty', 0.3700867295265198)]
TCAPPDLL 2025-07-04 06:11:49.599059 - Epoch: 1 Iteration: 75  rank : 0  train.loss : 0.6896325349807739  train.ips : 0.25666790993286054 imgs/s
[('epoch', 1), ('iter', 75), ('l_d2', 0.6896325349807739), ('l_g2', 0.0718679428100586), ('l_l1', 11.787710189819336), ('l_per', 0.15693019330501556), ('l_sty', 0.047176994383335114)]
TCAPPDLL 2025-07-04 06:11:53.273289 - Epoch: 1 Iteration: 76  rank : 0  train.loss : 0.6870917081832886  train.ips : 0.2737372159170635 imgs/s
[('epoch', 1), ('iter', 76), ('l_d2', 0.6870917081832886), ('l_g2', 0.0719112679362297), ('l_l1', 1.5501015186309814), ('l_per', 0.15788529813289642), ('l_sty', 0.25225064158439636)]
TCAPPDLL 2025-07-04 06:11:57.399439 - Epoch: 1 Iteration: 77  rank : 0  train.loss : 0.6950151920318604  train.ips : 0.24660522012594888 imgs/s
[('epoch', 1), ('iter', 77), ('l_d2', 0.6950151920318604), ('l_g2', 0.07198072224855423), ('l_l1', 1.314702033996582), ('l_per', 0.14607755839824677), ('l_sty', 0.37803012132644653)]
TCAPPDLL 2025-07-04 06:12:01.384676 - Epoch: 1 Iteration: 78  rank : 0  train.loss : 0.6888479590415955  train.ips : 0.2525232888286773 imgs/s
[('epoch', 1), ('iter', 78), ('l_d2', 0.6888479590415955), ('l_g2', 0.07193268090486526), ('l_l1', 3.5710082054138184), ('l_per', 0.17064519226551056), ('l_sty', 0.19067955017089844)]
TCAPPDLL 2025-07-04 06:12:05.678904 - Epoch: 1 Iteration: 79  rank : 0  train.loss : 0.6906943321228027  train.ips : 0.24492510675864299 imgs/s
[('epoch', 1), ('iter', 79), ('l_d2', 0.6906943321228027), ('l_g2', 0.07197129726409912), ('l_l1', 0.4702187180519104), ('l_per', 0.16063278913497925), ('l_sty', 0.2684669494628906)]
TCAPPDLL 2025-07-04 06:12:09.734396 - Epoch: 1 Iteration: 80  rank : 0  train.loss : 0.693696916103363  train.ips : 0.2479870838483836 imgs/s
[('epoch', 1), ('iter', 80), ('l_d2', 0.693696916103363), ('l_g2', 0.07199510186910629), ('l_l1', 0.4816610515117645), ('l_per', 0.1518588811159134), ('l_sty', 0.3978371322154999)]
TCAPPDLL 2025-07-04 06:12:13.798380 - Epoch: 1 Iteration: 81  rank : 0  train.loss : 0.6939849853515625  train.ips : 0.24791663748212503 imgs/s
[('epoch', 1), ('iter', 81), ('l_d2', 0.6939849853515625), ('l_g2', 0.07198142260313034), ('l_l1', 3.6437416076660156), ('l_per', 0.16783767938613892), ('l_sty', 0.06994730234146118)]
TCAPPDLL 2025-07-04 06:12:17.698366 - Epoch: 1 Iteration: 82  rank : 0  train.loss : 0.688646674156189  train.ips : 0.2584219645953066 imgs/s
[('epoch', 1), ('iter', 82), ('l_d2', 0.688646674156189), ('l_g2', 0.0719553753733635), ('l_l1', 0.8850733041763306), ('l_per', 0.18227416276931763), ('l_sty', 0.3561196029186249)]
TCAPPDLL 2025-07-04 06:12:21.786798 - Epoch: 1 Iteration: 83  rank : 0  train.loss : 0.6891109943389893  train.ips : 0.247076284428165 imgs/s
[('epoch', 1), ('iter', 83), ('l_d2', 0.6891109943389893), ('l_g2', 0.0720083937048912), ('l_l1', 0.6295322775840759), ('l_per', 0.1782025396823883), ('l_sty', 0.3944113552570343)]
TCAPPDLL 2025-07-04 06:12:25.409446 - Epoch: 1 Iteration: 84  rank : 0  train.loss : 0.689164400100708  train.ips : 0.2778466602953374 imgs/s
[('epoch', 1), ('iter', 84), ('l_d2', 0.689164400100708), ('l_g2', 0.07204600423574448), ('l_l1', 2.884265661239624), ('l_per', 0.15073613822460175), ('l_sty', 0.16725479066371918)]
TCAPPDLL 2025-07-04 06:12:29.394392 - Epoch: 1 Iteration: 85  rank : 0  train.loss : 0.6923027038574219  train.ips : 0.25288836487325295 imgs/s
[('epoch', 1), ('iter', 85), ('l_d2', 0.6923027038574219), ('l_g2', 0.07209478318691254), ('l_l1', 0.4033733010292053), ('l_per', 0.15911470353603363), ('l_sty', 0.401342511177063)]
TCAPPDLL 2025-07-04 06:12:33.392159 - Epoch: 1 Iteration: 86  rank : 0  train.loss : 0.6903160810470581  train.ips : 0.25146893921194 imgs/s
[('epoch', 1), ('iter', 86), ('l_d2', 0.6903160810470581), ('l_g2', 0.07209686189889908), ('l_l1', 2.098912477493286), ('l_per', 0.16518718004226685), ('l_sty', 0.16158661246299744)]
TCAPPDLL 2025-07-04 06:12:37.209847 - Epoch: 1 Iteration: 87  rank : 0  train.loss : 0.6937789916992188  train.ips : 0.26365523887231124 imgs/s
[('epoch', 1), ('iter', 87), ('l_d2', 0.6937789916992188), ('l_g2', 0.07212171703577042), ('l_l1', 0.9407926201820374), ('l_per', 0.1915554702281952), ('l_sty', 0.18303300440311432)]
TCAPPDLL 2025-07-04 06:12:40.991064 - Epoch: 1 Iteration: 88  rank : 0  train.loss : 0.6954854726791382  train.ips : 0.2664743412830197 imgs/s
[('epoch', 1), ('iter', 88), ('l_d2', 0.6954854726791382), ('l_g2', 0.07209334522485733), ('l_l1', 0.5426925420761108), ('l_per', 0.21517090499401093), ('l_sty', 0.4941822290420532)]
TCAPPDLL 2025-07-04 06:12:44.873650 - Epoch: 1 Iteration: 89  rank : 0  train.loss : 0.6890390515327454  train.ips : 0.2594368414190031 imgs/s
[('epoch', 1), ('iter', 89), ('l_d2', 0.6890390515327454), ('l_g2', 0.07203666865825653), ('l_l1', 0.550119161605835), ('l_per', 0.19138501584529877), ('l_sty', 0.6958907842636108)]
TCAPPDLL 2025-07-04 06:12:48.991694 - Epoch: 1 Iteration: 90  rank : 0  train.loss : 0.6859941482543945  train.ips : 0.2442485641246062 imgs/s
[('epoch', 1), ('iter', 90), ('l_d2', 0.6859941482543945), ('l_g2', 0.07208069413900375), ('l_l1', 0.8833109140396118), ('l_per', 0.11819102615118027), ('l_sty', 0.3591380715370178)]
TCAPPDLL 2025-07-04 06:12:52.882335 - Epoch: 1 Iteration: 91  rank : 0  train.loss : 0.6945466995239258  train.ips : 0.2607481985961524 imgs/s
[('epoch', 1), ('iter', 91), ('l_d2', 0.6945466995239258), ('l_g2', 0.07217241823673248), ('l_l1', 1.0024189949035645), ('l_per', 0.1916423887014389), ('l_sty', 0.3861687183380127)]
TCAPPDLL 2025-07-04 06:12:56.788247 - Epoch: 1 Iteration: 92  rank : 0  train.loss : 0.6938400268554688  train.ips : 0.2577015316155173 imgs/s
[('epoch', 1), ('iter', 92), ('l_d2', 0.6938400268554688), ('l_g2', 0.07213518023490906), ('l_l1', 0.5920729041099548), ('l_per', 0.14745692908763885), ('l_sty', 0.2820061147212982)]
TCAPPDLL 2025-07-04 06:13:00.884248 - Epoch: 1 Iteration: 93  rank : 0  train.loss : 0.6889686584472656  train.ips : 0.24558029949373958 imgs/s
[('epoch', 1), ('iter', 93), ('l_d2', 0.6889686584472656), ('l_g2', 0.07213862240314484), ('l_l1', 0.7857963442802429), ('l_per', 0.17040443420410156), ('l_sty', 0.41984716057777405)]
TCAPPDLL 2025-07-04 06:13:04.977463 - Epoch: 1 Iteration: 94  rank : 0  train.loss : 0.6920220851898193  train.ips : 0.24696170504511375 imgs/s
[('epoch', 1), ('iter', 94), ('l_d2', 0.6920220851898193), ('l_g2', 0.07218816131353378), ('l_l1', 0.6034208536148071), ('l_per', 0.156081423163414), ('l_sty', 0.43437767028808594)]
TCAPPDLL 2025-07-04 06:13:08.898709 - Epoch: 1 Iteration: 95  rank : 0  train.loss : 0.6964751482009888  train.ips : 0.25654575474462094 imgs/s
[('epoch', 1), ('iter', 95), ('l_d2', 0.6964751482009888), ('l_g2', 0.0721835121512413), ('l_l1', 0.6814141273498535), ('l_per', 0.15155665576457977), ('l_sty', 0.23961199820041656)]
TCAPPDLL 2025-07-04 06:13:12.997413 - Epoch: 1 Iteration: 96  rank : 0  train.loss : 0.7006848454475403  train.ips : 0.2454963263967796 imgs/s
[('epoch', 1), ('iter', 96), ('l_d2', 0.7006848454475403), ('l_g2', 0.07212311774492264), ('l_l1', 0.7512680888175964), ('l_per', 0.13969342410564423), ('l_sty', 0.5299934148788452)]
TCAPPDLL 2025-07-04 06:13:16.894468 - Epoch: 1 Iteration: 97  rank : 0  train.loss : 0.687702476978302  train.ips : 0.2585729778888658 imgs/s
[('epoch', 1), ('iter', 97), ('l_d2', 0.687702476978302), ('l_g2', 0.07201812416315079), ('l_l1', 0.5135220885276794), ('l_per', 0.18629775941371918), ('l_sty', 0.3572978377342224)]
TCAPPDLL 2025-07-04 06:13:20.803234 - Epoch: 1 Iteration: 98  rank : 0  train.loss : 0.696204423904419  train.ips : 0.25744493799826085 imgs/s
[('epoch', 1), ('iter', 98), ('l_d2', 0.696204423904419), ('l_g2', 0.07206854969263077), ('l_l1', 0.8242471814155579), ('l_per', 0.15228265523910522), ('l_sty', 0.5000064373016357)]
TCAPPDLL 2025-07-04 06:13:24.666778 - Epoch: 1 Iteration: 99  rank : 0  train.loss : 0.6917955279350281  train.ips : 0.26051218424193157 imgs/s
[('epoch', 1), ('iter', 99), ('l_d2', 0.6917955279350281), ('l_g2', 0.07201644033193588), ('l_l1', 8.197662353515625), ('l_per', 0.1651902049779892), ('l_sty', 0.08367718011140823)]
TCAPPDLL 2025-07-04 06:13:28.577884 - Epoch: 1 Iteration: 100  rank : 0  train.loss : 0.6896605491638184  train.ips : 0.25755009505144827 imgs/s

End training....
Executing command: python train.py
