--------------+------------------------------------------------
 Host IP      | 10.244.32.82
 PyTorch      | 2.4.0a0+git4451b0e
 Torch-SDAA   | 20250616.14.30.dev0+git35328dc
--------------+------------------------------------------------
 SDAA Driver  | 2.1.0 (N/A)
 SDAA Runtime | 2.1.0 (/opt/tecoai/lib64/libsdaart.so)
 SDPTI        | 1.4.0b0 (/opt/tecoai/lib64/libsdpti.so)
 TecoDNN      | 2.2.0b0 (/opt/tecoai/lib64/libtecodnn.so)
 TecoBLAS     | 2.2.0b0 (/opt/tecoai/lib64/libtecoblas.so)
 CustomDNN    | 1.20.0a0 (/opt/tecoai/lib64/libtecodnn_ext.so)
 TecoRAND     | 2.0.1 (/opt/tecoai/lib64/libtecorand.so)
 TCCL         | 1.23.0 (/opt/tecoai/lib64/libtccl.so)
--------------+------------------------------------------------
/data/bigc-data/zjh/train5/lib/python3.10/site-packages/torch/distributed/launch.py:208: FutureWarning: The module torch.distributed.launch is deprecated
and will be removed in future. Use torchrun.
Note that --use-env is set by default in torchrun.
If your script expects `--local-rank` argument to be set, please
change it to read from `os.environ['LOCAL_RANK']` instead. See 
https://pytorch.org/docs/stable/distributed.html#launch-utility for 
further instructions

  main()
--------------+------------------------------------------------
 Host IP      | 10.244.32.82
 PyTorch      | 2.4.0a0+git4451b0e
 Torch-SDAA   | 20250616.14.30.dev0+git35328dc
--------------+------------------------------------------------
 SDAA Driver  | 2.1.0 (N/A)
 SDAA Runtime | 2.1.0 (/opt/tecoai/lib64/libsdaart.so)
 SDPTI        | 1.4.0b0 (/opt/tecoai/lib64/libsdpti.so)
 TecoDNN      | 2.2.0b0 (/opt/tecoai/lib64/libtecodnn.so)
 TecoBLAS     | 2.2.0b0 (/opt/tecoai/lib64/libtecoblas.so)
 CustomDNN    | 1.20.0a0 (/opt/tecoai/lib64/libtecodnn_ext.so)
 TecoRAND     | 2.0.1 (/opt/tecoai/lib64/libtecorand.so)
 TCCL         | 1.23.0 (/opt/tecoai/lib64/libtccl.so)
--------------+------------------------------------------------
/data/bigc-data/zjh/train5/lib/python3.10/site-packages/mmengine/optim/optimizer/zero_optimizer.py:11: DeprecationWarning: `TorchScript` support for functional optimizers is deprecated and will be removed in a future PyTorch release. Consider using the `torch.compile` optimizer instead.
  from torch.distributed.optim import \
/data/bigc-data/zjh/train5/lib/python3.10/site-packages/mmengine/utils/dl_utils/setup_env.py:46: UserWarning: Setting OMP_NUM_THREADS environment variable for each process to be 1 in default, to avoid your system being overloaded, please further tune the variable for optimal performance in your application as needed.
  warnings.warn(
/data/bigc-data/zjh/train5/lib/python3.10/site-packages/mmengine/utils/dl_utils/setup_env.py:56: UserWarning: Setting MKL_NUM_THREADS environment variable for each process to be 1 in default, to avoid your system being overloaded, please further tune the variable for optimal performance in your application as needed.
  warnings.warn(
06/25 09:08:21 - mmengine - INFO - 
------------------------------------------------------------
System environment:
    sys.platform: linux
    Python: 3.10.16 (main, Dec 11 2024, 16:24:50) [GCC 11.2.0]
    CUDA available: False
    MUSA available: False
    numpy_random_seed: 898554320
    GCC: gcc (Ubuntu 11.4.0-1ubuntu1~22.04) 11.4.0
    PyTorch: 2.4.0a0+git4451b0e
    PyTorch compiling details: PyTorch built with:
  - GCC 11.5
  - C++ Version: 201703
  - Intel(R) oneAPI Math Kernel Library Version 2025.0-Product Build 20241009 for Intel(R) 64 architecture applications
  - Intel(R) MKL-DNN v3.4.2 (Git Hash 1137e04ec0b5251ca2b4400a4fd3c667ce843d67)
  - OpenMP 201511 (a.k.a. OpenMP 4.5)
  - LAPACK is enabled (usually provided by MKL)
  - NNPACK is enabled
  - CPU capability usage: AVX512
  - Build settings: BLAS_INFO=mkl, BUILD_TYPE=Release, CXX_COMPILER=/usr/bin/g++, CXX_FLAGS= -D_GLIBCXX_USE_CXX11_ABI=1 -fvisibility-inlines-hidden -DUSE_PTHREADPOOL -DNDEBUG -DUSE_KINETO -DLIBKINETO_NOCUPTI -DLIBKINETO_NOROCTRACER -DUSE_FBGEMM -DUSE_PYTORCH_QNNPACK -DUSE_XNNPACK -DSYMBOLICATE_MOBILE_DEBUG_HANDLE -O2 -fPIC -Wall -Wextra -Werror=return-type -Werror=non-virtual-dtor -Werror=range-loop-construct -Werror=bool-operation -Wnarrowing -Wno-missing-field-initializers -Wno-type-limits -Wno-array-bounds -Wno-unknown-pragmas -Wno-unused-parameter -Wno-unused-function -Wno-unused-result -Wno-strict-overflow -Wno-strict-aliasing -Wno-stringop-overflow -Wsuggest-override -Wno-psabi -Wno-error=pedantic -Wno-error=old-style-cast -Wno-missing-braces -fdiagnostics-color=always -faligned-new -Wno-unused-but-set-variable -Wno-maybe-uninitialized -fno-math-errno -fno-trapping-math -Werror=format -Wno-stringop-overflow, FORCE_FALLBACK_CUDA_MPI=1, LAPACK_INFO=mkl, PERF_WITH_AVX=1, PERF_WITH_AVX2=1, PERF_WITH_AVX512=1, TORCH_VERSION=2.4.0, USE_CUDA=OFF, USE_CUDNN=OFF, USE_CUSPARSELT=OFF, USE_EXCEPTION_PTR=1, USE_GFLAGS=OFF, USE_GLOG=OFF, USE_GLOO=ON, USE_MKL=ON, USE_MKLDNN=1, USE_MPI=ON, USE_NCCL=OFF, USE_NNPACK=ON, USE_OPENMP=ON, USE_ROCM=OFF, USE_ROCM_KERNEL_ASSERT=OFF, 

    TorchVision: 0.15.1a0+42759b1
    OpenCV: 4.11.0
    MMEngine: 0.10.4

Runtime environment:
    cudnn_benchmark: True
    mp_cfg: {'mp_start_method': 'fork', 'opencv_num_threads': 0}
    dist_cfg: {'backend': 'tccl'}
    seed: 898554320
    Distributed launcher: pytorch
    Distributed training: True
    GPU number: 1
------------------------------------------------------------

06/25 09:08:21 - mmengine - INFO - Config:
crop_size = (
    512,
    1024,
)
data_preprocessor = dict(
    bgr_to_rgb=True,
    mean=[
        123.675,
        116.28,
        103.53,
    ],
    pad_val=0,
    seg_pad_val=255,
    size=(
        512,
        1024,
    ),
    std=[
        58.395,
        57.12,
        57.375,
    ],
    type='SegDataPreProcessor')
data_root = '/data/teco-data/Cityscapes/'
dataset_type = 'CityscapesDataset'
default_hooks = dict(
    checkpoint=dict(by_epoch=False, interval=8000, type='CheckpointHook'),
    logger=dict(interval=50, log_metric_by_epoch=False, type='LoggerHook'),
    param_scheduler=dict(type='ParamSchedulerHook'),
    sampler_seed=dict(type='DistSamplerSeedHook'),
    timer=dict(type='IterTimerHook'),
    visualization=dict(type='SegVisualizationHook'))
default_scope = 'mmseg'
env_cfg = dict(
    cudnn_benchmark=True,
    dist_cfg=dict(backend='nccl'),
    mp_cfg=dict(mp_start_method='fork', opencv_num_threads=0))
img_ratios = [
    0.5,
    0.75,
    1.0,
    1.25,
    1.5,
    1.75,
]
launcher = 'pytorch'
load_from = None
log_level = 'INFO'
log_processor = dict(by_epoch=False)
model = dict(
    auxiliary_head=dict(
        align_corners=False,
        channels=256,
        concat_input=False,
        dropout_ratio=0.1,
        in_channels=1024,
        in_index=2,
        loss_decode=dict(
            loss_weight=0.4, type='CrossEntropyLoss', use_sigmoid=False),
        norm_cfg=dict(requires_grad=True, type='SyncBN'),
        num_classes=19,
        num_convs=1,
        type='FCNHead'),
    backbone=dict(
        contract_dilation=True,
        depth=50,
        dilations=(
            1,
            1,
            1,
            1,
        ),
        norm_cfg=dict(requires_grad=True, type='SyncBN'),
        norm_eval=False,
        num_stages=4,
        out_indices=(
            0,
            1,
            2,
            3,
        ),
        strides=(
            1,
            2,
            2,
            2,
        ),
        style='pytorch',
        type='ResNetV1c'),
    data_preprocessor=dict(
        bgr_to_rgb=True,
        mean=[
            123.675,
            116.28,
            103.53,
        ],
        pad_val=0,
        seg_pad_val=255,
        size=(
            512,
            1024,
        ),
        std=[
            58.395,
            57.12,
            57.375,
        ],
        type='SegDataPreProcessor'),
    decode_head=dict(
        align_corners=False,
        channels=512,
        dropout_ratio=0.1,
        in_channels=[
            256,
            512,
            1024,
            2048,
        ],
        in_index=[
            0,
            1,
            2,
            3,
        ],
        loss_decode=dict(
            loss_weight=1.0, type='CrossEntropyLoss', use_sigmoid=False),
        norm_cfg=dict(requires_grad=True, type='SyncBN'),
        num_classes=19,
        pool_scales=(
            1,
            2,
            3,
            6,
        ),
        type='UPerHead'),
    pretrained='open-mmlab://resnet50_v1c',
    test_cfg=dict(mode='whole'),
    train_cfg=dict(),
    type='EncoderDecoder')
norm_cfg = dict(requires_grad=True, type='SyncBN')
optim_wrapper = dict(
    clip_grad=None,
    loss_scale='dynamic',
    optimizer=dict(lr=0.01, momentum=0.9, type='SGD', weight_decay=0.0005),
    type='AmpOptimWrapper')
optimizer = dict(lr=0.01, momentum=0.9, type='SGD', weight_decay=0.0005)
param_scheduler = [
    dict(
        begin=0,
        by_epoch=False,
        end=80000,
        eta_min=0.0001,
        power=0.9,
        type='PolyLR'),
]
resume = False
test_cfg = dict(type='TestLoop')
test_dataloader = dict(
    batch_size=1,
    dataset=dict(
        data_prefix=dict(
            img_path='leftImg8bit/val', seg_map_path='gtFine/val'),
        data_root='/data/teco-data/Cityscapes/',
        pipeline=[
            dict(type='LoadImageFromFile'),
            dict(keep_ratio=True, scale=(
                2048,
                1024,
            ), type='Resize'),
            dict(type='LoadAnnotations'),
            dict(type='PackSegInputs'),
        ],
        type='CityscapesDataset'),
    num_workers=4,
    persistent_workers=True,
    sampler=dict(shuffle=False, type='DefaultSampler'))
test_evaluator = dict(
    iou_metrics=[
        'mIoU',
    ], type='IoUMetric')
test_pipeline = [
    dict(type='LoadImageFromFile'),
    dict(keep_ratio=True, scale=(
        2048,
        1024,
    ), type='Resize'),
    dict(type='LoadAnnotations'),
    dict(type='PackSegInputs'),
]
train_cfg = dict(max_iters=80000, type='IterBasedTrainLoop', val_interval=8000)
train_dataloader = dict(
    batch_size=2,
    dataset=dict(
        data_prefix=dict(
            img_path='leftImg8bit/train', seg_map_path='gtFine/train'),
        data_root='/data/teco-data/Cityscapes/',
        pipeline=[
            dict(type='LoadImageFromFile'),
            dict(type='LoadAnnotations'),
            dict(
                keep_ratio=True,
                ratio_range=(
                    0.5,
                    2.0,
                ),
                scale=(
                    2048,
                    1024,
                ),
                type='RandomResize'),
            dict(
                cat_max_ratio=0.75, crop_size=(
                    512,
                    1024,
                ), type='RandomCrop'),
            dict(prob=0.5, type='RandomFlip'),
            dict(type='PhotoMetricDistortion'),
            dict(type='PackSegInputs'),
        ],
        type='CityscapesDataset'),
    num_workers=2,
    persistent_workers=True,
    sampler=dict(shuffle=True, type='InfiniteSampler'))
train_pipeline = [
    dict(type='LoadImageFromFile'),
    dict(type='LoadAnnotations'),
    dict(
        keep_ratio=True,
        ratio_range=(
            0.5,
            2.0,
        ),
        scale=(
            2048,
            1024,
        ),
        type='RandomResize'),
    dict(cat_max_ratio=0.75, crop_size=(
        512,
        1024,
    ), type='RandomCrop'),
    dict(prob=0.5, type='RandomFlip'),
    dict(type='PhotoMetricDistortion'),
    dict(type='PackSegInputs'),
]
tta_model = dict(type='SegTTAModel')
tta_pipeline = [
    dict(backend_args=None, type='LoadImageFromFile'),
    dict(
        transforms=[
            [
                dict(keep_ratio=True, scale_factor=0.5, type='Resize'),
                dict(keep_ratio=True, scale_factor=0.75, type='Resize'),
                dict(keep_ratio=True, scale_factor=1.0, type='Resize'),
                dict(keep_ratio=True, scale_factor=1.25, type='Resize'),
                dict(keep_ratio=True, scale_factor=1.5, type='Resize'),
                dict(keep_ratio=True, scale_factor=1.75, type='Resize'),
            ],
            [
                dict(direction='horizontal', prob=0.0, type='RandomFlip'),
                dict(direction='horizontal', prob=1.0, type='RandomFlip'),
            ],
            [
                dict(type='LoadAnnotations'),
            ],
            [
                dict(type='PackSegInputs'),
            ],
        ],
        type='TestTimeAug'),
]
val_cfg = dict(type='ValLoop')
val_dataloader = dict(
    batch_size=1,
    dataset=dict(
        data_prefix=dict(
            img_path='leftImg8bit/val', seg_map_path='gtFine/val'),
        data_root='/data/teco-data/Cityscapes/',
        pipeline=[
            dict(type='LoadImageFromFile'),
            dict(keep_ratio=True, scale=(
                2048,
                1024,
            ), type='Resize'),
            dict(type='LoadAnnotations'),
            dict(type='PackSegInputs'),
        ],
        type='CityscapesDataset'),
    num_workers=4,
    persistent_workers=True,
    sampler=dict(shuffle=False, type='DefaultSampler'))
val_evaluator = dict(
    iou_metrics=[
        'mIoU',
    ], type='IoUMetric')
vis_backends = [
    dict(type='LocalVisBackend'),
]
visualizer = dict(
    name='visualizer',
    type='SegLocalVisualizer',
    vis_backends=[
        dict(type='LocalVisBackend'),
    ])
work_dir = './work_dirs/upernet_r50_4xb2-80k_cityscapes-512x1024'

/data/bigc-data/zjh/train5/lib/python3.10/site-packages/mmseg/models/backbones/resnet.py:431: UserWarning: DeprecationWarning: pretrained is a deprecated, please use "init_cfg" instead
  warnings.warn('DeprecationWarning: pretrained is a deprecated, '
/data/bigc-data/zjh/train5/lib/python3.10/site-packages/mmseg/models/losses/cross_entropy_loss.py:250: UserWarning: Default ``avg_non_ignore`` is False, if you would like to ignore the certain label and average loss over non-ignore labels, which is the same with PyTorch official cross_entropy, set ``avg_non_ignore=True``.
  warnings.warn(
/data/bigc-data/zjh/train5/lib/python3.10/site-packages/mmseg/engine/hooks/visualization_hook.py:60: UserWarning: The draw is False, it means that the hook for visualization will not take effect. The results will NOT be visualized or stored.
  warnings.warn('The draw is False, it means that the '
06/25 09:08:34 - mmengine - INFO - Hooks will be executed in the following order:
before_run:
(VERY_HIGH   ) RuntimeInfoHook                    
(BELOW_NORMAL) LoggerHook                         
 -------------------- 
before_train:
(VERY_HIGH   ) RuntimeInfoHook                    
(NORMAL      ) IterTimerHook                      
(VERY_LOW    ) CheckpointHook                     
 -------------------- 
before_train_epoch:
(VERY_HIGH   ) RuntimeInfoHook                    
(NORMAL      ) IterTimerHook                      
(NORMAL      ) DistSamplerSeedHook                
 -------------------- 
before_train_iter:
(VERY_HIGH   ) RuntimeInfoHook                    
(NORMAL      ) IterTimerHook                      
 -------------------- 
after_train_iter:
(VERY_HIGH   ) RuntimeInfoHook                    
(NORMAL      ) IterTimerHook                      
(BELOW_NORMAL) LoggerHook                         
(LOW         ) ParamSchedulerHook                 
(VERY_LOW    ) CheckpointHook                     
 -------------------- 
after_train_epoch:
(NORMAL      ) IterTimerHook                      
(LOW         ) ParamSchedulerHook                 
(VERY_LOW    ) CheckpointHook                     
 -------------------- 
before_val:
(VERY_HIGH   ) RuntimeInfoHook                    
 -------------------- 
before_val_epoch:
(NORMAL      ) IterTimerHook                      
 -------------------- 
before_val_iter:
(NORMAL      ) IterTimerHook                      
 -------------------- 
after_val_iter:
(NORMAL      ) IterTimerHook                      
(NORMAL      ) SegVisualizationHook               
(BELOW_NORMAL) LoggerHook                         
 -------------------- 
after_val_epoch:
(VERY_HIGH   ) RuntimeInfoHook                    
(NORMAL      ) IterTimerHook                      
(BELOW_NORMAL) LoggerHook                         
(LOW         ) ParamSchedulerHook                 
(VERY_LOW    ) CheckpointHook                     
 -------------------- 
after_val:
(VERY_HIGH   ) RuntimeInfoHook                    
 -------------------- 
after_train:
(VERY_HIGH   ) RuntimeInfoHook                    
(VERY_LOW    ) CheckpointHook                     
 -------------------- 
before_test:
(VERY_HIGH   ) RuntimeInfoHook                    
 -------------------- 
before_test_epoch:
(NORMAL      ) IterTimerHook                      
 -------------------- 
before_test_iter:
(NORMAL      ) IterTimerHook                      
 -------------------- 
after_test_iter:
(NORMAL      ) IterTimerHook                      
(NORMAL      ) SegVisualizationHook               
(BELOW_NORMAL) LoggerHook                         
 -------------------- 
after_test_epoch:
(VERY_HIGH   ) RuntimeInfoHook                    
(NORMAL      ) IterTimerHook                      
(BELOW_NORMAL) LoggerHook                         
 -------------------- 
after_test:
(VERY_HIGH   ) RuntimeInfoHook                    
 -------------------- 
after_run:
(BELOW_NORMAL) LoggerHook                         
 -------------------- 
/data/bigc-data/zjh/train5/lib/python3.10/site-packages/albumentations/check_version.py:147: UserWarning: Error fetching version info <urlopen error _ssl.c:990: The handshake operation timed out>
  data = fetch_version_info()
06/25 09:08:39 - mmengine - WARNING - The prefix is not set in metric class IoUMetric.
06/25 09:08:40 - mmengine - INFO - load model from: open-mmlab://resnet50_v1c
06/25 09:08:40 - mmengine - INFO - Loads checkpoint by openmmlab backend from path: open-mmlab://resnet50_v1c
Downloading: "https://download.openmmlab.com/pretrain/third_party/resnet50_v1c-2cccc1ad.pth" to /root/.cache/torch/hub/checkpoints/resnet50_v1c-2cccc1ad.pth

  0%|          | 0.00/97.8M [00:00<?, ?B/s]
  0%|          | 128k/97.8M [00:00<02:18, 739kB/s]
  0%|          | 256k/97.8M [00:00<02:07, 803kB/s]
  0%|          | 384k/97.8M [00:00<02:12, 768kB/s]
  1%|          | 512k/97.8M [00:00<02:21, 721kB/s]
  1%|          | 640k/97.8M [00:00<02:16, 748kB/s]
  1%|          | 768k/97.8M [00:01<02:16, 745kB/s]
  1%|          | 896k/97.8M [00:01<02:14, 754kB/s]
  1%|          | 1.00M/97.8M [00:01<02:15, 751kB/s]
  1%|          | 1.12M/97.8M [00:01<02:13, 757kB/s]
  1%|▏         | 1.25M/97.8M [00:01<02:10, 774kB/s]
  1%|▏         | 1.38M/97.8M [00:01<02:11, 771kB/s]
  2%|▏         | 1.50M/97.8M [00:02<02:12, 762kB/s]
  2%|▏         | 1.62M/97.8M [00:02<02:37, 641kB/s]
  2%|▏         | 1.75M/97.8M [00:02<02:37, 641kB/s]
  2%|▏         | 1.88M/97.8M [00:02<02:29, 672kB/s]
  2%|▏         | 2.00M/97.8M [00:02<02:24, 693kB/s]
  2%|▏         | 2.12M/97.8M [00:03<02:25, 690kB/s]
  2%|▏         | 2.25M/97.8M [00:03<02:23, 698kB/s]
  2%|▏         | 2.38M/97.8M [00:03<02:19, 717kB/s]
  3%|▎         | 2.50M/97.8M [00:03<02:18, 719kB/s]
  3%|▎         | 2.62M/97.8M [00:03<02:21, 706kB/s]
  3%|▎         | 2.75M/97.8M [00:04<02:20, 711kB/s]
  3%|▎         | 2.88M/97.8M [00:04<02:17, 721kB/s]
  3%|▎         | 3.00M/97.8M [00:04<02:16, 726kB/s]
  3%|▎         | 3.12M/97.8M [00:04<02:18, 718kB/s]
  3%|▎         | 3.25M/97.8M [00:04<02:18, 718kB/s]
  3%|▎         | 3.38M/97.8M [00:04<02:13, 740kB/s]
  4%|▎         | 3.50M/97.8M [00:05<02:13, 743kB/s]
  4%|▎         | 3.62M/97.8M [00:05<02:13, 740kB/s]
  4%|▍         | 3.75M/97.8M [00:05<02:17, 720kB/s]
  4%|▍         | 3.88M/97.8M [00:05<02:17, 718kB/s]
  4%|▍         | 4.00M/97.8M [00:05<02:13, 736kB/s]
  4%|▍         | 4.12M/97.8M [00:05<02:12, 742kB/s]
  4%|▍         | 4.25M/97.8M [00:06<02:11, 748kB/s]
  4%|▍         | 4.38M/97.8M [00:06<02:11, 743kB/s]
  5%|▍         | 4.50M/97.8M [00:06<02:12, 739kB/s]
  5%|▍         | 4.62M/97.8M [00:06<02:13, 731kB/s]
  5%|▍         | 4.75M/97.8M [00:06<02:10, 746kB/s]
  5%|▍         | 4.88M/97.8M [00:07<02:10, 746kB/s]
  5%|▌         | 5.00M/97.8M [00:07<02:13, 729kB/s]
  5%|▌         | 5.12M/97.8M [00:07<02:13, 726kB/s]
  5%|▌         | 5.25M/97.8M [00:07<02:11, 740kB/s]
  5%|▌         | 5.38M/97.8M [00:07<02:10, 744kB/s]
  6%|▌         | 5.50M/97.8M [00:07<02:14, 722kB/s]
  6%|▌         | 5.62M/97.8M [00:08<02:14, 718kB/s]
  6%|▌         | 5.75M/97.8M [00:08<02:11, 736kB/s]
  6%|▌         | 5.88M/97.8M [00:08<02:10, 741kB/s]
  6%|▌         | 6.00M/97.8M [00:08<02:10, 740kB/s]
  6%|▋         | 6.12M/97.8M [00:08<02:12, 724kB/s]
  6%|▋         | 6.25M/97.8M [00:09<02:14, 713kB/s]
  7%|▋         | 6.38M/97.8M [00:09<02:15, 706kB/s]
  7%|▋         | 6.50M/97.8M [00:09<02:11, 726kB/s]
  7%|▋         | 6.62M/97.8M [00:09<02:08, 743kB/s]
  7%|▋         | 6.75M/97.8M [00:09<02:08, 745kB/s]
  7%|▋         | 6.88M/97.8M [00:09<02:10, 730kB/s]
  7%|▋         | 7.00M/97.8M [00:10<02:16, 699kB/s]
  7%|▋         | 7.12M/97.8M [00:10<02:18, 684kB/s]
  7%|▋         | 7.25M/97.8M [00:10<02:17, 691kB/s]
  8%|▊         | 7.38M/97.8M [00:10<02:12, 717kB/s]
  8%|▊         | 7.50M/97.8M [00:10<02:11, 719kB/s]
  8%|▊         | 7.62M/97.8M [00:11<02:12, 713kB/s]
  8%|▊         | 7.75M/97.8M [00:11<02:14, 703kB/s]
  8%|▊         | 7.88M/97.8M [00:11<02:11, 719kB/s]
  8%|▊         | 8.00M/97.8M [00:11<02:08, 733kB/s]
  8%|▊         | 8.12M/97.8M [00:11<02:05, 748kB/s]
  8%|▊         | 8.25M/97.8M [00:11<02:06, 743kB/s]
  9%|▊         | 8.38M/97.8M [00:12<02:03, 757kB/s]
  9%|▊         | 8.50M/97.8M [00:12<02:04, 751kB/s]
  9%|▉         | 8.62M/97.8M [00:12<02:11, 709kB/s]
  9%|▉         | 8.75M/97.8M [00:12<02:08, 725kB/s]
  9%|▉         | 8.88M/97.8M [00:12<02:08, 728kB/s]
  9%|▉         | 9.00M/97.8M [00:13<02:09, 718kB/s]
  9%|▉         | 9.12M/97.8M [00:13<02:10, 712kB/s]
  9%|▉         | 9.25M/97.8M [00:13<02:11, 704kB/s]
 10%|▉         | 9.38M/97.8M [00:13<02:12, 701kB/s]
 10%|▉         | 9.50M/97.8M [00:13<02:08, 719kB/s]
 10%|▉         | 9.62M/97.8M [00:13<02:06, 732kB/s]
 10%|▉         | 9.75M/97.8M [00:14<02:05, 734kB/s]
 10%|█         | 9.88M/97.8M [00:14<02:07, 724kB/s]
 10%|█         | 10.0M/97.8M [00:14<02:09, 711kB/s]
 10%|█         | 10.1M/97.8M [00:14<02:10, 706kB/s]
 10%|█         | 10.2M/97.8M [00:14<02:06, 726kB/s]
 11%|█         | 10.4M/97.8M [00:15<02:07, 717kB/s]
 11%|█         | 10.5M/97.8M [00:15<02:07, 721kB/s]
 11%|█         | 10.6M/97.8M [00:15<02:08, 709kB/s]
 11%|█         | 10.8M/97.8M [00:15<02:10, 699kB/s]
 11%|█         | 10.9M/97.8M [00:15<02:10, 700kB/s]
 11%|█         | 11.0M/97.8M [00:15<02:05, 724kB/s]
 11%|█▏        | 11.1M/97.8M [00:16<02:04, 732kB/s]
 12%|█▏        | 11.2M/97.8M [00:16<02:04, 730kB/s]
 12%|█▏        | 11.4M/97.8M [00:16<02:06, 714kB/s]
 12%|█▏        | 11.5M/97.8M [00:16<02:08, 704kB/s]
 12%|█▏        | 11.6M/97.8M [00:16<02:05, 721kB/s]
 12%|█▏        | 11.8M/97.8M [00:17<02:03, 733kB/s]
 12%|█▏        | 11.9M/97.8M [00:17<02:01, 741kB/s]
 12%|█▏        | 12.0M/97.8M [00:17<02:05, 719kB/s]
 12%|█▏        | 12.1M/97.8M [00:17<02:08, 702kB/s]
 13%|█▎        | 12.2M/97.8M [00:17<02:10, 687kB/s]
 13%|█▎        | 12.4M/97.8M [00:17<02:09, 694kB/s]
 13%|█▎        | 12.5M/97.8M [00:18<02:05, 712kB/s]
 13%|█▎        | 12.6M/97.8M [00:18<02:03, 722kB/s]
 13%|█▎        | 12.8M/97.8M [00:18<02:03, 721kB/s]
 13%|█▎        | 12.9M/97.8M [00:18<02:05, 709kB/s]
 13%|█▎        | 13.0M/97.8M [00:18<02:07, 699kB/s]
 13%|█▎        | 13.1M/97.8M [00:19<02:04, 715kB/s]
 14%|█▎        | 13.2M/97.8M [00:19<02:01, 728kB/s]
 14%|█▎        | 13.4M/97.8M [00:19<02:01, 730kB/s]
 14%|█▍        | 13.5M/97.8M [00:19<02:04, 710kB/s]
 14%|█▍        | 13.6M/97.8M [00:19<02:02, 719kB/s]
 14%|█▍        | 13.8M/97.8M [00:19<02:00, 731kB/s]
 14%|█▍        | 13.9M/97.8M [00:20<02:01, 725kB/s]
 14%|█▍        | 14.0M/97.8M [00:20<02:03, 712kB/s]
 14%|█▍        | 14.1M/97.8M [00:20<02:00, 726kB/s]
 15%|█▍        | 14.2M/97.8M [00:20<01:58, 738kB/s]
 15%|█▍        | 14.4M/97.8M [00:20<01:59, 733kB/s]
 15%|█▍        | 14.5M/97.8M [00:21<02:01, 720kB/s]
 15%|█▍        | 14.6M/97.8M [00:21<01:58, 736kB/s]
 15%|█▌        | 14.8M/97.8M [00:21<01:57, 743kB/s]
 15%|█▌        | 14.9M/97.8M [00:21<01:57, 738kB/s]
 15%|█▌        | 15.0M/97.8M [00:21<01:59, 725kB/s]
 15%|█▌        | 15.1M/97.8M [00:21<01:57, 739kB/s]
 16%|█▌        | 15.2M/97.8M [00:22<01:59, 726kB/s]
 16%|█▌        | 15.4M/97.8M [00:22<02:02, 705kB/s]
 16%|█▌        | 15.5M/97.8M [00:22<02:01, 710kB/s]
 16%|█▌        | 15.6M/97.8M [00:22<01:59, 721kB/s]
 16%|█▌        | 15.8M/97.8M [00:22<01:57, 730kB/s]
 16%|█▌        | 15.9M/97.8M [00:23<01:57, 728kB/s]
 16%|█▋        | 16.0M/97.8M [00:23<01:57, 727kB/s]
 16%|█▋        | 16.1M/97.8M [00:23<01:56, 734kB/s]
 17%|█▋        | 16.2M/97.8M [00:23<01:55, 738kB/s]
 17%|█▋        | 16.4M/97.8M [00:23<01:55, 736kB/s]
 17%|█▋        | 16.5M/97.8M [00:23<01:57, 725kB/s]
 17%|█▋        | 16.6M/97.8M [00:24<01:56, 728kB/s]
 17%|█▋        | 16.8M/97.8M [00:24<01:54, 744kB/s]
 17%|█▋        | 16.9M/97.8M [00:24<01:57, 725kB/s]
 17%|█▋        | 17.0M/97.8M [00:24<01:58, 715kB/s]
 18%|█▊        | 17.1M/97.8M [00:24<01:58, 716kB/s]
 18%|█▊        | 17.2M/97.8M [00:25<01:57, 720kB/s]
 18%|█▊        | 17.4M/97.8M [00:25<01:58, 710kB/s]
 18%|█▊        | 17.5M/97.8M [00:25<01:59, 705kB/s]
 18%|█▊        | 17.6M/97.8M [00:25<01:55, 726kB/s]
 18%|█▊        | 17.8M/97.8M [00:25<01:52, 746kB/s]
 18%|█▊        | 17.9M/97.8M [00:25<01:52, 746kB/s]
 18%|█▊        | 18.0M/97.8M [00:26<01:53, 734kB/s]
 19%|█▊        | 18.1M/97.8M [00:26<01:55, 721kB/s]
 19%|█▊        | 18.2M/97.8M [00:26<01:52, 739kB/s]
 19%|█▉        | 18.4M/97.8M [00:26<01:52, 741kB/s]
 19%|█▉        | 18.5M/97.8M [00:26<01:54, 729kB/s]
 19%|█▉        | 18.6M/97.8M [00:26<01:56, 712kB/s]
 19%|█▉        | 18.8M/97.8M [00:27<01:53, 729kB/s]
 19%|█▉        | 18.9M/97.8M [00:27<01:53, 727kB/s]
 19%|█▉        | 19.0M/97.8M [00:27<01:55, 713kB/s]
 20%|█▉        | 19.1M/97.8M [00:27<01:53, 729kB/s]
 20%|█▉        | 19.2M/97.8M [00:27<01:52, 734kB/s]
 20%|█▉        | 19.4M/97.8M [00:28<01:55, 711kB/s]
 20%|█▉        | 19.5M/97.8M [00:28<01:56, 705kB/s]
 20%|██        | 19.6M/97.8M [00:28<01:53, 720kB/s]
 20%|██        | 19.8M/97.8M [00:28<01:51, 736kB/s]
 20%|██        | 19.9M/97.8M [00:28<01:50, 739kB/s]
 20%|██        | 20.0M/97.8M [00:28<01:51, 733kB/s]
 21%|██        | 20.1M/97.8M [00:29<01:54, 712kB/s]
 21%|██        | 20.2M/97.8M [00:29<01:52, 721kB/s]
 21%|██        | 20.4M/97.8M [00:29<01:50, 735kB/s]
 21%|██        | 20.5M/97.8M [00:29<01:50, 733kB/s]
 21%|██        | 20.6M/97.8M [00:29<01:52, 722kB/s]
 21%|██        | 20.8M/97.8M [00:30<01:51, 722kB/s]
 21%|██▏       | 20.9M/97.8M [00:30<01:49, 739kB/s]
 21%|██▏       | 21.0M/97.8M [00:30<01:48, 745kB/s]
 22%|██▏       | 21.1M/97.8M [00:30<01:49, 738kB/s]
 22%|██▏       | 21.2M/97.8M [00:30<01:50, 727kB/s]
 22%|██▏       | 21.4M/97.8M [00:30<01:48, 742kB/s]
 22%|██▏       | 21.5M/97.8M [00:31<01:46, 748kB/s]
 22%|██▏       | 21.6M/97.8M [00:31<01:47, 741kB/s]
 22%|██▏       | 21.8M/97.8M [00:31<01:52, 709kB/s]
 22%|██▏       | 21.9M/97.8M [00:31<01:49, 728kB/s]
 22%|██▏       | 22.0M/97.8M [00:31<01:48, 734kB/s]
 23%|██▎       | 22.1M/97.8M [00:32<01:48, 730kB/s]
 23%|██▎       | 22.2M/97.8M [00:32<01:49, 724kB/s]
 23%|██▎       | 22.4M/97.8M [00:32<01:47, 739kB/s]
 23%|██▎       | 22.5M/97.8M [00:32<01:47, 737kB/s]
 23%|██▎       | 22.6M/97.8M [00:32<01:48, 728kB/s]
 23%|██▎       | 22.8M/97.8M [00:32<01:50, 713kB/s]
 23%|██▎       | 22.9M/97.8M [00:33<01:52, 699kB/s]
 24%|██▎       | 23.0M/97.8M [00:33<01:52, 700kB/s]
 24%|██▎       | 23.1M/97.8M [00:33<01:49, 716kB/s]
 24%|██▍       | 23.2M/97.8M [00:33<01:49, 716kB/s]
 24%|██▍       | 23.4M/97.8M [00:33<01:48, 717kB/s]
 24%|██▍       | 23.5M/97.8M [00:34<01:49, 710kB/s]
 24%|██▍       | 23.6M/97.8M [00:34<01:50, 702kB/s]
 24%|██▍       | 23.8M/97.8M [00:34<01:51, 697kB/s]
 24%|██▍       | 23.9M/97.8M [00:34<01:49, 707kB/s]
 25%|██▍       | 24.0M/97.8M [00:34<01:47, 723kB/s]
 25%|██▍       | 24.1M/97.8M [00:34<01:46, 728kB/s]
 25%|██▍       | 24.2M/97.8M [00:35<01:47, 721kB/s]
 25%|██▍       | 24.4M/97.8M [00:35<01:48, 712kB/s]
 25%|██▌       | 24.5M/97.8M [00:35<01:49, 703kB/s]
 25%|██▌       | 24.6M/97.8M [00:35<01:46, 720kB/s]
 25%|██▌       | 24.8M/97.8M [00:35<01:45, 729kB/s]
 25%|██▌       | 24.9M/97.8M [00:36<01:46, 716kB/s]
 26%|██▌       | 25.0M/97.8M [00:36<01:47, 710kB/s]
 26%|██▌       | 25.1M/97.8M [00:36<01:49, 699kB/s]
 26%|██▌       | 25.2M/97.8M [00:36<01:50, 691kB/s]
 26%|██▌       | 25.4M/97.8M [00:36<01:46, 717kB/s]
 26%|██▌       | 25.5M/97.8M [00:36<01:45, 716kB/s]
 26%|██▌       | 25.6M/97.8M [00:37<01:46, 712kB/s]
 26%|██▋       | 25.8M/97.8M [00:37<01:48, 696kB/s]
 26%|██▋       | 25.9M/97.8M [00:37<01:49, 692kB/s]
 27%|██▋       | 26.0M/97.8M [00:37<01:45, 714kB/s]
 27%|██▋       | 26.1M/97.8M [00:37<01:42, 732kB/s]
 27%|██▋       | 26.2M/97.8M [00:38<01:41, 736kB/s]
 27%|██▋       | 26.4M/97.8M [00:38<01:41, 735kB/s]
 27%|██▋       | 26.5M/97.8M [00:38<01:43, 721kB/s]
 27%|██▋       | 26.6M/97.8M [00:38<01:47, 696kB/s]
 27%|██▋       | 26.8M/97.8M [00:38<01:48, 690kB/s]
 27%|██▋       | 26.9M/97.8M [00:39<01:44, 715kB/s]
 28%|██▊       | 27.0M/97.8M [00:39<01:42, 724kB/s]
 28%|██▊       | 27.1M/97.8M [00:39<01:41, 728kB/s]
 28%|██▊       | 27.2M/97.8M [00:39<01:43, 713kB/s]
 28%|██▊       | 27.4M/97.8M [00:39<01:45, 701kB/s]
 28%|██▊       | 27.5M/97.8M [00:39<01:45, 697kB/s]
 28%|██▊       | 27.6M/97.8M [00:40<01:43, 713kB/s]
 28%|██▊       | 27.8M/97.8M [00:40<01:41, 720kB/s]
 28%|██▊       | 27.9M/97.8M [00:40<01:42, 715kB/s]
 29%|██▊       | 28.0M/97.8M [00:40<01:44, 697kB/s]
 29%|██▉       | 28.1M/97.8M [00:40<01:45, 690kB/s]
 29%|██▉       | 28.2M/97.8M [00:41<01:43, 706kB/s]
 29%|██▉       | 28.4M/97.8M [00:41<01:41, 715kB/s]
 29%|██▉       | 28.5M/97.8M [00:41<01:42, 706kB/s]
 29%|██▉       | 28.6M/97.8M [00:41<01:43, 700kB/s]
 29%|██▉       | 28.8M/97.8M [00:41<01:44, 693kB/s]
 30%|██▉       | 28.9M/97.8M [00:41<01:42, 705kB/s]
 30%|██▉       | 29.0M/97.8M [00:42<01:40, 721kB/s]
 30%|██▉       | 29.1M/97.8M [00:42<01:38, 728kB/s]
 30%|██▉       | 29.2M/97.8M [00:42<01:40, 717kB/s]
 30%|███       | 29.4M/97.8M [00:42<01:42, 701kB/s]
 30%|███       | 29.5M/97.8M [00:42<01:44, 686kB/s]
 30%|███       | 29.6M/97.8M [00:43<01:40, 711kB/s]
 30%|███       | 29.8M/97.8M [00:43<01:40, 707kB/s]
 31%|███       | 29.9M/97.8M [00:43<01:40, 709kB/s]
 31%|███       | 30.0M/97.8M [00:43<01:41, 703kB/s]
 31%|███       | 30.1M/97.8M [00:43<01:37, 729kB/s]
 31%|███       | 30.2M/97.8M [00:43<01:36, 732kB/s]
 31%|███       | 30.4M/97.8M [00:44<01:37, 728kB/s]
 31%|███       | 30.5M/97.8M [00:44<01:37, 723kB/s]
 31%|███▏      | 30.6M/97.8M [00:44<01:35, 742kB/s]
 31%|███▏      | 30.8M/97.8M [00:44<01:35, 736kB/s]
 32%|███▏      | 30.9M/97.8M [00:44<01:36, 727kB/s]
 32%|███▏      | 31.0M/97.8M [00:45<01:37, 715kB/s]
 32%|███▏      | 31.1M/97.8M [00:45<01:34, 740kB/s]
 32%|███▏      | 31.2M/97.8M [00:45<01:34, 739kB/s]
 32%|███▏      | 31.4M/97.8M [00:45<01:35, 727kB/s]
 32%|███▏      | 31.5M/97.8M [00:45<01:39, 702kB/s]
 32%|███▏      | 31.6M/97.8M [00:45<01:35, 724kB/s]
 32%|███▏      | 31.8M/97.8M [00:46<01:34, 730kB/s]
 33%|███▎      | 31.9M/97.8M [00:46<01:33, 739kB/s]
 33%|███▎      | 32.0M/97.8M [00:46<01:36, 717kB/s]
 33%|███▎      | 32.1M/97.8M [00:46<01:35, 719kB/s]
 33%|███▎      | 32.2M/97.8M [00:46<01:33, 737kB/s]
 33%|███▎      | 32.4M/97.8M [00:47<01:32, 740kB/s]
 33%|███▎      | 32.5M/97.8M [00:47<01:34, 722kB/s]
 33%|███▎      | 32.6M/97.8M [00:47<01:34, 723kB/s]
 33%|███▎      | 32.8M/97.8M [00:47<01:32, 738kB/s]
 34%|███▎      | 32.9M/97.8M [00:47<01:31, 743kB/s]
 34%|███▎      | 33.0M/97.8M [00:47<01:33, 725kB/s]
 34%|███▍      | 33.1M/97.8M [00:48<01:35, 712kB/s]
 34%|███▍      | 33.2M/97.8M [00:48<01:32, 729kB/s]
 34%|███▍      | 33.4M/97.8M [00:48<01:31, 735kB/s]
 34%|███▍      | 33.5M/97.8M [00:48<01:31, 738kB/s]
 34%|███▍      | 33.6M/97.8M [00:48<01:32, 728kB/s]
 35%|███▍      | 33.8M/97.8M [00:49<01:31, 737kB/s]
 35%|███▍      | 33.9M/97.8M [00:49<01:30, 740kB/s]
 35%|███▍      | 34.0M/97.8M [00:49<01:31, 728kB/s]
 35%|███▍      | 34.1M/97.8M [00:49<01:30, 737kB/s]
 35%|███▌      | 34.2M/97.8M [00:49<01:30, 739kB/s]
 35%|███▌      | 34.4M/97.8M [00:49<01:29, 742kB/s]
 35%|███▌      | 34.5M/97.8M [00:50<01:31, 726kB/s]
 35%|███▌      | 34.6M/97.8M [00:50<01:31, 726kB/s]
 36%|███▌      | 34.8M/97.8M [00:50<01:29, 735kB/s]
 36%|███▌      | 34.9M/97.8M [00:50<01:30, 731kB/s]
 36%|███▌      | 35.0M/97.8M [00:50<01:30, 726kB/s]
 36%|███▌      | 35.1M/97.8M [00:50<01:28, 740kB/s]
 36%|███▌      | 35.2M/97.8M [00:51<01:28, 741kB/s]
 36%|███▌      | 35.4M/97.8M [00:51<01:30, 725kB/s]
 36%|███▋      | 35.5M/97.8M [00:51<01:29, 728kB/s]
 36%|███▋      | 35.6M/97.8M [00:51<01:28, 738kB/s]
 37%|███▋      | 35.8M/97.8M [00:51<01:28, 736kB/s]
 37%|███▋      | 35.9M/97.8M [00:52<01:30, 717kB/s]
 37%|███▋      | 36.0M/97.8M [00:52<01:28, 731kB/s]
 37%|███▋      | 36.1M/97.8M [00:52<01:27, 736kB/s]
 37%|███▋      | 36.2M/97.8M [00:52<01:27, 741kB/s]
 37%|███▋      | 36.4M/97.8M [00:52<01:29, 722kB/s]
 37%|███▋      | 36.5M/97.8M [00:52<01:31, 704kB/s]
 37%|███▋      | 36.6M/97.8M [00:53<01:28, 727kB/s]
 38%|███▊      | 36.8M/97.8M [00:53<01:26, 740kB/s]
 38%|███▊      | 36.9M/97.8M [00:53<01:25, 746kB/s]
 38%|███▊      | 37.0M/97.8M [00:53<01:25, 746kB/s]
 38%|███▊      | 37.1M/97.8M [00:53<01:25, 740kB/s]
 38%|███▊      | 37.2M/97.8M [00:54<01:26, 731kB/s]
 38%|███▊      | 37.4M/97.8M [00:54<01:25, 738kB/s]
 38%|███▊      | 37.5M/97.8M [00:54<01:25, 739kB/s]
 38%|███▊      | 37.6M/97.8M [00:54<01:27, 720kB/s]
 39%|███▊      | 37.8M/97.8M [00:54<01:27, 717kB/s]
 39%|███▊      | 37.9M/97.8M [00:54<01:25, 734kB/s]
 39%|███▉      | 38.0M/97.8M [00:55<01:26, 723kB/s]
 39%|███▉      | 38.1M/97.8M [00:55<01:29, 699kB/s]
 39%|███▉      | 38.2M/97.8M [00:55<01:26, 725kB/s]
 39%|███▉      | 38.4M/97.8M [00:55<01:25, 732kB/s]
 39%|███▉      | 38.5M/97.8M [00:55<01:24, 735kB/s]
 39%|███▉      | 38.6M/97.8M [00:56<01:26, 717kB/s]
 40%|███▉      | 38.8M/97.8M [00:56<01:24, 731kB/s]
 40%|███▉      | 38.9M/97.8M [00:56<01:23, 743kB/s]
 40%|███▉      | 39.0M/97.8M [00:56<01:22, 745kB/s]
 40%|███▉      | 39.1M/97.8M [00:56<01:23, 734kB/s]
 40%|████      | 39.2M/97.8M [00:56<01:24, 724kB/s]
 40%|████      | 39.4M/97.8M [00:57<01:24, 725kB/s]
 40%|████      | 39.5M/97.8M [00:57<01:25, 717kB/s]
 41%|████      | 39.6M/97.8M [00:57<01:25, 714kB/s]
 41%|████      | 39.8M/97.8M [00:57<01:23, 732kB/s]
 41%|████      | 39.9M/97.8M [00:57<01:22, 733kB/s]
 41%|████      | 40.0M/97.8M [00:58<01:25, 712kB/s]
 41%|████      | 40.1M/97.8M [00:58<01:25, 704kB/s]
 41%|████      | 40.2M/97.8M [00:58<01:26, 698kB/s]
 41%|████▏     | 40.4M/97.8M [00:58<01:25, 705kB/s]
 41%|████▏     | 40.5M/97.8M [00:58<01:22, 729kB/s]
 42%|████▏     | 40.6M/97.8M [00:58<01:21, 733kB/s]
 42%|████▏     | 40.8M/97.8M [00:59<01:21, 736kB/s]
 42%|████▏     | 40.9M/97.8M [00:59<01:22, 720kB/s]
 42%|████▏     | 41.0M/97.8M [00:59<01:23, 714kB/s]
 42%|████▏     | 41.1M/97.8M [00:59<01:23, 708kB/s]
 42%|████▏     | 41.2M/97.8M [00:59<01:23, 710kB/s]
 42%|████▏     | 41.4M/97.8M [01:00<01:21, 730kB/s]
 42%|████▏     | 41.5M/97.8M [01:00<01:19, 740kB/s]
 43%|████▎     | 41.6M/97.8M [01:00<01:19, 742kB/s]
 43%|████▎     | 41.8M/97.8M [01:00<01:19, 739kB/s]
 43%|████▎     | 41.9M/97.8M [01:00<01:20, 727kB/s]
 43%|████▎     | 42.0M/97.8M [01:00<01:21, 717kB/s]
 43%|████▎     | 42.1M/97.8M [01:01<01:21, 719kB/s]
 43%|████▎     | 42.2M/97.8M [01:01<01:19, 737kB/s]
 43%|████▎     | 42.4M/97.8M [01:01<01:18, 741kB/s]
 43%|████▎     | 42.5M/97.8M [01:01<01:18, 739kB/s]
 44%|████▎     | 42.6M/97.8M [01:01<01:21, 710kB/s]
 44%|████▎     | 42.8M/97.8M [01:02<01:22, 700kB/s]
 44%|████▍     | 42.9M/97.8M [01:02<01:23, 691kB/s]
 44%|████▍     | 43.0M/97.8M [01:02<01:21, 705kB/s]
 44%|████▍     | 43.1M/97.8M [01:02<01:18, 728kB/s]
 44%|████▍     | 43.2M/97.8M [01:02<01:17, 742kB/s]
 44%|████▍     | 43.4M/97.8M [01:02<01:16, 744kB/s]
 44%|████▍     | 43.5M/97.8M [01:03<01:16, 740kB/s]
 45%|████▍     | 43.6M/97.8M [01:03<01:18, 725kB/s]
 45%|████▍     | 43.8M/97.8M [01:03<01:19, 715kB/s]
 45%|████▍     | 43.9M/97.8M [01:03<01:18, 716kB/s]
 45%|████▍     | 44.0M/97.8M [01:03<01:17, 732kB/s]
 45%|████▌     | 44.1M/97.8M [01:03<01:16, 735kB/s]
 45%|████▌     | 44.2M/97.8M [01:04<01:18, 718kB/s]
 45%|████▌     | 44.4M/97.8M [01:04<01:19, 708kB/s]
 45%|████▌     | 44.5M/97.8M [01:04<01:20, 695kB/s]
 46%|████▌     | 44.6M/97.8M [01:04<01:20, 692kB/s]
 46%|████▌     | 44.8M/97.8M [01:04<01:17, 718kB/s]
 46%|████▌     | 44.9M/97.8M [01:05<01:16, 727kB/s]
 46%|████▌     | 45.0M/97.8M [01:05<01:15, 731kB/s]
 46%|████▌     | 45.1M/97.8M [01:05<01:17, 714kB/s]
 46%|████▋     | 45.2M/97.8M [01:05<01:17, 708kB/s]
 46%|████▋     | 45.4M/97.8M [01:05<01:17, 712kB/s]
 47%|████▋     | 45.5M/97.8M [01:06<01:14, 735kB/s]
 47%|████▋     | 45.6M/97.8M [01:06<01:13, 742kB/s]
 47%|████▋     | 45.8M/97.8M [01:06<01:14, 732kB/s]
 47%|████▋     | 45.9M/97.8M [01:06<01:15, 726kB/s]
 47%|████▋     | 46.0M/97.8M [01:06<01:16, 714kB/s]
 47%|████▋     | 46.1M/97.8M [01:06<01:17, 699kB/s]
 47%|████▋     | 46.2M/97.8M [01:07<01:16, 709kB/s]
 47%|████▋     | 46.4M/97.8M [01:07<01:13, 732kB/s]
 48%|████▊     | 46.5M/97.8M [01:07<01:13, 737kB/s]
 48%|████▊     | 46.6M/97.8M [01:07<01:13, 732kB/s]
 48%|████▊     | 46.8M/97.8M [01:07<01:14, 718kB/s]
 48%|████▊     | 46.9M/97.8M [01:08<01:14, 720kB/s]
 48%|████▊     | 47.0M/97.8M [01:08<01:11, 741kB/s]
 48%|████▊     | 47.1M/97.8M [01:08<01:12, 736kB/s]
 48%|████▊     | 47.2M/97.8M [01:08<01:13, 723kB/s]
 48%|████▊     | 47.4M/97.8M [01:08<01:15, 701kB/s]
 49%|████▊     | 47.5M/97.8M [01:08<01:13, 723kB/s]
 49%|████▊     | 47.6M/97.8M [01:09<01:12, 730kB/s]
 49%|████▉     | 47.8M/97.8M [01:09<01:11, 734kB/s]
 49%|████▉     | 47.9M/97.8M [01:09<01:12, 723kB/s]
 49%|████▉     | 48.0M/97.8M [01:09<01:10, 740kB/s]
 49%|████▉     | 48.1M/97.8M [01:09<01:10, 741kB/s]
 49%|████▉     | 48.2M/97.8M [01:09<01:10, 740kB/s]
 49%|████▉     | 48.4M/97.8M [01:10<01:11, 724kB/s]
 50%|████▉     | 48.5M/97.8M [01:10<01:10, 738kB/s]
 50%|████▉     | 48.6M/97.8M [01:10<01:09, 739kB/s]
 50%|████▉     | 48.8M/97.8M [01:10<01:10, 733kB/s]
 50%|████▉     | 48.9M/97.8M [01:10<01:12, 707kB/s]
 50%|█████     | 49.0M/97.8M [01:11<01:10, 724kB/s]
 50%|█████     | 49.1M/97.8M [01:11<01:10, 727kB/s]
 50%|█████     | 49.2M/97.8M [01:11<01:09, 733kB/s]
 50%|█████     | 49.4M/97.8M [01:11<01:10, 724kB/s]
 51%|█████     | 49.5M/97.8M [01:11<01:09, 729kB/s]
 51%|█████     | 49.6M/97.8M [01:11<01:08, 737kB/s]
 51%|█████     | 49.8M/97.8M [01:12<01:08, 737kB/s]
 51%|█████     | 49.9M/97.8M [01:12<01:09, 727kB/s]
 51%|█████     | 50.0M/97.8M [01:12<01:09, 724kB/s]
 51%|█████     | 50.1M/97.8M [01:12<01:07, 741kB/s]
 51%|█████▏    | 50.2M/97.8M [01:12<01:07, 736kB/s]
 51%|█████▏    | 50.4M/97.8M [01:13<01:10, 704kB/s]
 52%|█████▏    | 50.5M/97.8M [01:13<01:09, 709kB/s]
 52%|█████▏    | 50.6M/97.8M [01:13<01:08, 725kB/s]
 52%|█████▏    | 50.8M/97.8M [01:13<01:07, 728kB/s]
 52%|█████▏    | 50.9M/97.8M [01:13<01:08, 721kB/s]
 52%|█████▏    | 51.0M/97.8M [01:13<01:06, 739kB/s]
 52%|█████▏    | 51.1M/97.8M [01:14<01:06, 740kB/s]
 52%|█████▏    | 51.2M/97.8M [01:14<01:07, 728kB/s]
 53%|█████▎    | 51.4M/97.8M [01:14<01:07, 724kB/s]
 53%|█████▎    | 51.5M/97.8M [01:14<01:05, 742kB/s]
 53%|█████▎    | 51.6M/97.8M [01:14<01:05, 743kB/s]
 53%|█████▎    | 51.8M/97.8M [01:15<01:06, 723kB/s]
 53%|█████▎    | 51.9M/97.8M [01:15<01:06, 727kB/s]
 53%|█████▎    | 52.0M/97.8M [01:15<01:05, 729kB/s]
 53%|█████▎    | 52.1M/97.8M [01:15<01:05, 733kB/s]
 53%|█████▎    | 52.2M/97.8M [01:15<01:06, 721kB/s]
 54%|█████▎    | 52.4M/97.8M [01:15<01:05, 727kB/s]
 54%|█████▎    | 52.5M/97.8M [01:16<01:04, 737kB/s]
 54%|█████▍    | 52.6M/97.8M [01:16<01:03, 742kB/s]
 54%|█████▍    | 52.8M/97.8M [01:16<01:04, 727kB/s]
 54%|█████▍    | 52.9M/97.8M [01:16<01:05, 723kB/s]
 54%|█████▍    | 53.0M/97.8M [01:16<01:04, 731kB/s]
 54%|█████▍    | 53.1M/97.8M [01:16<01:03, 732kB/s]
 54%|█████▍    | 53.2M/97.8M [01:17<01:04, 723kB/s]
 55%|█████▍    | 53.4M/97.8M [01:17<01:06, 703kB/s]
 55%|█████▍    | 53.5M/97.8M [01:17<01:03, 727kB/s]
 55%|█████▍    | 53.6M/97.8M [01:17<01:03, 727kB/s]
 55%|█████▍    | 53.8M/97.8M [01:17<01:03, 727kB/s]
 55%|█████▌    | 53.9M/97.8M [01:18<01:04, 713kB/s]
 55%|█████▌    | 54.0M/97.8M [01:18<01:02, 736kB/s]
 55%|█████▌    | 54.1M/97.8M [01:18<01:01, 740kB/s]
 55%|█████▌    | 54.2M/97.8M [01:18<01:01, 741kB/s]
 56%|█████▌    | 54.4M/97.8M [01:18<01:03, 721kB/s]
 56%|█████▌    | 54.5M/97.8M [01:18<01:02, 731kB/s]
 56%|█████▌    | 54.6M/97.8M [01:19<01:01, 741kB/s]
 56%|█████▌    | 54.8M/97.8M [01:19<01:01, 731kB/s]
 56%|█████▌    | 54.9M/97.8M [01:19<01:02, 718kB/s]
 56%|█████▌    | 55.0M/97.8M [01:19<01:02, 713kB/s]
 56%|█████▋    | 55.1M/97.8M [01:19<01:01, 732kB/s]
 56%|█████▋    | 55.2M/97.8M [01:20<01:00, 742kB/s]
 57%|█████▋    | 55.4M/97.8M [01:20<00:59, 750kB/s]
 57%|█████▋    | 55.5M/97.8M [01:20<00:59, 744kB/s]
 57%|█████▋    | 55.6M/97.8M [01:20<01:00, 731kB/s]
 57%|█████▋    | 55.8M/97.8M [01:20<01:01, 720kB/s]
 57%|█████▋    | 55.9M/97.8M [01:20<01:00, 731kB/s]
 57%|█████▋    | 56.0M/97.8M [01:21<00:59, 735kB/s]
 57%|█████▋    | 56.1M/97.8M [01:21<00:59, 739kB/s]
 58%|█████▊    | 56.2M/97.8M [01:21<01:00, 726kB/s]
 58%|█████▊    | 56.4M/97.8M [01:21<01:02, 697kB/s]
 58%|█████▊    | 56.5M/97.8M [01:21<01:02, 694kB/s]
 58%|█████▊    | 56.6M/97.8M [01:22<01:00, 710kB/s]
 58%|█████▊    | 56.8M/97.8M [01:22<00:59, 725kB/s]
 58%|█████▊    | 56.9M/97.8M [01:22<00:58, 735kB/s]
 58%|█████▊    | 57.0M/97.8M [01:22<00:58, 728kB/s]
 58%|█████▊    | 57.1M/97.8M [01:22<00:59, 714kB/s]
 59%|█████▊    | 57.2M/97.8M [01:22<01:00, 703kB/s]
 59%|█████▊    | 57.4M/97.8M [01:23<01:01, 694kB/s]
 59%|█████▉    | 57.5M/97.8M [01:23<00:59, 711kB/s]
 59%|█████▉    | 57.6M/97.8M [01:23<00:57, 731kB/s]
 59%|█████▉    | 57.8M/97.8M [01:23<00:57, 734kB/s]
 59%|█████▉    | 57.9M/97.8M [01:23<00:57, 727kB/s]
 59%|█████▉    | 58.0M/97.8M [01:24<00:58, 709kB/s]
 59%|█████▉    | 58.1M/97.8M [01:24<00:58, 716kB/s]
 60%|█████▉    | 58.2M/97.8M [01:24<00:59, 699kB/s]
 60%|█████▉    | 58.4M/97.8M [01:24<00:59, 697kB/s]
 60%|█████▉    | 58.5M/97.8M [01:24<00:57, 711kB/s]
 60%|█████▉    | 58.6M/97.8M [01:24<00:57, 709kB/s]
 60%|██████    | 58.8M/97.8M [01:25<00:58, 698kB/s]
 60%|██████    | 58.9M/97.8M [01:25<00:59, 691kB/s]
 60%|██████    | 59.0M/97.8M [01:25<00:58, 697kB/s]
 60%|██████    | 59.1M/97.8M [01:25<01:01, 655kB/s]
 61%|██████    | 59.2M/97.8M [01:25<00:59, 678kB/s]
 61%|██████    | 59.4M/97.8M [01:26<01:00, 667kB/s]
 61%|██████    | 59.5M/97.8M [01:26<01:00, 669kB/s]
 61%|██████    | 59.6M/97.8M [01:26<00:59, 673kB/s]
 61%|██████    | 59.8M/97.8M [01:26<00:58, 688kB/s]
 61%|██████    | 59.9M/97.8M [01:26<00:56, 705kB/s]
 61%|██████▏   | 60.0M/97.8M [01:27<00:55, 713kB/s]
 61%|██████▏   | 60.1M/97.8M [01:27<00:55, 714kB/s]
 62%|██████▏   | 60.2M/97.8M [01:27<00:56, 701kB/s]
 62%|██████▏   | 60.4M/97.8M [01:27<01:00, 650kB/s]
 62%|██████▏   | 60.5M/97.8M [01:27<00:57, 676kB/s]
 62%|██████▏   | 60.6M/97.8M [01:28<00:56, 685kB/s]
 62%|██████▏   | 60.8M/97.8M [01:28<00:56, 692kB/s]
 62%|██████▏   | 60.9M/97.8M [01:28<00:56, 690kB/s]
 62%|██████▏   | 61.0M/97.8M [01:28<00:57, 674kB/s]
 62%|██████▏   | 61.1M/97.8M [01:28<00:55, 687kB/s]
 63%|██████▎   | 61.2M/97.8M [01:29<00:54, 704kB/s]
 63%|██████▎   | 61.4M/97.8M [01:29<00:53, 714kB/s]
 63%|██████▎   | 61.5M/97.8M [01:29<00:53, 712kB/s]
 63%|██████▎   | 61.6M/97.8M [01:29<00:53, 707kB/s]
 63%|██████▎   | 61.8M/97.8M [01:29<00:53, 703kB/s]
 63%|██████▎   | 61.9M/97.8M [01:29<00:51, 727kB/s]
 63%|██████▎   | 62.0M/97.8M [01:30<00:51, 732kB/s]
 64%|██████▎   | 62.1M/97.8M [01:30<00:51, 733kB/s]
 64%|██████▎   | 62.2M/97.8M [01:30<00:51, 720kB/s]
 64%|██████▍   | 62.4M/97.8M [01:30<00:52, 704kB/s]
 64%|██████▍   | 62.5M/97.8M [01:30<00:54, 684kB/s]
 64%|██████▍   | 62.6M/97.8M [01:31<00:52, 696kB/s]
 64%|██████▍   | 62.8M/97.8M [01:31<00:51, 711kB/s]
 64%|██████▍   | 62.9M/97.8M [01:31<00:50, 721kB/s]
 64%|██████▍   | 63.0M/97.8M [01:31<00:51, 714kB/s]
 65%|██████▍   | 63.1M/97.8M [01:31<00:50, 719kB/s]
 65%|██████▍   | 63.2M/97.8M [01:31<00:49, 732kB/s]
 65%|██████▍   | 63.4M/97.8M [01:32<00:48, 738kB/s]
 65%|██████▍   | 63.5M/97.8M [01:32<00:49, 724kB/s]
 65%|██████▌   | 63.6M/97.8M [01:32<00:49, 717kB/s]
 65%|██████▌   | 63.8M/97.8M [01:32<00:48, 735kB/s]
 65%|██████▌   | 63.9M/97.8M [01:32<00:48, 738kB/s]
 65%|██████▌   | 64.0M/97.8M [01:33<00:48, 724kB/s]
 66%|██████▌   | 64.1M/97.8M [01:33<00:49, 709kB/s]
 66%|██████▌   | 64.2M/97.8M [01:33<00:48, 730kB/s]
 66%|██████▌   | 64.4M/97.8M [01:33<00:48, 729kB/s]
 66%|██████▌   | 64.5M/97.8M [01:33<00:48, 721kB/s]
 66%|██████▌   | 64.6M/97.8M [01:33<00:47, 726kB/s]
 66%|██████▌   | 64.8M/97.8M [01:34<00:46, 738kB/s]
 66%|██████▋   | 64.9M/97.8M [01:34<00:46, 738kB/s]
 66%|██████▋   | 65.0M/97.8M [01:34<00:47, 726kB/s]
 67%|██████▋   | 65.1M/97.8M [01:34<00:46, 740kB/s]
 67%|██████▋   | 65.2M/97.8M [01:34<00:45, 743kB/s]
 67%|██████▋   | 65.4M/97.8M [01:34<00:45, 741kB/s]
 67%|██████▋   | 65.5M/97.8M [01:35<00:47, 721kB/s]
 67%|██████▋   | 65.6M/97.8M [01:35<00:47, 713kB/s]
 67%|██████▋   | 65.8M/97.8M [01:35<00:46, 724kB/s]
 67%|██████▋   | 65.9M/97.8M [01:35<00:45, 728kB/s]
 67%|██████▋   | 66.0M/97.8M [01:35<00:46, 722kB/s]
 68%|██████▊   | 66.1M/97.8M [01:36<00:46, 721kB/s]
 68%|██████▊   | 66.2M/97.8M [01:36<00:44, 736kB/s]
 68%|██████▊   | 66.4M/97.8M [01:36<00:44, 740kB/s]
 68%|██████▊   | 66.5M/97.8M [01:36<00:45, 726kB/s]
 68%|██████▊   | 66.6M/97.8M [01:36<00:45, 722kB/s]
 68%|██████▊   | 66.8M/97.8M [01:36<00:44, 731kB/s]
 68%|██████▊   | 66.9M/97.8M [01:37<00:43, 747kB/s]
 68%|██████▊   | 67.0M/97.8M [01:37<00:43, 746kB/s]
 69%|██████▊   | 67.1M/97.8M [01:37<00:42, 749kB/s]
 69%|██████▉   | 67.2M/97.8M [01:37<00:44, 725kB/s]
 69%|██████▉   | 67.4M/97.8M [01:37<00:44, 717kB/s]
 69%|██████▉   | 67.5M/97.8M [01:38<00:43, 731kB/s]
 69%|██████▉   | 67.6M/97.8M [01:38<00:42, 739kB/s]
 69%|██████▉   | 67.8M/97.8M [01:38<00:42, 738kB/s]
 69%|██████▉   | 67.9M/97.8M [01:38<00:43, 726kB/s]
 70%|██████▉   | 68.0M/97.8M [01:38<00:42, 731kB/s]
 70%|██████▉   | 68.1M/97.8M [01:38<00:41, 748kB/s]
 70%|██████▉   | 68.2M/97.8M [01:39<00:41, 745kB/s]
 70%|██████▉   | 68.4M/97.8M [01:39<00:42, 729kB/s]
 70%|███████   | 68.5M/97.8M [01:39<00:42, 727kB/s]
 70%|███████   | 68.6M/97.8M [01:39<00:41, 734kB/s]
 70%|███████   | 68.8M/97.8M [01:39<00:43, 706kB/s]
 70%|███████   | 68.9M/97.8M [01:40<00:44, 688kB/s]
 71%|███████   | 69.0M/97.8M [01:40<00:43, 697kB/s]
 71%|███████   | 69.1M/97.8M [01:40<00:41, 717kB/s]
 71%|███████   | 69.2M/97.8M [01:40<00:41, 721kB/s]
 71%|███████   | 69.4M/97.8M [01:40<00:42, 710kB/s]
 71%|███████   | 69.5M/97.8M [01:40<00:41, 714kB/s]
 71%|███████   | 69.6M/97.8M [01:41<00:40, 734kB/s]
 71%|███████▏  | 69.8M/97.8M [01:41<00:39, 750kB/s]
 71%|███████▏  | 69.9M/97.8M [01:41<00:39, 751kB/s]
 72%|███████▏  | 70.0M/97.8M [01:41<00:38, 749kB/s]
 72%|███████▏  | 70.1M/97.8M [01:41<00:39, 736kB/s]
 72%|███████▏  | 70.2M/97.8M [01:41<00:39, 740kB/s]
 72%|███████▏  | 70.4M/97.8M [01:42<00:39, 729kB/s]
 72%|███████▏  | 70.5M/97.8M [01:42<00:38, 738kB/s]
 72%|███████▏  | 70.6M/97.8M [01:42<00:39, 725kB/s]
 72%|███████▏  | 70.8M/97.8M [01:42<00:38, 729kB/s]
 72%|███████▏  | 70.9M/97.8M [01:42<00:38, 740kB/s]
 73%|███████▎  | 71.0M/97.8M [01:43<00:38, 722kB/s]
 73%|███████▎  | 71.1M/97.8M [01:43<00:39, 707kB/s]
 73%|███████▎  | 71.2M/97.8M [01:43<00:38, 728kB/s]
 73%|███████▎  | 71.4M/97.8M [01:43<00:37, 739kB/s]
 73%|███████▎  | 71.5M/97.8M [01:43<00:37, 741kB/s]
 73%|███████▎  | 71.6M/97.8M [01:43<00:37, 731kB/s]
 73%|███████▎  | 71.8M/97.8M [01:44<00:38, 712kB/s]
 73%|███████▎  | 71.9M/97.8M [01:44<00:38, 715kB/s]
 74%|███████▎  | 72.0M/97.8M [01:44<00:37, 727kB/s]
 74%|███████▎  | 72.1M/97.8M [01:44<00:36, 732kB/s]
 74%|███████▍  | 72.2M/97.8M [01:44<00:37, 720kB/s]
 74%|███████▍  | 72.4M/97.8M [01:45<00:36, 722kB/s]
 74%|███████▍  | 72.5M/97.8M [01:45<00:35, 741kB/s]
 74%|███████▍  | 72.6M/97.8M [01:45<00:35, 742kB/s]
 74%|███████▍  | 72.8M/97.8M [01:45<00:35, 732kB/s]
 75%|███████▍  | 72.9M/97.8M [01:45<00:35, 729kB/s]
 75%|███████▍  | 73.0M/97.8M [01:45<00:34, 745kB/s]
 75%|███████▍  | 73.1M/97.8M [01:46<00:34, 750kB/s]
 75%|███████▍  | 73.2M/97.8M [01:46<00:34, 743kB/s]
 75%|███████▌  | 73.4M/97.8M [01:46<00:35, 728kB/s]
 75%|███████▌  | 73.5M/97.8M [01:46<00:34, 731kB/s]
 75%|███████▌  | 73.6M/97.8M [01:46<00:34, 736kB/s]
 75%|███████▌  | 73.8M/97.8M [01:47<00:34, 741kB/s]
 76%|███████▌  | 73.9M/97.8M [01:47<00:34, 722kB/s]
 76%|███████▌  | 74.0M/97.8M [01:47<00:34, 719kB/s]
 76%|███████▌  | 74.1M/97.8M [01:47<00:33, 736kB/s]
 76%|███████▌  | 74.2M/97.8M [01:47<00:33, 745kB/s]
 76%|███████▌  | 74.4M/97.8M [01:47<00:33, 743kB/s]
 76%|███████▌  | 74.5M/97.8M [01:48<00:33, 723kB/s]
 76%|███████▋  | 74.6M/97.8M [01:48<00:33, 734kB/s]
 76%|███████▋  | 74.8M/97.8M [01:48<00:32, 746kB/s]
 77%|███████▋  | 74.9M/97.8M [01:48<00:32, 746kB/s]
 77%|███████▋  | 75.0M/97.8M [01:48<00:33, 718kB/s]
 77%|███████▋  | 75.1M/97.8M [01:48<00:33, 717kB/s]
 77%|███████▋  | 75.2M/97.8M [01:49<00:32, 733kB/s]
 77%|███████▋  | 75.4M/97.8M [01:49<00:31, 736kB/s]
 77%|███████▋  | 75.5M/97.8M [01:49<00:32, 727kB/s]
 77%|███████▋  | 75.6M/97.8M [01:49<00:32, 717kB/s]
 77%|███████▋  | 75.8M/97.8M [01:49<00:31, 738kB/s]
 78%|███████▊  | 75.9M/97.8M [01:50<00:31, 741kB/s]
 78%|███████▊  | 76.0M/97.8M [01:50<00:31, 736kB/s]
 78%|███████▊  | 76.1M/97.8M [01:50<00:31, 723kB/s]
 78%|███████▊  | 76.2M/97.8M [01:50<00:31, 713kB/s]
 78%|███████▊  | 76.4M/97.8M [01:50<00:31, 704kB/s]
 78%|███████▊  | 76.5M/97.8M [01:50<00:31, 712kB/s]
 78%|███████▊  | 76.6M/97.8M [01:51<00:30, 717kB/s]
 78%|███████▊  | 76.8M/97.8M [01:51<00:30, 734kB/s]
 79%|███████▊  | 76.9M/97.8M [01:51<00:30, 731kB/s]
 79%|███████▊  | 77.0M/97.8M [01:51<00:29, 732kB/s]
 79%|███████▉  | 77.1M/97.8M [01:51<00:30, 720kB/s]
 79%|███████▉  | 77.2M/97.8M [01:52<00:30, 705kB/s]
 79%|███████▉  | 77.4M/97.8M [01:52<00:30, 708kB/s]
 79%|███████▉  | 77.5M/97.8M [01:52<00:29, 728kB/s]
 79%|███████▉  | 77.6M/97.8M [01:52<00:28, 731kB/s]
 79%|███████▉  | 77.8M/97.8M [01:52<00:28, 727kB/s]
 80%|███████▉  | 77.9M/97.8M [01:52<00:29, 707kB/s]
 80%|███████▉  | 78.0M/97.8M [01:53<00:30, 688kB/s]
 80%|███████▉  | 78.1M/97.8M [01:53<00:29, 698kB/s]
 80%|███████▉  | 78.2M/97.8M [01:53<00:28, 720kB/s]
 80%|████████  | 78.4M/97.8M [01:53<00:28, 714kB/s]
 80%|████████  | 78.5M/97.8M [01:53<00:28, 708kB/s]
 80%|████████  | 78.6M/97.8M [01:54<00:28, 699kB/s]
 81%|████████  | 78.8M/97.8M [01:54<00:28, 713kB/s]
 81%|████████  | 78.9M/97.8M [01:54<00:27, 729kB/s]
 81%|████████  | 79.0M/97.8M [01:54<00:26, 739kB/s]
 81%|████████  | 79.1M/97.8M [01:54<00:27, 724kB/s]
 81%|████████  | 79.2M/97.8M [01:55<00:27, 704kB/s]
 81%|████████  | 79.4M/97.8M [01:55<00:28, 690kB/s]
 81%|████████▏ | 79.5M/97.8M [01:55<00:28, 676kB/s]
 81%|████████▏ | 79.6M/97.8M [01:55<00:27, 700kB/s]
 82%|████████▏ | 79.8M/97.8M [01:55<00:26, 713kB/s]
 82%|████████▏ | 79.9M/97.8M [01:55<00:26, 719kB/s]
 82%|████████▏ | 80.0M/97.8M [01:56<00:26, 711kB/s]
 82%|████████▏ | 80.1M/97.8M [01:56<00:26, 704kB/s]
 82%|████████▏ | 80.2M/97.8M [01:56<00:26, 702kB/s]
 82%|████████▏ | 80.4M/97.8M [01:56<00:25, 727kB/s]
 82%|████████▏ | 80.5M/97.8M [01:56<00:24, 728kB/s]
 82%|████████▏ | 80.6M/97.8M [01:57<00:24, 726kB/s]
 83%|████████▎ | 80.8M/97.8M [01:57<00:25, 714kB/s]
 83%|████████▎ | 80.9M/97.8M [01:57<00:25, 692kB/s]
 83%|████████▎ | 81.0M/97.8M [01:57<00:25, 700kB/s]
 83%|████████▎ | 81.1M/97.8M [01:57<00:24, 716kB/s]
 83%|████████▎ | 81.2M/97.8M [01:57<00:24, 703kB/s]
 83%|████████▎ | 81.4M/97.8M [01:58<00:24, 697kB/s]
 83%|████████▎ | 81.5M/97.8M [01:58<00:24, 690kB/s]
 83%|████████▎ | 81.6M/97.8M [01:58<00:24, 701kB/s]
 84%|████████▎ | 81.8M/97.8M [01:58<00:23, 721kB/s]
 84%|████████▎ | 81.9M/97.8M [01:58<00:22, 732kB/s]
 84%|████████▍ | 82.0M/97.8M [01:59<00:22, 729kB/s]
 84%|████████▍ | 82.1M/97.8M [01:59<00:22, 717kB/s]
 84%|████████▍ | 82.2M/97.8M [01:59<00:23, 704kB/s]
 84%|████████▍ | 82.4M/97.8M [01:59<00:23, 685kB/s]
 84%|████████▍ | 82.5M/97.8M [01:59<00:22, 704kB/s]
 84%|████████▍ | 82.6M/97.8M [02:00<00:22, 716kB/s]
 85%|████████▍ | 82.8M/97.8M [02:00<00:21, 726kB/s]
 85%|████████▍ | 82.9M/97.8M [02:00<00:21, 721kB/s]
 85%|████████▍ | 83.0M/97.8M [02:00<00:21, 710kB/s]
 85%|████████▍ | 83.1M/97.8M [02:00<00:21, 711kB/s]
 85%|████████▌ | 83.2M/97.8M [02:00<00:20, 730kB/s]
 85%|████████▌ | 83.4M/97.8M [02:01<00:20, 739kB/s]
 85%|████████▌ | 83.5M/97.8M [02:01<00:20, 735kB/s]
 85%|████████▌ | 83.6M/97.8M [02:01<00:20, 720kB/s]
 86%|████████▌ | 83.8M/97.8M [02:01<00:20, 723kB/s]
 86%|████████▌ | 83.9M/97.8M [02:01<00:20, 722kB/s]
 86%|████████▌ | 84.0M/97.8M [02:01<00:19, 726kB/s]
 86%|████████▌ | 84.1M/97.8M [02:02<00:19, 720kB/s]
 86%|████████▌ | 84.2M/97.8M [02:02<00:20, 709kB/s]
 86%|████████▋ | 84.4M/97.8M [02:02<00:19, 732kB/s]
 86%|████████▋ | 84.5M/97.8M [02:02<00:18, 738kB/s]
 87%|████████▋ | 84.6M/97.8M [02:02<00:18, 740kB/s]
 87%|████████▋ | 84.8M/97.8M [02:03<00:18, 724kB/s]
 87%|████████▋ | 84.9M/97.8M [02:03<00:18, 735kB/s]
 87%|████████▋ | 85.0M/97.8M [02:03<00:18, 741kB/s]
 87%|████████▋ | 85.1M/97.8M [02:03<00:17, 746kB/s]
 87%|████████▋ | 85.2M/97.8M [02:03<00:18, 731kB/s]
 87%|████████▋ | 85.4M/97.8M [02:03<00:17, 742kB/s]
 87%|████████▋ | 85.5M/97.8M [02:04<00:17, 746kB/s]
 88%|████████▊ | 85.6M/97.8M [02:04<00:17, 746kB/s]
 88%|████████▊ | 85.8M/97.8M [02:04<00:17, 722kB/s]
 88%|████████▊ | 85.9M/97.8M [02:04<00:17, 714kB/s]
 88%|████████▊ | 86.0M/97.8M [02:04<00:16, 730kB/s]
 88%|████████▊ | 86.1M/97.8M [02:05<00:16, 746kB/s]
 88%|████████▊ | 86.2M/97.8M [02:05<00:16, 749kB/s]
 88%|████████▊ | 86.4M/97.8M [02:05<00:15, 752kB/s]
 88%|████████▊ | 86.5M/97.8M [02:05<00:16, 738kB/s]
 89%|████████▊ | 86.6M/97.8M [02:05<00:16, 725kB/s]
 89%|████████▊ | 86.8M/97.8M [02:05<00:15, 730kB/s]
 89%|████████▉ | 86.9M/97.8M [02:06<00:15, 743kB/s]
 89%|████████▉ | 87.0M/97.8M [02:06<00:15, 741kB/s]
 89%|████████▉ | 87.1M/97.8M [02:06<00:15, 733kB/s]
 89%|████████▉ | 87.2M/97.8M [02:06<00:15, 717kB/s]
 89%|████████▉ | 87.4M/97.8M [02:06<00:15, 719kB/s]
 89%|████████▉ | 87.5M/97.8M [02:06<00:14, 730kB/s]
 90%|████████▉ | 87.6M/97.8M [02:07<00:14, 736kB/s]
 90%|████████▉ | 87.8M/97.8M [02:07<00:14, 733kB/s]
 90%|████████▉ | 87.9M/97.8M [02:07<00:14, 733kB/s]
 90%|████████▉ | 88.0M/97.8M [02:07<00:13, 743kB/s]
 90%|█████████ | 88.1M/97.8M [02:07<00:13, 750kB/s]
 90%|█████████ | 88.2M/97.8M [02:08<00:13, 747kB/s]
 90%|█████████ | 88.4M/97.8M [02:08<00:13, 735kB/s]
 90%|█████████ | 88.5M/97.8M [02:08<00:13, 740kB/s]
 91%|█████████ | 88.6M/97.8M [02:08<00:12, 749kB/s]
 91%|█████████ | 88.8M/97.8M [02:08<00:12, 749kB/s]
 91%|█████████ | 88.9M/97.8M [02:08<00:12, 726kB/s]
 91%|█████████ | 89.0M/97.8M [02:09<00:12, 724kB/s]
 91%|█████████ | 89.1M/97.8M [02:09<00:12, 739kB/s]
 91%|█████████ | 89.2M/97.8M [02:09<00:12, 740kB/s]
 91%|█████████▏| 89.4M/97.8M [02:09<00:11, 739kB/s]
 91%|█████████▏| 89.5M/97.8M [02:09<00:11, 738kB/s]
 92%|█████████▏| 89.6M/97.8M [02:09<00:11, 746kB/s]
 92%|█████████▏| 89.8M/97.8M [02:10<00:11, 735kB/s]
 92%|█████████▏| 89.9M/97.8M [02:10<00:11, 725kB/s]
 92%|█████████▏| 90.0M/97.8M [02:10<00:11, 740kB/s]
 92%|█████████▏| 90.1M/97.8M [02:10<00:10, 740kB/s]
 92%|█████████▏| 90.2M/97.8M [02:10<00:10, 733kB/s]
 92%|█████████▏| 90.4M/97.8M [02:11<00:10, 720kB/s]
 93%|█████████▎| 90.5M/97.8M [02:11<00:10, 729kB/s]
 93%|█████████▎| 90.6M/97.8M [02:11<00:10, 734kB/s]
 93%|█████████▎| 90.8M/97.8M [02:11<00:10, 728kB/s]
 93%|█████████▎| 90.9M/97.8M [02:11<00:10, 718kB/s]
 93%|█████████▎| 91.0M/97.8M [02:11<00:09, 735kB/s]
 93%|█████████▎| 91.1M/97.8M [02:12<00:09, 744kB/s]
 93%|█████████▎| 91.2M/97.8M [02:12<00:09, 743kB/s]
 93%|█████████▎| 91.4M/97.8M [02:12<00:09, 725kB/s]
 94%|█████████▎| 91.5M/97.8M [02:12<00:09, 731kB/s]
 94%|█████████▎| 91.6M/97.8M [02:12<00:08, 740kB/s]
 94%|█████████▍| 91.8M/97.8M [02:13<00:08, 740kB/s]
 94%|█████████▍| 91.9M/97.8M [02:13<00:08, 711kB/s]
 94%|█████████▍| 92.0M/97.8M [02:13<00:08, 720kB/s]
 94%|█████████▍| 92.1M/97.8M [02:13<00:08, 717kB/s]
 94%|█████████▍| 92.2M/97.8M [02:13<00:08, 728kB/s]
 94%|█████████▍| 92.4M/97.8M [02:13<00:07, 721kB/s]
 95%|█████████▍| 92.5M/97.8M [02:14<00:07, 714kB/s]
 95%|█████████▍| 92.6M/97.8M [02:14<00:07, 732kB/s]
 95%|█████████▍| 92.8M/97.8M [02:14<00:07, 748kB/s]
 95%|█████████▍| 92.9M/97.8M [02:14<00:06, 754kB/s]
 95%|█████████▌| 93.0M/97.8M [02:14<00:06, 755kB/s]
 95%|█████████▌| 93.1M/97.8M [02:15<00:06, 746kB/s]
 95%|█████████▌| 93.2M/97.8M [02:15<00:06, 737kB/s]
 95%|█████████▌| 93.4M/97.8M [02:15<00:06, 740kB/s]
 96%|█████████▌| 93.5M/97.8M [02:15<00:06, 733kB/s]
 96%|█████████▌| 93.6M/97.8M [02:15<00:06, 732kB/s]
 96%|█████████▌| 93.8M/97.8M [02:15<00:05, 725kB/s]
 96%|█████████▌| 93.9M/97.8M [02:16<00:05, 715kB/s]
 96%|█████████▌| 94.0M/97.8M [02:16<00:05, 734kB/s]
 96%|█████████▌| 94.1M/97.8M [02:16<00:05, 740kB/s]
 96%|█████████▋| 94.2M/97.8M [02:16<00:05, 737kB/s]
 96%|█████████▋| 94.4M/97.8M [02:16<00:05, 721kB/s]
 97%|█████████▋| 94.5M/97.8M [02:16<00:04, 736kB/s]
 97%|█████████▋| 94.6M/97.8M [02:17<00:04, 739kB/s]
 97%|█████████▋| 94.8M/97.8M [02:17<00:04, 740kB/s]
 97%|█████████▋| 94.9M/97.8M [02:17<00:04, 721kB/s]
 97%|█████████▋| 95.0M/97.8M [02:17<00:03, 740kB/s]
 97%|█████████▋| 95.1M/97.8M [02:17<00:03, 742kB/s]
 97%|█████████▋| 95.2M/97.8M [02:18<00:03, 726kB/s]
 98%|█████████▊| 95.4M/97.8M [02:18<00:03, 716kB/s]
 98%|█████████▊| 95.5M/97.8M [02:18<00:03, 713kB/s]
 98%|█████████▊| 95.6M/97.8M [02:18<00:03, 733kB/s]
 98%|█████████▊| 95.8M/97.8M [02:18<00:02, 746kB/s]
 98%|█████████▊| 95.9M/97.8M [02:18<00:02, 745kB/s]
 98%|█████████▊| 96.0M/97.8M [02:19<00:02, 737kB/s]
 98%|█████████▊| 96.1M/97.8M [02:19<00:02, 734kB/s]
 98%|█████████▊| 96.2M/97.8M [02:19<00:02, 721kB/s]
 99%|█████████▊| 96.4M/97.8M [02:19<00:02, 709kB/s]
 99%|█████████▊| 96.5M/97.8M [02:19<00:01, 717kB/s]
 99%|█████████▉| 96.6M/97.8M [02:20<00:01, 734kB/s]
 99%|█████████▉| 96.8M/97.8M [02:20<00:01, 730kB/s]
 99%|█████████▉| 96.9M/97.8M [02:20<00:01, 721kB/s]
 99%|█████████▉| 97.0M/97.8M [02:20<00:01, 710kB/s]
 99%|█████████▉| 97.1M/97.8M [02:20<00:01, 703kB/s]
 99%|█████████▉| 97.2M/97.8M [02:20<00:00, 700kB/s]
100%|█████████▉| 97.4M/97.8M [02:21<00:00, 721kB/s]
100%|█████████▉| 97.5M/97.8M [02:21<00:00, 734kB/s]
100%|█████████▉| 97.6M/97.8M [02:21<00:00, 734kB/s]
100%|█████████▉| 97.8M/97.8M [02:21<00:00, 729kB/s]
100%|██████████| 97.8M/97.8M [02:21<00:00, 723kB/s]
06/25 09:11:04 - mmengine - WARNING - The model and loaded state dict do not match exactly

unexpected key in source state_dict: fc.weight, fc.bias

06/25 09:11:04 - mmengine - WARNING - "FileClient" will be deprecated in future. Please use io functions in https://mmengine.readthedocs.io/en/latest/api/fileio.html#file-io
06/25 09:11:04 - mmengine - WARNING - "HardDiskBackend" is the alias of "LocalBackend" and the former will be deprecated in future.
06/25 09:11:04 - mmengine - INFO - Checkpoints will be saved to /data/bigc-data/zjh/new/copy1/mmsegcopy/upernet/run_scripts/work_dirs/upernet_r50_4xb2-80k_cityscapes-512x1024.
TCAPPDLL 2025-06-25 09:11:13.413648 - Epoch: 0 Iteration: 0  rank : 0  train.loss : 3.65993595123291  train.ips : 0.22453267238218108 imgs/s train.total_time : 8.907389640808105 
TCAPPDLL 2025-06-25 09:11:21.903269 - Epoch: 0 Iteration: 1  rank : 0  train.loss : 3.887454032897949  train.ips : 0.2355922525087296 imgs/s train.total_time : 8.489243507385254 
TCAPPDLL 2025-06-25 09:11:30.610723 - Epoch: 0 Iteration: 2  rank : 0  train.loss : 3.754977226257324  train.ips : 0.22969971868478894 imgs/s train.total_time : 8.707019805908203 
TCAPPDLL 2025-06-25 09:11:39.208404 - Epoch: 0 Iteration: 3  rank : 0  train.loss : 3.4693212509155273  train.ips : 0.23263108961269038 imgs/s train.total_time : 8.59730315208435 
TCAPPDLL 2025-06-25 09:11:48.003528 - Epoch: 0 Iteration: 4  rank : 0  train.loss : 3.0634560585021973  train.ips : 0.22741164662292698 imgs/s train.total_time : 8.794624328613281 
TCAPPDLL 2025-06-25 09:11:56.505440 - Epoch: 0 Iteration: 5  rank : 0  train.loss : 3.2579169273376465  train.ips : 0.2352522426287785 imgs/s train.total_time : 8.501513004302979 
TCAPPDLL 2025-06-25 09:12:04.803260 - Epoch: 0 Iteration: 6  rank : 0  train.loss : 3.5404212474823  train.ips : 0.24104067082606967 imgs/s train.total_time : 8.297354936599731 
TCAPPDLL 2025-06-25 09:12:13.211261 - Epoch: 0 Iteration: 7  rank : 0  train.loss : 2.3507111072540283  train.ips : 0.23788373234529694 imgs/s train.total_time : 8.407468557357788 
TCAPPDLL 2025-06-25 09:12:22.300020 - Epoch: 0 Iteration: 8  rank : 0  train.loss : 2.192593574523926  train.ips : 0.2200663335951744 imgs/s train.total_time : 9.088168859481812 
TCAPPDLL 2025-06-25 09:12:31.202495 - Epoch: 0 Iteration: 9  rank : 0  train.loss : 3.244472026824951  train.ips : 0.22466706863480537 imgs/s train.total_time : 8.902061223983765 
TCAPPDLL 2025-06-25 09:12:40.109736 - Epoch: 0 Iteration: 10  rank : 0  train.loss : 3.0897164344787598  train.ips : 0.22454872003389936 imgs/s train.total_time : 8.906753063201904 
TCAPPDLL 2025-06-25 09:12:49.103150 - Epoch: 0 Iteration: 11  rank : 0  train.loss : 2.51324462890625  train.ips : 0.2223966754265906 imgs/s train.total_time : 8.992940187454224 
TCAPPDLL 2025-06-25 09:12:58.194638 - Epoch: 0 Iteration: 12  rank : 0  train.loss : 3.0818030834198  train.ips : 0.21999329787645278 imgs/s train.total_time : 9.091186046600342 
TCAPPDLL 2025-06-25 09:13:07.303327 - Epoch: 0 Iteration: 13  rank : 0  train.loss : 3.410689115524292  train.ips : 0.21958099036570541 imgs/s train.total_time : 9.108256578445435 
TCAPPDLL 2025-06-25 09:13:16.015094 - Epoch: 0 Iteration: 14  rank : 0  train.loss : 2.86613392829895  train.ips : 0.2295881555986904 imgs/s train.total_time : 8.71125078201294 
TCAPPDLL 2025-06-25 09:13:25.619636 - Epoch: 0 Iteration: 15  rank : 0  train.loss : 2.9382166862487793  train.ips : 0.20824622074654284 imgs/s train.total_time : 9.604015827178955 
TCAPPDLL 2025-06-25 09:13:35.097950 - Epoch: 0 Iteration: 16  rank : 0  train.loss : 1.8703808784484863  train.ips : 0.2110206741249572 imgs/s train.total_time : 9.477744340896606 
TCAPPDLL 2025-06-25 09:13:44.213449 - Epoch: 0 Iteration: 17  rank : 0  train.loss : 1.6862146854400635  train.ips : 0.2194198032840537 imgs/s train.total_time : 9.11494755744934 
TCAPPDLL 2025-06-25 09:13:52.714467 - Epoch: 0 Iteration: 18  rank : 0  train.loss : 3.404494524002075  train.ips : 0.2352804832043844 imgs/s train.total_time : 8.500492572784424 
TCAPPDLL 2025-06-25 09:14:00.997370 - Epoch: 0 Iteration: 19  rank : 0  train.loss : 2.1805214881896973  train.ips : 0.24147894847973278 imgs/s train.total_time : 8.28229546546936 
TCAPPDLL 2025-06-25 09:14:09.400189 - Epoch: 0 Iteration: 20  rank : 0  train.loss : 2.2476260662078857  train.ips : 0.23803477433722775 imgs/s train.total_time : 8.402133703231812 
TCAPPDLL 2025-06-25 09:14:18.019789 - Epoch: 0 Iteration: 21  rank : 0  train.loss : 2.6638989448547363  train.ips : 0.2320473114268849 imgs/s train.total_time : 8.618932008743286 
TCAPPDLL 2025-06-25 09:14:27.202006 - Epoch: 0 Iteration: 22  rank : 0  train.loss : 2.9325366020202637  train.ips : 0.21782594921917603 imgs/s train.total_time : 9.181642532348633 
TCAPPDLL 2025-06-25 09:14:36.400835 - Epoch: 0 Iteration: 23  rank : 0  train.loss : 3.3954811096191406  train.ips : 0.21742753964460276 imgs/s train.total_time : 9.198466777801514 
TCAPPDLL 2025-06-25 09:14:45.607214 - Epoch: 0 Iteration: 24  rank : 0  train.loss : 3.0128567218780518  train.ips : 0.21725337054999552 imgs/s train.total_time : 9.205841064453125 
TCAPPDLL 2025-06-25 09:14:55.415425 - Epoch: 0 Iteration: 25  rank : 0  train.loss : 2.150084972381592  train.ips : 0.20392355190799466 imgs/s train.total_time : 9.807596921920776 
TCAPPDLL 2025-06-25 09:15:05.610068 - Epoch: 0 Iteration: 26  rank : 0  train.loss : 1.8593933582305908  train.ips : 0.19618911784068035 imgs/s train.total_time : 10.194245338439941 
TCAPPDLL 2025-06-25 09:15:15.708342 - Epoch: 0 Iteration: 27  rank : 0  train.loss : 1.8932960033416748  train.ips : 0.19805884291776102 imgs/s train.total_time : 10.09800910949707 
TCAPPDLL 2025-06-25 09:15:25.310090 - Epoch: 0 Iteration: 28  rank : 0  train.loss : 1.3892276287078857  train.ips : 0.20830482531164182 imgs/s train.total_time : 9.601313829421997 
TCAPPDLL 2025-06-25 09:15:35.307752 - Epoch: 0 Iteration: 29  rank : 0  train.loss : 3.1472575664520264  train.ips : 0.20005686468936984 imgs/s train.total_time : 9.997157573699951 
TCAPPDLL 2025-06-25 09:15:45.101846 - Epoch: 0 Iteration: 30  rank : 0  train.loss : 1.9806218147277832  train.ips : 0.2042124604099251 imgs/s train.total_time : 9.793721675872803 
TCAPPDLL 2025-06-25 09:15:54.009881 - Epoch: 0 Iteration: 31  rank : 0  train.loss : 2.4450507164001465  train.ips : 0.22452420471451132 imgs/s train.total_time : 8.90772557258606 
TCAPPDLL 2025-06-25 09:16:03.291520 - Epoch: 0 Iteration: 32  rank : 0  train.loss : 2.3755953311920166  train.ips : 0.21548878564660998 imgs/s train.total_time : 9.281225442886353 
TCAPPDLL 2025-06-25 09:16:12.306746 - Epoch: 0 Iteration: 33  rank : 0  train.loss : 1.7542555332183838  train.ips : 0.22185593902566972 imgs/s train.total_time : 9.014858961105347 
TCAPPDLL 2025-06-25 09:16:21.406703 - Epoch: 0 Iteration: 34  rank : 0  train.loss : 1.6503746509552002  train.ips : 0.2197915548203151 imgs/s train.total_time : 9.099530696868896 
TCAPPDLL 2025-06-25 09:16:30.415773 - Epoch: 0 Iteration: 35  rank : 0  train.loss : 1.607211709022522  train.ips : 0.22201036724914316 imgs/s train.total_time : 9.008588314056396 
TCAPPDLL 2025-06-25 09:16:39.510037 - Epoch: 0 Iteration: 36  rank : 0  train.loss : 1.0731704235076904  train.ips : 0.21993192305174378 imgs/s train.total_time : 9.093723058700562 
TCAPPDLL 2025-06-25 09:16:48.309055 - Epoch: 0 Iteration: 37  rank : 0  train.loss : 1.6247029304504395  train.ips : 0.2273105480328901 imgs/s train.total_time : 8.798535823822021 
TCAPPDLL 2025-06-25 09:16:57.304718 - Epoch: 0 Iteration: 38  rank : 0  train.loss : 2.4707489013671875  train.ips : 0.22233890841045698 imgs/s train.total_time : 8.995276689529419 
TCAPPDLL 2025-06-25 09:17:06.398431 - Epoch: 0 Iteration: 39  rank : 0  train.loss : 1.6298954486846924  train.ips : 0.2199436405118673 imgs/s train.total_time : 9.093238592147827 
TCAPPDLL 2025-06-25 09:17:15.507115 - Epoch: 0 Iteration: 40  rank : 0  train.loss : 1.918416976928711  train.ips : 0.21958401373572792 imgs/s train.total_time : 9.108131170272827 
TCAPPDLL 2025-06-25 09:17:24.796335 - Epoch: 0 Iteration: 41  rank : 0  train.loss : 2.0557613372802734  train.ips : 0.2153130651702689 imgs/s train.total_time : 9.28880000114441 
TCAPPDLL 2025-06-25 09:17:34.104664 - Epoch: 0 Iteration: 42  rank : 0  train.loss : 2.194362163543701  train.ips : 0.21486877382295 imgs/s train.total_time : 9.308006763458252 
TCAPPDLL 2025-06-25 09:17:42.904259 - Epoch: 0 Iteration: 43  rank : 0  train.loss : 2.0362701416015625  train.ips : 0.22729511323830334 imgs/s train.total_time : 8.79913330078125 
TCAPPDLL 2025-06-25 09:17:51.909155 - Epoch: 0 Iteration: 44  rank : 0  train.loss : 3.086635112762451  train.ips : 0.22211192745420327 imgs/s train.total_time : 9.004469156265259 
TCAPPDLL 2025-06-25 09:18:00.902493 - Epoch: 0 Iteration: 45  rank : 0  train.loss : 2.4459052085876465  train.ips : 0.2223953134300596 imgs/s train.total_time : 8.992995262145996 
TCAPPDLL 2025-06-25 09:18:09.998600 - Epoch: 0 Iteration: 46  rank : 0  train.loss : 1.8290259838104248  train.ips : 0.21988096777729613 imgs/s train.total_time : 9.09583044052124 
TCAPPDLL 2025-06-25 09:18:19.103518 - Epoch: 0 Iteration: 47  rank : 0  train.loss : 3.5161306858062744  train.ips : 0.2196734304576714 imgs/s train.total_time : 9.104423761367798 
TCAPPDLL 2025-06-25 09:18:28.396322 - Epoch: 0 Iteration: 48  rank : 0  train.loss : 2.1486525535583496  train.ips : 0.21523047003307402 imgs/s train.total_time : 9.292364597320557 
TCAPPDLL 2025-06-25 09:18:37.806529 - Epoch: 0 Iteration: 49  rank : 0  train.loss : 1.9792187213897705  train.ips : 0.21254233721198362 imgs/s train.total_time : 9.409889936447144 
06/25 09:18:37 - mmengine - INFO - Iter(train) [   50/80000]  lr: 9.9945e-03  eta: 8 days, 9:19:48  time: 9.1404  data_time: 0.0206  memory: 2897  loss: 2.3210  decode.loss_ce: 1.5954  decode.acc_seg: 49.3769  aux.loss_ce: 0.7257  aux.acc_seg: 40.2245
TCAPPDLL 2025-06-25 09:18:47.096921 - Epoch: 0 Iteration: 50  rank : 0  train.loss : 3.459331512451172  train.ips : 0.2152840272831426 imgs/s train.total_time : 9.290052890777588 
TCAPPDLL 2025-06-25 09:18:55.904090 - Epoch: 0 Iteration: 51  rank : 0  train.loss : 2.100440263748169  train.ips : 0.22709583188069854 imgs/s train.total_time : 8.806854724884033 
TCAPPDLL 2025-06-25 09:19:04.797453 - Epoch: 0 Iteration: 52  rank : 0  train.loss : 2.9395289421081543  train.ips : 0.2248978394910964 imgs/s train.total_time : 8.892926692962646 
TCAPPDLL 2025-06-25 09:19:13.804395 - Epoch: 0 Iteration: 53  rank : 0  train.loss : 1.978170394897461  train.ips : 0.22206055672380967 imgs/s train.total_time : 9.00655221939087 
TCAPPDLL 2025-06-25 09:19:23.197121 - Epoch: 0 Iteration: 54  rank : 0  train.loss : 2.3501365184783936  train.ips : 0.21294277902525527 imgs/s train.total_time : 9.392194509506226 
TCAPPDLL 2025-06-25 09:19:32.394619 - Epoch: 0 Iteration: 55  rank : 0  train.loss : 1.4382367134094238  train.ips : 0.21746050155698005 imgs/s train.total_time : 9.197072505950928 
TCAPPDLL 2025-06-25 09:19:41.309024 - Epoch: 0 Iteration: 56  rank : 0  train.loss : 2.129788875579834  train.ips : 0.22436927928893466 imgs/s train.total_time : 8.913876295089722 
TCAPPDLL 2025-06-25 09:19:50.694048 - Epoch: 0 Iteration: 57  rank : 0  train.loss : 2.0705196857452393  train.ips : 0.21311532176163073 imgs/s train.total_time : 9.38459038734436 
TCAPPDLL 2025-06-25 09:19:59.700651 - Epoch: 0 Iteration: 58  rank : 0  train.loss : 2.7369909286499023  train.ips : 0.22206779316694406 imgs/s train.total_time : 9.006258726119995 
TCAPPDLL 2025-06-25 09:20:09.005279 - Epoch: 0 Iteration: 59  rank : 0  train.loss : 2.0185163021087646  train.ips : 0.21495444592639856 imgs/s train.total_time : 9.304296970367432 
TCAPPDLL 2025-06-25 09:20:18.107539 - Epoch: 0 Iteration: 60  rank : 0  train.loss : 2.207563638687134  train.ips : 0.21973324515303017 imgs/s train.total_time : 9.101945400238037 
TCAPPDLL 2025-06-25 09:20:26.901427 - Epoch: 0 Iteration: 61  rank : 0  train.loss : 1.6988364458084106  train.ips : 0.2274442396654719 imgs/s train.total_time : 8.79336404800415 
TCAPPDLL 2025-06-25 09:20:35.903052 - Epoch: 0 Iteration: 62  rank : 0  train.loss : 1.1641299724578857  train.ips : 0.22219215611528192 imgs/s train.total_time : 9.00121784210205 
TCAPPDLL 2025-06-25 09:20:44.702836 - Epoch: 0 Iteration: 63  rank : 0  train.loss : 1.9550707340240479  train.ips : 0.22728671921609214 imgs/s train.total_time : 8.799458265304565 
TCAPPDLL 2025-06-25 09:20:53.590994 - Epoch: 0 Iteration: 64  rank : 0  train.loss : 2.2881317138671875  train.ips : 0.22503272770974705 imgs/s train.total_time : 8.887596130371094 
TCAPPDLL 2025-06-25 09:21:02.804532 - Epoch: 0 Iteration: 65  rank : 0  train.loss : 3.0578927993774414  train.ips : 0.21708114307658904 imgs/s train.total_time : 9.213144779205322 
TCAPPDLL 2025-06-25 09:21:11.791688 - Epoch: 0 Iteration: 66  rank : 0  train.loss : 2.4024956226348877  train.ips : 0.2225472877383581 imgs/s train.total_time : 8.986854076385498 
TCAPPDLL 2025-06-25 09:21:20.798720 - Epoch: 0 Iteration: 67  rank : 0  train.loss : 1.674821138381958  train.ips : 0.22206055672380967 imgs/s train.total_time : 9.00655221939087 
TCAPPDLL 2025-06-25 09:21:29.607966 - Epoch: 0 Iteration: 68  rank : 0  train.loss : 2.778723955154419  train.ips : 0.22704357426644908 imgs/s train.total_time : 8.808881759643555 
TCAPPDLL 2025-06-25 09:21:37.901354 - Epoch: 0 Iteration: 69  rank : 0  train.loss : 1.9109121561050415  train.ips : 0.24116379026572726 imgs/s train.total_time : 8.293118953704834 
TCAPPDLL 2025-06-25 09:21:46.607963 - Epoch: 0 Iteration: 70  rank : 0  train.loss : 2.314769983291626  train.ips : 0.22972321946737434 imgs/s train.total_time : 8.70612907409668 
TCAPPDLL 2025-06-25 09:21:55.705229 - Epoch: 0 Iteration: 71  rank : 0  train.loss : 1.2317084074020386  train.ips : 0.21985564016611894 imgs/s train.total_time : 9.096878290176392 
TCAPPDLL 2025-06-25 09:22:04.504812 - Epoch: 0 Iteration: 72  rank : 0  train.loss : 1.7905073165893555  train.ips : 0.22729138111666328 imgs/s train.total_time : 8.799277782440186 
TCAPPDLL 2025-06-25 09:22:13.694322 - Epoch: 0 Iteration: 73  rank : 0  train.loss : 1.7662291526794434  train.ips : 0.21764699090725467 imgs/s train.total_time : 9.189192056655884 
TCAPPDLL 2025-06-25 09:22:22.707998 - Epoch: 0 Iteration: 74  rank : 0  train.loss : 1.9164824485778809  train.ips : 0.22189566903374378 imgs/s train.total_time : 9.013244867324829 
TCAPPDLL 2025-06-25 09:22:31.406212 - Epoch: 0 Iteration: 75  rank : 0  train.loss : 1.9025681018829346  train.ips : 0.22994153581808985 imgs/s train.total_time : 8.697863101959229 
TCAPPDLL 2025-06-25 09:22:40.509667 - Epoch: 0 Iteration: 76  rank : 0  train.loss : 2.2515265941619873  train.ips : 0.21970392929335786 imgs/s train.total_time : 9.10315990447998 
TCAPPDLL 2025-06-25 09:22:49.505432 - Epoch: 0 Iteration: 77  rank : 0  train.loss : 1.554309368133545  train.ips : 0.222334141025219 imgs/s train.total_time : 8.995469570159912 
TCAPPDLL 2025-06-25 09:22:58.605735 - Epoch: 0 Iteration: 78  rank : 0  train.loss : 3.5206573009490967  train.ips : 0.2197809245870708 imgs/s train.total_time : 9.099970817565918 
TCAPPDLL 2025-06-25 09:23:07.602906 - Epoch: 0 Iteration: 79  rank : 0  train.loss : 2.322439432144165  train.ips : 0.22230037446206108 imgs/s train.total_time : 8.996835947036743 
TCAPPDLL 2025-06-25 09:23:17.105093 - Epoch: 0 Iteration: 80  rank : 0  train.loss : 1.9384801387786865  train.ips : 0.21048465824089835 imgs/s train.total_time : 9.501880168914795 
TCAPPDLL 2025-06-25 09:23:26.210275 - Epoch: 0 Iteration: 81  rank : 0  train.loss : 1.1613157987594604  train.ips : 0.21966242050809096 imgs/s train.total_time : 9.104880094528198 
TCAPPDLL 2025-06-25 09:23:35.011170 - Epoch: 0 Iteration: 82  rank : 0  train.loss : 1.6750189065933228  train.ips : 0.22726298159232833 imgs/s train.total_time : 8.800377368927002 
TCAPPDLL 2025-06-25 09:23:43.604264 - Epoch: 0 Iteration: 83  rank : 0  train.loss : 2.3358983993530273  train.ips : 0.23275657006165576 imgs/s train.total_time : 8.592668294906616 
TCAPPDLL 2025-06-25 09:23:52.006940 - Epoch: 0 Iteration: 84  rank : 0  train.loss : 1.4773976802825928  train.ips : 0.23802795927780945 imgs/s train.total_time : 8.402374267578125 
TCAPPDLL 2025-06-25 09:24:00.802610 - Epoch: 0 Iteration: 85  rank : 0  train.loss : 1.173351764678955  train.ips : 0.2273927030503138 imgs/s train.total_time : 8.79535698890686 
TCAPPDLL 2025-06-25 09:24:09.311165 - Epoch: 0 Iteration: 86  rank : 0  train.loss : 1.7478934526443481  train.ips : 0.2350660642447164 imgs/s train.total_time : 8.508246421813965 
TCAPPDLL 2025-06-25 09:24:18.607014 - Epoch: 0 Iteration: 87  rank : 0  train.loss : 2.124358892440796  train.ips : 0.21515995719170944 imgs/s train.total_time : 9.295409917831421 
TCAPPDLL 2025-06-25 09:24:27.506150 - Epoch: 0 Iteration: 88  rank : 0  train.loss : 2.275242805480957  train.ips : 0.22475029822535153 imgs/s train.total_time : 8.898764610290527 
TCAPPDLL 2025-06-25 09:24:36.202455 - Epoch: 0 Iteration: 89  rank : 0  train.loss : 1.1602474451065063  train.ips : 0.2299908860241971 imgs/s train.total_time : 8.695996761322021 
TCAPPDLL 2025-06-25 09:24:44.997382 - Epoch: 0 Iteration: 90  rank : 0  train.loss : 1.3637313842773438  train.ips : 0.22741221997257316 imgs/s train.total_time : 8.794602155685425 
TCAPPDLL 2025-06-25 09:24:53.799894 - Epoch: 0 Iteration: 91  rank : 0  train.loss : 4.1899213790893555  train.ips : 0.2272169736654354 imgs/s train.total_time : 8.802159309387207 
TCAPPDLL 2025-06-25 09:25:03.009192 - Epoch: 0 Iteration: 92  rank : 0  train.loss : 1.221667766571045  train.ips : 0.21718153185662667 imgs/s train.total_time : 9.20888614654541 
TCAPPDLL 2025-06-25 09:25:11.905858 - Epoch: 0 Iteration: 93  rank : 0  train.loss : 2.8432905673980713  train.ips : 0.22481250031992187 imgs/s train.total_time : 8.896302461624146 
TCAPPDLL 2025-06-25 09:25:20.896824 - Epoch: 0 Iteration: 94  rank : 0  train.loss : 2.1549649238586426  train.ips : 0.22245723922253172 imgs/s train.total_time : 8.99049186706543 
TCAPPDLL 2025-06-25 09:25:29.694601 - Epoch: 0 Iteration: 95  rank : 0  train.loss : 1.1332590579986572  train.ips : 0.227340228639779 imgs/s train.total_time : 8.79738712310791 
TCAPPDLL 2025-06-25 09:25:39.407286 - Epoch: 0 Iteration: 96  rank : 0  train.loss : 2.138078212738037  train.ips : 0.205923550261392 imgs/s train.total_time : 9.712342262268066 
TCAPPDLL 2025-06-25 09:25:48.505781 - Epoch: 0 Iteration: 97  rank : 0  train.loss : 3.19486403465271  train.ips : 0.2198247996497733 imgs/s train.total_time : 9.098154544830322 
TCAPPDLL 2025-06-25 09:25:57.507319 - Epoch: 0 Iteration: 98  rank : 0  train.loss : 3.1918911933898926  train.ips : 0.22219740002854876 imgs/s train.total_time : 9.001005411148071 
TCAPPDLL 2025-06-25 09:26:07.001929 - Epoch: 0 Iteration: 99  rank : 0  train.loss : 2.9619832038879395  train.ips : 0.21065460896230218 imgs/s train.total_time : 9.494214296340942 
06/25 09:26:07 - mmengine - INFO - Iter(train) [  100/80000]  lr: 9.9890e-03  eta: 8 days, 8:17:38  time: 9.0795  data_time: 0.0187  memory: 2897  loss: 2.4394  decode.loss_ce: 1.7687  decode.acc_seg: 24.8104  aux.loss_ce: 0.6707  aux.acc_seg: 38.2698
TCAPPDLL 2025-06-25 09:26:16.105963 - Epoch: 0 Iteration: 100  rank : 0  train.loss : 2.349454879760742  train.ips : 0.21969008553516875 imgs/s train.total_time : 9.103733539581299 
