Namespace(augmentation_prob=0.39194746097611516, batch_size=1, beta1=0.5, beta2=0.999, cuda_idx=0, image_size=224, img_ch=3, log_step=2, lr=0.0004260800570575518, mode='train', model_path='./models', model_type='R2U_Net', num_epochs=100, num_epochs_decay=67, num_workers=8, output_ch=1, result_path='./result/R2U_Net', t=3, test_path='./dataset/test/', train_path='./dataset/train/', val_step=2, valid_path='./dataset/valid/')
image count in train path :1815
image count in valid path :259
image count in test path :520
TCAPPDLL 2025-06-20 02:28:58.934320 - Epoch: 0 Iteration: 0  rank : 0  train.loss : 0.8344389796257019  train.ips : 0.43198950117068496 imgs/s
TCAPPDLL 2025-06-20 02:29:00.469020 - Epoch: 0 Iteration: 1  rank : 0  train.loss : 0.8773910403251648  train.ips : 13.631280122978124 imgs/s
TCAPPDLL 2025-06-20 02:29:02.018190 - Epoch: 0 Iteration: 2  rank : 0  train.loss : 0.7589510679244995  train.ips : 0.6463294645238766 imgs/s
TCAPPDLL 2025-06-20 02:29:02.120911 - Epoch: 0 Iteration: 3  rank : 0  train.loss : 0.8677712678909302  train.ips : 9.934165462684446 imgs/s
TCAPPDLL 2025-06-20 02:29:03.801012 - Epoch: 0 Iteration: 4  rank : 0  train.loss : 0.5697009563446045  train.ips : 0.5958791563962863 imgs/s
TCAPPDLL 2025-06-20 02:29:03.923344 - Epoch: 0 Iteration: 5  rank : 0  train.loss : 0.6096813082695007  train.ips : 9.077420848852636 imgs/s
TCAPPDLL 2025-06-20 02:29:03.971918 - Epoch: 0 Iteration: 6  rank : 0  train.loss : 0.8902303576469421  train.ips : 21.71627981630001 imgs/s
TCAPPDLL 2025-06-20 02:29:04.018304 - Epoch: 0 Iteration: 7  rank : 0  train.loss : 0.7097716331481934  train.ips : 22.4458774610276 imgs/s
TCAPPDLL 2025-06-20 02:29:07.411506 - Epoch: 0 Iteration: 8  rank : 0  train.loss : 0.6640532612800598  train.ips : 0.2948855893094075 imgs/s
TCAPPDLL 2025-06-20 02:29:11.018682 - Epoch: 0 Iteration: 9  rank : 0  train.loss : 0.9142710566520691  train.ips : 0.2774483455282028 imgs/s
TCAPPDLL 2025-06-20 02:29:11.122295 - Epoch: 0 Iteration: 10  rank : 0  train.loss : 0.8520602583885193  train.ips : 9.931883677040636 imgs/s
TCAPPDLL 2025-06-20 02:29:11.176131 - Epoch: 0 Iteration: 11  rank : 0  train.loss : 0.8478453755378723  train.ips : 19.258920494983585 imgs/s
TCAPPDLL 2025-06-20 02:29:11.229921 - Epoch: 0 Iteration: 12  rank : 0  train.loss : 0.8048363924026489  train.ips : 19.264227810311173 imgs/s
TCAPPDLL 2025-06-20 02:29:11.293952 - Epoch: 0 Iteration: 13  rank : 0  train.loss : 0.7829715609550476  train.ips : 17.675782056630887 imgs/s
TCAPPDLL 2025-06-20 02:29:11.349121 - Epoch: 0 Iteration: 14  rank : 0  train.loss : 0.7831401228904724  train.ips : 19.011871359608367 imgs/s
TCAPPDLL 2025-06-20 02:29:11.414279 - Epoch: 0 Iteration: 15  rank : 0  train.loss : 0.7713744044303894  train.ips : 16.069083622905787 imgs/s
TCAPPDLL 2025-06-20 02:29:14.825182 - Epoch: 0 Iteration: 16  rank : 0  train.loss : 0.7568356990814209  train.ips : 0.29334977950004343 imgs/s
TCAPPDLL 2025-06-20 02:29:15.003226 - Epoch: 0 Iteration: 17  rank : 0  train.loss : 0.741512656211853  train.ips : 5.854058324191392 imgs/s
TCAPPDLL 2025-06-20 02:29:15.076126 - Epoch: 0 Iteration: 18  rank : 0  train.loss : 0.6743065118789673  train.ips : 14.397188049209138 imgs/s
TCAPPDLL 2025-06-20 02:29:15.139087 - Epoch: 0 Iteration: 19  rank : 0  train.loss : 0.7397770881652832  train.ips : 18.999470010282707 imgs/s
TCAPPDLL 2025-06-20 02:29:15.196226 - Epoch: 0 Iteration: 20  rank : 0  train.loss : 0.7404993176460266  train.ips : 18.89036814181612 imgs/s
TCAPPDLL 2025-06-20 02:29:15.266308 - Epoch: 0 Iteration: 21  rank : 0  train.loss : 0.6958979964256287  train.ips : 16.055428171138306 imgs/s
TCAPPDLL 2025-06-20 02:29:17.008484 - Epoch: 0 Iteration: 22  rank : 0  train.loss : 0.6537123322486877  train.ips : 0.5750735345634043 imgs/s
TCAPPDLL 2025-06-20 02:29:17.141127 - Epoch: 0 Iteration: 23  rank : 0  train.loss : 0.7010245323181152  train.ips : 7.692385567093502 imgs/s
TCAPPDLL 2025-06-20 02:29:17.205168 - Epoch: 0 Iteration: 24  rank : 0  train.loss : 0.6293590664863586  train.ips : 16.74787372523339 imgs/s
TCAPPDLL 2025-06-20 02:29:17.291676 - Epoch: 0 Iteration: 25  rank : 0  train.loss : 0.7105829119682312  train.ips : 13.235794011189968 imgs/s
TCAPPDLL 2025-06-20 02:29:17.356542 - Epoch: 0 Iteration: 26  rank : 0  train.loss : 0.6897704601287842  train.ips : 18.786971010857492 imgs/s
TCAPPDLL 2025-06-20 02:29:17.415275 - Epoch: 0 Iteration: 27  rank : 0  train.loss : 0.6155027747154236  train.ips : 17.887378243291653 imgs/s
TCAPPDLL 2025-06-20 02:29:17.473869 - Epoch: 0 Iteration: 28  rank : 0  train.loss : 0.774174690246582  train.ips : 19.204073129524236 imgs/s
TCAPPDLL 2025-06-20 02:29:17.532717 - Epoch: 0 Iteration: 29  rank : 0  train.loss : 0.7258805632591248  train.ips : 18.292094061824017 imgs/s
TCAPPDLL 2025-06-20 02:29:17.598498 - Epoch: 0 Iteration: 30  rank : 0  train.loss : 0.6448284387588501  train.ips : 15.759469462135302 imgs/s
TCAPPDLL 2025-06-20 02:29:17.656929 - Epoch: 0 Iteration: 31  rank : 0  train.loss : 0.6589488983154297  train.ips : 18.280374646426345 imgs/s
TCAPPDLL 2025-06-20 02:29:17.708493 - Epoch: 0 Iteration: 32  rank : 0  train.loss : 0.6587949991226196  train.ips : 20.217215682872045 imgs/s
TCAPPDLL 2025-06-20 02:29:17.770950 - Epoch: 0 Iteration: 33  rank : 0  train.loss : 0.6215121150016785  train.ips : 18.875915825097657 imgs/s
TCAPPDLL 2025-06-20 02:29:17.836240 - Epoch: 0 Iteration: 34  rank : 0  train.loss : 0.8290376663208008  train.ips : 18.037224343757526 imgs/s
TCAPPDLL 2025-06-20 02:29:17.890360 - Epoch: 0 Iteration: 35  rank : 0  train.loss : 0.7201509475708008  train.ips : 19.518195186419224 imgs/s
TCAPPDLL 2025-06-20 02:29:17.947444 - Epoch: 0 Iteration: 36  rank : 0  train.loss : 0.7603983879089355  train.ips : 21.426840357598977 imgs/s
TCAPPDLL 2025-06-20 02:29:17.992549 - Epoch: 0 Iteration: 37  rank : 0  train.loss : 0.6855535507202148  train.ips : 23.265756220947647 imgs/s
TCAPPDLL 2025-06-20 02:29:18.038261 - Epoch: 0 Iteration: 38  rank : 0  train.loss : 0.6635122299194336  train.ips : 22.872449257817188 imgs/s
TCAPPDLL 2025-06-20 02:29:21.154429 - Epoch: 0 Iteration: 39  rank : 0  train.loss : 0.6760401725769043  train.ips : 17.369444582484387 imgs/s
TCAPPDLL 2025-06-20 02:29:21.209621 - Epoch: 0 Iteration: 40  rank : 0  train.loss : 0.7243858575820923  train.ips : 19.154784467207687 imgs/s
TCAPPDLL 2025-06-20 02:29:21.262321 - Epoch: 0 Iteration: 41  rank : 0  train.loss : 0.702668309211731  train.ips : 20.008987649138206 imgs/s
TCAPPDLL 2025-06-20 02:29:21.322997 - Epoch: 0 Iteration: 42  rank : 0  train.loss : 0.7200751304626465  train.ips : 17.52643608997422 imgs/s
TCAPPDLL 2025-06-20 02:29:21.383146 - Epoch: 0 Iteration: 43  rank : 0  train.loss : 0.7407442331314087  train.ips : 20.53957278434522 imgs/s
TCAPPDLL 2025-06-20 02:29:21.429438 - Epoch: 0 Iteration: 44  rank : 0  train.loss : 0.688304603099823  train.ips : 22.94489575982363 imgs/s
TCAPPDLL 2025-06-20 02:29:21.483258 - Epoch: 0 Iteration: 45  rank : 0  train.loss : 0.7011685371398926  train.ips : 21.858311705908715 imgs/s
TCAPPDLL 2025-06-20 02:29:22.060152 - Epoch: 0 Iteration: 46  rank : 0  train.loss : 0.6799769401550293  train.ips : 20.15000432372186 imgs/s
TCAPPDLL 2025-06-20 02:29:22.124215 - Epoch: 0 Iteration: 47  rank : 0  train.loss : 0.6467920541763306  train.ips : 16.438516799855773 imgs/s
TCAPPDLL 2025-06-20 02:29:22.169473 - Epoch: 0 Iteration: 48  rank : 0  train.loss : 0.6720490455627441  train.ips : 23.07339050835896 imgs/s
TCAPPDLL 2025-06-20 02:29:22.215407 - Epoch: 0 Iteration: 49  rank : 0  train.loss : 0.6906029582023621  train.ips : 22.701118195299898 imgs/s
TCAPPDLL 2025-06-20 02:29:22.260956 - Epoch: 0 Iteration: 50  rank : 0  train.loss : 0.6341739892959595  train.ips : 22.883305781516825 imgs/s
TCAPPDLL 2025-06-20 02:29:25.500858 - Epoch: 0 Iteration: 51  rank : 0  train.loss : 0.6351101994514465  train.ips : 22.545415452756963 imgs/s
TCAPPDLL 2025-06-20 02:29:25.548274 - Epoch: 0 Iteration: 52  rank : 0  train.loss : 0.6105403304100037  train.ips : 22.069940961661914 imgs/s
TCAPPDLL 2025-06-20 02:29:25.592831 - Epoch: 0 Iteration: 53  rank : 0  train.loss : 0.6505331993103027  train.ips : 23.439722812115793 imgs/s
TCAPPDLL 2025-06-20 02:29:25.635137 - Epoch: 0 Iteration: 54  rank : 0  train.loss : 0.7455052733421326  train.ips : 24.67179595774217 imgs/s
TCAPPDLL 2025-06-20 02:29:25.693794 - Epoch: 0 Iteration: 55  rank : 0  train.loss : 0.7444526553153992  train.ips : 20.692992323328006 imgs/s
TCAPPDLL 2025-06-20 02:29:25.756209 - Epoch: 0 Iteration: 56  rank : 0  train.loss : 0.6882613897323608  train.ips : 19.039574386955614 imgs/s
TCAPPDLL 2025-06-20 02:29:25.799920 - Epoch: 0 Iteration: 57  rank : 0  train.loss : 0.7311533093452454  train.ips : 24.225347557136836 imgs/s
TCAPPDLL 2025-06-20 02:29:25.844244 - Epoch: 0 Iteration: 58  rank : 0  train.loss : 0.6543331146240234  train.ips : 23.568404668386126 imgs/s
TCAPPDLL 2025-06-20 02:29:25.894802 - Epoch: 0 Iteration: 59  rank : 0  train.loss : 0.6788874864578247  train.ips : 21.101929926948543 imgs/s
TCAPPDLL 2025-06-20 02:29:25.941295 - Epoch: 0 Iteration: 60  rank : 0  train.loss : 0.6328318119049072  train.ips : 22.665052740791978 imgs/s
TCAPPDLL 2025-06-20 02:29:27.062383 - Epoch: 0 Iteration: 61  rank : 0  train.loss : 0.6503955721855164  train.ips : 22.79339615464041 imgs/s
TCAPPDLL 2025-06-20 02:29:27.105803 - Epoch: 0 Iteration: 62  rank : 0  train.loss : 0.7259489297866821  train.ips : 24.034748725001432 imgs/s
TCAPPDLL 2025-06-20 02:29:27.150792 - Epoch: 0 Iteration: 63  rank : 0  train.loss : 0.6498364806175232  train.ips : 23.177304023960303 imgs/s
TCAPPDLL 2025-06-20 02:29:27.197248 - Epoch: 0 Iteration: 64  rank : 0  train.loss : 0.6652353405952454  train.ips : 22.39530127879969 imgs/s
TCAPPDLL 2025-06-20 02:29:27.242200 - Epoch: 0 Iteration: 65  rank : 0  train.loss : 0.7004627585411072  train.ips : 23.268724862001054 imgs/s
TCAPPDLL 2025-06-20 02:29:27.300473 - Epoch: 0 Iteration: 66  rank : 0  train.loss : 0.7417563796043396  train.ips : 21.151519430352298 imgs/s
TCAPPDLL 2025-06-20 02:29:27.348454 - Epoch: 0 Iteration: 67  rank : 0  train.loss : 0.6674754619598389  train.ips : 21.80218317912465 imgs/s
TCAPPDLL 2025-06-20 02:29:27.403459 - Epoch: 0 Iteration: 68  rank : 0  train.loss : 0.6787946224212646  train.ips : 20.641869346535824 imgs/s
TCAPPDLL 2025-06-20 02:29:27.864027 - Epoch: 0 Iteration: 69  rank : 0  train.loss : 0.6935719847679138  train.ips : 18.740299894554358 imgs/s
TCAPPDLL 2025-06-20 02:29:27.926676 - Epoch: 0 Iteration: 70  rank : 0  train.loss : 0.6916815042495728  train.ips : 19.10357266483266 imgs/s
TCAPPDLL 2025-06-20 02:29:27.974748 - Epoch: 0 Iteration: 71  rank : 0  train.loss : 0.6807903051376343  train.ips : 21.80479005183071 imgs/s
TCAPPDLL 2025-06-20 02:29:31.068906 - Epoch: 0 Iteration: 72  rank : 0  train.loss : 0.6511588096618652  train.ips : 0.323388682709921 imgs/s
TCAPPDLL 2025-06-20 02:29:31.189297 - Epoch: 0 Iteration: 73  rank : 0  train.loss : 0.6397396922111511  train.ips : 8.452117208706218 imgs/s
TCAPPDLL 2025-06-20 02:29:31.235911 - Epoch: 0 Iteration: 74  rank : 0  train.loss : 0.6609091758728027  train.ips : 22.45525068929518 imgs/s
TCAPPDLL 2025-06-20 02:29:31.312806 - Epoch: 0 Iteration: 75  rank : 0  train.loss : 0.6156668066978455  train.ips : 13.817050994860983 imgs/s
TCAPPDLL 2025-06-20 02:29:31.402704 - Epoch: 0 Iteration: 76  rank : 0  train.loss : 0.7580115795135498  train.ips : 12.603796490785232 imgs/s
TCAPPDLL 2025-06-20 02:29:31.478683 - Epoch: 0 Iteration: 77  rank : 0  train.loss : 0.7372400164604187  train.ips : 20.397632606612945 imgs/s
TCAPPDLL 2025-06-20 02:29:31.529820 - Epoch: 0 Iteration: 78  rank : 0  train.loss : 0.6153388023376465  train.ips : 20.49140634923737 imgs/s
TCAPPDLL 2025-06-20 02:29:31.575238 - Epoch: 0 Iteration: 79  rank : 0  train.loss : 0.6820554733276367  train.ips : 23.08088178646504 imgs/s
TCAPPDLL 2025-06-20 02:29:31.622446 - Epoch: 0 Iteration: 80  rank : 0  train.loss : 0.6080560684204102  train.ips : 22.081792528324137 imgs/s
TCAPPDLL 2025-06-20 02:29:31.670981 - Epoch: 0 Iteration: 81  rank : 0  train.loss : 0.6052877902984619  train.ips : 21.439106921968126 imgs/s
TCAPPDLL 2025-06-20 02:29:31.726388 - Epoch: 0 Iteration: 82  rank : 0  train.loss : 0.7017145752906799  train.ips : 20.51415687252701 imgs/s
TCAPPDLL 2025-06-20 02:29:31.781744 - Epoch: 0 Iteration: 83  rank : 0  train.loss : 0.7083817720413208  train.ips : 19.061985593201083 imgs/s
TCAPPDLL 2025-06-20 02:29:31.829378 - Epoch: 0 Iteration: 84  rank : 0  train.loss : 0.7035375237464905  train.ips : 21.935244988572954 imgs/s
TCAPPDLL 2025-06-20 02:29:31.878024 - Epoch: 0 Iteration: 85  rank : 0  train.loss : 0.6701761484146118  train.ips : 22.46848265702424 imgs/s
TCAPPDLL 2025-06-20 02:29:31.926416 - Epoch: 0 Iteration: 86  rank : 0  train.loss : 0.6758080124855042  train.ips : 23.14852282950036 imgs/s
TCAPPDLL 2025-06-20 02:29:31.977473 - Epoch: 0 Iteration: 87  rank : 0  train.loss : 0.6549366116523743  train.ips : 20.536354645070947 imgs/s
TCAPPDLL 2025-06-20 02:29:32.030732 - Epoch: 0 Iteration: 88  rank : 0  train.loss : 0.7207946181297302  train.ips : 19.47623226765109 imgs/s
TCAPPDLL 2025-06-20 02:29:32.083382 - Epoch: 0 Iteration: 89  rank : 0  train.loss : 0.6367937326431274  train.ips : 21.12733408890568 imgs/s
TCAPPDLL 2025-06-20 02:29:32.980404 - Epoch: 0 Iteration: 90  rank : 0  train.loss : 0.7077769637107849  train.ips : 19.221058227244814 imgs/s
TCAPPDLL 2025-06-20 02:29:33.036942 - Epoch: 0 Iteration: 91  rank : 0  train.loss : 0.6979349255561829  train.ips : 18.550248778222507 imgs/s
TCAPPDLL 2025-06-20 02:29:33.389875 - Epoch: 0 Iteration: 92  rank : 0  train.loss : 0.7096637487411499  train.ips : 18.48248389399561 imgs/s
TCAPPDLL 2025-06-20 02:29:33.438754 - Epoch: 0 Iteration: 93  rank : 0  train.loss : 0.6591902375221252  train.ips : 21.575526874861755 imgs/s
TCAPPDLL 2025-06-20 02:29:33.485230 - Epoch: 0 Iteration: 94  rank : 0  train.loss : 0.6458567380905151  train.ips : 22.78311976838297 imgs/s
TCAPPDLL 2025-06-20 02:29:33.534389 - Epoch: 0 Iteration: 95  rank : 0  train.loss : 0.6541985869407654  train.ips : 21.352665071526754 imgs/s
TCAPPDLL 2025-06-20 02:29:33.592158 - Epoch: 0 Iteration: 96  rank : 0  train.loss : 0.6876077651977539  train.ips : 20.899104602552157 imgs/s
TCAPPDLL 2025-06-20 02:29:33.643237 - Epoch: 0 Iteration: 97  rank : 0  train.loss : 0.6653237342834473  train.ips : 21.14469505247981 imgs/s
TCAPPDLL 2025-06-20 02:29:33.689724 - Epoch: 0 Iteration: 98  rank : 0  train.loss : 0.6443306803703308  train.ips : 22.435911974580893 imgs/s
TCAPPDLL 2025-06-20 02:29:33.745897 - Epoch: 0 Iteration: 99  rank : 0  train.loss : 0.6664485931396484  train.ips : 19.980297443812464 imgs/s
