--------------+------------------------------------------------
 Host IP      | 10.244.37.148
 PyTorch      | 2.4.0a0+git4451b0e
 Torch-SDAA   | 20250616.14.30.dev0+git35328dc
--------------+------------------------------------------------
 SDAA Driver  | 2.1.0 (N/A)
 SDAA Runtime | 2.1.0 (/opt/tecoai/lib64/libsdaart.so)
 SDPTI        | 1.4.0b0 (/opt/tecoai/lib64/libsdpti.so)
 TecoDNN      | 2.2.0b0 (/opt/tecoai/lib64/libtecodnn.so)
 TecoBLAS     | 2.2.0b0 (/opt/tecoai/lib64/libtecoblas.so)
 CustomDNN    | 1.20.0a0 (/opt/tecoai/lib64/libtecodnn_ext.so)
 TecoRAND     | 2.0.1 (/opt/tecoai/lib64/libtecorand.so)
 TCCL         | 1.23.0 (/opt/tecoai/lib64/libtccl.so)
--------------+------------------------------------------------
--------------+------------------------------------------------
 Host IP      | 10.244.37.148
 PyTorch      | 2.4.0a0+git4451b0e
 Torch-SDAA   | 20250616.14.30.dev0+git35328dc
--------------+------------------------------------------------
 SDAA Driver  | 2.1.0 (N/A)
 SDAA Runtime | 2.1.0 (/opt/tecoai/lib64/libsdaart.so)
 SDPTI        | 1.4.0b0 (/opt/tecoai/lib64/libsdpti.so)
 TecoDNN      | 2.2.0b0 (/opt/tecoai/lib64/libtecodnn.so)
 TecoBLAS     | 2.2.0b0 (/opt/tecoai/lib64/libtecoblas.so)
 CustomDNN    | 1.20.0a0 (/opt/tecoai/lib64/libtecodnn_ext.so)
 TecoRAND     | 2.0.1 (/opt/tecoai/lib64/libtecorand.so)
 TCCL         | 1.23.0 (/opt/tecoai/lib64/libtccl.so)
--------------+------------------------------------------------
Namespace(image_size=224, t=3, img_ch=3, output_ch=1, num_epochs=100, num_epochs_decay=78, batch_size=1, num_workers=2, lr=0.00014671783719677478, beta1=0.5, beta2=0.999, augmentation_prob=0.6393636465072632, log_step=1, val_step=1, mode='train', model_type='R2U_Net', model_path='./models', train_path='/data/teco-data/ISIC2018/train/', valid_path='/data/teco-data/ISIC2018/valid/', test_path='/data/teco-data/ISIC2018/test/', result_path='./result/R2U_Net', cuda_idx=0)
image count in train path :1815
image count in valid path :259
image count in test path :520
TCAPPDLL 2025-06-21 09:04:51.062391 - Epoch: 0 Iteration: 0  rank : 0  train.loss : 0.9745379090309143  train.ips : 4.497339213548083 imgs/s
TCAPPDLL 2025-06-21 09:04:51.205215 - Epoch: 0 Iteration: 1  rank : 0  train.loss : 0.9080682992935181  train.ips : 7.930899904699956 imgs/s
TCAPPDLL 2025-06-21 09:04:51.354658 - Epoch: 0 Iteration: 2  rank : 0  train.loss : 0.7121052742004395  train.ips : 7.858578326210412 imgs/s
TCAPPDLL 2025-06-21 09:04:51.501536 - Epoch: 0 Iteration: 3  rank : 0  train.loss : 0.8336647152900696  train.ips : 7.705358455071868 imgs/s
TCAPPDLL 2025-06-21 09:04:51.648216 - Epoch: 0 Iteration: 4  rank : 0  train.loss : 0.8335841298103333  train.ips : 7.978694586903258 imgs/s
TCAPPDLL 2025-06-21 09:04:51.867421 - Epoch: 0 Iteration: 5  rank : 0  train.loss : 0.9073649048805237  train.ips : 5.026899272746449 imgs/s
TCAPPDLL 2025-06-21 09:04:52.022554 - Epoch: 0 Iteration: 6  rank : 0  train.loss : 0.6772329807281494  train.ips : 7.492263557084624 imgs/s
TCAPPDLL 2025-06-21 09:04:52.226406 - Epoch: 0 Iteration: 7  rank : 0  train.loss : 0.8913421630859375  train.ips : 5.479677409661772 imgs/s
TCAPPDLL 2025-06-21 09:04:52.598985 - Epoch: 0 Iteration: 8  rank : 0  train.loss : 0.7611363530158997  train.ips : 5.099327555162725 imgs/s
TCAPPDLL 2025-06-21 09:04:52.741518 - Epoch: 0 Iteration: 9  rank : 0  train.loss : 0.887886643409729  train.ips : 7.950202057728613 imgs/s
TCAPPDLL 2025-06-21 09:04:52.890203 - Epoch: 0 Iteration: 10  rank : 0  train.loss : 0.8582097291946411  train.ips : 7.883185448175666 imgs/s
TCAPPDLL 2025-06-21 09:04:53.042146 - Epoch: 0 Iteration: 11  rank : 0  train.loss : 0.6540231704711914  train.ips : 8.01518072979868 imgs/s
TCAPPDLL 2025-06-21 09:04:53.194159 - Epoch: 0 Iteration: 12  rank : 0  train.loss : 0.837942898273468  train.ips : 7.417639048545406 imgs/s
TCAPPDLL 2025-06-21 09:04:53.425193 - Epoch: 0 Iteration: 13  rank : 0  train.loss : 0.8619607090950012  train.ips : 5.030939112536614 imgs/s
TCAPPDLL 2025-06-21 09:04:53.568000 - Epoch: 0 Iteration: 14  rank : 0  train.loss : 0.8723894357681274  train.ips : 7.984451056425837 imgs/s
TCAPPDLL 2025-06-21 09:04:53.781810 - Epoch: 0 Iteration: 15  rank : 0  train.loss : 0.8530572056770325  train.ips : 5.193959394948826 imgs/s
TCAPPDLL 2025-06-21 09:04:53.932315 - Epoch: 0 Iteration: 16  rank : 0  train.loss : 0.7494810223579407  train.ips : 7.5278712062745665 imgs/s
TCAPPDLL 2025-06-21 09:04:54.149763 - Epoch: 0 Iteration: 17  rank : 0  train.loss : 0.8322803378105164  train.ips : 5.020575205614401 imgs/s
TCAPPDLL 2025-06-21 09:04:54.298238 - Epoch: 0 Iteration: 18  rank : 0  train.loss : 0.7981395721435547  train.ips : 7.94338146868046 imgs/s
TCAPPDLL 2025-06-21 09:04:54.522310 - Epoch: 0 Iteration: 19  rank : 0  train.loss : 0.7874364852905273  train.ips : 5.049047082502721 imgs/s
TCAPPDLL 2025-06-21 09:04:54.726776 - Epoch: 0 Iteration: 20  rank : 0  train.loss : 0.7505876421928406  train.ips : 5.399693859291139 imgs/s
TCAPPDLL 2025-06-21 09:04:54.946011 - Epoch: 0 Iteration: 21  rank : 0  train.loss : 0.7616519927978516  train.ips : 5.0559976855479345 imgs/s
TCAPPDLL 2025-06-21 09:04:55.095322 - Epoch: 0 Iteration: 22  rank : 0  train.loss : 0.8218156695365906  train.ips : 7.896884778605775 imgs/s
TCAPPDLL 2025-06-21 09:04:55.249021 - Epoch: 0 Iteration: 23  rank : 0  train.loss : 0.745206892490387  train.ips : 7.85095864974796 imgs/s
TCAPPDLL 2025-06-21 09:04:55.448140 - Epoch: 0 Iteration: 24  rank : 0  train.loss : 0.6869583129882812  train.ips : 5.510902755514445 imgs/s
TCAPPDLL 2025-06-21 09:04:55.747605 - Epoch: 0 Iteration: 25  rank : 0  train.loss : 0.6837372183799744  train.ips : 4.981358669833729 imgs/s
TCAPPDLL 2025-06-21 09:04:55.890157 - Epoch: 0 Iteration: 26  rank : 0  train.loss : 0.6814324259757996  train.ips : 8.011139145731427 imgs/s
TCAPPDLL 2025-06-21 09:04:56.474795 - Epoch: 0 Iteration: 27  rank : 0  train.loss : 0.6576632261276245  train.ips : 7.568077082694286 imgs/s
TCAPPDLL 2025-06-21 09:04:56.625408 - Epoch: 0 Iteration: 28  rank : 0  train.loss : 0.5913823843002319  train.ips : 7.462311298515297 imgs/s
TCAPPDLL 2025-06-21 09:04:56.780892 - Epoch: 0 Iteration: 29  rank : 0  train.loss : 0.6790483593940735  train.ips : 7.482386269371357 imgs/s
TCAPPDLL 2025-06-21 09:04:56.928890 - Epoch: 0 Iteration: 30  rank : 0  train.loss : 0.5789696574211121  train.ips : 7.948574893875076 imgs/s
TCAPPDLL 2025-06-21 09:04:57.315441 - Epoch: 0 Iteration: 31  rank : 0  train.loss : 0.7335052490234375  train.ips : 4.968018183950224 imgs/s
TCAPPDLL 2025-06-21 09:04:57.468087 - Epoch: 0 Iteration: 32  rank : 0  train.loss : 0.6864476799964905  train.ips : 7.43424431970251 imgs/s
TCAPPDLL 2025-06-21 09:04:57.622590 - Epoch: 0 Iteration: 33  rank : 0  train.loss : 0.6841364502906799  train.ips : 7.493240672091756 imgs/s
TCAPPDLL 2025-06-21 09:04:57.822176 - Epoch: 0 Iteration: 34  rank : 0  train.loss : 0.6372527480125427  train.ips : 5.488382196109733 imgs/s
TCAPPDLL 2025-06-21 09:04:58.046564 - Epoch: 0 Iteration: 35  rank : 0  train.loss : 0.7395644783973694  train.ips : 5.057180337989043 imgs/s
TCAPPDLL 2025-06-21 09:04:58.198447 - Epoch: 0 Iteration: 36  rank : 0  train.loss : 0.6656479239463806  train.ips : 7.4273591755060115 imgs/s
TCAPPDLL 2025-06-21 09:04:58.353297 - Epoch: 0 Iteration: 37  rank : 0  train.loss : 0.7755563855171204  train.ips : 7.460068227819733 imgs/s
TCAPPDLL 2025-06-21 09:04:58.500487 - Epoch: 0 Iteration: 38  rank : 0  train.loss : 0.6695535182952881  train.ips : 7.972612998941244 imgs/s
TCAPPDLL 2025-06-21 09:04:58.656174 - Epoch: 0 Iteration: 39  rank : 0  train.loss : 0.7085705399513245  train.ips : 7.465180146267057 imgs/s
TCAPPDLL 2025-06-21 09:04:58.799720 - Epoch: 0 Iteration: 40  rank : 0  train.loss : 0.7736431360244751  train.ips : 8.047135837856402 imgs/s
TCAPPDLL 2025-06-21 09:04:59.145780 - Epoch: 0 Iteration: 41  rank : 0  train.loss : 0.7072429060935974  train.ips : 7.582195965855475 imgs/s
TCAPPDLL 2025-06-21 09:04:59.298416 - Epoch: 0 Iteration: 42  rank : 0  train.loss : 0.7477899193763733  train.ips : 7.421589704661956 imgs/s
TCAPPDLL 2025-06-21 09:04:59.512625 - Epoch: 0 Iteration: 43  rank : 0  train.loss : 0.7394953370094299  train.ips : 5.19690686266614 imgs/s
TCAPPDLL 2025-06-21 09:04:59.710589 - Epoch: 0 Iteration: 44  rank : 0  train.loss : 0.6560207605361938  train.ips : 5.535186267820781 imgs/s
TCAPPDLL 2025-06-21 09:04:59.901582 - Epoch: 0 Iteration: 45  rank : 0  train.loss : 0.7344056963920593  train.ips : 5.881995582512358 imgs/s
TCAPPDLL 2025-06-21 09:05:00.045452 - Epoch: 0 Iteration: 46  rank : 0  train.loss : 0.6707220077514648  train.ips : 8.109934433012814 imgs/s
TCAPPDLL 2025-06-21 09:05:00.201887 - Epoch: 0 Iteration: 47  rank : 0  train.loss : 0.7538037896156311  train.ips : 7.952508347253322 imgs/s
TCAPPDLL 2025-06-21 09:05:00.355591 - Epoch: 0 Iteration: 48  rank : 0  train.loss : 0.6679385304450989  train.ips : 7.432795141565523 imgs/s
TCAPPDLL 2025-06-21 09:05:00.560569 - Epoch: 0 Iteration: 49  rank : 0  train.loss : 0.7085781097412109  train.ips : 5.45878874170634 imgs/s
TCAPPDLL 2025-06-21 09:05:00.712785 - Epoch: 0 Iteration: 50  rank : 0  train.loss : 0.7129186987876892  train.ips : 7.451599206215256 imgs/s
TCAPPDLL 2025-06-21 09:05:01.107436 - Epoch: 0 Iteration: 51  rank : 0  train.loss : 0.7434971928596497  train.ips : 5.109434348405519 imgs/s
TCAPPDLL 2025-06-21 09:05:01.262471 - Epoch: 0 Iteration: 52  rank : 0  train.loss : 0.669455349445343  train.ips : 7.277886130333086 imgs/s
TCAPPDLL 2025-06-21 09:05:01.412852 - Epoch: 0 Iteration: 53  rank : 0  train.loss : 0.6822790503501892  train.ips : 7.864280678596607 imgs/s
TCAPPDLL 2025-06-21 09:05:01.570867 - Epoch: 0 Iteration: 54  rank : 0  train.loss : 0.6183093190193176  train.ips : 7.099627948230977 imgs/s
TCAPPDLL 2025-06-21 09:05:01.723349 - Epoch: 0 Iteration: 55  rank : 0  train.loss : 0.7316125631332397  train.ips : 7.927796878632601 imgs/s
TCAPPDLL 2025-06-21 09:05:01.872716 - Epoch: 0 Iteration: 56  rank : 0  train.loss : 0.7515032291412354  train.ips : 7.552976852902301 imgs/s
TCAPPDLL 2025-06-21 09:05:02.020062 - Epoch: 0 Iteration: 57  rank : 0  train.loss : 0.7222260236740112  train.ips : 7.961414424794383 imgs/s
TCAPPDLL 2025-06-21 09:05:02.435678 - Epoch: 0 Iteration: 58  rank : 0  train.loss : 0.6828447580337524  train.ips : 7.360713765502621 imgs/s
TCAPPDLL 2025-06-21 09:05:02.593237 - Epoch: 0 Iteration: 59  rank : 0  train.loss : 0.6181880235671997  train.ips : 7.914572589334405 imgs/s
TCAPPDLL 2025-06-21 09:05:02.753127 - Epoch: 0 Iteration: 60  rank : 0  train.loss : 0.6159905791282654  train.ips : 7.029013948078892 imgs/s
TCAPPDLL 2025-06-21 09:05:02.909569 - Epoch: 0 Iteration: 61  rank : 0  train.loss : 0.6188307404518127  train.ips : 7.450196188490157 imgs/s
TCAPPDLL 2025-06-21 09:05:03.059915 - Epoch: 0 Iteration: 62  rank : 0  train.loss : 0.5626890063285828  train.ips : 7.524562489348152 imgs/s
TCAPPDLL 2025-06-21 09:05:03.216851 - Epoch: 0 Iteration: 63  rank : 0  train.loss : 0.6037876009941101  train.ips : 7.439162560702643 imgs/s
TCAPPDLL 2025-06-21 09:05:03.361906 - Epoch: 0 Iteration: 64  rank : 0  train.loss : 0.8358379602432251  train.ips : 8.087946670471878 imgs/s
TCAPPDLL 2025-06-21 09:05:03.575354 - Epoch: 0 Iteration: 65  rank : 0  train.loss : 0.722928524017334  train.ips : 5.213916692771654 imgs/s
TCAPPDLL 2025-06-21 09:05:03.800022 - Epoch: 0 Iteration: 66  rank : 0  train.loss : 0.7297403812408447  train.ips : 5.051856669677808 imgs/s
TCAPPDLL 2025-06-21 09:05:03.950781 - Epoch: 0 Iteration: 67  rank : 0  train.loss : 0.6690471172332764  train.ips : 7.505442572494564 imgs/s
TCAPPDLL 2025-06-21 09:05:04.098729 - Epoch: 0 Iteration: 68  rank : 0  train.loss : 0.7555779218673706  train.ips : 7.969325829460428 imgs/s
TCAPPDLL 2025-06-21 09:05:04.246466 - Epoch: 0 Iteration: 69  rank : 0  train.loss : 0.7177666425704956  train.ips : 7.920416348790307 imgs/s
TCAPPDLL 2025-06-21 09:05:04.402450 - Epoch: 0 Iteration: 70  rank : 0  train.loss : 0.7056100964546204  train.ips : 7.434745076212136 imgs/s
TCAPPDLL 2025-06-21 09:05:04.552579 - Epoch: 0 Iteration: 71  rank : 0  train.loss : 0.7813197374343872  train.ips : 7.8357781779866835 imgs/s
TCAPPDLL 2025-06-21 09:05:04.704777 - Epoch: 0 Iteration: 72  rank : 0  train.loss : 0.6494624614715576  train.ips : 7.666780605949824 imgs/s
TCAPPDLL 2025-06-21 09:05:05.092979 - Epoch: 0 Iteration: 73  rank : 0  train.loss : 0.7041131258010864  train.ips : 7.341131334417329 imgs/s
TCAPPDLL 2025-06-21 09:05:05.294967 - Epoch: 0 Iteration: 74  rank : 0  train.loss : 0.72765052318573  train.ips : 5.452898381149992 imgs/s
TCAPPDLL 2025-06-21 09:05:05.444536 - Epoch: 0 Iteration: 75  rank : 0  train.loss : 0.6956623196601868  train.ips : 7.850077016513164 imgs/s
TCAPPDLL 2025-06-21 09:05:05.588584 - Epoch: 0 Iteration: 76  rank : 0  train.loss : 0.6640127897262573  train.ips : 7.914572589334405 imgs/s
TCAPPDLL 2025-06-21 09:05:05.742618 - Epoch: 0 Iteration: 77  rank : 0  train.loss : 0.6885655522346497  train.ips : 7.543115293034364 imgs/s
TCAPPDLL 2025-06-21 09:05:05.960504 - Epoch: 0 Iteration: 78  rank : 0  train.loss : 0.7561068534851074  train.ips : 5.207747235214435 imgs/s
TCAPPDLL 2025-06-21 09:05:06.111588 - Epoch: 0 Iteration: 79  rank : 0  train.loss : 0.6849290728569031  train.ips : 7.488223952010284 imgs/s
TCAPPDLL 2025-06-21 09:05:06.439438 - Epoch: 0 Iteration: 80  rank : 0  train.loss : 0.6240759491920471  train.ips : 7.48521714301011 imgs/s
TCAPPDLL 2025-06-21 09:05:06.654519 - Epoch: 0 Iteration: 81  rank : 0  train.loss : 0.7458305954933167  train.ips : 5.06209976224097 imgs/s
TCAPPDLL 2025-06-21 09:05:06.856937 - Epoch: 0 Iteration: 82  rank : 0  train.loss : 0.7405112981796265  train.ips : 5.5364722001855915 imgs/s
TCAPPDLL 2025-06-21 09:05:07.008157 - Epoch: 0 Iteration: 83  rank : 0  train.loss : 0.6505094170570374  train.ips : 7.501026532466325 imgs/s
TCAPPDLL 2025-06-21 09:05:07.237374 - Epoch: 0 Iteration: 84  rank : 0  train.loss : 0.6969820857048035  train.ips : 5.047248642612345 imgs/s
TCAPPDLL 2025-06-21 09:05:07.395703 - Epoch: 0 Iteration: 85  rank : 0  train.loss : 0.6466073393821716  train.ips : 7.146953478306803 imgs/s
TCAPPDLL 2025-06-21 09:05:07.543165 - Epoch: 0 Iteration: 86  rank : 0  train.loss : 0.6787182092666626  train.ips : 7.949976022911861 imgs/s
TCAPPDLL 2025-06-21 09:05:07.742104 - Epoch: 0 Iteration: 87  rank : 0  train.loss : 0.6610243916511536  train.ips : 5.5121049878700425 imgs/s
TCAPPDLL 2025-06-21 09:05:07.966701 - Epoch: 0 Iteration: 88  rank : 0  train.loss : 0.748755156993866  train.ips : 5.0510657771140925 imgs/s
TCAPPDLL 2025-06-21 09:05:08.165075 - Epoch: 0 Iteration: 89  rank : 0  train.loss : 0.622670590877533  train.ips : 5.5265873622406225 imgs/s
TCAPPDLL 2025-06-21 09:05:08.319332 - Epoch: 0 Iteration: 90  rank : 0  train.loss : 0.7368974685668945  train.ips : 7.523995572752697 imgs/s
TCAPPDLL 2025-06-21 09:05:08.467247 - Epoch: 0 Iteration: 91  rank : 0  train.loss : 0.7960321307182312  train.ips : 7.922989739017424 imgs/s
TCAPPDLL 2025-06-21 09:05:08.614688 - Epoch: 0 Iteration: 92  rank : 0  train.loss : 0.6970669031143188  train.ips : 7.91458752401188 imgs/s
TCAPPDLL 2025-06-21 09:05:08.928934 - Epoch: 0 Iteration: 93  rank : 0  train.loss : 0.6832283735275269  train.ips : 7.581332547660061 imgs/s
TCAPPDLL 2025-06-21 09:05:09.216374 - Epoch: 0 Iteration: 94  rank : 0  train.loss : 0.6700369715690613  train.ips : 4.967747513641365 imgs/s
TCAPPDLL 2025-06-21 09:05:09.358775 - Epoch: 0 Iteration: 95  rank : 0  train.loss : 0.6969727277755737  train.ips : 8.033341505270899 imgs/s
TCAPPDLL 2025-06-21 09:05:10.001526 - Epoch: 0 Iteration: 96  rank : 0  train.loss : 0.6621608734130859  train.ips : 4.954116910574867 imgs/s
TCAPPDLL 2025-06-21 09:05:10.146576 - Epoch: 0 Iteration: 97  rank : 0  train.loss : 0.6482416987419128  train.ips : 8.060450922061051 imgs/s
TCAPPDLL 2025-06-21 09:05:10.735465 - Epoch: 0 Iteration: 98  rank : 0  train.loss : 0.6508570909500122  train.ips : 7.564910306217783 imgs/s
TCAPPDLL 2025-06-21 09:05:10.877695 - Epoch: 0 Iteration: 99  rank : 0  train.loss : 0.7268744707107544  train.ips : 7.999160854631415 imgs/s
[Early‑Stop] reached 100 iterations at epoch 1
Epoch [1/100], Loss: 0.7293, 
[Training] Acc: 0.8648, SE: 0.0000, SP: 0.0000, PC: 0.0000, F1: 0.0000, JS: 0.0000, DC: 0.0000
Executing command: torchrun --standalone --nproc_per_node 1 main.py --model_type R2U_Net --cuda_idx 0
