--------------+------------------------------------------------
 Host IP      | 10.244.32.89
 PyTorch      | 2.4.0a0+git4451b0e
 Torch-SDAA   | 20250616.14.30.dev0+git35328dc
--------------+------------------------------------------------
 SDAA Driver  | 2.1.0 (N/A)
 SDAA Runtime | 2.1.0 (/opt/tecoai/lib64/libsdaart.so)
 SDPTI        | 1.4.0b0 (/opt/tecoai/lib64/libsdpti.so)
 TecoDNN      | 2.2.0b0 (/opt/tecoai/lib64/libtecodnn.so)
 TecoBLAS     | 2.2.0b0 (/opt/tecoai/lib64/libtecoblas.so)
 CustomDNN    | 1.20.0a0 (/opt/tecoai/lib64/libtecodnn_ext.so)
 TecoRAND     | 2.0.1 (/opt/tecoai/lib64/libtecorand.so)
 TCCL         | 1.23.0 (/opt/tecoai/lib64/libtccl.so)
--------------+------------------------------------------------
--------------+------------------------------------------------
 Host IP      | 10.244.32.89
 PyTorch      | 2.4.0a0+git4451b0e
 Torch-SDAA   | 20250616.14.30.dev0+git35328dc
--------------+------------------------------------------------
 SDAA Driver  | 2.1.0 (N/A)
 SDAA Runtime | 2.1.0 (/opt/tecoai/lib64/libsdaart.so)
 SDPTI        | 1.4.0b0 (/opt/tecoai/lib64/libsdpti.so)
 TecoDNN      | 2.2.0b0 (/opt/tecoai/lib64/libtecodnn.so)
 TecoBLAS     | 2.2.0b0 (/opt/tecoai/lib64/libtecoblas.so)
 CustomDNN    | 1.20.0a0 (/opt/tecoai/lib64/libtecodnn_ext.so)
 TecoRAND     | 2.0.1 (/opt/tecoai/lib64/libtecorand.so)
 TCCL         | 1.23.0 (/opt/tecoai/lib64/libtccl.so)
--------------+------------------------------------------------
/root/miniconda3/envs/test/lib/python3.10/site-packages/torch_sdaa/utils/cuda_migrate.py:441: UserWarning: The cuda_migrate tool does not support torch.jit.script and use eager mode instead.
  warnings.warn(
| distributed init (rank 0): env://, gpu 0
[09:48:08.014707] job dir: /data/bigc-data/lcs/mae
[09:48:08.014856] Namespace(batch_size=64,
epochs=800,
accum_iter=1,
model='mae_vit_large_patch16',
input_size=224,
mask_ratio=0.75,
norm_pix_loss=True,
weight_decay=0.05,
lr=None,
blr=0.00015,
min_lr=0.0,
warmup_epochs=40,
data_path='/data/teco-data/imagenet',
output_dir='./output_dir',
log_dir='./output_dir',
device='sdaa',
seed=0,
resume='',
start_epoch=0,
num_workers=10,
pin_mem=True,
world_size=1,
local_rank=0,
dist_on_itp=False,
dist_url='env://',
rank=0,
gpu=0,
distributed=True,
dist_backend='nccl')
[09:48:11.343175] Dataset ImageFolder
    Number of datapoints: 1281167
    Root location: /data/teco-data/imagenet/train
    StandardTransform
Transform: Compose(
               RandomResizedCrop(size=(224, 224), scale=(0.2, 1.0), ratio=(0.75, 1.3333), interpolation=bicubic, antialias=warn)
               RandomHorizontalFlip(p=0.5)
               ToTensor()
               Normalize(mean=[0.485, 0.456, 0.406], std=[0.229, 0.224, 0.225])
           )
[09:48:11.343592] Sampler_train = <torch.utils.data.distributed.DistributedSampler object at 0x7f53aff27b50>
[09:48:17.627842] Model = MaskedAutoencoderViT(
  (patch_embed): PatchEmbed(
    (proj): Conv2d(3, 1024, kernel_size=(16, 16), stride=(16, 16))
  )
  (blocks): ModuleList(
    (0-23): 24 x Block(
      (norm1): LayerNorm((1024,), eps=1e-06, elementwise_affine=True)
      (attn): Attention(
        (qkv): Linear(in_features=1024, out_features=3072, bias=True)
        (attn_drop): Dropout(p=0.0, inplace=False)
        (proj): Linear(in_features=1024, out_features=1024, bias=True)
        (proj_drop): Dropout(p=0.0, inplace=False)
      )
      (drop_path): Identity()
      (norm2): LayerNorm((1024,), eps=1e-06, elementwise_affine=True)
      (mlp): Mlp(
        (fc1): Linear(in_features=1024, out_features=4096, bias=True)
        (act): GELU(approximate='none')
        (fc2): Linear(in_features=4096, out_features=1024, bias=True)
        (drop): Dropout(p=0.0, inplace=False)
      )
    )
  )
  (norm): LayerNorm((1024,), eps=1e-06, elementwise_affine=True)
  (decoder_embed): Linear(in_features=1024, out_features=512, bias=True)
  (decoder_blocks): ModuleList(
    (0-7): 8 x Block(
      (norm1): LayerNorm((512,), eps=1e-06, elementwise_affine=True)
      (attn): Attention(
        (qkv): Linear(in_features=512, out_features=1536, bias=True)
        (attn_drop): Dropout(p=0.0, inplace=False)
        (proj): Linear(in_features=512, out_features=512, bias=True)
        (proj_drop): Dropout(p=0.0, inplace=False)
      )
      (drop_path): Identity()
      (norm2): LayerNorm((512,), eps=1e-06, elementwise_affine=True)
      (mlp): Mlp(
        (fc1): Linear(in_features=512, out_features=2048, bias=True)
        (act): GELU(approximate='none')
        (fc2): Linear(in_features=2048, out_features=512, bias=True)
        (drop): Dropout(p=0.0, inplace=False)
      )
    )
  )
  (decoder_norm): LayerNorm((512,), eps=1e-06, elementwise_affine=True)
  (decoder_pred): Linear(in_features=512, out_features=768, bias=True)
)
[09:48:17.627931] base lr: 1.50e-04
[09:48:17.627944] actual lr: 3.75e-05
[09:48:17.627954] accumulate grad iterations: 1
[09:48:17.627962] effective batch size: 64
[09:48:17.666974] AdamW (
Parameter Group 0
    amsgrad: False
    betas: (0.9, 0.95)
    capturable: False
    differentiable: False
    eps: 1e-08
    foreach: None
    fused: None
    lr: 3.75e-05
    maximize: False
    weight_decay: 0.0

Parameter Group 1
    amsgrad: False
    betas: (0.9, 0.95)
    capturable: False
    differentiable: False
    eps: 1e-08
    foreach: None
    fused: None
    lr: 3.75e-05
    maximize: False
    weight_decay: 0.05
)
[09:48:17.667428] Start training for 800 epochs
[09:48:17.670188] log_dir: ./output_dir
[rank0]:[W710 09:48:22.262690932 reducer.cpp:1400] Warning: find_unused_parameters=True was specified in DDP constructor, but did not find any unused parameters in the forward pass. This flag results in an extra traversal of the autograd graph every iteration,  which can adversely affect performance. If your model indeed never has any unused parameters in the forward pass, consider turning this flag off. Note that this warning may be a false positive if your model has flow control causing later iterations to have unused parameters. (function operator())
[09:48:28.133614] TCAPPDLL 2025-07-10 09:48:28.133352 - Epoch: 0 Iteration: 0  rank : 0  train.loss : 1.7285312414169312  train.ips : 6.1168472500951925 imgs/s
[09:48:28.139123] Epoch: [0]  [    0/20018]  eta: 2 days, 10:11:19  lr: 0.000000  loss: 1.7285 (1.7285)  time: 10.4646  data: 2.0869  max mem: 10310
[09:48:31.920552] TCAPPDLL 2025-07-10 09:48:31.920451 - Epoch: 0 Iteration: 1  rank : 0  train.loss : 1.7283416986465454  train.ips : 8.982339519442725 imgs/s
[09:48:31.922800] Epoch: [0]  [    1/20018]  eta: 1 day, 15:36:24  lr: 0.000000  loss: 1.7283 (1.7284)  time: 7.1232  data: 1.0436  max mem: 12791
[09:48:33.745203] TCAPPDLL 2025-07-10 09:48:33.745115 - Epoch: 0 Iteration: 2  rank : 0  train.loss : 1.7301607131958008  train.ips : 11.94411444509897 imgs/s
[09:48:33.747112] Epoch: [0]  [    2/20018]  eta: 1 day, 5:46:52  lr: 0.000000  loss: 1.7285 (1.7290)  time: 5.3564  data: 0.6959  max mem: 12803
[09:48:35.581494] TCAPPDLL 2025-07-10 09:48:35.581361 - Epoch: 0 Iteration: 3  rank : 0  train.loss : 1.7282395362854004  train.ips : 14.292809102869581 imgs/s
[09:48:35.583575] Epoch: [0]  [    3/20018]  eta: 1 day, 0:53:06  lr: 0.000000  loss: 1.7283 (1.7288)  time: 4.4759  data: 0.5220  max mem: 12803
[09:48:37.374178] TCAPPDLL 2025-07-10 09:48:37.374090 - Epoch: 0 Iteration: 4  rank : 0  train.loss : 1.73054039478302  train.ips : 16.240491507399284 imgs/s
[09:48:37.375986] Epoch: [0]  [    4/20018]  eta: 21:53:53  lr: 0.000000  loss: 1.7285 (1.7292)  time: 3.9389  data: 0.4176  max mem: 12803
[09:48:39.177831] TCAPPDLL 2025-07-10 09:48:39.177735 - Epoch: 0 Iteration: 5  rank : 0  train.loss : 1.7320539951324463  train.ips : 17.854251793597612 imgs/s
[09:48:39.179595] Epoch: [0]  [    5/20018]  eta: 19:55:02  lr: 0.000000  loss: 1.7285 (1.7296)  time: 3.5828  data: 0.3481  max mem: 12803
[09:48:40.966990] TCAPPDLL 2025-07-10 09:48:40.966899 - Epoch: 0 Iteration: 6  rank : 0  train.loss : 1.728400707244873  train.ips : 19.2302354835965 imgs/s
[09:48:40.968679] Epoch: [0]  [    6/20018]  eta: 18:29:27  lr: 0.000000  loss: 1.7285 (1.7295)  time: 3.3264  data: 0.2984  max mem: 12803
[09:48:42.772262] TCAPPDLL 2025-07-10 09:48:42.772171 - Epoch: 0 Iteration: 7  rank : 0  train.loss : 1.7256397008895874  train.ips : 20.39685010208903 imgs/s
[09:48:42.773846] Epoch: [0]  [    7/20018]  eta: 17:25:55  lr: 0.000000  loss: 1.7284 (1.7290)  time: 3.1361  data: 0.2611  max mem: 12803
[09:48:44.576606] TCAPPDLL 2025-07-10 09:48:44.576521 - Epoch: 0 Iteration: 8  rank : 0  train.loss : 1.7254363298416138  train.ips : 21.407652036879142 imgs/s
[09:48:44.578189] Epoch: [0]  [    8/20018]  eta: 16:36:28  lr: 0.000000  loss: 1.7284 (1.7286)  time: 2.9879  data: 0.2322  max mem: 12803
[09:48:46.375615] TCAPPDLL 2025-07-10 09:48:46.375526 - Epoch: 0 Iteration: 9  rank : 0  train.loss : 1.729815125465393  train.ips : 22.295558646048633 imgs/s
[09:48:46.377600] Epoch: [0]  [    9/20018]  eta: 15:56:44  lr: 0.000000  loss: 1.7284 (1.7287)  time: 2.8689  data: 0.2090  max mem: 12803
[09:48:48.166247] TCAPPDLL 2025-07-10 09:48:48.166160 - Epoch: 0 Iteration: 10  rank : 0  train.loss : 1.7276297807693481  train.ips : 23.085066184384583 imgs/s
[09:48:48.167967] Epoch: [0]  [   10/20018]  eta: 15:23:57  lr: 0.000000  loss: 1.7284 (1.7286)  time: 2.7708  data: 0.1900  max mem: 12803
[09:48:49.972217] TCAPPDLL 2025-07-10 09:48:49.972130 - Epoch: 0 Iteration: 11  rank : 0  train.loss : 1.7324516773223877  train.ips : 23.77571110953241 imgs/s
[09:48:49.974050] Epoch: [0]  [   11/20018]  eta: 14:57:03  lr: 0.000000  loss: 1.7284 (1.7289)  time: 2.6902  data: 0.1742  max mem: 12803
[09:48:51.769228] TCAPPDLL 2025-07-10 09:48:51.769141 - Epoch: 0 Iteration: 12  rank : 0  train.loss : 1.7276599407196045  train.ips : 24.399622536822417 imgs/s
[09:48:51.770843] Epoch: [0]  [   12/20018]  eta: 14:34:03  lr: 0.000000  loss: 1.7284 (1.7288)  time: 2.6214  data: 0.1608  max mem: 12803
[09:48:53.575058] TCAPPDLL 2025-07-10 09:48:53.574938 - Epoch: 0 Iteration: 13  rank : 0  train.loss : 1.7243741750717163  train.ips : 24.955004346096715 imgs/s
[09:48:53.577513] Epoch: [0]  [   13/20018]  eta: 14:14:34  lr: 0.000000  loss: 1.7283 (1.7285)  time: 2.5631  data: 0.1494  max mem: 12803
[09:48:55.377628] TCAPPDLL 2025-07-10 09:48:55.377541 - Epoch: 0 Iteration: 14  rank : 0  train.loss : 1.7326639890670776  train.ips : 25.45926961009157 imgs/s
[09:48:55.379381] Epoch: [0]  [   14/20018]  eta: 13:57:34  lr: 0.000000  loss: 1.7284 (1.7288)  time: 2.5122  data: 0.1394  max mem: 12803
[09:48:57.172542] TCAPPDLL 2025-07-10 09:48:57.172454 - Epoch: 0 Iteration: 15  rank : 0  train.loss : 1.7321827411651611  train.ips : 25.922606133208564 imgs/s
[09:48:57.174370] Epoch: [0]  [   15/20018]  eta: 13:42:33  lr: 0.000000  loss: 1.7284 (1.7290)  time: 2.4673  data: 0.1307  max mem: 12803
[09:48:58.959870] TCAPPDLL 2025-07-10 09:48:58.959769 - Epoch: 0 Iteration: 16  rank : 0  train.loss : 1.7302415370941162  train.ips : 26.350520844863915 imgs/s
[09:48:58.961622] Epoch: [0]  [   16/20018]  eta: 13:29:09  lr: 0.000000  loss: 1.7285 (1.7291)  time: 2.4272  data: 0.1231  max mem: 12803
[09:49:00.779695] TCAPPDLL 2025-07-10 09:49:00.779609 - Epoch: 0 Iteration: 17  rank : 0  train.loss : 1.7244107723236084  train.ips : 26.722737891917184 imgs/s
[09:49:00.781483] Epoch: [0]  [   17/20018]  eta: 13:17:50  lr: 0.000000  loss: 1.7284 (1.7288)  time: 2.3934  data: 0.1162  max mem: 12803
[09:49:02.563720] TCAPPDLL 2025-07-10 09:49:02.563633 - Epoch: 0 Iteration: 18  rank : 0  train.loss : 1.7305787801742554  train.ips : 27.08639883047418 imgs/s
[09:49:02.565323] Epoch: [0]  [   18/20018]  eta: 13:07:04  lr: 0.000000  loss: 1.7285 (1.7289)  time: 2.3612  data: 0.1101  max mem: 12803
[09:49:04.381307] TCAPPDLL 2025-07-10 09:49:04.381219 - Epoch: 0 Iteration: 19  rank : 0  train.loss : 1.7290714979171753  train.ips : 27.402559317211885 imgs/s
[09:49:04.383190] Epoch: [0]  [   19/20018]  eta: 12:57:57  lr: 0.000000  loss: 1.7285 (1.7289)  time: 2.3340  data: 0.1046  max mem: 12803
[09:49:06.178203] TCAPPDLL 2025-07-10 09:49:06.178117 - Epoch: 0 Iteration: 20  rank : 0  train.loss : 1.7327449321746826  train.ips : 27.706851375713597 imgs/s
[09:49:06.179432] Epoch: [0]  [   20/20018]  eta: 12:49:22  lr: 0.000000  loss: 1.7291 (1.7291)  time: 1.9005  data: 0.0003  max mem: 12803
[09:49:07.974779] TCAPPDLL 2025-07-10 09:49:07.974692 - Epoch: 0 Iteration: 21  rank : 0  train.loss : 1.7308766841888428  train.ips : 27.989579041061628 imgs/s
[09:49:07.976399] Epoch: [0]  [   21/20018]  eta: 12:41:34  lr: 0.000000  loss: 1.7298 (1.7292)  time: 1.8012  data: 0.0003  max mem: 12803
[09:49:09.778912] TCAPPDLL 2025-07-10 09:49:09.778825 - Epoch: 0 Iteration: 22  rank : 0  train.loss : 1.727953553199768  train.ips : 28.248712590115353 imgs/s
[09:49:09.780830] Epoch: [0]  [   22/20018]  eta: 12:34:32  lr: 0.000000  loss: 1.7291 (1.7291)  time: 1.8002  data: 0.0003  max mem: 12803
[09:49:11.574495] TCAPPDLL 2025-07-10 09:49:11.574407 - Epoch: 0 Iteration: 23  rank : 0  train.loss : 1.7302240133285522  train.ips : 28.49502121511949 imgs/s
[09:49:11.576106] Epoch: [0]  [   23/20018]  eta: 12:27:58  lr: 0.000000  loss: 1.7298 (1.7292)  time: 1.7982  data: 0.0003  max mem: 12803
[09:49:13.373071] TCAPPDLL 2025-07-10 09:49:13.372982 - Epoch: 0 Iteration: 24  rank : 0  train.loss : 1.7302122116088867  train.ips : 28.723906873231932 imgs/s
[09:49:13.375301] Epoch: [0]  [   24/20018]  eta: 12:21:58  lr: 0.000000  loss: 1.7298 (1.7292)  time: 1.7985  data: 0.0003  max mem: 12803
[09:49:15.140586] TCAPPDLL 2025-07-10 09:49:15.140495 - Epoch: 0 Iteration: 25  rank : 0  train.loss : 1.7252185344696045  train.ips : 28.954115178838176 imgs/s
[09:49:15.142398] Epoch: [0]  [   25/20018]  eta: 12:16:02  lr: 0.000000  loss: 1.7291 (1.7291)  time: 1.7967  data: 0.0003  max mem: 12803
[09:49:16.987038] TCAPPDLL 2025-07-10 09:49:16.986921 - Epoch: 0 Iteration: 26  rank : 0  train.loss : 1.7291245460510254  train.ips : 29.13180941616705 imgs/s
[09:49:16.989505] Epoch: [0]  [   26/20018]  eta: 12:11:30  lr: 0.000000  loss: 1.7291 (1.7291)  time: 1.7996  data: 0.0003  max mem: 12803
[09:49:18.775599] TCAPPDLL 2025-07-10 09:49:18.775507 - Epoch: 0 Iteration: 27  rank : 0  train.loss : 1.728535532951355  train.ips : 29.32645000885819 imgs/s
[09:49:18.777571] Epoch: [0]  [   27/20018]  eta: 12:06:36  lr: 0.000000  loss: 1.7291 (1.7290)  time: 1.7987  data: 0.0003  max mem: 12803
[09:49:20.578243] TCAPPDLL 2025-07-10 09:49:20.578155 - Epoch: 0 Iteration: 28  rank : 0  train.loss : 1.7273640632629395  train.ips : 29.50344831245481 imgs/s
[09:49:20.579944] Epoch: [0]  [   28/20018]  eta: 12:02:12  lr: 0.000000  loss: 1.7291 (1.7290)  time: 1.7986  data: 0.0003  max mem: 12803
[09:49:22.378101] TCAPPDLL 2025-07-10 09:49:22.378004 - Epoch: 0 Iteration: 29  rank : 0  train.loss : 1.7291067838668823  train.ips : 29.67187571675915 imgs/s
[09:49:22.379921] Epoch: [0]  [   29/20018]  eta: 11:58:04  lr: 0.000000  loss: 1.7291 (1.7290)  time: 1.7986  data: 0.0004  max mem: 12803
[09:49:24.199882] TCAPPDLL 2025-07-10 09:49:24.199741 - Epoch: 0 Iteration: 30  rank : 0  train.loss : 1.7320678234100342  train.ips : 29.82138917975532 imgs/s
[09:49:24.203216] Epoch: [0]  [   30/20018]  eta: 11:54:26  lr: 0.000000  loss: 1.7291 (1.7291)  time: 1.8002  data: 0.0004  max mem: 12803
[09:49:26.060305] TCAPPDLL 2025-07-10 09:49:26.060216 - Epoch: 0 Iteration: 31  rank : 0  train.loss : 1.726330280303955  train.ips : 29.945914554270477 imgs/s
[09:49:26.061914] Epoch: [0]  [   31/20018]  eta: 11:51:24  lr: 0.000000  loss: 1.7291 (1.7290)  time: 1.8029  data: 0.0004  max mem: 12803
[09:49:27.836082] TCAPPDLL 2025-07-10 09:49:27.835995 - Epoch: 0 Iteration: 32  rank : 0  train.loss : 1.730931043624878  train.ips : 30.100158861920374 imgs/s
[09:49:27.837837] Epoch: [0]  [   32/20018]  eta: 11:47:43  lr: 0.000000  loss: 1.7291 (1.7291)  time: 1.8018  data: 0.0004  max mem: 12803
[09:49:29.683884] TCAPPDLL 2025-07-10 09:49:29.683796 - Epoch: 0 Iteration: 33  rank : 0  train.loss : 1.7282793521881104  train.ips : 30.21653962156929 imgs/s
[09:49:29.685694] Epoch: [0]  [   33/20018]  eta: 11:44:58  lr: 0.000000  loss: 1.7291 (1.7290)  time: 1.8039  data: 0.0004  max mem: 12803
[09:49:31.575412] TCAPPDLL 2025-07-10 09:49:31.575278 - Epoch: 0 Iteration: 34  rank : 0  train.loss : 1.733339786529541  train.ips : 30.309198414493103 imgs/s
[09:49:31.578223] Epoch: [0]  [   34/20018]  eta: 11:42:46  lr: 0.000000  loss: 1.7291 (1.7292)  time: 1.8084  data: 0.0003  max mem: 12803
[09:49:33.346818] TCAPPDLL 2025-07-10 09:49:33.346727 - Epoch: 0 Iteration: 35  rank : 0  train.loss : 1.7286105155944824  train.ips : 30.445392878753022 imgs/s
[09:49:33.348043] Epoch: [0]  [   35/20018]  eta: 11:39:35  lr: 0.000000  loss: 1.7291 (1.7291)  time: 1.8072  data: 0.0004  max mem: 12803
[09:49:35.157396] TCAPPDLL 2025-07-10 09:49:35.157309 - Epoch: 0 Iteration: 36  rank : 0  train.loss : 1.7326555252075195  train.ips : 30.55994299299461 imgs/s
[09:49:35.159085] Epoch: [0]  [   36/20018]  eta: 11:36:56  lr: 0.000000  loss: 1.7291 (1.7292)  time: 1.8083  data: 0.0004  max mem: 12803
[09:49:36.979441] TCAPPDLL 2025-07-10 09:49:36.979344 - Epoch: 0 Iteration: 37  rank : 0  train.loss : 1.7247810363769531  train.ips : 30.66483764532621 imgs/s
[09:49:36.981384] Epoch: [0]  [   37/20018]  eta: 11:34:31  lr: 0.000000  loss: 1.7291 (1.7291)  time: 1.8085  data: 0.0004  max mem: 12803
[09:49:39.086416] TCAPPDLL 2025-07-10 09:49:39.086327 - Epoch: 0 Iteration: 38  rank : 0  train.loss : 1.7325019836425781  train.ips : 30.657337036131164 imgs/s
[09:49:39.088214] Epoch: [0]  [   38/20018]  eta: 11:34:39  lr: 0.000000  loss: 1.7291 (1.7292)  time: 1.8246  data: 0.0004  max mem: 12803
[09:49:40.998315] TCAPPDLL 2025-07-10 09:49:40.998227 - Epoch: 0 Iteration: 39  rank : 0  train.loss : 1.7239782810211182  train.ips : 30.72197699245598 imgs/s
[09:49:41.000232] Epoch: [0]  [   39/20018]  eta: 11:33:09  lr: 0.000000  loss: 1.7291 (1.7291)  time: 1.8293  data: 0.0004  max mem: 12803
[09:49:42.760358] TCAPPDLL 2025-07-10 09:49:42.760246 - Epoch: 0 Iteration: 40  rank : 0  train.loss : 1.725864052772522  train.ips : 30.837953615172868 imgs/s
[09:49:42.763179] Epoch: [0]  [   40/20018]  eta: 11:30:30  lr: 0.000000  loss: 1.7286 (1.7290)  time: 1.8276  data: 0.0004  max mem: 12803
[09:49:44.542737] TCAPPDLL 2025-07-10 09:49:44.542647 - Epoch: 0 Iteration: 41  rank : 0  train.loss : 1.726206660270691  train.ips : 30.941936352043875 imgs/s
[09:49:44.543951] Epoch: [0]  [   41/20018]  eta: 11:28:09  lr: 0.000000  loss: 1.7285 (1.7289)  time: 1.8268  data: 0.0004  max mem: 12803
[09:49:46.355799] TCAPPDLL 2025-07-10 09:49:46.355708 - Epoch: 0 Iteration: 42  rank : 0  train.loss : 1.7285159826278687  train.ips : 31.03102036475226 imgs/s
[09:49:46.357766] Epoch: [0]  [   42/20018]  eta: 11:26:08  lr: 0.000000  loss: 1.7285 (1.7289)  time: 1.8273  data: 0.0004  max mem: 12803
[09:49:48.152438] TCAPPDLL 2025-07-10 09:49:48.152337 - Epoch: 0 Iteration: 43  rank : 0  train.loss : 1.7279555797576904  train.ips : 31.122187758070083 imgs/s
[09:49:48.154273] Epoch: [0]  [   43/20018]  eta: 11:24:05  lr: 0.000000  loss: 1.7285 (1.7289)  time: 1.8273  data: 0.0003  max mem: 12803
[09:49:49.983069] TCAPPDLL 2025-07-10 09:49:49.982979 - Epoch: 0 Iteration: 44  rank : 0  train.loss : 1.7271041870117188  train.ips : 31.198298858893825 imgs/s
[09:49:49.984996] Epoch: [0]  [   44/20018]  eta: 11:22:23  lr: 0.000000  loss: 1.7283 (1.7289)  time: 1.8289  data: 0.0003  max mem: 12803
[09:49:51.788733] TCAPPDLL 2025-07-10 09:49:51.788648 - Epoch: 0 Iteration: 45  rank : 0  train.loss : 1.7214378118515015  train.ips : 31.27975123530579 imgs/s
[09:49:51.790389] Epoch: [0]  [   45/20018]  eta: 11:20:34  lr: 0.000000  loss: 1.7283 (1.7287)  time: 1.8308  data: 0.0003  max mem: 12803
[09:49:53.571796] TCAPPDLL 2025-07-10 09:49:53.571662 - Epoch: 0 Iteration: 46  rank : 0  train.loss : 1.7259631156921387  train.ips : 31.36555020756012 imgs/s
[09:49:53.574713] Epoch: [0]  [   46/20018]  eta: 11:18:41  lr: 0.000000  loss: 1.7280 (1.7286)  time: 1.8277  data: 0.0003  max mem: 12803
[09:49:55.372929] TCAPPDLL 2025-07-10 09:49:55.372825 - Epoch: 0 Iteration: 47  rank : 0  train.loss : 1.7265470027923584  train.ips : 31.442365832689124 imgs/s
[09:49:55.374508] Epoch: [0]  [   47/20018]  eta: 11:16:59  lr: 0.000000  loss: 1.7274 (1.7286)  time: 1.8283  data: 0.0003  max mem: 12803
[09:49:57.175157] TCAPPDLL 2025-07-10 09:49:57.175067 - Epoch: 0 Iteration: 48  rank : 0  train.loss : 1.7250901460647583  train.ips : 31.516062179353916 imgs/s
[09:49:57.176825] Epoch: [0]  [   48/20018]  eta: 11:15:22  lr: 0.000000  loss: 1.7271 (1.7285)  time: 1.8283  data: 0.0003  max mem: 12803
[09:49:58.979467] TCAPPDLL 2025-07-10 09:49:58.979348 - Epoch: 0 Iteration: 49  rank : 0  train.loss : 1.7272346019744873  train.ips : 31.586524705356535 imgs/s
[09:49:58.982803] Epoch: [0]  [   49/20018]  eta: 11:13:49  lr: 0.000000  loss: 1.7271 (1.7285)  time: 1.8285  data: 0.0003  max mem: 12803
[09:50:00.760645] TCAPPDLL 2025-07-10 09:50:00.760523 - Epoch: 0 Iteration: 50  rank : 0  train.loss : 1.7249507904052734  train.ips : 31.661575076400197 imgs/s
[09:50:00.763543] Epoch: [0]  [   50/20018]  eta: 11:12:11  lr: 0.000000  loss: 1.7265 (1.7284)  time: 1.8264  data: 0.0003  max mem: 12803
[09:50:02.580747] TCAPPDLL 2025-07-10 09:50:02.580656 - Epoch: 0 Iteration: 51  rank : 0  train.loss : 1.7274150848388672  train.ips : 31.722307103041974 imgs/s
[09:50:02.582360] Epoch: [0]  [   51/20018]  eta: 11:10:51  lr: 0.000000  loss: 1.7271 (1.7284)  time: 1.8244  data: 0.0003  max mem: 12803
[09:50:04.394978] TCAPPDLL 2025-07-10 09:50:04.394877 - Epoch: 0 Iteration: 52  rank : 0  train.loss : 1.724141240119934  train.ips : 31.782734924529883 imgs/s
[09:50:04.396276] Epoch: [0]  [   52/20018]  eta: 11:09:33  lr: 0.000000  loss: 1.7265 (1.7283)  time: 1.8263  data: 0.0003  max mem: 12803
[09:50:06.172442] TCAPPDLL 2025-07-10 09:50:06.172352 - Epoch: 0 Iteration: 53  rank : 0  train.loss : 1.7285034656524658  train.ips : 31.851918566094454 imgs/s
[09:50:06.174311] Epoch: [0]  [   53/20018]  eta: 11:08:04  lr: 0.000000  loss: 1.7265 (1.7283)  time: 1.8228  data: 0.0003  max mem: 12803
[09:50:07.972370] TCAPPDLL 2025-07-10 09:50:07.972268 - Epoch: 0 Iteration: 54  rank : 0  train.loss : 1.7296031713485718  train.ips : 31.912384808929797 imgs/s
[09:50:07.974981] Epoch: [0]  [   54/20018]  eta: 11:06:46  lr: 0.000000  loss: 1.7265 (1.7284)  time: 1.8182  data: 0.0003  max mem: 12803
[09:50:09.740023] TCAPPDLL 2025-07-10 09:50:09.739822 - Epoch: 0 Iteration: 55  rank : 0  train.loss : 1.722730278968811  train.ips : 31.980165453584284 imgs/s
[09:50:09.743151] Epoch: [0]  [   55/20018]  eta: 11:05:19  lr: 0.000000  loss: 1.7262 (1.7283)  time: 1.8181  data: 0.0003  max mem: 12803
[09:50:11.577339] TCAPPDLL 2025-07-10 09:50:11.577249 - Epoch: 0 Iteration: 56  rank : 0  train.loss : 1.7267402410507202  train.ips : 32.02612749718493 imgs/s
[09:50:11.579017] Epoch: [0]  [   56/20018]  eta: 11:04:19  lr: 0.000000  loss: 1.7262 (1.7282)  time: 1.8193  data: 0.0003  max mem: 12803
[09:50:13.370346] TCAPPDLL 2025-07-10 09:50:13.370257 - Epoch: 0 Iteration: 57  rank : 0  train.loss : 1.724442481994629  train.ips : 32.08297200332745 imgs/s
[09:50:13.372167] Epoch: [0]  [   57/20018]  eta: 11:03:06  lr: 0.000000  loss: 1.7262 (1.7282)  time: 1.8178  data: 0.0003  max mem: 12803
[09:50:15.138894] TCAPPDLL 2025-07-10 09:50:15.138805 - Epoch: 0 Iteration: 58  rank : 0  train.loss : 1.7267870903015137  train.ips : 32.144773165005105 imgs/s
[09:50:15.140468] Epoch: [0]  [   58/20018]  eta: 11:01:48  lr: 0.000000  loss: 1.7262 (1.7281)  time: 1.8009  data: 0.0003  max mem: 12803
[09:50:16.981700] TCAPPDLL 2025-07-10 09:50:16.981614 - Epoch: 0 Iteration: 59  rank : 0  train.loss : 1.7242677211761475  train.ips : 32.184696959444835 imgs/s
[09:50:16.983393] Epoch: [0]  [   59/20018]  eta: 11:00:57  lr: 0.000000  loss: 1.7262 (1.7281)  time: 1.7975  data: 0.0003  max mem: 12803
[09:50:18.776084] TCAPPDLL 2025-07-10 09:50:18.775992 - Epoch: 0 Iteration: 60  rank : 0  train.loss : 1.7274742126464844  train.ips : 32.236292192175156 imgs/s
[09:50:18.777920] Epoch: [0]  [   60/20018]  eta: 10:59:51  lr: 0.000000  loss: 1.7265 (1.7281)  time: 1.7991  data: 0.0003  max mem: 12803
[09:50:20.676516] TCAPPDLL 2025-07-10 09:50:20.676396 - Epoch: 0 Iteration: 61  rank : 0  train.loss : 1.7274188995361328  train.ips : 32.258564615875095 imgs/s
[09:50:20.678981] Epoch: [0]  [   61/20018]  eta: 10:59:22  lr: 0.000000  loss: 1.7267 (1.7281)  time: 1.8051  data: 0.0003  max mem: 12803
[09:50:22.544402] TCAPPDLL 2025-07-10 09:50:22.544312 - Epoch: 0 Iteration: 62  rank : 0  train.loss : 1.7334097623825073  train.ips : 32.28853167117282 imgs/s
[09:50:22.546042] Epoch: [0]  [   62/20018]  eta: 10:58:43  lr: 0.000000  loss: 1.7267 (1.7281)  time: 1.8078  data: 0.0003  max mem: 12803
[09:50:24.376953] TCAPPDLL 2025-07-10 09:50:24.376863 - Epoch: 0 Iteration: 63  rank : 0  train.loss : 1.726300835609436  train.ips : 32.32665278397588 imgs/s
[09:50:24.378584] Epoch: [0]  [   63/20018]  eta: 10:57:55  lr: 0.000000  loss: 1.7265 (1.7281)  time: 1.8096  data: 0.0003  max mem: 12803
[09:50:26.178179] TCAPPDLL 2025-07-10 09:50:26.178089 - Epoch: 0 Iteration: 64  rank : 0  train.loss : 1.7294275760650635  train.ips : 32.371567334721554 imgs/s
[09:50:26.179857] Epoch: [0]  [   64/20018]  eta: 10:56:58  lr: 0.000000  loss: 1.7265 (1.7281)  time: 1.8081  data: 0.0003  max mem: 12803
[09:50:27.974763] TCAPPDLL 2025-07-10 09:50:27.974674 - Epoch: 0 Iteration: 65  rank : 0  train.loss : 1.727772831916809  train.ips : 32.416397810355384 imgs/s
[09:50:27.976675] Epoch: [0]  [   65/20018]  eta: 10:56:01  lr: 0.000000  loss: 1.7267 (1.7281)  time: 1.8077  data: 0.0003  max mem: 12803
[09:50:29.775083] TCAPPDLL 2025-07-10 09:50:29.774965 - Epoch: 0 Iteration: 66  rank : 0  train.loss : 1.730471134185791  train.ips : 32.45911602541883 imgs/s
[09:50:29.777749] Epoch: [0]  [   66/20018]  eta: 10:55:08  lr: 0.000000  loss: 1.7268 (1.7282)  time: 1.8085  data: 0.0003  max mem: 12803
[09:50:31.585920] TCAPPDLL 2025-07-10 09:50:31.585828 - Epoch: 0 Iteration: 67  rank : 0  train.loss : 1.7270890474319458  train.ips : 32.498091858994506 imgs/s
[09:50:31.587925] Epoch: [0]  [   67/20018]  eta: 10:54:18  lr: 0.000000  loss: 1.7271 (1.7281)  time: 1.8090  data: 0.0004  max mem: 12803
[09:50:33.336816] TCAPPDLL 2025-07-10 09:50:33.336724 - Epoch: 0 Iteration: 68  rank : 0  train.loss : 1.7242352962493896  train.ips : 32.550414866228195 imgs/s
[09:50:33.338450] Epoch: [0]  [   68/20018]  eta: 10:53:13  lr: 0.000000  loss: 1.7271 (1.7281)  time: 1.8064  data: 0.0004  max mem: 12803
[09:50:35.173105] TCAPPDLL 2025-07-10 09:50:35.173003 - Epoch: 0 Iteration: 69  rank : 0  train.loss : 1.7272837162017822  train.ips : 32.581169458616614 imgs/s
[09:50:35.175324] Epoch: [0]  [   69/20018]  eta: 10:52:34  lr: 0.000000  loss: 1.7271 (1.7281)  time: 1.8080  data: 0.0004  max mem: 12803
[09:50:36.980011] TCAPPDLL 2025-07-10 09:50:36.979919 - Epoch: 0 Iteration: 70  rank : 0  train.loss : 1.7250924110412598  train.ips : 32.61798141116815 imgs/s
[09:50:36.981767] Epoch: [0]  [   70/20018]  eta: 10:51:48  lr: 0.000000  loss: 1.7271 (1.7280)  time: 1.8094  data: 0.0003  max mem: 12803
[09:50:38.779345] TCAPPDLL 2025-07-10 09:50:38.779255 - Epoch: 0 Iteration: 71  rank : 0  train.loss : 1.728023886680603  train.ips : 32.65560655583591 imgs/s
[09:50:38.781436] Epoch: [0]  [   71/20018]  eta: 10:51:01  lr: 0.000000  loss: 1.7271 (1.7280)  time: 1.8084  data: 0.0003  max mem: 12803
[09:50:40.583401] TCAPPDLL 2025-07-10 09:50:40.583264 - Epoch: 0 Iteration: 72  rank : 0  train.loss : 1.7312499284744263  train.ips : 32.69121547337389 imgs/s
[09:50:40.585571] Epoch: [0]  [   72/20018]  eta: 10:50:16  lr: 0.000000  loss: 1.7273 (1.7281)  time: 1.8079  data: 0.0003  max mem: 12803
[09:50:42.371085] TCAPPDLL 2025-07-10 09:50:42.371000 - Epoch: 0 Iteration: 73  rank : 0  train.loss : 1.726805329322815  train.ips : 32.729617228571 imgs/s
[09:50:42.372801] Epoch: [0]  [   73/20018]  eta: 10:49:29  lr: 0.000000  loss: 1.7271 (1.7281)  time: 1.8083  data: 0.0003  max mem: 12803
[09:50:44.162995] TCAPPDLL 2025-07-10 09:50:44.162892 - Epoch: 0 Iteration: 74  rank : 0  train.loss : 1.72744882106781  train.ips : 32.76615418398037 imgs/s
[09:50:44.166285] Epoch: [0]  [   74/20018]  eta: 10:48:43  lr: 0.000000  loss: 1.7271 (1.7281)  time: 1.8079  data: 0.0004  max mem: 12803
[09:50:45.973958] TCAPPDLL 2025-07-10 09:50:45.973841 - Epoch: 0 Iteration: 75  rank : 0  train.loss : 1.7252029180526733  train.ips : 32.79759839546553 imgs/s
[09:50:45.976007] Epoch: [0]  [   75/20018]  eta: 10:48:04  lr: 0.000000  loss: 1.7271 (1.7280)  time: 1.8100  data: 0.0004  max mem: 12803
[09:50:47.775059] TCAPPDLL 2025-07-10 09:50:47.774972 - Epoch: 0 Iteration: 76  rank : 0  train.loss : 1.7198501825332642  train.ips : 32.830413719314265 imgs/s
[09:50:47.776892] Epoch: [0]  [   76/20018]  eta: 10:47:23  lr: 0.000000  loss: 1.7271 (1.7279)  time: 1.8083  data: 0.0003  max mem: 12803
[09:50:49.565352] TCAPPDLL 2025-07-10 09:50:49.565262 - Epoch: 0 Iteration: 77  rank : 0  train.loss : 1.7284928560256958  train.ips : 32.86480633150435 imgs/s
[09:50:49.567624] Epoch: [0]  [   77/20018]  eta: 10:46:40  lr: 0.000000  loss: 1.7273 (1.7279)  time: 1.8081  data: 0.0003  max mem: 12803
[09:50:51.376803] TCAPPDLL 2025-07-10 09:50:51.376709 - Epoch: 0 Iteration: 78  rank : 0  train.loss : 1.7254929542541504  train.ips : 32.8938690327187 imgs/s
[09:50:51.378404] Epoch: [0]  [   78/20018]  eta: 10:46:04  lr: 0.000000  loss: 1.7273 (1.7279)  time: 1.8103  data: 0.0003  max mem: 12803
[09:50:53.177366] TCAPPDLL 2025-07-10 09:50:53.177249 - Epoch: 0 Iteration: 79  rank : 0  train.loss : 1.7229210138320923  train.ips : 32.924576971503456 imgs/s
[09:50:53.179967] Epoch: [0]  [   79/20018]  eta: 10:45:26  lr: 0.000000  loss: 1.7273 (1.7278)  time: 1.8082  data: 0.0004  max mem: 12803
[09:50:54.984184] TCAPPDLL 2025-07-10 09:50:54.984091 - Epoch: 0 Iteration: 80  rank : 0  train.loss : 1.729105830192566  train.ips : 32.95324824598743 imgs/s
[09:50:54.986481] Epoch: [0]  [   80/20018]  eta: 10:44:50  lr: 0.000000  loss: 1.7273 (1.7278)  time: 1.8087  data: 0.0004  max mem: 12803
[09:50:56.791354] TCAPPDLL 2025-07-10 09:50:56.791262 - Epoch: 0 Iteration: 81  rank : 0  train.loss : 1.7242292165756226  train.ips : 32.981189218152494 imgs/s
[09:50:56.793440] Epoch: [0]  [   81/20018]  eta: 10:44:15  lr: 0.000000  loss: 1.7271 (1.7278)  time: 1.8040  data: 0.0003  max mem: 12803
[09:50:58.571426] TCAPPDLL 2025-07-10 09:50:58.571326 - Epoch: 0 Iteration: 82  rank : 0  train.loss : 1.7287551164627075  train.ips : 33.01407722340564 imgs/s
[09:50:58.573394] Epoch: [0]  [   82/20018]  eta: 10:43:35  lr: 0.000000  loss: 1.7271 (1.7278)  time: 1.7997  data: 0.0003  max mem: 12803
[09:51:00.374071] TCAPPDLL 2025-07-10 09:51:00.373982 - Epoch: 0 Iteration: 83  rank : 0  train.loss : 1.729319453239441  train.ips : 33.04165225582468 imgs/s
[09:51:00.377094] Epoch: [0]  [   83/20018]  eta: 10:43:00  lr: 0.000000  loss: 1.7273 (1.7278)  time: 1.7982  data: 0.0003  max mem: 12803
[09:51:02.170158] TCAPPDLL 2025-07-10 09:51:02.170068 - Epoch: 0 Iteration: 84  rank : 0  train.loss : 1.7251032590866089  train.ips : 33.06994634380165 imgs/s
[09:51:02.172260] Epoch: [0]  [   84/20018]  eta: 10:42:25  lr: 0.000000  loss: 1.7271 (1.7278)  time: 1.7978  data: 0.0004  max mem: 12803
[09:51:03.969264] TCAPPDLL 2025-07-10 09:51:03.969169 - Epoch: 0 Iteration: 85  rank : 0  train.loss : 1.7254592180252075  train.ips : 33.09702913313421 imgs/s
[09:51:03.971371] Epoch: [0]  [   85/20018]  eta: 10:41:52  lr: 0.000000  loss: 1.7268 (1.7278)  time: 1.7979  data: 0.0004  max mem: 12803
[09:51:05.800096] TCAPPDLL 2025-07-10 09:51:05.799980 - Epoch: 0 Iteration: 86  rank : 0  train.loss : 1.7253929376602173  train.ips : 33.11729319865895 imgs/s
[09:51:05.802535] Epoch: [0]  [   86/20018]  eta: 10:41:26  lr: 0.000000  loss: 1.7255 (1.7277)  time: 1.7994  data: 0.0004  max mem: 12803
[09:51:07.579903] TCAPPDLL 2025-07-10 09:51:07.579815 - Epoch: 0 Iteration: 87  rank : 0  train.loss : 1.7269790172576904  train.ips : 33.147045860439526 imgs/s
[09:51:07.581651] Epoch: [0]  [   87/20018]  eta: 10:40:50  lr: 0.000000  loss: 1.7255 (1.7277)  time: 1.7979  data: 0.0003  max mem: 12803
[09:51:09.374249] TCAPPDLL 2025-07-10 09:51:09.374158 - Epoch: 0 Iteration: 88  rank : 0  train.loss : 1.7267917394638062  train.ips : 33.17338659376821 imgs/s
[09:51:09.376095] Epoch: [0]  [   88/20018]  eta: 10:40:17  lr: 0.000000  loss: 1.7268 (1.7277)  time: 1.8001  data: 0.0003  max mem: 12803
[09:51:11.167648] TCAPPDLL 2025-07-10 09:51:11.167508 - Epoch: 0 Iteration: 89  rank : 0  train.loss : 1.7246958017349243  train.ips : 33.19937487606417 imgs/s
[09:51:11.169851] Epoch: [0]  [   89/20018]  eta: 10:39:45  lr: 0.000000  loss: 1.7255 (1.7277)  time: 1.7979  data: 0.0003  max mem: 12803
[09:51:12.976113] TCAPPDLL 2025-07-10 09:51:12.976025 - Epoch: 0 Iteration: 90  rank : 0  train.loss : 1.7299292087554932  train.ips : 33.22195235947061 imgs/s
[09:51:12.977861] Epoch: [0]  [   90/20018]  eta: 10:39:17  lr: 0.000000  loss: 1.7268 (1.7277)  time: 1.7980  data: 0.0003  max mem: 12803
[09:51:14.771517] TCAPPDLL 2025-07-10 09:51:14.771429 - Epoch: 0 Iteration: 91  rank : 0  train.loss : 1.7243175506591797  train.ips : 33.24653278815833 imgs/s
[09:51:14.773358] Epoch: [0]  [   91/20018]  eta: 10:38:47  lr: 0.000000  loss: 1.7255 (1.7277)  time: 1.7978  data: 0.0003  max mem: 12803
[09:51:16.595746] TCAPPDLL 2025-07-10 09:51:16.595623 - Epoch: 0 Iteration: 92  rank : 0  train.loss : 1.7236992120742798  train.ips : 33.265269575479216 imgs/s
[09:51:16.597947] Epoch: [0]  [   92/20018]  eta: 10:38:23  lr: 0.000000  loss: 1.7255 (1.7276)  time: 1.7988  data: 0.0003  max mem: 12803
[09:51:18.396447] TCAPPDLL 2025-07-10 09:51:18.396327 - Epoch: 0 Iteration: 93  rank : 0  train.loss : 1.7269127368927002  train.ips : 33.287951106250816 imgs/s
[09:51:18.398549] Epoch: [0]  [   93/20018]  eta: 10:37:55  lr: 0.000000  loss: 1.7255 (1.7276)  time: 1.7995  data: 0.0003  max mem: 12803
[09:51:20.295336] TCAPPDLL 2025-07-10 09:51:20.295056 - Epoch: 0 Iteration: 94  rank : 0  train.loss : 1.7192014455795288  train.ips : 33.29236175620214 imgs/s
[09:51:20.299853] Epoch: [0]  [   94/20018]  eta: 10:37:49  lr: 0.000000  loss: 1.7254 (1.7275)  time: 1.8049  data: 0.0003  max mem: 12803
[09:51:22.201812] TCAPPDLL 2025-07-10 09:51:22.201711 - Epoch: 0 Iteration: 95  rank : 0  train.loss : 1.7238625288009644  train.ips : 33.295138306887075 imgs/s
[09:51:22.203631] Epoch: [0]  [   95/20018]  eta: 10:37:43  lr: 0.000000  loss: 1.7254 (1.7275)  time: 1.8096  data: 0.0003  max mem: 12803
[09:51:23.987192] TCAPPDLL 2025-07-10 09:51:23.987086 - Epoch: 0 Iteration: 96  rank : 0  train.loss : 1.724613070487976  train.ips : 33.31958986288113 imgs/s
[09:51:23.989314] Epoch: [0]  [   96/20018]  eta: 10:37:13  lr: 0.000000  loss: 1.7254 (1.7275)  time: 1.8088  data: 0.0004  max mem: 12803
[09:51:25.937693] TCAPPDLL 2025-07-10 09:51:25.937473 - Epoch: 0 Iteration: 97  rank : 0  train.loss : 1.7198792695999146  train.ips : 33.31436498901448 imgs/s
[09:51:25.941646] Epoch: [0]  [   97/20018]  eta: 10:37:17  lr: 0.000000  loss: 1.7251 (1.7274)  time: 1.8169  data: 0.0003  max mem: 12803
[09:51:27.782246] TCAPPDLL 2025-07-10 09:51:27.782035 - Epoch: 0 Iteration: 98  rank : 0  train.loss : 1.723750114440918  train.ips : 33.327785301960056 imgs/s
[09:51:27.784695] Epoch: [0]  [   98/20018]  eta: 10:37:00  lr: 0.000000  loss: 1.7247 (1.7274)  time: 1.8185  data: 0.0004  max mem: 12803
[09:51:29.598806] TCAPPDLL 2025-07-10 09:51:29.598702 - Epoch: 0 Iteration: 99  rank : 0  train.loss : 1.7293320894241333  train.ips : 33.34576201587652 imgs/s
[09:51:29.600698] Epoch: [0]  [   99/20018]  eta: 10:36:37  lr: 0.000000  loss: 1.7251 (1.7274)  time: 1.8192  data: 0.0004  max mem: 12803
[09:51:31.394346] TCAPPDLL 2025-07-10 09:51:31.394238 - Epoch: 0 Iteration: 100  rank : 0  train.loss : 1.7235900163650513  train.ips : 33.36706305662557 imgs/s
[09:51:31.396179] Epoch: [0]  [  100/20018]  eta: 10:36:11  lr: 0.000000  loss: 1.7247 (1.7273)  time: 1.8187  data: 0.0004  max mem: 12803
[09:51:33.222335] TCAPPDLL 2025-07-10 09:51:33.222182 - Epoch: 0 Iteration: 101  rank : 0  train.loss : 1.7217938899993896  train.ips : 33.38243953503763 imgs/s
[09:51:33.224437] Epoch: [0]  [  101/20018]  eta: 10:35:51  lr: 0.000000  loss: 1.7247 (1.7273)  time: 1.8198  data: 0.0004  max mem: 12803
[09:51:35.089718] TCAPPDLL 2025-07-10 09:51:35.089611 - Epoch: 0 Iteration: 102  rank : 0  train.loss : 1.7269299030303955  train.ips : 33.39085147483401 imgs/s
[09:51:35.092033] Epoch: [0]  [  102/20018]  eta: 10:35:40  lr: 0.000000  loss: 1.7247 (1.7273)  time: 1.8241  data: 0.0004  max mem: 12803
[09:51:36.884941] TCAPPDLL 2025-07-10 09:51:36.884821 - Epoch: 0 Iteration: 103  rank : 0  train.loss : 1.7301914691925049  train.ips : 33.41121378799732 imgs/s
[09:51:36.886978] Epoch: [0]  [  103/20018]  eta: 10:35:14  lr: 0.000000  loss: 1.7247 (1.7273)  time: 1.8237  data: 0.0004  max mem: 12803
[09:51:38.774023] TCAPPDLL 2025-07-10 09:51:38.773917 - Epoch: 0 Iteration: 104  rank : 0  train.loss : 1.7271288633346558  train.ips : 33.41560389010251 imgs/s
[09:51:38.776125] Epoch: [0]  [  104/20018]  eta: 10:35:07  lr: 0.000000  loss: 1.7247 (1.7273)  time: 1.8284  data: 0.0004  max mem: 12803
[09:51:40.589032] TCAPPDLL 2025-07-10 09:51:40.588824 - Epoch: 0 Iteration: 105  rank : 0  train.loss : 1.7249003648757935  train.ips : 33.43213559216695 imgs/s
[09:51:40.592195] Epoch: [0]  [  105/20018]  eta: 10:34:47  lr: 0.000000  loss: 1.7247 (1.7273)  time: 1.8293  data: 0.0004  max mem: 12803
[09:51:42.386789] TCAPPDLL 2025-07-10 09:51:42.386672 - Epoch: 0 Iteration: 106  rank : 0  train.loss : 1.7209192514419556  train.ips : 33.45115488097341 imgs/s
[09:51:42.389241] Epoch: [0]  [  106/20018]  eta: 10:34:23  lr: 0.000000  loss: 1.7246 (1.7272)  time: 1.8276  data: 0.0004  max mem: 12803
[09:51:44.198533] TCAPPDLL 2025-07-10 09:51:44.198401 - Epoch: 0 Iteration: 107  rank : 0  train.loss : 1.720988154411316  train.ips : 33.467604676794906 imgs/s
[09:51:44.200818] Epoch: [0]  [  107/20018]  eta: 10:34:02  lr: 0.000000  loss: 1.7243 (1.7272)  time: 1.8292  data: 0.0004  max mem: 12803
[09:51:45.996210] TCAPPDLL 2025-07-10 09:51:45.996108 - Epoch: 0 Iteration: 108  rank : 0  train.loss : 1.7226579189300537  train.ips : 33.48600304556535 imgs/s
[09:51:45.998008] Epoch: [0]  [  108/20018]  eta: 10:33:39  lr: 0.000000  loss: 1.7239 (1.7271)  time: 1.8293  data: 0.0004  max mem: 12803
[09:51:47.769300] TCAPPDLL 2025-07-10 09:51:47.769202 - Epoch: 0 Iteration: 109  rank : 0  train.loss : 1.725542426109314  train.ips : 33.50802304538645 imgs/s
[09:51:47.771258] Epoch: [0]  [  109/20018]  eta: 10:33:12  lr: 0.000000  loss: 1.7239 (1.7271)  time: 1.8283  data: 0.0004  max mem: 12803
[09:51:49.589432] TCAPPDLL 2025-07-10 09:51:49.589331 - Epoch: 0 Iteration: 110  rank : 0  train.loss : 1.7211450338363647  train.ips : 33.522231669216325 imgs/s
[09:51:49.591361] Epoch: [0]  [  110/20018]  eta: 10:32:54  lr: 0.000000  loss: 1.7238 (1.7271)  time: 1.8289  data: 0.0004  max mem: 12803
[09:51:51.383944] TCAPPDLL 2025-07-10 09:51:51.383841 - Epoch: 0 Iteration: 111  rank : 0  train.loss : 1.7226070165634155  train.ips : 33.54021783536111 imgs/s
[09:51:51.385753] Epoch: [0]  [  111/20018]  eta: 10:32:32  lr: 0.000000  loss: 1.7237 (1.7270)  time: 1.8288  data: 0.0004  max mem: 12803
[09:51:53.177012] TCAPPDLL 2025-07-10 09:51:53.176915 - Epoch: 0 Iteration: 112  rank : 0  train.loss : 1.720380425453186  train.ips : 33.55812847982261 imgs/s
[09:51:53.179068] Epoch: [0]  [  112/20018]  eta: 10:32:10  lr: 0.000000  loss: 1.7236 (1.7270)  time: 1.8273  data: 0.0004  max mem: 12803
[09:51:54.967910] TCAPPDLL 2025-07-10 09:51:54.967774 - Epoch: 0 Iteration: 113  rank : 0  train.loss : 1.7207601070404053  train.ips : 33.576112707119144 imgs/s
[09:51:54.970685] Epoch: [0]  [  113/20018]  eta: 10:31:48  lr: 0.000000  loss: 1.7227 (1.7269)  time: 1.8268  data: 0.0004  max mem: 12803
[09:51:56.813047] TCAPPDLL 2025-07-10 09:51:56.812912 - Epoch: 0 Iteration: 114  rank : 0  train.loss : 1.7199957370758057  train.ips : 33.585430658886 imgs/s
[09:51:56.815521] Epoch: [0]  [  114/20018]  eta: 10:31:35  lr: 0.000000  loss: 1.7227 (1.7268)  time: 1.8240  data: 0.0004  max mem: 12803
[09:51:58.651195] TCAPPDLL 2025-07-10 09:51:58.651092 - Epoch: 0 Iteration: 115  rank : 0  train.loss : 1.725517749786377  train.ips : 33.595674165452664 imgs/s
[09:51:58.652902] Epoch: [0]  [  115/20018]  eta: 10:31:22  lr: 0.000000  loss: 1.7227 (1.7268)  time: 1.8207  data: 0.0004  max mem: 12803
[09:52:00.508267] TCAPPDLL 2025-07-10 09:52:00.508156 - Epoch: 0 Iteration: 116  rank : 0  train.loss : 1.7176655530929565  train.ips : 33.60290451286466 imgs/s
[09:52:00.510322] Epoch: [0]  [  116/20018]  eta: 10:31:12  lr: 0.000000  loss: 1.7226 (1.7268)  time: 1.8243  data: 0.0004  max mem: 12803
[09:52:02.374283] TCAPPDLL 2025-07-10 09:52:02.374178 - Epoch: 0 Iteration: 117  rank : 0  train.loss : 1.7203119993209839  train.ips : 33.60867087642168 imgs/s
[09:52:02.376030] Epoch: [0]  [  117/20018]  eta: 10:31:03  lr: 0.000000  loss: 1.7226 (1.7267)  time: 1.8200  data: 0.0004  max mem: 12803
[09:52:04.207990] TCAPPDLL 2025-07-10 09:52:04.207889 - Epoch: 0 Iteration: 118  rank : 0  train.loss : 1.72370183467865  train.ips : 33.61913884835841 imgs/s
[09:52:04.209862] Epoch: [0]  [  118/20018]  eta: 10:30:50  lr: 0.000000  loss: 1.7226 (1.7267)  time: 1.8196  data: 0.0003  max mem: 12803
[09:52:06.118423] TCAPPDLL 2025-07-10 09:52:06.118321 - Epoch: 0 Iteration: 119  rank : 0  train.loss : 1.7186174392700195  train.ips : 33.61814482792668 imgs/s
[09:52:06.120329] Epoch: [0]  [  119/20018]  eta: 10:30:49  lr: 0.000000  loss: 1.7218 (1.7266)  time: 1.8243  data: 0.0003  max mem: 12803
[09:52:07.979633] TCAPPDLL 2025-07-10 09:52:07.979532 - Epoch: 0 Iteration: 120  rank : 0  train.loss : 1.7239807844161987  train.ips : 33.62435266033652 imgs/s
[09:52:07.981609] Epoch: [0]  [  120/20018]  eta: 10:30:40  lr: 0.000000  loss: 1.7218 (1.7266)  time: 1.8276  data: 0.0003  max mem: 12803
[09:52:09.770597] TCAPPDLL 2025-07-10 09:52:09.770467 - Epoch: 0 Iteration: 121  rank : 0  train.loss : 1.720072865486145  train.ips : 33.64064981442952 imgs/s
[09:52:09.773017] Epoch: [0]  [  121/20018]  eta: 10:30:20  lr: 0.000000  loss: 1.7211 (1.7265)  time: 1.8257  data: 0.0004  max mem: 12803
[09:52:11.575115] TCAPPDLL 2025-07-10 09:52:11.575001 - Epoch: 0 Iteration: 122  rank : 0  train.loss : 1.7237402200698853  train.ips : 33.65472736278594 imgs/s
[09:52:11.576879] Epoch: [0]  [  122/20018]  eta: 10:30:02  lr: 0.000000  loss: 1.7211 (1.7265)  time: 1.8226  data: 0.0004  max mem: 12803
[09:52:13.370242] TCAPPDLL 2025-07-10 09:52:13.370140 - Epoch: 0 Iteration: 123  rank : 0  train.loss : 1.7239693403244019  train.ips : 33.669937194727076 imgs/s
[09:52:13.372316] Epoch: [0]  [  123/20018]  eta: 10:29:43  lr: 0.000000  loss: 1.7211 (1.7265)  time: 1.8226  data: 0.0003  max mem: 12803
[09:52:15.196793] TCAPPDLL 2025-07-10 09:52:15.196669 - Epoch: 0 Iteration: 124  rank : 0  train.loss : 1.7171541452407837  train.ips : 33.68046771190519 imgs/s
[09:52:15.198988] Epoch: [0]  [  124/20018]  eta: 10:29:29  lr: 0.000000  loss: 1.7210 (1.7264)  time: 1.8195  data: 0.0003  max mem: 12803
[09:52:17.070291] TCAPPDLL 2025-07-10 09:52:17.070166 - Epoch: 0 Iteration: 125  rank : 0  train.loss : 1.7197366952896118  train.ips : 33.68423144569047 imgs/s
[09:52:17.072608] Epoch: [0]  [  125/20018]  eta: 10:29:23  lr: 0.000000  loss: 1.7209 (1.7264)  time: 1.8224  data: 0.0004  max mem: 12803
[09:52:18.855431] TCAPPDLL 2025-07-10 09:52:18.855328 - Epoch: 0 Iteration: 126  rank : 0  train.loss : 1.723598837852478  train.ips : 33.700262888876544 imgs/s
[09:52:18.857136] Epoch: [0]  [  126/20018]  eta: 10:29:03  lr: 0.000000  loss: 1.7210 (1.7263)  time: 1.8218  data: 0.0003  max mem: 12803
[09:52:20.667470] TCAPPDLL 2025-07-10 09:52:20.667360 - Epoch: 0 Iteration: 127  rank : 0  train.loss : 1.7192035913467407  train.ips : 33.71234179416338 imgs/s
[09:52:20.669758] Epoch: [0]  [  127/20018]  eta: 10:28:48  lr: 0.000000  loss: 1.7208 (1.7263)  time: 1.8219  data: 0.0003  max mem: 12803
[09:52:22.477124] TCAPPDLL 2025-07-10 09:52:22.476979 - Epoch: 0 Iteration: 128  rank : 0  train.loss : 1.725953221321106  train.ips : 33.72457594962424 imgs/s
[09:52:22.480079] Epoch: [0]  [  128/20018]  eta: 10:28:33  lr: 0.000000  loss: 1.7208 (1.7263)  time: 1.8225  data: 0.0003  max mem: 12803
[09:52:24.320270] TCAPPDLL 2025-07-10 09:52:24.320165 - Epoch: 0 Iteration: 129  rank : 0  train.loss : 1.7235742807388306  train.ips : 33.73202243808847 imgs/s
[09:52:24.322283] Epoch: [0]  [  129/20018]  eta: 10:28:22  lr: 0.000000  loss: 1.7208 (1.7263)  time: 1.8259  data: 0.0003  max mem: 12803
[09:52:26.175062] TCAPPDLL 2025-07-10 09:52:26.174859 - Epoch: 0 Iteration: 130  rank : 0  train.loss : 1.7212669849395752  train.ips : 33.73781275448709 imgs/s
[09:52:26.179142] Epoch: [0]  [  130/20018]  eta: 10:28:14  lr: 0.000000  loss: 1.7208 (1.7262)  time: 1.8277  data: 0.0003  max mem: 12803
[09:52:27.976867] TCAPPDLL 2025-07-10 09:52:27.976760 - Epoch: 0 Iteration: 131  rank : 0  train.loss : 1.724200963973999  train.ips : 33.750622064884396 imgs/s
[09:52:27.978886] Epoch: [0]  [  131/20018]  eta: 10:27:57  lr: 0.000000  loss: 1.7208 (1.7262)  time: 1.8279  data: 0.0004  max mem: 12803
[09:52:29.770008] TCAPPDLL 2025-07-10 09:52:29.769864 - Epoch: 0 Iteration: 132  rank : 0  train.loss : 1.7213468551635742  train.ips : 33.76444021758613 imgs/s
[09:52:29.772839] Epoch: [0]  [  132/20018]  eta: 10:27:40  lr: 0.000000  loss: 1.7213 (1.7262)  time: 1.8279  data: 0.0003  max mem: 12803
[09:52:31.583639] TCAPPDLL 2025-07-10 09:52:31.583534 - Epoch: 0 Iteration: 133  rank : 0  train.loss : 1.7190639972686768  train.ips : 33.775312175886164 imgs/s
[09:52:31.585912] Epoch: [0]  [  133/20018]  eta: 10:27:26  lr: 0.000000  loss: 1.7213 (1.7261)  time: 1.8290  data: 0.0004  max mem: 12803
[09:52:33.371250] TCAPPDLL 2025-07-10 09:52:33.371097 - Epoch: 0 Iteration: 134  rank : 0  train.loss : 1.7213385105133057  train.ips : 33.78948870331084 imgs/s
[09:52:33.373774] Epoch: [0]  [  134/20018]  eta: 10:27:08  lr: 0.000000  loss: 1.7213 (1.7261)  time: 1.8262  data: 0.0003  max mem: 12803
[09:52:35.188744] TCAPPDLL 2025-07-10 09:52:35.188639 - Epoch: 0 Iteration: 135  rank : 0  train.loss : 1.720674991607666  train.ips : 33.7995299124752 imgs/s
[09:52:35.190577] Epoch: [0]  [  135/20018]  eta: 10:26:55  lr: 0.000000  loss: 1.7213 (1.7260)  time: 1.8251  data: 0.0003  max mem: 12803
[09:52:36.980148] TCAPPDLL 2025-07-10 09:52:36.980026 - Epoch: 0 Iteration: 136  rank : 0  train.loss : 1.7238596677780151  train.ips : 33.81284270140032 imgs/s
[09:52:36.982214] Epoch: [0]  [  136/20018]  eta: 10:26:38  lr: 0.000000  loss: 1.7213 (1.7260)  time: 1.8218  data: 0.0003  max mem: 12803
[09:52:38.800993] TCAPPDLL 2025-07-10 09:52:38.800863 - Epoch: 0 Iteration: 137  rank : 0  train.loss : 1.7199013233184814  train.ips : 33.82215871119368 imgs/s
[09:52:38.803259] Epoch: [0]  [  137/20018]  eta: 10:26:26  lr: 0.000000  loss: 1.7213 (1.7260)  time: 1.8196  data: 0.0004  max mem: 12803
[09:52:40.683613] TCAPPDLL 2025-07-10 09:52:40.683510 - Epoch: 0 Iteration: 138  rank : 0  train.loss : 1.7197362184524536  train.ips : 33.823395458183136 imgs/s
[09:52:40.685760] Epoch: [0]  [  138/20018]  eta: 10:26:23  lr: 0.000000  loss: 1.7213 (1.7259)  time: 1.8220  data: 0.0004  max mem: 12803
[09:52:42.513480] TCAPPDLL 2025-07-10 09:52:42.513373 - Epoch: 0 Iteration: 139  rank : 0  train.loss : 1.7203716039657593  train.ips : 33.83135045398883 imgs/s
[09:52:42.515372] Epoch: [0]  [  139/20018]  eta: 10:26:12  lr: 0.000000  loss: 1.7213 (1.7259)  time: 1.8180  data: 0.0004  max mem: 12803
[09:52:44.368731] TCAPPDLL 2025-07-10 09:52:44.368576 - Epoch: 0 Iteration: 140  rank : 0  train.loss : 1.7222710847854614  train.ips : 33.83598646273733 imgs/s
[09:52:44.371274] Epoch: [0]  [  140/20018]  eta: 10:26:05  lr: 0.000000  loss: 1.7213 (1.7259)  time: 1.8177  data: 0.0004  max mem: 12803
[09:52:46.179116] TCAPPDLL 2025-07-10 09:52:46.178959 - Epoch: 0 Iteration: 141  rank : 0  train.loss : 1.7192673683166504  train.ips : 33.84621130902346 imgs/s
[09:52:46.181999] Epoch: [0]  [  141/20018]  eta: 10:25:52  lr: 0.000000  loss: 1.7213 (1.7258)  time: 1.8186  data: 0.0004  max mem: 12803
[09:52:47.966569] TCAPPDLL 2025-07-10 09:52:47.966462 - Epoch: 0 Iteration: 142  rank : 0  train.loss : 1.7174338102340698  train.ips : 33.85915187689018 imgs/s
[09:52:47.968399] Epoch: [0]  [  142/20018]  eta: 10:25:35  lr: 0.000000  loss: 1.7207 (1.7258)  time: 1.8177  data: 0.0004  max mem: 12803
[09:52:49.791448] TCAPPDLL 2025-07-10 09:52:49.791350 - Epoch: 0 Iteration: 143  rank : 0  train.loss : 1.7225908041000366  train.ips : 33.86727620132402 imgs/s
[09:52:49.793489] Epoch: [0]  [  143/20018]  eta: 10:25:25  lr: 0.000000  loss: 1.7207 (1.7257)  time: 1.8192  data: 0.0004  max mem: 12803
[09:52:51.668104] TCAPPDLL 2025-07-10 09:52:51.667990 - Epoch: 0 Iteration: 144  rank : 0  train.loss : 1.7212556600570679  train.ips : 33.86889670584681 imgs/s
[09:52:51.670028] Epoch: [0]  [  144/20018]  eta: 10:25:21  lr: 0.000000  loss: 1.7213 (1.7257)  time: 1.8217  data: 0.0004  max mem: 12803
[09:52:53.484891] TCAPPDLL 2025-07-10 09:52:53.484779 - Epoch: 0 Iteration: 145  rank : 0  train.loss : 1.7169908285140991  train.ips : 33.87783930968001 imgs/s
[09:52:53.486758] Epoch: [0]  [  145/20018]  eta: 10:25:09  lr: 0.000000  loss: 1.7213 (1.7257)  time: 1.8189  data: 0.0004  max mem: 12803
[09:52:55.302710] TCAPPDLL 2025-07-10 09:52:55.302608 - Epoch: 0 Iteration: 146  rank : 0  train.loss : 1.720388412475586  train.ips : 33.88654166197199 imgs/s
[09:52:55.304422] Epoch: [0]  [  146/20018]  eta: 10:24:58  lr: 0.000000  loss: 1.7207 (1.7256)  time: 1.8205  data: 0.0004  max mem: 12803
[09:52:57.181969] TCAPPDLL 2025-07-10 09:52:57.181822 - Epoch: 0 Iteration: 147  rank : 0  train.loss : 1.720447063446045  train.ips : 33.88768741049949 imgs/s
[09:52:57.184454] Epoch: [0]  [  147/20018]  eta: 10:24:55  lr: 0.000000  loss: 1.7207 (1.7256)  time: 1.8239  data: 0.0004  max mem: 12803
[09:52:59.065298] TCAPPDLL 2025-07-10 09:52:59.065063 - Epoch: 0 Iteration: 148  rank : 0  train.loss : 1.7224386930465698  train.ips : 33.88836720281086 imgs/s
[09:52:59.069551] Epoch: [0]  [  148/20018]  eta: 10:24:52  lr: 0.000000  loss: 1.7207 (1.7256)  time: 1.8276  data: 0.0004  max mem: 12803
[09:53:00.856244] TCAPPDLL 2025-07-10 09:53:00.856086 - Epoch: 0 Iteration: 149  rank : 0  train.loss : 1.7141406536102295  train.ips : 33.900003494118515 imgs/s
[09:53:00.859198] Epoch: [0]  [  149/20018]  eta: 10:24:37  lr: 0.000000  loss: 1.7204 (1.7255)  time: 1.8250  data: 0.0004  max mem: 12803
[09:53:01.793201] 150iters stop!
E0710 09:53:03.602000 140479502845760 torch/distributed/elastic/multiprocessing/api.py:833] failed (exitcode: 1) local_rank: 0 (pid: 3157416) of binary: /root/miniconda3/envs/test/bin/python
Traceback (most recent call last):
  File "/root/miniconda3/envs/test/bin/torchrun", line 8, in <module>
    sys.exit(main())
  File "/root/miniconda3/envs/test/lib/python3.10/site-packages/torch/distributed/elastic/multiprocessing/errors/__init__.py", line 348, in wrapper
    return f(*args, **kwargs)
  File "/root/miniconda3/envs/test/lib/python3.10/site-packages/torch/distributed/run.py", line 901, in main
    run(args)
  File "/root/miniconda3/envs/test/lib/python3.10/site-packages/torch/distributed/run.py", line 892, in run
    elastic_launch(
  File "/root/miniconda3/envs/test/lib/python3.10/site-packages/torch/distributed/launcher/api.py", line 133, in __call__
    return launch_agent(self._config, self._entrypoint, list(args))
  File "/root/miniconda3/envs/test/lib/python3.10/site-packages/torch/distributed/launcher/api.py", line 264, in launch_agent
    raise ChildFailedError(
torch.distributed.elastic.multiprocessing.errors.ChildFailedError: 
============================================================
main_pretrain.py FAILED
------------------------------------------------------------
Failures:
  <NO_OTHER_FAILURES>
------------------------------------------------------------
Root Cause (first observed failure):
[0]:
  time      : 2025-07-10_09:53:03
  host      : nb-ztzalgqqvy-0.nbc-rohvolzzwh.kubecube-workspace-606.svc.cluster.local
  rank      : 0 (local_rank: 0)
  exitcode  : 1 (pid: 3157416)
  error_file: <N/A>
  traceback : To enable traceback see: https://pytorch.org/docs/stable/elastic/errors.html
============================================================
Executing command: torchrun --standalone --nnodes=1 --nproc_per_node=1 main_pretrain.py --epochs 800 --norm_pix_loss --blr 0.00015 --data_path /data/teco-data/imagenet --device sdaa --local_rank 0
Command failed with exit code: 1
