/root/miniconda3/envs/NAFNet/lib/python3.9/site-packages/torch/distributed/launch.py:178: FutureWarning: The module torch.distributed.launch is deprecated
and will be removed in future. Use torchrun.
Note that --use_env is set by default in torchrun.
If your script expects `--local_rank` argument to be set, please
change it to read from `os.environ['LOCAL_RANK']` instead. See 
https://pytorch.org/docs/stable/distributed.html#launch-utility for 
further instructions

  warnings.warn(
init dist ..  pytorch
Path already exists. Rename it to /home/01/raithan/NAFNet/experiments/NAFNet-SIDD-width32_archived_20250521_024953
Path already exists. Rename it to tb_logger/NAFNet-SIDD-width32_archived_20250521_024953
2025-05-21 02:49:53,559 INFO: 
                ____                _       _____  ____
               / __ ) ____ _ _____ (_)_____/ ___/ / __ \
              / __  |/ __ `// ___// // ___/\__ \ / /_/ /
             / /_/ // /_/ /(__  )/ // /__ ___/ // _, _/
            /_____/ \__,_//____//_/ \___//____//_/ |_|
     ______                   __   __                 __      __
    / ____/____   ____   ____/ /  / /   __  __ _____ / /__   / /
   / / __ / __ \ / __ \ / __  /  / /   / / / // ___// //_/  / /
  / /_/ // /_/ // /_/ // /_/ /  / /___/ /_/ // /__ / /<    /_/
  \____/ \____/ \____/ \____/  /_____/\____/ \___//_/|_|  (_)
    
Version Information: 
	BasicSR: 1.2.0+2b4af71
	PyTorch: 1.11.0
	TorchVision: 0.12.0
2025-05-21 02:49:53,559 INFO: 
  name: NAFNet-SIDD-width32
  model_type: ImageRestorationModel
  scale: 1
  num_gpu: 1
  manual_seed: 10
  datasets:[
    train:[
      name: SIDD
      type: PairedImageDataset
      dataroot_gt: ./datasets/SIDD/train/gt_crops.lmdb
      dataroot_lq: ./datasets/SIDD/train/input_crops.lmdb
      filename_tmpl: {}
      io_backend:[
        type: lmdb
      ]
      gt_size: 256
      use_flip: False
      use_rot: False
      use_shuffle: True
      num_worker_per_gpu: 4
      batch_size_per_gpu: 4
      dataset_enlarge_ratio: 1
      prefetch_mode: None
      phase: train
      scale: 1
    ]
    val:[
      name: SIDD_val
      type: PairedImageDataset
      dataroot_gt: ./datasets/SIDD/val/gt_crops.lmdb
      dataroot_lq: ./datasets/SIDD/val/input_crops.lmdb
      io_backend:[
        type: lmdb
      ]
      phase: val
      scale: 1
    ]
  ]
  network_g:[
    type: NAFNet
    width: 32
    enc_blk_nums: [2, 2, 4, 8]
    middle_blk_num: 12
    dec_blk_nums: [2, 2, 2, 2]
  ]
  path:[
    pretrain_network_g: None
    strict_load_g: True
    resume_state: None
    root: /home/01/raithan/NAFNet
    experiments_root: /home/01/raithan/NAFNet/experiments/NAFNet-SIDD-width32
    models: /home/01/raithan/NAFNet/experiments/NAFNet-SIDD-width32/models
    training_states: /home/01/raithan/NAFNet/experiments/NAFNet-SIDD-width32/training_states
    log: /home/01/raithan/NAFNet/experiments/NAFNet-SIDD-width32
    visualization: /home/01/raithan/NAFNet/experiments/NAFNet-SIDD-width32/visualization
  ]
  train:[
    optim_g:[
      type: AdamW
      lr: 0.001
      weight_decay: 0.0
      betas: [0.9, 0.9]
    ]
    scheduler:[
      type: TrueCosineAnnealingLR
      T_max: 200000
      eta_min: 1e-07
    ]
    total_iter: 100
    warmup_iter: -1
    pixel_opt:[
      type: PSNRLoss
      loss_weight: 1
      reduction: mean
    ]
  ]
  val:[
    val_freq: 2000000000.0
    save_img: False
    use_image: False
    metrics:[
      psnr:[
        type: calculate_psnr
        crop_border: 0
        test_y_channel: False
      ]
      ssim:[
        type: calculate_ssim
        crop_border: 0
        test_y_channel: False
      ]
    ]
  ]
  logger:[
    print_freq: 1
    save_checkpoint_freq: 5000.0
    use_tb_logger: True
    wandb:[
      project: None
      resume_id: None
    ]
  ]
  dist_params:[
    backend: nccl
    port: 29500
  ]
  is_train: True
  dist: True
  rank: 0
  world_size: 1

2025-05-21 02:49:53,797 INFO: Dataset PairedImageDataset - SIDD is created.
2025-05-21 02:49:53,797 INFO: Training statistics:
	Number of train images: 30608
	Dataset enlarge ratio: 1
	Batch size per gpu: 4
	World size (gpu number): 1
	Require iter number per epoch: 7652
	Total epochs: 1; iters: 100.
2025-05-21 02:49:53,805 INFO: Dataset PairedImageDataset - SIDD_val is created.
2025-05-21 02:49:53,805 INFO: Number of val images/folders in SIDD_val: 1280
.. cosineannealingLR
2025-05-21 02:49:58,582 INFO: Model [ImageRestorationModel] is created.
2025-05-21 02:50:03,968 INFO: Start training from epoch: 0, iter: 0
TCAPPDLL 2025-05-21 02:50:05.809107 - Epoch: 0 Iteration: 1  rank : 0  train.loss : -22.07094955444336  train.ips : 0.5433561326003782 imgs/s
2025-05-21 02:50:05,810 INFO: [NAFNe..][epoch:  0, iter:       1, lr:(1.000e-03,)] [eta: 0:05:54, time (data): 1.840 (0.318)] l_pix: -2.2071e+01 
2025-05-21 02:50:05,822 INFO: Reducer buckets have been rebuilt in this iteration.
TCAPPDLL 2025-05-21 02:50:06.117665 - Epoch: 0 Iteration: 2  rank : 0  train.loss : -23.469179153442383  train.ips : 3.2562120902760903 imgs/s
2025-05-21 02:50:06,118 INFO: [NAFNe..][epoch:  0, iter:       2, lr:(1.000e-03,)] [eta: 0:04:03, time (data): 0.307 (0.003)] l_pix: -2.3469e+01 
TCAPPDLL 2025-05-21 02:50:06.344545 - Epoch: 0 Iteration: 3  rank : 0  train.loss : -21.638071060180664  train.ips : 4.436055729066962 imgs/s
2025-05-21 02:50:06,344 INFO: [NAFNe..][epoch:  0, iter:       3, lr:(1.000e-03,)] [eta: 0:03:06, time (data): 0.225 (0.002)] l_pix: -2.1638e+01 
TCAPPDLL 2025-05-21 02:50:06.566587 - Epoch: 0 Iteration: 4  rank : 0  train.loss : -26.317583084106445  train.ips : 4.529642493045116 imgs/s
2025-05-21 02:50:06,567 INFO: [NAFNe..][epoch:  0, iter:       4, lr:(1.000e-03,)] [eta: 0:02:31, time (data): 0.221 (0.002)] l_pix: -2.6318e+01 
TCAPPDLL 2025-05-21 02:50:06.783839 - Epoch: 0 Iteration: 5  rank : 0  train.loss : -26.607431411743164  train.ips : 4.637434006490168 imgs/s
2025-05-21 02:50:06,784 INFO: [NAFNe..][epoch:  0, iter:       5, lr:(1.000e-03,)] [eta: 0:02:08, time (data): 0.216 (0.004)] l_pix: -2.6607e+01 
TCAPPDLL 2025-05-21 02:50:07.002155 - Epoch: 0 Iteration: 6  rank : 0  train.loss : -25.783388137817383  train.ips : 4.610989938788433 imgs/s
2025-05-21 02:50:07,002 INFO: [NAFNe..][epoch:  0, iter:       6, lr:(1.000e-03,)] [eta: 0:01:51, time (data): 0.217 (0.003)] l_pix: -2.5783e+01 
TCAPPDLL 2025-05-21 02:50:07.231016 - Epoch: 0 Iteration: 7  rank : 0  train.loss : -22.775352478027344  train.ips : 4.393933584546711 imgs/s
2025-05-21 02:50:07,231 INFO: [NAFNe..][epoch:  0, iter:       7, lr:(1.000e-03,)] [eta: 0:01:39, time (data): 0.228 (0.002)] l_pix: -2.2775e+01 
TCAPPDLL 2025-05-21 02:50:07.442198 - Epoch: 0 Iteration: 8  rank : 0  train.loss : -26.767850875854492  train.ips : 4.771676905574516 imgs/s
2025-05-21 02:50:07,442 INFO: [NAFNe..][epoch:  0, iter:       8, lr:(1.000e-03,)] [eta: 0:01:29, time (data): 0.210 (0.001)] l_pix: -2.6768e+01 
TCAPPDLL 2025-05-21 02:50:07.654885 - Epoch: 0 Iteration: 9  rank : 0  train.loss : -25.549428939819336  train.ips : 4.73099785913612 imgs/s
2025-05-21 02:50:07,655 INFO: [NAFNe..][epoch:  0, iter:       9, lr:(1.000e-03,)] [eta: 0:01:21, time (data): 0.211 (0.003)] l_pix: -2.5549e+01 
TCAPPDLL 2025-05-21 02:50:07.872478 - Epoch: 0 Iteration: 10  rank : 0  train.loss : -20.817672729492188  train.ips : 4.619282620355309 imgs/s
2025-05-21 02:50:07,872 INFO: [NAFNe..][epoch:  0, iter:      10, lr:(1.000e-03,)] [eta: 0:01:15, time (data): 0.216 (0.003)] l_pix: -2.0818e+01 
TCAPPDLL 2025-05-21 02:50:08.105213 - Epoch: 0 Iteration: 11  rank : 0  train.loss : -26.03765869140625  train.ips : 4.323735007447954 imgs/s
2025-05-21 02:50:08,105 INFO: [NAFNe..][epoch:  0, iter:      11, lr:(1.000e-03,)] [eta: 0:01:09, time (data): 0.231 (0.002)] l_pix: -2.6038e+01 
TCAPPDLL 2025-05-21 02:50:08.320708 - Epoch: 0 Iteration: 12  rank : 0  train.loss : -28.280824661254883  train.ips : 4.669838304372562 imgs/s
2025-05-21 02:50:08,321 INFO: [NAFNe..][epoch:  0, iter:      12, lr:(1.000e-03,)] [eta: 0:01:05, time (data): 0.214 (0.003)] l_pix: -2.8281e+01 
TCAPPDLL 2025-05-21 02:50:08.546396 - Epoch: 0 Iteration: 13  rank : 0  train.loss : -23.51753807067871  train.ips : 4.45778115517672 imgs/s
2025-05-21 02:50:08,546 INFO: [NAFNe..][epoch:  0, iter:      13, lr:(1.000e-03,)] [eta: 0:01:01, time (data): 0.224 (0.002)] l_pix: -2.3518e+01 
TCAPPDLL 2025-05-21 02:50:08.765076 - Epoch: 0 Iteration: 14  rank : 0  train.loss : -27.21601676940918  train.ips : 4.601863433088006 imgs/s
2025-05-21 02:50:08,765 INFO: [NAFNe..][epoch:  0, iter:      14, lr:(1.000e-03,)] [eta: 0:00:57, time (data): 0.217 (0.003)] l_pix: -2.7216e+01 
TCAPPDLL 2025-05-21 02:50:08.977948 - Epoch: 0 Iteration: 15  rank : 0  train.loss : -26.618227005004883  train.ips : 4.718750667991211 imgs/s
2025-05-21 02:50:08,978 INFO: [NAFNe..][epoch:  0, iter:      15, lr:(1.000e-03,)] [eta: 0:00:54, time (data): 0.212 (0.002)] l_pix: -2.6618e+01 
TCAPPDLL 2025-05-21 02:50:09.202454 - Epoch: 0 Iteration: 16  rank : 0  train.loss : -23.990203857421875  train.ips : 4.481979878501627 imgs/s
2025-05-21 02:50:09,202 INFO: [NAFNe..][epoch:  0, iter:      16, lr:(1.000e-03,)] [eta: 0:00:51, time (data): 0.223 (0.003)] l_pix: -2.3990e+01 
TCAPPDLL 2025-05-21 02:50:09.428096 - Epoch: 0 Iteration: 17  rank : 0  train.loss : -28.801340103149414  train.ips : 4.458231292517007 imgs/s
2025-05-21 02:50:09,428 INFO: [NAFNe..][epoch:  0, iter:      17, lr:(1.000e-03,)] [eta: 0:00:49, time (data): 0.224 (0.003)] l_pix: -2.8801e+01 
TCAPPDLL 2025-05-21 02:50:09.646773 - Epoch: 0 Iteration: 18  rank : 0  train.loss : -30.800424575805664  train.ips : 4.606993907214354 imgs/s
2025-05-21 02:50:09,647 INFO: [NAFNe..][epoch:  0, iter:      18, lr:(1.000e-03,)] [eta: 0:00:47, time (data): 0.217 (0.002)] l_pix: -3.0800e+01 
TCAPPDLL 2025-05-21 02:50:09.856449 - Epoch: 0 Iteration: 19  rank : 0  train.loss : -26.355138778686523  train.ips : 4.81207313729247 imgs/s
2025-05-21 02:50:09,856 INFO: [NAFNe..][epoch:  0, iter:      19, lr:(1.000e-03,)] [eta: 0:00:45, time (data): 0.208 (0.003)] l_pix: -2.6355e+01 
TCAPPDLL 2025-05-21 02:50:10.074360 - Epoch: 0 Iteration: 20  rank : 0  train.loss : -23.029333114624023  train.ips : 4.623198086483031 imgs/s
2025-05-21 02:50:10,074 INFO: [NAFNe..][epoch:  0, iter:      20, lr:(1.000e-03,)] [eta: 0:00:43, time (data): 0.216 (0.003)] l_pix: -2.3029e+01 
TCAPPDLL 2025-05-21 02:50:10.293204 - Epoch: 0 Iteration: 21  rank : 0  train.loss : -27.45323371887207  train.ips : 4.598523404283312 imgs/s
2025-05-21 02:50:10,293 INFO: [NAFNe..][epoch:  0, iter:      21, lr:(1.000e-03,)] [eta: 0:00:41, time (data): 0.217 (0.003)] l_pix: -2.7453e+01 
TCAPPDLL 2025-05-21 02:50:10.516146 - Epoch: 0 Iteration: 22  rank : 0  train.loss : -28.751182556152344  train.ips : 4.515165183430093 imgs/s
2025-05-21 02:50:10,516 INFO: [NAFNe..][epoch:  0, iter:      22, lr:(1.000e-03,)] [eta: 0:00:39, time (data): 0.221 (0.003)] l_pix: -2.8751e+01 
TCAPPDLL 2025-05-21 02:50:10.731874 - Epoch: 0 Iteration: 23  rank : 0  train.loss : -29.004989624023438  train.ips : 4.668959790190329 imgs/s
2025-05-21 02:50:10,732 INFO: [NAFNe..][epoch:  0, iter:      23, lr:(1.000e-03,)] [eta: 0:00:38, time (data): 0.214 (0.003)] l_pix: -2.9005e+01 
TCAPPDLL 2025-05-21 02:50:10.946168 - Epoch: 0 Iteration: 24  rank : 0  train.loss : -27.177295684814453  train.ips : 4.696858461683177 imgs/s
2025-05-21 02:50:10,946 INFO: [NAFNe..][epoch:  0, iter:      24, lr:(1.000e-03,)] [eta: 0:00:37, time (data): 0.213 (0.003)] l_pix: -2.7177e+01 
TCAPPDLL 2025-05-21 02:50:11.168975 - Epoch: 0 Iteration: 25  rank : 0  train.loss : -27.99998664855957  train.ips : 4.520600978638098 imgs/s
2025-05-21 02:50:11,169 INFO: [NAFNe..][epoch:  0, iter:      25, lr:(1.000e-03,)] [eta: 0:00:35, time (data): 0.221 (0.003)] l_pix: -2.8000e+01 
TCAPPDLL 2025-05-21 02:50:11.387612 - Epoch: 0 Iteration: 26  rank : 0  train.loss : -27.73566246032715  train.ips : 4.6025805064007885 imgs/s
2025-05-21 02:50:11,387 INFO: [NAFNe..][epoch:  0, iter:      26, lr:(1.000e-03,)] [eta: 0:00:34, time (data): 0.217 (0.002)] l_pix: -2.7736e+01 
TCAPPDLL 2025-05-21 02:50:11.618842 - Epoch: 0 Iteration: 27  rank : 0  train.loss : -31.125314712524414  train.ips : 4.353403483715881 imgs/s
2025-05-21 02:50:11,619 INFO: [NAFNe..][epoch:  0, iter:      27, lr:(1.000e-03,)] [eta: 0:00:33, time (data): 0.230 (0.002)] l_pix: -3.1125e+01 
TCAPPDLL 2025-05-21 02:50:11.837822 - Epoch: 0 Iteration: 28  rank : 0  train.loss : -25.409677505493164  train.ips : 4.5984679462651945 imgs/s
2025-05-21 02:50:11,838 INFO: [NAFNe..][epoch:  0, iter:      28, lr:(1.000e-03,)] [eta: 0:00:32, time (data): 0.217 (0.003)] l_pix: -2.5410e+01 
TCAPPDLL 2025-05-21 02:50:12.065270 - Epoch: 0 Iteration: 29  rank : 0  train.loss : -28.938037872314453  train.ips : 4.4271920084104215 imgs/s
2025-05-21 02:50:12,065 INFO: [NAFNe..][epoch:  0, iter:      29, lr:(1.000e-03,)] [eta: 0:00:31, time (data): 0.226 (0.003)] l_pix: -2.8938e+01 
TCAPPDLL 2025-05-21 02:50:12.281622 - Epoch: 0 Iteration: 30  rank : 0  train.loss : -29.721534729003906  train.ips : 4.651494769388418 imgs/s
2025-05-21 02:50:12,281 INFO: [NAFNe..][epoch:  0, iter:      30, lr:(1.000e-03,)] [eta: 0:00:30, time (data): 0.215 (0.002)] l_pix: -2.9722e+01 
TCAPPDLL 2025-05-21 02:50:12.491704 - Epoch: 0 Iteration: 31  rank : 0  train.loss : -29.52792739868164  train.ips : 4.793117791988736 imgs/s
2025-05-21 02:50:12,492 INFO: [NAFNe..][epoch:  0, iter:      31, lr:(1.000e-03,)] [eta: 0:00:29, time (data): 0.209 (0.002)] l_pix: -2.9528e+01 
TCAPPDLL 2025-05-21 02:50:12.715470 - Epoch: 0 Iteration: 32  rank : 0  train.loss : -28.635974884033203  train.ips : 4.504695541598289 imgs/s
2025-05-21 02:50:12,715 INFO: [NAFNe..][epoch:  0, iter:      32, lr:(1.000e-03,)] [eta: 0:00:28, time (data): 0.222 (0.002)] l_pix: -2.8636e+01 
TCAPPDLL 2025-05-21 02:50:12.925919 - Epoch: 0 Iteration: 33  rank : 0  train.loss : -27.058820724487305  train.ips : 4.773045287158548 imgs/s
2025-05-21 02:50:12,926 INFO: [NAFNe..][epoch:  0, iter:      33, lr:(1.000e-03,)] [eta: 0:00:27, time (data): 0.210 (0.002)] l_pix: -2.7059e+01 
TCAPPDLL 2025-05-21 02:50:13.146526 - Epoch: 0 Iteration: 34  rank : 0  train.loss : -26.370010375976562  train.ips : 4.561505165851006 imgs/s
2025-05-21 02:50:13,146 INFO: [NAFNe..][epoch:  0, iter:      34, lr:(1.000e-03,)] [eta: 0:00:27, time (data): 0.219 (0.002)] l_pix: -2.6370e+01 
TCAPPDLL 2025-05-21 02:50:13.375684 - Epoch: 0 Iteration: 35  rank : 0  train.loss : -28.71129035949707  train.ips : 4.394992544562351 imgs/s
2025-05-21 02:50:13,376 INFO: [NAFNe..][epoch:  0, iter:      35, lr:(1.000e-03,)] [eta: 0:00:26, time (data): 0.228 (0.003)] l_pix: -2.8711e+01 
TCAPPDLL 2025-05-21 02:50:13.593142 - Epoch: 0 Iteration: 36  rank : 0  train.loss : -27.840417861938477  train.ips : 4.62771240532027 imgs/s
2025-05-21 02:50:13,593 INFO: [NAFNe..][epoch:  0, iter:      36, lr:(1.000e-03,)] [eta: 0:00:25, time (data): 0.216 (0.002)] l_pix: -2.7840e+01 
TCAPPDLL 2025-05-21 02:50:13.823733 - Epoch: 0 Iteration: 37  rank : 0  train.loss : -28.33297348022461  train.ips : 4.362727078880169 imgs/s
2025-05-21 02:50:13,824 INFO: [NAFNe..][epoch:  0, iter:      37, lr:(1.000e-03,)] [eta: 0:00:24, time (data): 0.229 (0.003)] l_pix: -2.8333e+01 
TCAPPDLL 2025-05-21 02:50:14.033198 - Epoch: 0 Iteration: 38  rank : 0  train.loss : -31.834333419799805  train.ips : 4.804994816159834 imgs/s
2025-05-21 02:50:14,033 INFO: [NAFNe..][epoch:  0, iter:      38, lr:(1.000e-03,)] [eta: 0:00:24, time (data): 0.208 (0.002)] l_pix: -3.1834e+01 
TCAPPDLL 2025-05-21 02:50:14.310583 - Epoch: 0 Iteration: 39  rank : 0  train.loss : -24.8228702545166  train.ips : 3.6222024745604924 imgs/s
2025-05-21 02:50:14,310 INFO: [NAFNe..][epoch:  0, iter:      39, lr:(1.000e-03,)] [eta: 0:00:23, time (data): 0.276 (0.002)] l_pix: -2.4823e+01 
TCAPPDLL 2025-05-21 02:50:14.528994 - Epoch: 0 Iteration: 40  rank : 0  train.loss : -29.8800048828125  train.ips : 4.607034389886787 imgs/s
2025-05-21 02:50:14,529 INFO: [NAFNe..][epoch:  0, iter:      40, lr:(1.000e-03,)] [eta: 0:00:22, time (data): 0.217 (0.002)] l_pix: -2.9880e+01 
TCAPPDLL 2025-05-21 02:50:14.739808 - Epoch: 0 Iteration: 41  rank : 0  train.loss : -31.50106430053711  train.ips : 4.764906293560117 imgs/s
2025-05-21 02:50:14,740 INFO: [NAFNe..][epoch:  0, iter:      41, lr:(1.000e-03,)] [eta: 0:00:22, time (data): 0.210 (0.003)] l_pix: -3.1501e+01 
TCAPPDLL 2025-05-21 02:50:14.981194 - Epoch: 0 Iteration: 42  rank : 0  train.loss : -29.584495544433594  train.ips : 4.164763333674249 imgs/s
2025-05-21 02:50:14,981 INFO: [NAFNe..][epoch:  0, iter:      42, lr:(1.000e-03,)] [eta: 0:00:21, time (data): 0.240 (0.003)] l_pix: -2.9584e+01 
TCAPPDLL 2025-05-21 02:50:15.192549 - Epoch: 0 Iteration: 43  rank : 0  train.loss : -30.805192947387695  train.ips : 4.770900752209823 imgs/s
2025-05-21 02:50:15,192 INFO: [NAFNe..][epoch:  0, iter:      43, lr:(1.000e-03,)] [eta: 0:00:21, time (data): 0.210 (0.003)] l_pix: -3.0805e+01 
TCAPPDLL 2025-05-21 02:50:15.402333 - Epoch: 0 Iteration: 44  rank : 0  train.loss : -27.908199310302734  train.ips : 4.797898869361104 imgs/s
2025-05-21 02:50:15,402 INFO: [NAFNe..][epoch:  0, iter:      44, lr:(1.000e-03,)] [eta: 0:00:20, time (data): 0.208 (0.002)] l_pix: -2.7908e+01 
TCAPPDLL 2025-05-21 02:50:15.615894 - Epoch: 0 Iteration: 45  rank : 0  train.loss : -31.03363037109375  train.ips : 4.702920106609737 imgs/s
2025-05-21 02:50:15,616 INFO: [NAFNe..][epoch:  0, iter:      45, lr:(1.000e-03,)] [eta: 0:00:19, time (data): 0.213 (0.004)] l_pix: -3.1034e+01 
TCAPPDLL 2025-05-21 02:50:15.844618 - Epoch: 0 Iteration: 46  rank : 0  train.loss : -28.32870864868164  train.ips : 4.4061841785961535 imgs/s
2025-05-21 02:50:15,844 INFO: [NAFNe..][epoch:  0, iter:      46, lr:(1.000e-03,)] [eta: 0:00:19, time (data): 0.227 (0.003)] l_pix: -2.8329e+01 
TCAPPDLL 2025-05-21 02:50:16.067949 - Epoch: 0 Iteration: 47  rank : 0  train.loss : -30.730195999145508  train.ips : 4.508981295641527 imgs/s
2025-05-21 02:50:16,068 INFO: [NAFNe..][epoch:  0, iter:      47, lr:(1.000e-03,)] [eta: 0:00:18, time (data): 0.222 (0.003)] l_pix: -3.0730e+01 
TCAPPDLL 2025-05-21 02:50:16.285374 - Epoch: 0 Iteration: 48  rank : 0  train.loss : -30.29189109802246  train.ips : 4.627462229449886 imgs/s
2025-05-21 02:50:16,285 INFO: [NAFNe..][epoch:  0, iter:      48, lr:(1.000e-03,)] [eta: 0:00:18, time (data): 0.216 (0.002)] l_pix: -3.0292e+01 
TCAPPDLL 2025-05-21 02:50:16.499984 - Epoch: 0 Iteration: 49  rank : 0  train.loss : -32.5374641418457  train.ips : 4.6891866963753674 imgs/s
2025-05-21 02:50:16,500 INFO: [NAFNe..][epoch:  0, iter:      49, lr:(1.000e-03,)] [eta: 0:00:17, time (data): 0.213 (0.003)] l_pix: -3.2537e+01 
TCAPPDLL 2025-05-21 02:50:16.709437 - Epoch: 0 Iteration: 50  rank : 0  train.loss : -31.606008529663086  train.ips : 4.803877641712137 imgs/s
2025-05-21 02:50:16,709 INFO: [NAFNe..][epoch:  0, iter:      50, lr:(1.000e-03,)] [eta: 0:00:17, time (data): 0.208 (0.002)] l_pix: -3.1606e+01 
TCAPPDLL 2025-05-21 02:50:16.925579 - Epoch: 0 Iteration: 51  rank : 0  train.loss : -30.223215103149414  train.ips : 4.656777929760361 imgs/s
2025-05-21 02:50:16,925 INFO: [NAFNe..][epoch:  0, iter:      51, lr:(1.000e-03,)] [eta: 0:00:16, time (data): 0.215 (0.002)] l_pix: -3.0223e+01 
TCAPPDLL 2025-05-21 02:50:17.132663 - Epoch: 0 Iteration: 52  rank : 0  train.loss : -26.44847869873047  train.ips : 4.858494161310239 imgs/s
2025-05-21 02:50:17,132 INFO: [NAFNe..][epoch:  0, iter:      52, lr:(1.000e-03,)] [eta: 0:00:16, time (data): 0.206 (0.003)] l_pix: -2.6448e+01 
TCAPPDLL 2025-05-21 02:50:17.356162 - Epoch: 0 Iteration: 53  rank : 0  train.loss : -30.3077449798584  train.ips : 4.501504685776104 imgs/s
2025-05-21 02:50:17,356 INFO: [NAFNe..][epoch:  0, iter:      53, lr:(1.000e-03,)] [eta: 0:00:15, time (data): 0.222 (0.002)] l_pix: -3.0308e+01 
TCAPPDLL 2025-05-21 02:50:17.573538 - Epoch: 0 Iteration: 54  rank : 0  train.loss : -32.21209716796875  train.ips : 4.630757527747754 imgs/s
2025-05-21 02:50:17,573 INFO: [NAFNe..][epoch:  0, iter:      54, lr:(1.000e-03,)] [eta: 0:00:15, time (data): 0.216 (0.003)] l_pix: -3.2212e+01 
TCAPPDLL 2025-05-21 02:50:17.786525 - Epoch: 0 Iteration: 55  rank : 0  train.loss : -28.619964599609375  train.ips : 4.727590377334459 imgs/s
2025-05-21 02:50:17,786 INFO: [NAFNe..][epoch:  0, iter:      55, lr:(1.000e-03,)] [eta: 0:00:15, time (data): 0.212 (0.003)] l_pix: -2.8620e+01 
TCAPPDLL 2025-05-21 02:50:17.998255 - Epoch: 0 Iteration: 56  rank : 0  train.loss : -29.944913864135742  train.ips : 4.751099617470183 imgs/s
2025-05-21 02:50:17,998 INFO: [NAFNe..][epoch:  0, iter:      56, lr:(1.000e-03,)] [eta: 0:00:14, time (data): 0.210 (0.002)] l_pix: -2.9945e+01 
TCAPPDLL 2025-05-21 02:50:18.219348 - Epoch: 0 Iteration: 57  rank : 0  train.loss : -27.45232582092285  train.ips : 4.551071605281204 imgs/s
2025-05-21 02:50:18,219 INFO: [NAFNe..][epoch:  0, iter:      57, lr:(1.000e-03,)] [eta: 0:00:14, time (data): 0.220 (0.005)] l_pix: -2.7452e+01 
TCAPPDLL 2025-05-21 02:50:18.429420 - Epoch: 0 Iteration: 58  rank : 0  train.loss : -27.875225067138672  train.ips : 4.792153959353049 imgs/s
2025-05-21 02:50:18,429 INFO: [NAFNe..][epoch:  0, iter:      58, lr:(1.000e-03,)] [eta: 0:00:13, time (data): 0.209 (0.003)] l_pix: -2.7875e+01 
TCAPPDLL 2025-05-21 02:50:18.655197 - Epoch: 0 Iteration: 59  rank : 0  train.loss : -30.7640438079834  train.ips : 4.456222960740482 imgs/s
2025-05-21 02:50:18,655 INFO: [NAFNe..][epoch:  0, iter:      59, lr:(1.000e-03,)] [eta: 0:00:13, time (data): 0.224 (0.004)] l_pix: -3.0764e+01 
TCAPPDLL 2025-05-21 02:50:18.865010 - Epoch: 0 Iteration: 60  rank : 0  train.loss : -31.562320709228516  train.ips : 4.798178791848034 imgs/s
2025-05-21 02:50:18,865 INFO: [NAFNe..][epoch:  0, iter:      60, lr:(1.000e-03,)] [eta: 0:00:12, time (data): 0.208 (0.002)] l_pix: -3.1562e+01 
TCAPPDLL 2025-05-21 02:50:19.075918 - Epoch: 0 Iteration: 61  rank : 0  train.loss : -32.35104751586914  train.ips : 4.779087481498615 imgs/s
2025-05-21 02:50:19,076 INFO: [NAFNe..][epoch:  0, iter:      61, lr:(1.000e-03,)] [eta: 0:00:12, time (data): 0.209 (0.002)] l_pix: -3.2351e+01 
TCAPPDLL 2025-05-21 02:50:19.294230 - Epoch: 0 Iteration: 62  rank : 0  train.loss : -31.406164169311523  train.ips : 4.61521634596869 imgs/s
2025-05-21 02:50:19,294 INFO: [NAFNe..][epoch:  0, iter:      62, lr:(1.000e-03,)] [eta: 0:00:12, time (data): 0.217 (0.003)] l_pix: -3.1406e+01 
TCAPPDLL 2025-05-21 02:50:19.603588 - Epoch: 0 Iteration: 63  rank : 0  train.loss : -29.846420288085938  train.ips : 3.247579396941736 imgs/s
2025-05-21 02:50:19,604 INFO: [NAFNe..][epoch:  0, iter:      63, lr:(1.000e-03,)] [eta: 0:00:11, time (data): 0.308 (0.002)] l_pix: -2.9846e+01 
TCAPPDLL 2025-05-21 02:50:19.934517 - Epoch: 0 Iteration: 64  rank : 0  train.loss : -34.16935729980469  train.ips : 3.0408623417147944 imgs/s
2025-05-21 02:50:19,935 INFO: [NAFNe..][epoch:  0, iter:      64, lr:(1.000e-03,)] [eta: 0:00:11, time (data): 0.329 (0.003)] l_pix: -3.4169e+01 
TCAPPDLL 2025-05-21 02:50:20.329360 - Epoch: 0 Iteration: 65  rank : 0  train.loss : -34.901615142822266  train.ips : 2.5451105440886903 imgs/s
2025-05-21 02:50:20,329 INFO: [NAFNe..][epoch:  0, iter:      65, lr:(1.000e-03,)] [eta: 0:00:11, time (data): 0.393 (0.006)] l_pix: -3.4902e+01 
TCAPPDLL 2025-05-21 02:50:20.727278 - Epoch: 0 Iteration: 66  rank : 0  train.loss : -32.092567443847656  train.ips : 2.526048514202121 imgs/s
2025-05-21 02:50:20,728 INFO: [NAFNe..][epoch:  0, iter:      66, lr:(1.000e-03,)] [eta: 0:00:10, time (data): 0.396 (0.008)] l_pix: -3.2093e+01 
TCAPPDLL 2025-05-21 02:50:20.994395 - Epoch: 0 Iteration: 67  rank : 0  train.loss : -34.16305160522461  train.ips : 3.7649897489111583 imgs/s
2025-05-21 02:50:20,994 INFO: [NAFNe..][epoch:  0, iter:      67, lr:(1.000e-03,)] [eta: 0:00:10, time (data): 0.266 (0.002)] l_pix: -3.4163e+01 
TCAPPDLL 2025-05-21 02:50:21.257696 - Epoch: 0 Iteration: 68  rank : 0  train.loss : -32.87851333618164  train.ips : 3.819208113544458 imgs/s
2025-05-21 02:50:21,258 INFO: [NAFNe..][epoch:  0, iter:      68, lr:(1.000e-03,)] [eta: 0:00:10, time (data): 0.262 (0.003)] l_pix: -3.2879e+01 
TCAPPDLL 2025-05-21 02:50:21.514670 - Epoch: 0 Iteration: 69  rank : 0  train.loss : -29.6882266998291  train.ips : 3.915994286087744 imgs/s
2025-05-21 02:50:21,515 INFO: [NAFNe..][epoch:  0, iter:      69, lr:(1.000e-03,)] [eta: 0:00:09, time (data): 0.255 (0.003)] l_pix: -2.9688e+01 
TCAPPDLL 2025-05-21 02:50:21.795082 - Epoch: 0 Iteration: 70  rank : 0  train.loss : -27.656742095947266  train.ips : 3.584170633123403 imgs/s
2025-05-21 02:50:21,795 INFO: [NAFNe..][epoch:  0, iter:      70, lr:(1.000e-03,)] [eta: 0:00:09, time (data): 0.279 (0.003)] l_pix: -2.7657e+01 
TCAPPDLL 2025-05-21 02:50:22.133355 - Epoch: 0 Iteration: 71  rank : 0  train.loss : -29.795686721801758  train.ips : 2.9730558871313013 imgs/s
2025-05-21 02:50:22,133 INFO: [NAFNe..][epoch:  0, iter:      71, lr:(1.000e-03,)] [eta: 0:00:09, time (data): 0.336 (0.003)] l_pix: -2.9796e+01 
TCAPPDLL 2025-05-21 02:50:22.413220 - Epoch: 0 Iteration: 72  rank : 0  train.loss : -25.70679473876953  train.ips : 3.5989264066886784 imgs/s
2025-05-21 02:50:22,413 INFO: [NAFNe..][epoch:  0, iter:      72, lr:(1.000e-03,)] [eta: 0:00:08, time (data): 0.278 (0.010)] l_pix: -2.5707e+01 
TCAPPDLL 2025-05-21 02:50:22.658320 - Epoch: 0 Iteration: 73  rank : 0  train.loss : -24.9798583984375  train.ips : 4.10455784276788 imgs/s
2025-05-21 02:50:22,658 INFO: [NAFNe..][epoch:  0, iter:      73, lr:(1.000e-03,)] [eta: 0:00:08, time (data): 0.244 (0.003)] l_pix: -2.4980e+01 
TCAPPDLL 2025-05-21 02:50:22.883456 - Epoch: 0 Iteration: 74  rank : 0  train.loss : -25.871768951416016  train.ips : 4.4747022682343705 imgs/s
2025-05-21 02:50:22,883 INFO: [NAFNe..][epoch:  0, iter:      74, lr:(1.000e-03,)] [eta: 0:00:08, time (data): 0.223 (0.003)] l_pix: -2.5872e+01 
TCAPPDLL 2025-05-21 02:50:23.101582 - Epoch: 0 Iteration: 75  rank : 0  train.loss : -33.2990608215332  train.ips : 4.614490253503524 imgs/s
2025-05-21 02:50:23,101 INFO: [NAFNe..][epoch:  0, iter:      75, lr:(1.000e-03,)] [eta: 0:00:07, time (data): 0.217 (0.002)] l_pix: -3.3299e+01 
TCAPPDLL 2025-05-21 02:50:23.394410 - Epoch: 0 Iteration: 76  rank : 0  train.loss : -28.01649284362793  train.ips : 3.4314119146610644 imgs/s
2025-05-21 02:50:23,394 INFO: [NAFNe..][epoch:  0, iter:      76, lr:(1.000e-03,)] [eta: 0:00:07, time (data): 0.291 (0.003)] l_pix: -2.8016e+01 
TCAPPDLL 2025-05-21 02:50:23.670906 - Epoch: 0 Iteration: 77  rank : 0  train.loss : -31.137903213500977  train.ips : 3.6363497647901317 imgs/s
2025-05-21 02:50:23,671 INFO: [NAFNe..][epoch:  0, iter:      77, lr:(1.000e-03,)] [eta: 0:00:07, time (data): 0.275 (0.007)] l_pix: -3.1138e+01 
TCAPPDLL 2025-05-21 02:50:23.928593 - Epoch: 0 Iteration: 78  rank : 0  train.loss : -33.72636795043945  train.ips : 3.902825388672391 imgs/s
2025-05-21 02:50:23,929 INFO: [NAFNe..][epoch:  0, iter:      78, lr:(1.000e-03,)] [eta: 0:00:06, time (data): 0.256 (0.003)] l_pix: -3.3726e+01 
TCAPPDLL 2025-05-21 02:50:24.167392 - Epoch: 0 Iteration: 79  rank : 0  train.loss : -29.061525344848633  train.ips : 4.21873893591683 imgs/s
2025-05-21 02:50:24,167 INFO: [NAFNe..][epoch:  0, iter:      79, lr:(1.000e-03,)] [eta: 0:00:06, time (data): 0.237 (0.002)] l_pix: -2.9062e+01 
TCAPPDLL 2025-05-21 02:50:24.408076 - Epoch: 0 Iteration: 80  rank : 0  train.loss : -30.703632354736328  train.ips : 4.187102184243102 imgs/s
2025-05-21 02:50:24,408 INFO: [NAFNe..][epoch:  0, iter:      80, lr:(1.000e-03,)] [eta: 0:00:06, time (data): 0.239 (0.003)] l_pix: -3.0704e+01 
TCAPPDLL 2025-05-21 02:50:24.662683 - Epoch: 0 Iteration: 81  rank : 0  train.loss : -28.721586227416992  train.ips : 3.9569502935893373 imgs/s
2025-05-21 02:50:24,663 INFO: [NAFNe..][epoch:  0, iter:      81, lr:(1.000e-03,)] [eta: 0:00:05, time (data): 0.253 (0.003)] l_pix: -2.8722e+01 
TCAPPDLL 2025-05-21 02:50:24.904757 - Epoch: 0 Iteration: 82  rank : 0  train.loss : -26.71039581298828  train.ips : 4.155434069711915 imgs/s
2025-05-21 02:50:24,905 INFO: [NAFNe..][epoch:  0, iter:      82, lr:(1.000e-03,)] [eta: 0:00:05, time (data): 0.241 (0.003)] l_pix: -2.6710e+01 
TCAPPDLL 2025-05-21 02:50:25.133478 - Epoch: 0 Iteration: 83  rank : 0  train.loss : -32.411258697509766  train.ips : 4.400982961854616 imgs/s
2025-05-21 02:50:25,133 INFO: [NAFNe..][epoch:  0, iter:      83, lr:(1.000e-03,)] [eta: 0:00:05, time (data): 0.227 (0.003)] l_pix: -3.2411e+01 
TCAPPDLL 2025-05-21 02:50:25.367562 - Epoch: 0 Iteration: 84  rank : 0  train.loss : -27.044710159301758  train.ips : 4.297570317150817 imgs/s
2025-05-21 02:50:25,367 INFO: [NAFNe..][epoch:  0, iter:      84, lr:(1.000e-03,)] [eta: 0:00:04, time (data): 0.233 (0.003)] l_pix: -2.7045e+01 
TCAPPDLL 2025-05-21 02:50:25.599644 - Epoch: 0 Iteration: 85  rank : 0  train.loss : -32.82284164428711  train.ips : 4.329045542510644 imgs/s
2025-05-21 02:50:25,600 INFO: [NAFNe..][epoch:  0, iter:      85, lr:(1.000e-03,)] [eta: 0:00:04, time (data): 0.231 (0.003)] l_pix: -3.2823e+01 
TCAPPDLL 2025-05-21 02:50:25.913825 - Epoch: 0 Iteration: 86  rank : 0  train.loss : -32.31327819824219  train.ips : 3.2046649939028677 imgs/s
2025-05-21 02:50:25,914 INFO: [NAFNe..][epoch:  0, iter:      86, lr:(1.000e-03,)] [eta: 0:00:04, time (data): 0.312 (0.004)] l_pix: -3.2313e+01 
TCAPPDLL 2025-05-21 02:50:26.169852 - Epoch: 0 Iteration: 87  rank : 0  train.loss : -31.296363830566406  train.ips : 3.934294354687418 imgs/s
2025-05-21 02:50:26,170 INFO: [NAFNe..][epoch:  0, iter:      87, lr:(1.000e-03,)] [eta: 0:00:03, time (data): 0.254 (0.007)] l_pix: -3.1296e+01 
TCAPPDLL 2025-05-21 02:50:26.402450 - Epoch: 0 Iteration: 88  rank : 0  train.loss : -34.43697738647461  train.ips : 4.326951010167701 imgs/s
2025-05-21 02:50:26,402 INFO: [NAFNe..][epoch:  0, iter:      88, lr:(1.000e-03,)] [eta: 0:00:03, time (data): 0.231 (0.003)] l_pix: -3.4437e+01 
TCAPPDLL 2025-05-21 02:50:26.625503 - Epoch: 0 Iteration: 89  rank : 0  train.loss : -31.56080436706543  train.ips : 4.515874938495313 imgs/s
2025-05-21 02:50:26,625 INFO: [NAFNe..][epoch:  0, iter:      89, lr:(1.000e-03,)] [eta: 0:00:03, time (data): 0.221 (0.003)] l_pix: -3.1561e+01 
TCAPPDLL 2025-05-21 02:50:26.861424 - Epoch: 0 Iteration: 90  rank : 0  train.loss : -33.79587173461914  train.ips : 4.266154575358183 imgs/s
2025-05-21 02:50:26,861 INFO: [NAFNe..][epoch:  0, iter:      90, lr:(1.000e-03,)] [eta: 0:00:02, time (data): 0.234 (0.003)] l_pix: -3.3796e+01 
TCAPPDLL 2025-05-21 02:50:27.097971 - Epoch: 0 Iteration: 91  rank : 0  train.loss : -31.20564079284668  train.ips : 4.255783041822163 imgs/s
2025-05-21 02:50:27,098 INFO: [NAFNe..][epoch:  0, iter:      91, lr:(1.000e-03,)] [eta: 0:00:02, time (data): 0.235 (0.003)] l_pix: -3.1206e+01 
TCAPPDLL 2025-05-21 02:50:27.335749 - Epoch: 0 Iteration: 92  rank : 0  train.loss : -29.077129364013672  train.ips : 4.231328121059269 imgs/s
2025-05-21 02:50:27,336 INFO: [NAFNe..][epoch:  0, iter:      92, lr:(1.000e-03,)] [eta: 0:00:02, time (data): 0.236 (0.003)] l_pix: -2.9077e+01 
TCAPPDLL 2025-05-21 02:50:27.563772 - Epoch: 0 Iteration: 93  rank : 0  train.loss : -34.5994987487793  train.ips : 4.420109725433496 imgs/s
2025-05-21 02:50:27,564 INFO: [NAFNe..][epoch:  0, iter:      93, lr:(1.000e-03,)] [eta: 0:00:01, time (data): 0.226 (0.003)] l_pix: -3.4599e+01 
TCAPPDLL 2025-05-21 02:50:27.790497 - Epoch: 0 Iteration: 94  rank : 0  train.loss : -30.731952667236328  train.ips : 4.439135648417151 imgs/s
2025-05-21 02:50:27,790 INFO: [NAFNe..][epoch:  0, iter:      94, lr:(1.000e-03,)] [eta: 0:00:01, time (data): 0.225 (0.003)] l_pix: -3.0732e+01 
TCAPPDLL 2025-05-21 02:50:28.063495 - Epoch: 0 Iteration: 95  rank : 0  train.loss : -27.960712432861328  train.ips : 3.684074428017314 imgs/s
2025-05-21 02:50:28,063 INFO: [NAFNe..][epoch:  0, iter:      95, lr:(1.000e-03,)] [eta: 0:00:01, time (data): 0.271 (0.003)] l_pix: -2.7961e+01 
TCAPPDLL 2025-05-21 02:50:28.333083 - Epoch: 0 Iteration: 96  rank : 0  train.loss : -31.95770263671875  train.ips : 3.734999861973529 imgs/s
2025-05-21 02:50:28,333 INFO: [NAFNe..][epoch:  0, iter:      96, lr:(1.000e-03,)] [eta: 0:00:00, time (data): 0.268 (0.006)] l_pix: -3.1958e+01 
TCAPPDLL 2025-05-21 02:50:28.565163 - Epoch: 0 Iteration: 97  rank : 0  train.loss : -31.078033447265625  train.ips : 4.342253252830439 imgs/s
2025-05-21 02:50:28,565 INFO: [NAFNe..][epoch:  0, iter:      97, lr:(1.000e-03,)] [eta: 0:00:00, time (data): 0.230 (0.003)] l_pix: -3.1078e+01 
TCAPPDLL 2025-05-21 02:50:28.795927 - Epoch: 0 Iteration: 98  rank : 0  train.loss : -28.124492645263672  train.ips : 4.3669377844967245 imgs/s
2025-05-21 02:50:28,796 INFO: [NAFNe..][epoch:  0, iter:      98, lr:(1.000e-03,)] [eta: 0:00:00, time (data): 0.229 (0.003)] l_pix: -2.8124e+01 
TCAPPDLL 2025-05-21 02:50:29.040143 - Epoch: 0 Iteration: 99  rank : 0  train.loss : -33.829246520996094  train.ips : 4.108928679889261 imgs/s
2025-05-21 02:50:29,041 INFO: [NAFNe..][epoch:  0, iter:      99, lr:(1.000e-03,)] [eta: 0:00:00, time (data): 0.243 (0.002)] l_pix: -3.3829e+01 
TCAPPDLL 2025-05-21 02:50:29.306407 - Epoch: 0 Iteration: 100  rank : 0  train.loss : -29.870420455932617  train.ips : 3.7812582545628293 imgs/s
2025-05-21 02:50:29,306 INFO: [NAFNe..][epoch:  0, iter:     100, lr:(1.000e-03,)] [eta: 0:00:00, time (data): 0.264 (0.002)] l_pix: -2.9870e+01 
2025-05-21 02:50:29,310 INFO: End of training. Time consumed: 0:00:25
2025-05-21 02:50:29,311 INFO: Save the latest model.
