--------------+------------------------------------------------
 Host IP      | 10.244.37.153
 PyTorch      | 2.4.0a0+git4451b0e
 Torch-SDAA   | 20250508.11.43.dev0+git97b789a
--------------+------------------------------------------------
 SDAA Driver  | 2.1.0 (N/A)
 SDAA Runtime | 2.1.0 (/opt/tecoai/lib64/libsdaart.so)
 SDPTI        | 1.4.0b0 (/opt/tecoai/lib64/libsdpti.so)
 TecoDNN      | 2.1.0 (/opt/tecoai/lib64/libtecodnn.so)
 TecoBLAS     | 2.1.0 (/opt/tecoai/lib64/libtecoblas.so)
 CustomDNN    | 1.20.0a0 (/opt/tecoai/lib64/libtecodnn_ext.so)
 TecoRAND     | 2.0.1 (/opt/tecoai/lib64/libtecorand.so)
 TCCL         | 1.23.0 (/opt/tecoai/lib64/libtccl.so)
--------------+------------------------------------------------
--------------+------------------------------------------------
 Host IP      | 10.244.37.153
 PyTorch      | 2.4.0a0+git4451b0e
 Torch-SDAA   | 20250508.11.43.dev0+git97b789a
--------------+------------------------------------------------
 SDAA Driver  | 2.1.0 (N/A)
 SDAA Runtime | 2.1.0 (/opt/tecoai/lib64/libsdaart.so)
 SDPTI        | 1.4.0b0 (/opt/tecoai/lib64/libsdpti.so)
 TecoDNN      | 2.1.0 (/opt/tecoai/lib64/libtecodnn.so)
 TecoBLAS     | 2.1.0 (/opt/tecoai/lib64/libtecoblas.so)
 CustomDNN    | 1.20.0a0 (/opt/tecoai/lib64/libtecodnn_ext.so)
 TecoRAND     | 2.0.1 (/opt/tecoai/lib64/libtecorand.so)
 TCCL         | 1.23.0 (/opt/tecoai/lib64/libtccl.so)
--------------+------------------------------------------------
init dist ..  pytorch
2025-05-21 06:50:08,854 INFO: 
                ____                _       _____  ____
               / __ ) ____ _ _____ (_)_____/ ___/ / __ \
              / __  |/ __ `// ___// // ___/\__ \ / /_/ /
             / /_/ // /_/ /(__  )/ // /__ ___/ // _, _/
            /_____/ \__,_//____//_/ \___//____//_/ |_|
     ______                   __   __                 __      __
    / ____/____   ____   ____/ /  / /   __  __ _____ / /__   / /
   / / __ / __ \ / __ \ / __  /  / /   / / / // ___// //_/  / /
  / /_/ // /_/ // /_/ // /_/ /  / /___/ /_/ // /__ / /<    /_/
  \____/ \____/ \____/ \____/  /_____/\____/ \___//_/|_|  (_)
    
Version Information: 
	BasicSR: 1.2.0+2b4af71
	PyTorch: 2.4.0a0+git4451b0e
	TorchVision: 0.15.1a0+42759b1
2025-05-21 06:50:08,855 INFO: 
  name: NAFNet-SIDD-width32
  model_type: ImageRestorationModel
  scale: 1
  num_gpu: 1
  manual_seed: 10
  datasets:[
    train:[
      name: SIDD
      type: PairedImageDataset
      dataroot_gt: ./datasets/SIDD/train/gt_crops.lmdb
      dataroot_lq: ./datasets/SIDD/train/input_crops.lmdb
      filename_tmpl: {}
      io_backend:[
        type: lmdb
      ]
      gt_size: 256
      use_flip: False
      use_rot: False
      use_amp: True
      use_compile: True
      use_shuffle: True
      num_worker_per_gpu: 4
      batch_size_per_gpu: 4
      dataset_enlarge_ratio: 1
      prefetch_mode: None
      phase: train
      scale: 1
    ]
    val:[
      name: SIDD_val
      type: PairedImageDataset
      dataroot_gt: ./datasets/SIDD/val/gt_crops.lmdb
      dataroot_lq: ./datasets/SIDD/val/input_crops.lmdb
      io_backend:[
        type: lmdb
      ]
      phase: val
      scale: 1
    ]
  ]
  network_g:[
    type: NAFNet
    width: 32
    enc_blk_nums: [2, 2, 4, 8]
    middle_blk_num: 12
    dec_blk_nums: [2, 2, 2, 2]
  ]
  path:[
    pretrain_network_g: None
    strict_load_g: True
    resume_state: None
    root: /data/bigc-data/lcs/NAFNet
    experiments_root: /data/bigc-data/lcs/NAFNet/experiments/NAFNet-SIDD-width32
    models: /data/bigc-data/lcs/NAFNet/experiments/NAFNet-SIDD-width32/models
    training_states: /data/bigc-data/lcs/NAFNet/experiments/NAFNet-SIDD-width32/training_states
    log: /data/bigc-data/lcs/NAFNet/experiments/NAFNet-SIDD-width32
    visualization: /data/bigc-data/lcs/NAFNet/experiments/NAFNet-SIDD-width32/visualization
  ]
  train:[
    optim_g:[
      type: AdamW
      lr: 0.001
      weight_decay: 0.0
      betas: [0.9, 0.9]
    ]
    scheduler:[
      type: TrueCosineAnnealingLR
      T_max: 200000
      eta_min: 1e-07
    ]
    total_iter: 100
    warmup_iter: -1
    pixel_opt:[
      type: PSNRLoss
      loss_weight: 1
      reduction: mean
    ]
  ]
  val:[
    val_freq: 2000000000.0
    save_img: False
    use_image: False
    metrics:[
      psnr:[
        type: calculate_psnr
        crop_border: 0
        test_y_channel: False
      ]
      ssim:[
        type: calculate_ssim
        crop_border: 0
        test_y_channel: False
      ]
    ]
  ]
  logger:[
    print_freq: 1
    save_checkpoint_freq: 5000.0
    use_tb_logger: True
    wandb:[
      project: None
      resume_id: None
    ]
  ]
  dist_params:[
    backend: tccl
    port: 29500
  ]
  is_train: True
  dist: True
  rank: 0
  world_size: 1

2025-05-21 06:50:09,042 INFO: Dataset PairedImageDataset - SIDD is created.
2025-05-21 06:50:09,042 INFO: Training statistics:
	Number of train images: 30608
	Dataset enlarge ratio: 1
	Batch size per gpu: 4
	World size (gpu number): 1
	Require iter number per epoch: 7652
	Total epochs: 1; iters: 100.
2025-05-21 06:50:09,055 INFO: Dataset PairedImageDataset - SIDD_val is created.
2025-05-21 06:50:09,056 INFO: Number of val images/folders in SIDD_val: 1280
.. cosineannealingLR
2025-05-21 06:50:24,545 INFO: Model [ImageRestorationModel] is created.
--------------+------------------------------------------------
 Host IP      | 10.244.37.153
 PyTorch      | 2.4.0a0+git4451b0e
 Torch-SDAA   | 20250508.11.43.dev0+git97b789a
--------------+------------------------------------------------
 SDAA Driver  | 2.1.0 (N/A)
 SDAA Runtime | 2.1.0 (/opt/tecoai/lib64/libsdaart.so)
 SDPTI        | 1.4.0b0 (/opt/tecoai/lib64/libsdpti.so)
 TecoDNN      | 2.1.0 (/opt/tecoai/lib64/libtecodnn.so)
 TecoBLAS     | 2.1.0 (/opt/tecoai/lib64/libtecoblas.so)
 CustomDNN    | 1.20.0a0 (/opt/tecoai/lib64/libtecodnn_ext.so)
 TecoRAND     | 2.0.1 (/opt/tecoai/lib64/libtecorand.so)
 TCCL         | 1.23.0 (/opt/tecoai/lib64/libtccl.so)
--------------+------------------------------------------------
--------------+------------------------------------------------
 Host IP      | 10.244.37.153
 PyTorch      | 2.4.0a0+git4451b0e
 Torch-SDAA   | 20250508.11.43.dev0+git97b789a
--------------+------------------------------------------------
 SDAA Driver  | 2.1.0 (N/A)
 SDAA Runtime | 2.1.0 (/opt/tecoai/lib64/libsdaart.so)
 SDPTI        | 1.4.0b0 (/opt/tecoai/lib64/libsdpti.so)
 TecoDNN      | 2.1.0 (/opt/tecoai/lib64/libtecodnn.so)
 TecoBLAS     | 2.1.0 (/opt/tecoai/lib64/libtecoblas.so)
 CustomDNN    | 1.20.0a0 (/opt/tecoai/lib64/libtecodnn_ext.so)
 TecoRAND     | 2.0.1 (/opt/tecoai/lib64/libtecorand.so)
 TCCL         | 1.23.0 (/opt/tecoai/lib64/libtccl.so)
--------------+------------------------------------------------
--------------+------------------------------------------------
 Host IP      | 10.244.37.153
 PyTorch      | 2.4.0a0+git4451b0e
 Torch-SDAA   | 20250508.11.43.dev0+git97b789a
--------------+------------------------------------------------
 SDAA Driver  | 2.1.0 (N/A)
 SDAA Runtime | 2.1.0 (/opt/tecoai/lib64/libsdaart.so)
 SDPTI        | 1.4.0b0 (/opt/tecoai/lib64/libsdpti.so)
 TecoDNN      | 2.1.0 (/opt/tecoai/lib64/libtecodnn.so)
 TecoBLAS     | 2.1.0 (/opt/tecoai/lib64/libtecoblas.so)
 CustomDNN    | 1.20.0a0 (/opt/tecoai/lib64/libtecodnn_ext.so)
 TecoRAND     | 2.0.1 (/opt/tecoai/lib64/libtecorand.so)
 TCCL         | 1.23.0 (/opt/tecoai/lib64/libtccl.so)
--------------+------------------------------------------------
--------------+------------------------------------------------
 Host IP      | 10.244.37.153
 PyTorch      | 2.4.0a0+git4451b0e
 Torch-SDAA   | 20250508.11.43.dev0+git97b789a
--------------+------------------------------------------------
 SDAA Driver  | 2.1.0 (N/A)
 SDAA Runtime | 2.1.0 (/opt/tecoai/lib64/libsdaart.so)
 SDPTI        | 1.4.0b0 (/opt/tecoai/lib64/libsdpti.so)
 TecoDNN      | 2.1.0 (/opt/tecoai/lib64/libtecodnn.so)
 TecoBLAS     | 2.1.0 (/opt/tecoai/lib64/libtecoblas.so)
 CustomDNN    | 1.20.0a0 (/opt/tecoai/lib64/libtecodnn_ext.so)
 TecoRAND     | 2.0.1 (/opt/tecoai/lib64/libtecorand.so)
 TCCL         | 1.23.0 (/opt/tecoai/lib64/libtccl.so)
--------------+------------------------------------------------
2025-05-21 06:50:38,373 INFO: Start training from epoch: 0, iter: 0
/root/miniconda3/envs/NAFNet/lib/python3.10/site-packages/torch/autograd/graph.py:768: UserWarning: Grad strides do not match bucket view strides. This may indicate grad was not created according to the gradient layout contract, or that the param's strides changed since DDP was constructed.  This is not an error, but may impair performance.
grad.sizes() = [1, 512, 1, 1], strides() = [512, 1, 512, 512]
bucket_view.sizes() = [1, 512, 1, 1], strides() = [512, 1, 1, 1] (Triggered internally at /root/pytorch/torch/csrc/distributed/c10d/reducer.cpp:327.)
  return Variable._execution_engine.run_backward(  # Calls into the C++ engine to run the backward pass
TCAPPDLL 2025-05-21 06:50:52.450430 - Epoch: 0 Iteration: 1  rank : 0  train.loss : -22.070491790771484  train.ips : 0.07104449725890424 imgs/s
2025-05-21 06:50:52,451 INFO: [NAFNe..][epoch:  0, iter:       1, lr:(1.000e-03,)] [eta: 0:22:47, time (data): 14.076 (0.595)] l_pix: -2.2070e+01 
TCAPPDLL 2025-05-21 06:51:06.572764 - Epoch: 0 Iteration: 2  rank : 0  train.loss : -22.835941314697266  train.ips : 0.07094148871070195 imgs/s
2025-05-21 06:51:06,573 INFO: [NAFNe..][epoch:  0, iter:       2, lr:(1.000e-03,)] [eta: 0:22:38, time (data): 14.096 (0.008)] l_pix: -2.2836e+01 
TCAPPDLL 2025-05-21 06:51:39.868219 - Epoch: 0 Iteration: 3  rank : 0  train.loss : -18.862152099609375  train.ips : 0.0614742827186419 imgs/s
2025-05-21 06:51:39,869 INFO: [NAFNe..][epoch:  0, iter:       3, lr:(1.000e-03,)] [eta: 0:30:07, time (data): 16.267 (0.003)] l_pix: -1.8862e+01 
TCAPPDLL 2025-05-21 06:51:55.251885 - Epoch: 0 Iteration: 4  rank : 0  train.loss : -24.40048599243164  train.ips : 0.06501465258022887 imgs/s
2025-05-21 06:51:55,253 INFO: [NAFNe..][epoch:  0, iter:       4, lr:(1.000e-03,)] [eta: 0:28:43, time (data): 15.381 (0.003)] l_pix: -2.4400e+01 
TCAPPDLL 2025-05-21 06:52:10.853385 - Epoch: 0 Iteration: 5  rank : 0  train.loss : -26.136150360107422  train.ips : 0.06410586427714933 imgs/s
2025-05-21 06:52:10,854 INFO: [NAFNe..][epoch:  0, iter:       5, lr:(1.000e-03,)] [eta: 0:27:45, time (data): 15.599 (0.011)] l_pix: -2.6136e+01 
TCAPPDLL 2025-05-21 06:52:25.452413 - Epoch: 0 Iteration: 6  rank : 0  train.loss : -25.696983337402344  train.ips : 0.06850724372393607 imgs/s
2025-05-21 06:52:25,453 INFO: [NAFNe..][epoch:  0, iter:       6, lr:(1.000e-03,)] [eta: 0:26:46, time (data): 14.597 (0.009)] l_pix: -2.5697e+01 
TCAPPDLL 2025-05-21 06:52:40.452459 - Epoch: 0 Iteration: 7  rank : 0  train.loss : -22.12063980102539  train.ips : 0.06667938899017077 imgs/s
2025-05-21 06:52:40,453 INFO: [NAFNe..][epoch:  0, iter:       7, lr:(1.000e-03,)] [eta: 0:26:02, time (data): 14.997 (0.002)] l_pix: -2.2121e+01 
TCAPPDLL 2025-05-21 06:52:53.849094 - Epoch: 0 Iteration: 8  rank : 0  train.loss : -24.585838317871094  train.ips : 0.07465805475858628 imgs/s
2025-05-21 06:52:53,849 INFO: [NAFNe..][epoch:  0, iter:       8, lr:(1.000e-03,)] [eta: 0:25:09, time (data): 13.394 (0.003)] l_pix: -2.4586e+01 
TCAPPDLL 2025-05-21 06:53:08.051857 - Epoch: 0 Iteration: 9  rank : 0  train.loss : -25.126832962036133  train.ips : 0.07041711764744496 imgs/s
2025-05-21 06:53:08,053 INFO: [NAFNe..][epoch:  0, iter:       9, lr:(1.000e-03,)] [eta: 0:24:31, time (data): 14.201 (0.006)] l_pix: -2.5127e+01 
TCAPPDLL 2025-05-21 06:53:22.359062 - Epoch: 0 Iteration: 10  rank : 0  train.loss : -20.812868118286133  train.ips : 0.06990854578196175 imgs/s
2025-05-21 06:53:22,360 INFO: [NAFNe..][epoch:  0, iter:      10, lr:(1.000e-03,)] [eta: 0:23:58, time (data): 14.304 (0.008)] l_pix: -2.0813e+01 
TCAPPDLL 2025-05-21 06:53:36.250656 - Epoch: 0 Iteration: 11  rank : 0  train.loss : -25.302589416503906  train.ips : 0.0719978250473917 imgs/s
2025-05-21 06:53:36,251 INFO: [NAFNe..][epoch:  0, iter:      11, lr:(1.000e-03,)] [eta: 0:23:25, time (data): 13.889 (0.010)] l_pix: -2.5303e+01 
TCAPPDLL 2025-05-21 06:53:50.049508 - Epoch: 0 Iteration: 12  rank : 0  train.loss : -27.84148597717285  train.ips : 0.07247999207305385 imgs/s
2025-05-21 06:53:50,050 INFO: [NAFNe..][epoch:  0, iter:      12, lr:(1.000e-03,)] [eta: 0:22:55, time (data): 13.797 (0.010)] l_pix: -2.7841e+01 
TCAPPDLL 2025-05-21 06:54:05.051922 - Epoch: 0 Iteration: 13  rank : 0  train.loss : -23.380088806152344  train.ips : 0.06666221542410856 imgs/s
2025-05-21 06:54:05,053 INFO: [NAFNe..][epoch:  0, iter:      13, lr:(1.000e-03,)] [eta: 0:22:34, time (data): 15.001 (0.007)] l_pix: -2.3380e+01 
TCAPPDLL 2025-05-21 06:54:19.849879 - Epoch: 0 Iteration: 14  rank : 0  train.loss : -26.8886661529541  train.ips : 0.06758762554148162 imgs/s
2025-05-21 06:54:19,851 INFO: [NAFNe..][epoch:  0, iter:      14, lr:(1.000e-03,)] [eta: 0:22:13, time (data): 14.796 (0.009)] l_pix: -2.6889e+01 
TCAPPDLL 2025-05-21 06:54:34.453654 - Epoch: 0 Iteration: 15  rank : 0  train.loss : -26.341209411621094  train.ips : 0.06848633793321122 imgs/s
2025-05-21 06:54:34,454 INFO: [NAFNe..][epoch:  0, iter:      15, lr:(1.000e-03,)] [eta: 0:21:52, time (data): 14.601 (0.009)] l_pix: -2.6341e+01 
TCAPPDLL 2025-05-21 06:54:48.150424 - Epoch: 0 Iteration: 16  rank : 0  train.loss : -23.594934463500977  train.ips : 0.07302095859506856 imgs/s
2025-05-21 06:54:48,151 INFO: [NAFNe..][epoch:  0, iter:      16, lr:(1.000e-03,)] [eta: 0:21:27, time (data): 13.695 (0.009)] l_pix: -2.3595e+01 
TCAPPDLL 2025-05-21 06:55:03.952209 - Epoch: 0 Iteration: 17  rank : 0  train.loss : -28.285158157348633  train.ips : 0.06328973935978392 imgs/s
2025-05-21 06:55:03,953 INFO: [NAFNe..][epoch:  0, iter:      17, lr:(1.000e-03,)] [eta: 0:21:12, time (data): 15.800 (0.008)] l_pix: -2.8285e+01 
TCAPPDLL 2025-05-21 06:55:19.057475 - Epoch: 0 Iteration: 18  rank : 0  train.loss : -30.13759994506836  train.ips : 0.06621127534811007 imgs/s
2025-05-21 06:55:19,058 INFO: [NAFNe..][epoch:  0, iter:      18, lr:(1.000e-03,)] [eta: 0:20:55, time (data): 15.103 (0.009)] l_pix: -3.0138e+01 
TCAPPDLL 2025-05-21 06:55:33.547350 - Epoch: 0 Iteration: 19  rank : 0  train.loss : -24.878463745117188  train.ips : 0.06902019327873662 imgs/s
2025-05-21 06:55:33,547 INFO: [NAFNe..][epoch:  0, iter:      19, lr:(1.000e-03,)] [eta: 0:20:36, time (data): 14.489 (0.004)] l_pix: -2.4878e+01 
TCAPPDLL 2025-05-21 06:55:48.354633 - Epoch: 0 Iteration: 20  rank : 0  train.loss : -22.568830490112305  train.ips : 0.0675412729554038 imgs/s
2025-05-21 06:55:48,355 INFO: [NAFNe..][epoch:  0, iter:      20, lr:(1.000e-03,)] [eta: 0:20:18, time (data): 14.806 (0.005)] l_pix: -2.2569e+01 
TCAPPDLL 2025-05-21 06:56:03.345069 - Epoch: 0 Iteration: 21  rank : 0  train.loss : -26.464990615844727  train.ips : 0.06671906453734701 imgs/s
2025-05-21 06:56:03,346 INFO: [NAFNe..][epoch:  0, iter:      21, lr:(1.000e-03,)] [eta: 0:20:01, time (data): 14.988 (0.009)] l_pix: -2.6465e+01 
TCAPPDLL 2025-05-21 06:56:17.448443 - Epoch: 0 Iteration: 22  rank : 0  train.loss : -27.65517807006836  train.ips : 0.07091645948269398 imgs/s
2025-05-21 06:56:17,449 INFO: [NAFNe..][epoch:  0, iter:      22, lr:(1.000e-03,)] [eta: 0:19:41, time (data): 14.101 (0.009)] l_pix: -2.7655e+01 
TCAPPDLL 2025-05-21 06:56:30.910316 - Epoch: 0 Iteration: 23  rank : 0  train.loss : -28.286928176879883  train.ips : 0.07429144269777348 imgs/s
2025-05-21 06:56:30,911 INFO: [NAFNe..][epoch:  0, iter:      23, lr:(1.000e-03,)] [eta: 0:19:20, time (data): 13.461 (0.005)] l_pix: -2.8287e+01 
TCAPPDLL 2025-05-21 06:56:45.148336 - Epoch: 0 Iteration: 24  rank : 0  train.loss : -26.74028205871582  train.ips : 0.07025014592095227 imgs/s
2025-05-21 06:56:45,148 INFO: [NAFNe..][epoch:  0, iter:      24, lr:(1.000e-03,)] [eta: 0:19:01, time (data): 14.235 (0.008)] l_pix: -2.6740e+01 
TCAPPDLL 2025-05-21 06:56:58.950569 - Epoch: 0 Iteration: 25  rank : 0  train.loss : -27.426115036010742  train.ips : 0.07245937058412531 imgs/s
2025-05-21 06:56:58,951 INFO: [NAFNe..][epoch:  0, iter:      25, lr:(1.000e-03,)] [eta: 0:18:42, time (data): 13.801 (0.009)] l_pix: -2.7426e+01 
TCAPPDLL 2025-05-21 06:57:13.656244 - Epoch: 0 Iteration: 26  rank : 0  train.loss : -26.87532615661621  train.ips : 0.06800990492307703 imgs/s
2025-05-21 06:57:13,656 INFO: [NAFNe..][epoch:  0, iter:      26, lr:(1.000e-03,)] [eta: 0:18:26, time (data): 14.704 (0.009)] l_pix: -2.6875e+01 
TCAPPDLL 2025-05-21 06:57:27.550711 - Epoch: 0 Iteration: 27  rank : 0  train.loss : -29.87983512878418  train.ips : 0.07197848613615332 imgs/s
2025-05-21 06:57:27,551 INFO: [NAFNe..][epoch:  0, iter:      27, lr:(1.000e-03,)] [eta: 0:18:07, time (data): 13.893 (0.009)] l_pix: -2.9880e+01 
TCAPPDLL 2025-05-21 06:57:40.854227 - Epoch: 0 Iteration: 28  rank : 0  train.loss : -23.388397216796875  train.ips : 0.07518001611216461 imgs/s
2025-05-21 06:57:40,855 INFO: [NAFNe..][epoch:  0, iter:      28, lr:(1.000e-03,)] [eta: 0:17:48, time (data): 13.301 (0.008)] l_pix: -2.3388e+01 
TCAPPDLL 2025-05-21 06:57:54.552243 - Epoch: 0 Iteration: 29  rank : 0  train.loss : -28.16655158996582  train.ips : 0.07301795472591692 imgs/s
2025-05-21 06:57:54,553 INFO: [NAFNe..][epoch:  0, iter:      29, lr:(1.000e-03,)] [eta: 0:17:30, time (data): 13.695 (0.008)] l_pix: -2.8167e+01 
TCAPPDLL 2025-05-21 06:58:08.245141 - Epoch: 0 Iteration: 30  rank : 0  train.loss : -29.529821395874023  train.ips : 0.07304105896913587 imgs/s
2025-05-21 06:58:08,245 INFO: [NAFNe..][epoch:  0, iter:      30, lr:(1.000e-03,)] [eta: 0:17:12, time (data): 13.691 (0.009)] l_pix: -2.9530e+01 
TCAPPDLL 2025-05-21 06:58:22.551863 - Epoch: 0 Iteration: 31  rank : 0  train.loss : -28.737451553344727  train.ips : 0.06990422548581998 imgs/s
2025-05-21 06:58:22,553 INFO: [NAFNe..][epoch:  0, iter:      31, lr:(1.000e-03,)] [eta: 0:16:55, time (data): 14.305 (0.008)] l_pix: -2.8737e+01 
TCAPPDLL 2025-05-21 06:58:36.547824 - Epoch: 0 Iteration: 32  rank : 0  train.loss : -27.815303802490234  train.ips : 0.0714602915303833 imgs/s
2025-05-21 06:58:36,548 INFO: [NAFNe..][epoch:  0, iter:      32, lr:(1.000e-03,)] [eta: 0:16:38, time (data): 13.994 (0.009)] l_pix: -2.7815e+01 
TCAPPDLL 2025-05-21 06:58:50.750666 - Epoch: 0 Iteration: 33  rank : 0  train.loss : -26.1757755279541  train.ips : 0.07041713774511119 imgs/s
2025-05-21 06:58:50,751 INFO: [NAFNe..][epoch:  0, iter:      33, lr:(1.000e-03,)] [eta: 0:16:22, time (data): 14.201 (0.007)] l_pix: -2.6176e+01 
TCAPPDLL 2025-05-21 06:59:04.650234 - Epoch: 0 Iteration: 34  rank : 0  train.loss : -26.178482055664062  train.ips : 0.07195601702732707 imgs/s
2025-05-21 06:59:04,650 INFO: [NAFNe..][epoch:  0, iter:      34, lr:(1.000e-03,)] [eta: 0:16:05, time (data): 13.897 (0.009)] l_pix: -2.6178e+01 
TCAPPDLL 2025-05-21 06:59:18.450879 - Epoch: 0 Iteration: 35  rank : 0  train.loss : -28.375083923339844  train.ips : 0.0724680226926305 imgs/s
2025-05-21 06:59:18,452 INFO: [NAFNe..][epoch:  0, iter:      35, lr:(1.000e-03,)] [eta: 0:15:49, time (data): 13.799 (0.008)] l_pix: -2.8375e+01 
TCAPPDLL 2025-05-21 06:59:32.449460 - Epoch: 0 Iteration: 36  rank : 0  train.loss : -27.10785484313965  train.ips : 0.07144707433938093 imgs/s
2025-05-21 06:59:32,450 INFO: [NAFNe..][epoch:  0, iter:      36, lr:(1.000e-03,)] [eta: 0:15:32, time (data): 13.996 (0.010)] l_pix: -2.7108e+01 
TCAPPDLL 2025-05-21 06:59:45.451648 - Epoch: 0 Iteration: 37  rank : 0  train.loss : -27.090538024902344  train.ips : 0.07692320530252608 imgs/s
2025-05-21 06:59:45,452 INFO: [NAFNe..][epoch:  0, iter:      37, lr:(1.000e-03,)] [eta: 0:15:15, time (data): 13.000 (0.008)] l_pix: -2.7091e+01 
TCAPPDLL 2025-05-21 06:59:59.151218 - Epoch: 0 Iteration: 38  rank : 0  train.loss : -30.040802001953125  train.ips : 0.07301000450039066 imgs/s
2025-05-21 06:59:59,152 INFO: [NAFNe..][epoch:  0, iter:      38, lr:(1.000e-03,)] [eta: 0:14:58, time (data): 13.697 (0.009)] l_pix: -3.0041e+01 
TCAPPDLL 2025-05-21 07:00:12.748122 - Epoch: 0 Iteration: 39  rank : 0  train.loss : -24.85318374633789  train.ips : 0.07355873775269581 imgs/s
2025-05-21 07:00:12,748 INFO: [NAFNe..][epoch:  0, iter:      39, lr:(1.000e-03,)] [eta: 0:14:42, time (data): 13.595 (0.008)] l_pix: -2.4853e+01 
TCAPPDLL 2025-05-21 07:00:26.350228 - Epoch: 0 Iteration: 40  rank : 0  train.loss : -29.799718856811523  train.ips : 0.0735261911409535 imgs/s
2025-05-21 07:00:26,351 INFO: [NAFNe..][epoch:  0, iter:      40, lr:(1.000e-03,)] [eta: 0:14:26, time (data): 13.601 (0.007)] l_pix: -2.9800e+01 
TCAPPDLL 2025-05-21 07:00:41.218361 - Epoch: 0 Iteration: 41  rank : 0  train.loss : -30.859071731567383  train.ips : 0.06726722396051005 imgs/s
2025-05-21 07:00:41,219 INFO: [NAFNe..][epoch:  0, iter:      41, lr:(1.000e-03,)] [eta: 0:14:11, time (data): 14.866 (0.009)] l_pix: -3.0859e+01 
TCAPPDLL 2025-05-21 07:00:55.452116 - Epoch: 0 Iteration: 42  rank : 0  train.loss : -28.016603469848633  train.ips : 0.07026351481644418 imgs/s
2025-05-21 07:00:55,453 INFO: [NAFNe..][epoch:  0, iter:      42, lr:(1.000e-03,)] [eta: 0:13:56, time (data): 14.232 (0.008)] l_pix: -2.8017e+01 
TCAPPDLL 2025-05-21 07:01:09.864133 - Epoch: 0 Iteration: 43  rank : 0  train.loss : -30.388025283813477  train.ips : 0.06939600877450088 imgs/s
2025-05-21 07:01:09,864 INFO: [NAFNe..][epoch:  0, iter:      43, lr:(1.000e-03,)] [eta: 0:13:41, time (data): 14.410 (0.009)] l_pix: -3.0388e+01 
TCAPPDLL 2025-05-21 07:01:22.450949 - Epoch: 0 Iteration: 44  rank : 0  train.loss : -28.0516300201416  train.ips : 0.07945898754687153 imgs/s
2025-05-21 07:01:22,452 INFO: [NAFNe..][epoch:  0, iter:      44, lr:(1.000e-03,)] [eta: 0:13:24, time (data): 12.585 (0.005)] l_pix: -2.8052e+01 
TCAPPDLL 2025-05-21 07:01:36.452988 - Epoch: 0 Iteration: 45  rank : 0  train.loss : -30.162607192993164  train.ips : 0.07143159558000925 imgs/s
2025-05-21 07:01:36,453 INFO: [NAFNe..][epoch:  0, iter:      45, lr:(1.000e-03,)] [eta: 0:13:08, time (data): 13.999 (0.009)] l_pix: -3.0163e+01 
TCAPPDLL 2025-05-21 07:01:50.446890 - Epoch: 0 Iteration: 46  rank : 0  train.loss : -26.943025588989258  train.ips : 0.07146749256244139 imgs/s
2025-05-21 07:01:50,447 INFO: [NAFNe..][epoch:  0, iter:      46, lr:(1.000e-03,)] [eta: 0:12:53, time (data): 13.992 (0.008)] l_pix: -2.6943e+01 
TCAPPDLL 2025-05-21 07:02:04.844558 - Epoch: 0 Iteration: 47  rank : 0  train.loss : -29.71885108947754  train.ips : 0.06946234263733904 imgs/s
2025-05-21 07:02:04,845 INFO: [NAFNe..][epoch:  0, iter:      47, lr:(1.000e-03,)] [eta: 0:12:38, time (data): 14.396 (0.008)] l_pix: -2.9719e+01 
TCAPPDLL 2025-05-21 07:02:17.844477 - Epoch: 0 Iteration: 48  rank : 0  train.loss : -29.338624954223633  train.ips : 0.07693604117808607 imgs/s
2025-05-21 07:02:17,845 INFO: [NAFNe..][epoch:  0, iter:      48, lr:(1.000e-03,)] [eta: 0:12:22, time (data): 12.998 (0.008)] l_pix: -2.9339e+01 
TCAPPDLL 2025-05-21 07:02:31.651428 - Epoch: 0 Iteration: 49  rank : 0  train.loss : -31.302478790283203  train.ips : 0.07243373186786026 imgs/s
2025-05-21 07:02:31,652 INFO: [NAFNe..][epoch:  0, iter:      49, lr:(1.000e-03,)] [eta: 0:12:07, time (data): 13.806 (0.009)] l_pix: -3.1302e+01 
TCAPPDLL 2025-05-21 07:02:45.949953 - Epoch: 0 Iteration: 50  rank : 0  train.loss : -30.238170623779297  train.ips : 0.06994802407985491 imgs/s
2025-05-21 07:02:45,950 INFO: [NAFNe..][epoch:  0, iter:      50, lr:(1.000e-03,)] [eta: 0:11:52, time (data): 14.296 (0.009)] l_pix: -3.0238e+01 
TCAPPDLL 2025-05-21 07:02:59.753403 - Epoch: 0 Iteration: 51  rank : 0  train.loss : -29.188034057617188  train.ips : 0.072458518129616 imgs/s
2025-05-21 07:02:59,754 INFO: [NAFNe..][epoch:  0, iter:      51, lr:(1.000e-03,)] [eta: 0:11:37, time (data): 13.801 (0.008)] l_pix: -2.9188e+01 
TCAPPDLL 2025-05-21 07:03:13.658959 - Epoch: 0 Iteration: 52  rank : 0  train.loss : -25.601408004760742  train.ips : 0.07192622721703813 imgs/s
2025-05-21 07:03:13,660 INFO: [NAFNe..][epoch:  0, iter:      52, lr:(1.000e-03,)] [eta: 0:11:22, time (data): 13.903 (0.009)] l_pix: -2.5601e+01 
TCAPPDLL 2025-05-21 07:03:27.848049 - Epoch: 0 Iteration: 53  rank : 0  train.loss : -29.3405818939209  train.ips : 0.07048738290829727 imgs/s
2025-05-21 07:03:27,848 INFO: [NAFNe..][epoch:  0, iter:      53, lr:(1.000e-03,)] [eta: 0:11:07, time (data): 14.187 (0.009)] l_pix: -2.9341e+01 
TCAPPDLL 2025-05-21 07:03:42.251352 - Epoch: 0 Iteration: 54  rank : 0  train.loss : -30.914310455322266  train.ips : 0.0694355975472701 imgs/s
2025-05-21 07:03:42,251 INFO: [NAFNe..][epoch:  0, iter:      54, lr:(1.000e-03,)] [eta: 0:10:52, time (data): 14.402 (0.007)] l_pix: -3.0914e+01 
TCAPPDLL 2025-05-21 07:03:56.752673 - Epoch: 0 Iteration: 55  rank : 0  train.loss : -27.48533821105957  train.ips : 0.06896587444585686 imgs/s
2025-05-21 07:03:56,753 INFO: [NAFNe..][epoch:  0, iter:      55, lr:(1.000e-03,)] [eta: 0:10:38, time (data): 14.500 (0.008)] l_pix: -2.7485e+01 
TCAPPDLL 2025-05-21 07:04:10.544359 - Epoch: 0 Iteration: 56  rank : 0  train.loss : -28.939624786376953  train.ips : 0.07251959006543943 imgs/s
2025-05-21 07:04:10,544 INFO: [NAFNe..][epoch:  0, iter:      56, lr:(1.000e-03,)] [eta: 0:10:23, time (data): 13.789 (0.009)] l_pix: -2.8940e+01 
TCAPPDLL 2025-05-21 07:04:24.951829 - Epoch: 0 Iteration: 57  rank : 0  train.loss : -26.6649227142334  train.ips : 0.06941535866512388 imgs/s
2025-05-21 07:04:24,953 INFO: [NAFNe..][epoch:  0, iter:      57, lr:(1.000e-03,)] [eta: 0:10:08, time (data): 14.406 (0.008)] l_pix: -2.6665e+01 
TCAPPDLL 2025-05-21 07:04:38.850230 - Epoch: 0 Iteration: 58  rank : 0  train.loss : -26.64112091064453  train.ips : 0.07196167373260555 imgs/s
2025-05-21 07:04:38,850 INFO: [NAFNe..][epoch:  0, iter:      58, lr:(1.000e-03,)] [eta: 0:09:53, time (data): 13.896 (0.009)] l_pix: -2.6641e+01 
TCAPPDLL 2025-05-21 07:04:52.854492 - Epoch: 0 Iteration: 59  rank : 0  train.loss : -29.010147094726562  train.ips : 0.07141421081336423 imgs/s
2025-05-21 07:04:52,855 INFO: [NAFNe..][epoch:  0, iter:      59, lr:(1.000e-03,)] [eta: 0:09:38, time (data): 14.003 (0.008)] l_pix: -2.9010e+01 
TCAPPDLL 2025-05-21 07:05:05.749601 - Epoch: 0 Iteration: 60  rank : 0  train.loss : -30.346052169799805  train.ips : 0.0775622354841443 imgs/s
2025-05-21 07:05:05,750 INFO: [NAFNe..][epoch:  0, iter:      60, lr:(1.000e-03,)] [eta: 0:09:23, time (data): 12.893 (0.008)] l_pix: -3.0346e+01 
TCAPPDLL 2025-05-21 07:05:18.856302 - Epoch: 0 Iteration: 61  rank : 0  train.loss : -30.820524215698242  train.ips : 0.07630596174528521 imgs/s
2025-05-21 07:05:18,857 INFO: [NAFNe..][epoch:  0, iter:      61, lr:(1.000e-03,)] [eta: 0:09:08, time (data): 13.105 (0.008)] l_pix: -3.0821e+01 
TCAPPDLL 2025-05-21 07:05:32.053980 - Epoch: 0 Iteration: 62  rank : 0  train.loss : -29.788484573364258  train.ips : 0.07578702938111963 imgs/s
2025-05-21 07:05:32,054 INFO: [NAFNe..][epoch:  0, iter:      62, lr:(1.000e-03,)] [eta: 0:08:52, time (data): 13.195 (0.008)] l_pix: -2.9788e+01 
TCAPPDLL 2025-05-21 07:05:46.049936 - Epoch: 0 Iteration: 63  rank : 0  train.loss : -29.12938690185547  train.ips : 0.07145568114799457 imgs/s
2025-05-21 07:05:46,051 INFO: [NAFNe..][epoch:  0, iter:      63, lr:(1.000e-03,)] [eta: 0:08:38, time (data): 13.995 (0.007)] l_pix: -2.9129e+01 
TCAPPDLL 2025-05-21 07:05:59.858435 - Epoch: 0 Iteration: 64  rank : 0  train.loss : -31.34056282043457  train.ips : 0.07243076986307449 imgs/s
2025-05-21 07:05:59,859 INFO: [NAFNe..][epoch:  0, iter:      64, lr:(1.000e-03,)] [eta: 0:08:23, time (data): 13.806 (0.008)] l_pix: -3.1341e+01 
TCAPPDLL 2025-05-21 07:06:16.058666 - Epoch: 0 Iteration: 65  rank : 0  train.loss : -32.641571044921875  train.ips : 0.06173542450434345 imgs/s
2025-05-21 07:06:16,059 INFO: [NAFNe..][epoch:  0, iter:      65, lr:(1.000e-03,)] [eta: 0:08:10, time (data): 16.198 (0.009)] l_pix: -3.2642e+01 
TCAPPDLL 2025-05-21 07:06:30.351121 - Epoch: 0 Iteration: 66  rank : 0  train.loss : -30.414569854736328  train.ips : 0.06997325093481925 imgs/s
2025-05-21 07:06:30,351 INFO: [NAFNe..][epoch:  0, iter:      66, lr:(1.000e-03,)] [eta: 0:07:55, time (data): 14.291 (0.008)] l_pix: -3.0415e+01 
TCAPPDLL 2025-05-21 07:06:43.751775 - Epoch: 0 Iteration: 67  rank : 0  train.loss : -32.37419891357422  train.ips : 0.07463149013141254 imgs/s
2025-05-21 07:06:43,753 INFO: [NAFNe..][epoch:  0, iter:      67, lr:(1.000e-03,)] [eta: 0:07:40, time (data): 13.399 (0.008)] l_pix: -3.2374e+01 
TCAPPDLL 2025-05-21 07:06:56.546962 - Epoch: 0 Iteration: 68  rank : 0  train.loss : -31.77191925048828  train.ips : 0.07816830458769031 imgs/s
2025-05-21 07:06:56,547 INFO: [NAFNe..][epoch:  0, iter:      68, lr:(1.000e-03,)] [eta: 0:07:25, time (data): 12.793 (0.009)] l_pix: -3.1772e+01 
TCAPPDLL 2025-05-21 07:07:10.148526 - Epoch: 0 Iteration: 69  rank : 0  train.loss : -27.67017936706543  train.ips : 0.0735271372166393 imgs/s
2025-05-21 07:07:10,149 INFO: [NAFNe..][epoch:  0, iter:      69, lr:(1.000e-03,)] [eta: 0:07:10, time (data): 13.600 (0.008)] l_pix: -2.7670e+01 
TCAPPDLL 2025-05-21 07:07:24.252181 - Epoch: 0 Iteration: 70  rank : 0  train.loss : -25.875314712524414  train.ips : 0.07091015788099558 imgs/s
2025-05-21 07:07:24,253 INFO: [NAFNe..][epoch:  0, iter:      70, lr:(1.000e-03,)] [eta: 0:06:56, time (data): 14.102 (0.008)] l_pix: -2.5875e+01 
TCAPPDLL 2025-05-21 07:07:38.353222 - Epoch: 0 Iteration: 71  rank : 0  train.loss : -28.825029373168945  train.ips : 0.07092857186945725 imgs/s
2025-05-21 07:07:38,354 INFO: [NAFNe..][epoch:  0, iter:      71, lr:(1.000e-03,)] [eta: 0:06:42, time (data): 14.099 (0.009)] l_pix: -2.8825e+01 
TCAPPDLL 2025-05-21 07:07:51.948906 - Epoch: 0 Iteration: 72  rank : 0  train.loss : -23.856060028076172  train.ips : 0.07356463249184113 imgs/s
2025-05-21 07:07:51,949 INFO: [NAFNe..][epoch:  0, iter:      72, lr:(1.000e-03,)] [eta: 0:06:27, time (data): 13.593 (0.009)] l_pix: -2.3856e+01 
TCAPPDLL 2025-05-21 07:08:06.052762 - Epoch: 0 Iteration: 73  rank : 0  train.loss : -22.700265884399414  train.ips : 0.07090917605418191 imgs/s
2025-05-21 07:08:06,053 INFO: [NAFNe..][epoch:  0, iter:      73, lr:(1.000e-03,)] [eta: 0:06:12, time (data): 14.103 (0.007)] l_pix: -2.2700e+01 
TCAPPDLL 2025-05-21 07:08:20.451767 - Epoch: 0 Iteration: 74  rank : 0  train.loss : -23.48400115966797  train.ips : 0.06945603341066671 imgs/s
2025-05-21 07:08:20,452 INFO: [NAFNe..][epoch:  0, iter:      74, lr:(1.000e-03,)] [eta: 0:05:58, time (data): 14.398 (0.008)] l_pix: -2.3484e+01 
TCAPPDLL 2025-05-21 07:08:34.548982 - Epoch: 0 Iteration: 75  rank : 0  train.loss : -30.50071144104004  train.ips : 0.07094734704740539 imgs/s
2025-05-21 07:08:34,550 INFO: [NAFNe..][epoch:  0, iter:      75, lr:(1.000e-03,)] [eta: 0:05:44, time (data): 14.095 (0.007)] l_pix: -3.0501e+01 
TCAPPDLL 2025-05-21 07:08:49.451266 - Epoch: 0 Iteration: 76  rank : 0  train.loss : -25.908735275268555  train.ips : 0.06711561744188947 imgs/s
2025-05-21 07:08:49,451 INFO: [NAFNe..][epoch:  0, iter:      76, lr:(1.000e-03,)] [eta: 0:05:30, time (data): 14.900 (0.009)] l_pix: -2.5909e+01 
TCAPPDLL 2025-05-21 07:09:03.748977 - Epoch: 0 Iteration: 77  rank : 0  train.loss : -30.074546813964844  train.ips : 0.0699474746547586 imgs/s
2025-05-21 07:09:03,749 INFO: [NAFNe..][epoch:  0, iter:      77, lr:(1.000e-03,)] [eta: 0:05:15, time (data): 14.296 (0.007)] l_pix: -3.0075e+01 
TCAPPDLL 2025-05-21 07:09:18.046657 - Epoch: 0 Iteration: 78  rank : 0  train.loss : -32.0828742980957  train.ips : 0.06994834020733594 imgs/s
2025-05-21 07:09:18,047 INFO: [NAFNe..][epoch:  0, iter:      78, lr:(1.000e-03,)] [eta: 0:05:01, time (data): 14.296 (0.008)] l_pix: -3.2083e+01 
TCAPPDLL 2025-05-21 07:09:31.548469 - Epoch: 0 Iteration: 79  rank : 0  train.loss : -28.109947204589844  train.ips : 0.07407678606205528 imgs/s
2025-05-21 07:09:31,549 INFO: [NAFNe..][epoch:  0, iter:      79, lr:(1.000e-03,)] [eta: 0:04:46, time (data): 13.500 (0.009)] l_pix: -2.8110e+01 
TCAPPDLL 2025-05-21 07:09:45.449384 - Epoch: 0 Iteration: 80  rank : 0  train.loss : -28.66864585876465  train.ips : 0.07194521719053877 imgs/s
2025-05-21 07:09:45,450 INFO: [NAFNe..][epoch:  0, iter:      80, lr:(1.000e-03,)] [eta: 0:04:32, time (data): 13.899 (0.008)] l_pix: -2.8669e+01 
TCAPPDLL 2025-05-21 07:09:59.548913 - Epoch: 0 Iteration: 81  rank : 0  train.loss : -26.804977416992188  train.ips : 0.07093546698427577 imgs/s
2025-05-21 07:09:59,549 INFO: [NAFNe..][epoch:  0, iter:      81, lr:(1.000e-03,)] [eta: 0:04:17, time (data): 14.097 (0.008)] l_pix: -2.6805e+01 
TCAPPDLL 2025-05-21 07:10:13.153216 - Epoch: 0 Iteration: 82  rank : 0  train.loss : -25.069150924682617  train.ips : 0.07351394075763192 imgs/s
2025-05-21 07:10:13,154 INFO: [NAFNe..][epoch:  0, iter:      82, lr:(1.000e-03,)] [eta: 0:04:03, time (data): 13.603 (0.008)] l_pix: -2.5069e+01 
TCAPPDLL 2025-05-21 07:10:27.549572 - Epoch: 0 Iteration: 83  rank : 0  train.loss : -30.894540786743164  train.ips : 0.06947291618097261 imgs/s
2025-05-21 07:10:27,550 INFO: [NAFNe..][epoch:  0, iter:      83, lr:(1.000e-03,)] [eta: 0:03:49, time (data): 14.394 (0.009)] l_pix: -3.0895e+01 
TCAPPDLL 2025-05-21 07:10:42.052014 - Epoch: 0 Iteration: 84  rank : 0  train.loss : -26.40110969543457  train.ips : 0.06896092834346038 imgs/s
2025-05-21 07:10:42,053 INFO: [NAFNe..][epoch:  0, iter:      84, lr:(1.000e-03,)] [eta: 0:03:34, time (data): 14.501 (0.007)] l_pix: -2.6401e+01 
TCAPPDLL 2025-05-21 07:10:55.049775 - Epoch: 0 Iteration: 85  rank : 0  train.loss : -31.463008880615234  train.ips : 0.0769493599099189 imgs/s
2025-05-21 07:10:55,050 INFO: [NAFNe..][epoch:  0, iter:      85, lr:(1.000e-03,)] [eta: 0:03:20, time (data): 12.996 (0.009)] l_pix: -3.1463e+01 
TCAPPDLL 2025-05-21 07:11:09.050171 - Epoch: 0 Iteration: 86  rank : 0  train.loss : -30.22898292541504  train.ips : 0.07143284375577774 imgs/s
2025-05-21 07:11:09,051 INFO: [NAFNe..][epoch:  0, iter:      86, lr:(1.000e-03,)] [eta: 0:03:05, time (data): 13.999 (0.008)] l_pix: -3.0229e+01 
TCAPPDLL 2025-05-21 07:11:23.553808 - Epoch: 0 Iteration: 87  rank : 0  train.loss : -28.42332649230957  train.ips : 0.06896031721682784 imgs/s
2025-05-21 07:11:23,554 INFO: [NAFNe..][epoch:  0, iter:      87, lr:(1.000e-03,)] [eta: 0:02:51, time (data): 14.501 (0.009)] l_pix: -2.8423e+01 
TCAPPDLL 2025-05-21 07:11:37.647752 - Epoch: 0 Iteration: 88  rank : 0  train.loss : -32.105560302734375  train.ips : 0.07096017588727374 imgs/s
2025-05-21 07:11:37,648 INFO: [NAFNe..][epoch:  0, iter:      88, lr:(1.000e-03,)] [eta: 0:02:37, time (data): 14.092 (0.007)] l_pix: -3.2106e+01 
TCAPPDLL 2025-05-21 07:11:51.551947 - Epoch: 0 Iteration: 89  rank : 0  train.loss : -30.53107261657715  train.ips : 0.07192644430144798 imgs/s
2025-05-21 07:11:51,553 INFO: [NAFNe..][epoch:  0, iter:      89, lr:(1.000e-03,)] [eta: 0:02:23, time (data): 13.903 (0.009)] l_pix: -3.0531e+01 
TCAPPDLL 2025-05-21 07:12:05.755268 - Epoch: 0 Iteration: 90  rank : 0  train.loss : -31.857547760009766  train.ips : 0.07041580541289069 imgs/s
2025-05-21 07:12:05,755 INFO: [NAFNe..][epoch:  0, iter:      90, lr:(1.000e-03,)] [eta: 0:02:08, time (data): 14.201 (0.009)] l_pix: -3.1858e+01 
TCAPPDLL 2025-05-21 07:12:19.754846 - Epoch: 0 Iteration: 91  rank : 0  train.loss : -30.372718811035156  train.ips : 0.07143831020888639 imgs/s
2025-05-21 07:12:19,756 INFO: [NAFNe..][epoch:  0, iter:      91, lr:(1.000e-03,)] [eta: 0:01:54, time (data): 13.998 (0.008)] l_pix: -3.0373e+01 
TCAPPDLL 2025-05-21 07:12:35.349191 - Epoch: 0 Iteration: 92  rank : 0  train.loss : -28.0769100189209  train.ips : 0.0641345626031742 imgs/s
2025-05-21 07:12:35,349 INFO: [NAFNe..][epoch:  0, iter:      92, lr:(1.000e-03,)] [eta: 0:01:40, time (data): 15.592 (0.009)] l_pix: -2.8077e+01 
TCAPPDLL 2025-05-21 07:12:50.252590 - Epoch: 0 Iteration: 93  rank : 0  train.loss : -31.932109832763672  train.ips : 0.06710467559456809 imgs/s
2025-05-21 07:12:50,253 INFO: [NAFNe..][epoch:  0, iter:      93, lr:(1.000e-03,)] [eta: 0:01:25, time (data): 14.902 (0.010)] l_pix: -3.1932e+01 
TCAPPDLL 2025-05-21 07:13:03.645515 - Epoch: 0 Iteration: 94  rank : 0  train.loss : -29.25615882873535  train.ips : 0.07467857335021368 imgs/s
2025-05-21 07:13:03,646 INFO: [NAFNe..][epoch:  0, iter:      94, lr:(1.000e-03,)] [eta: 0:01:11, time (data): 13.391 (0.009)] l_pix: -2.9256e+01 
TCAPPDLL 2025-05-21 07:13:18.448678 - Epoch: 0 Iteration: 95  rank : 0  train.loss : -26.356739044189453  train.ips : 0.06755888617162424 imgs/s
2025-05-21 07:13:18,449 INFO: [NAFNe..][epoch:  0, iter:      95, lr:(1.000e-03,)] [eta: 0:00:57, time (data): 14.802 (0.008)] l_pix: -2.6357e+01 
TCAPPDLL 2025-05-21 07:13:31.847712 - Epoch: 0 Iteration: 96  rank : 0  train.loss : -27.78824234008789  train.ips : 0.07463944146268181 imgs/s
2025-05-21 07:13:31,848 INFO: [NAFNe..][epoch:  0, iter:      96, lr:(1.000e-03,)] [eta: 0:00:42, time (data): 13.398 (0.008)] l_pix: -2.7788e+01 
TCAPPDLL 2025-05-21 07:13:46.754760 - Epoch: 0 Iteration: 97  rank : 0  train.loss : -28.33963394165039  train.ips : 0.0670879669033652 imgs/s
2025-05-21 07:13:46,756 INFO: [NAFNe..][epoch:  0, iter:      97, lr:(1.000e-03,)] [eta: 0:00:28, time (data): 14.906 (0.008)] l_pix: -2.8340e+01 
TCAPPDLL 2025-05-21 07:14:01.351985 - Epoch: 0 Iteration: 98  rank : 0  train.loss : -26.81023406982422  train.ips : 0.06851646964109724 imgs/s
2025-05-21 07:14:01,353 INFO: [NAFNe..][epoch:  0, iter:      98, lr:(1.000e-03,)] [eta: 0:00:14, time (data): 14.595 (0.009)] l_pix: -2.6810e+01 
TCAPPDLL 2025-05-21 07:14:16.149145 - Epoch: 0 Iteration: 99  rank : 0  train.loss : -33.38519287109375  train.ips : 0.06759085928409676 imgs/s
2025-05-21 07:14:16,149 INFO: [NAFNe..][epoch:  0, iter:      99, lr:(1.000e-03,)] [eta: 0:00:00, time (data): 14.795 (0.008)] l_pix: -3.3385e+01 
TCAPPDLL 2025-05-21 07:14:29.149032 - Epoch: 0 Iteration: 100  rank : 0  train.loss : -29.3896427154541  train.ips : 0.07693086370022043 imgs/s
2025-05-21 07:14:29,149 INFO: [NAFNe..][epoch:  0, iter:     100, lr:(1.000e-03,)] [eta: -1 day, 23:59:46, time (data): 12.999 (0.008)] l_pix: -2.9390e+01 
2025-05-21 07:14:29,157 INFO: End of training. Time consumed: 0:23:50
2025-05-21 07:14:29,157 INFO: Save the latest model.
