TCAPPDLL {"timestamp": "1750036614.712309", "elapsedtime": "8e-06", "datetime": "2025-06-16 01:16:54.712309", "type": "METADATA", "metric": "train.loss", "metadata": {"unit": "", "GOAL": "MINIMIZE", "STAGE": "TRAIN"}}
TCAPPDLL {"timestamp": "1750036614.712383", "elapsedtime": "8.2e-05", "datetime": "2025-06-16 01:16:54.712383", "type": "METADATA", "metric": "train.loss_mean", "metadata": {"unit": "", "GOAL": "MINIMIZE", "STAGE": "TRAIN"}}
TCAPPDLL {"timestamp": "1750036614.712405", "elapsedtime": "0.000104", "datetime": "2025-06-16 01:16:54.712405", "type": "METADATA", "metric": "val.loss", "metadata": {"unit": "", "GOAL": "MINIMIZE", "STAGE": "VALID"}}
TCAPPDLL {"timestamp": "1750036614.712421", "elapsedtime": "0.00012", "datetime": "2025-06-16 01:16:54.712421", "type": "METADATA", "metric": "train.ips", "metadata": {"unit": "imgs/s", "format": ":.3f", "GOAL": "MAXIMIZE", "STAGE": "TRAIN"}}
TCAPPDLL {"timestamp": "1750036614.712436", "elapsedtime": "0.000135", "datetime": "2025-06-16 01:16:54.712436", "type": "METADATA", "metric": "val.ips", "metadata": {"unit": "imgs/s", "format": ":.3f", "GOAL": "MAXIMIZE", "STAGE": "VALID"}}
TCAPPDLL {"timestamp": "1750036614.712449", "elapsedtime": "0.000148", "datetime": "2025-06-16 01:16:54.712449", "type": "METADATA", "metric": "train.compute_time", "metadata": {"unit": "s", "GOAL": "MINIMIZE", "STAGE": "TRAIN"}}
TCAPPDLL {"timestamp": "1750036614.712462", "elapsedtime": "0.000161", "datetime": "2025-06-16 01:16:54.712462", "type": "METADATA", "metric": "train.fp_time", "metadata": {"unit": "s", "GOAL": "MINIMIZE", "STAGE": "TRAIN"}}
TCAPPDLL {"timestamp": "1750036614.712476", "elapsedtime": "0.000175", "datetime": "2025-06-16 01:16:54.712476", "type": "METADATA", "metric": "train.bp_time", "metadata": {"unit": "s", "GOAL": "MINIMIZE", "STAGE": "TRAIN"}}
TCAPPDLL {"timestamp": "1750036614.712487", "elapsedtime": "0.000186", "datetime": "2025-06-16 01:16:54.712487", "type": "METADATA", "metric": "train.grad_time", "metadata": {"unit": "s", "GOAL": "MINIMIZE", "STAGE": "TRAIN"}}
TCAPPDLL {"timestamp": "1750036648.22476", "datetime": "2025-06-16 01:17:28.224760", "elapsedtime": "33.512459", "type": "LOG", "step": [1, 0], "data": "{'train.loss': '2.5980207920074463', 'train.lr': '0.0', 'train.ips': '3.7840709728101896'}"}
TCAPPDLL {"timestamp": "1750036648.488974", "datetime": "2025-06-16 01:17:28.488974", "elapsedtime": "33.776673", "type": "LOG", "step": [1, 1], "data": "{'train.loss': '2.6546742916107178', 'train.lr': '1.829610262459605e-12', 'train.ips': '60.51207894763821'}"}
TCAPPDLL {"timestamp": "1750036648.71995", "datetime": "2025-06-16 01:17:28.719950", "elapsedtime": "34.007649", "type": "LOG", "step": [1, 2], "data": "{'train.loss': '2.5804591178894043', 'train.lr': '7.31844104983842e-12', 'train.ips': '69.27166359006252'}"}
TCAPPDLL {"timestamp": "1750036648.946372", "datetime": "2025-06-16 01:17:28.946372", "elapsedtime": "34.234071", "type": "LOG", "step": [1, 3], "data": "{'train.loss': '2.5770983695983887', 'train.lr': '1.6466492362136444e-11', 'train.ips': '70.6633726759626'}"}
TCAPPDLL {"timestamp": "1750036650.210292", "datetime": "2025-06-16 01:17:30.210292", "elapsedtime": "35.497991", "type": "LOG", "step": [1, 4], "data": "{'train.loss': '2.6140449047088623', 'train.lr': '2.927376419935368e-11', 'train.ips': '12.659154915310621'}"}
TCAPPDLL {"timestamp": "1750036650.449818", "datetime": "2025-06-16 01:17:30.449818", "elapsedtime": "35.737517", "type": "LOG", "step": [1, 5], "data": "{'train.loss': '2.590700149536133', 'train.lr': '4.574025656149011e-11', 'train.ips': '66.79639020644986'}"}
TCAPPDLL {"timestamp": "1750036650.696009", "datetime": "2025-06-16 01:17:30.696009", "elapsedtime": "35.983708", "type": "LOG", "step": [1, 6], "data": "{'train.loss': '2.604783535003662', 'train.lr': '6.586596944854578e-11', 'train.ips': '64.9899949229396'}"}
TCAPPDLL {"timestamp": "1750036650.948007", "datetime": "2025-06-16 01:17:30.948007", "elapsedtime": "36.235706", "type": "LOG", "step": [1, 7], "data": "{'train.loss': '2.5424435138702393', 'train.lr': '8.965090286052063e-11', 'train.ips': '63.504055995083746'}"}
TCAPPDLL {"timestamp": "1750036652.654583", "datetime": "2025-06-16 01:17:32.654583", "elapsedtime": "37.942282", "type": "LOG", "step": [1, 8], "data": "{'train.loss': '2.6145424842834473', 'train.lr': '1.1709505679741473e-10', 'train.ips': '9.375274806749871'}"}
TCAPPDLL {"timestamp": "1750036652.89143", "datetime": "2025-06-16 01:17:32.891430", "elapsedtime": "38.179129", "type": "LOG", "step": [1, 9], "data": "{'train.loss': '2.561441421508789', 'train.lr': '1.4819843125922798e-10', 'train.ips': '67.57581258150469'}"}
TCAPPDLL {"timestamp": "1750036653.127187", "datetime": "2025-06-16 01:17:33.127187", "elapsedtime": "38.414886", "type": "LOG", "step": [1, 10], "data": "{'train.loss': '2.564976930618286', 'train.lr': '1.8296102624596044e-10', 'train.ips': '67.84614780361451'}"}
TCAPPDLL {"timestamp": "1750036653.366158", "datetime": "2025-06-16 01:17:33.366158", "elapsedtime": "38.653857", "type": "LOG", "step": [1, 11], "data": "{'train.loss': '2.625246047973633', 'train.lr': '2.213828417576122e-10', 'train.ips': '66.95586955722847'}"}
TCAPPDLL {"timestamp": "1750036653.609676", "datetime": "2025-06-16 01:17:33.609676", "elapsedtime": "38.897375", "type": "LOG", "step": [1, 12], "data": "{'train.loss': '2.5611586570739746', 'train.lr': '2.634638777941831e-10', 'train.ips': '65.70951391603838'}"}
TCAPPDLL {"timestamp": "1750036653.854028", "datetime": "2025-06-16 01:17:33.854028", "elapsedtime": "39.141727", "type": "LOG", "step": [1, 13], "data": "{'train.loss': '2.5085482597351074', 'train.lr': '3.0920413435567324e-10', 'train.ips': '65.46912404458199'}"}
TCAPPDLL {"timestamp": "1750036654.092312", "datetime": "2025-06-16 01:17:34.092312", "elapsedtime": "39.380011", "type": "LOG", "step": [1, 14], "data": "{'train.loss': '2.5980918407440186', 'train.lr': '3.586036114420825e-10', 'train.ips': '67.15600723540655'}"}
TCAPPDLL {"timestamp": "1750036654.33465", "datetime": "2025-06-16 01:17:34.334650", "elapsedtime": "39.622349", "type": "LOG", "step": [1, 15], "data": "{'train.loss': '2.5702109336853027', 'train.lr': '4.1166230905341117e-10', 'train.ips': '66.01493031289827'}"}
TCAPPDLL {"timestamp": "1750036654.585982", "datetime": "2025-06-16 01:17:34.585982", "elapsedtime": "39.873681", "type": "LOG", "step": [1, 16], "data": "{'train.loss': '2.5823159217834473', 'train.lr': '4.683802271896589e-10', 'train.ips': '63.66164909608005'}"}
TCAPPDLL {"timestamp": "1750036654.817814", "datetime": "2025-06-16 01:17:34.817814", "elapsedtime": "40.105513", "type": "LOG", "step": [1, 17], "data": "{'train.loss': '2.5917816162109375', 'train.lr': '5.287573658508258e-10', 'train.ips': '69.01655017387982'}"}
TCAPPDLL {"timestamp": "1750036655.061434", "datetime": "2025-06-16 01:17:35.061434", "elapsedtime": "40.349133", "type": "LOG", "step": [1, 18], "data": "{'train.loss': '2.5860819816589355', 'train.lr': '5.927937250369119e-10', 'train.ips': '65.67125429674475'}"}
TCAPPDLL {"timestamp": "1750036655.300162", "datetime": "2025-06-16 01:17:35.300162", "elapsedtime": "40.587861", "type": "LOG", "step": [1, 19], "data": "{'train.loss': '2.563890218734741', 'train.lr': '6.604893047479174e-10', 'train.ips': '67.05475053507018'}"}
TCAPPDLL {"timestamp": "1750036655.542508", "datetime": "2025-06-16 01:17:35.542508", "elapsedtime": "40.830207", "type": "LOG", "step": [1, 20], "data": "{'train.loss': '2.619537830352783', 'train.lr': '7.318441049838418e-10', 'train.ips': '65.99655773905631'}"}
TCAPPDLL {"timestamp": "1750036655.790645", "datetime": "2025-06-16 01:17:35.790645", "elapsedtime": "41.078344", "type": "LOG", "step": [1, 21], "data": "{'train.loss': '2.5818591117858887', 'train.lr': '8.068581257446858e-10', 'train.ips': '64.51088150928003'}"}
TCAPPDLL {"timestamp": "1750036656.047961", "datetime": "2025-06-16 01:17:36.047961", "elapsedtime": "41.33566", "type": "LOG", "step": [1, 22], "data": "{'train.loss': '2.586488962173462', 'train.lr': '8.855313670304488e-10', 'train.ips': '62.15061219928673'}"}
TCAPPDLL {"timestamp": "1750036656.295865", "datetime": "2025-06-16 01:17:36.295865", "elapsedtime": "41.583564", "type": "LOG", "step": [1, 23], "data": "{'train.loss': '2.5998446941375732', 'train.lr': '9.678638288411308e-10', 'train.ips': '64.55276778332957'}"}
TCAPPDLL {"timestamp": "1750036656.540201", "datetime": "2025-06-16 01:17:36.540201", "elapsedtime": "41.8279", "type": "LOG", "step": [1, 24], "data": "{'train.loss': '2.595156669616699', 'train.lr': '1.0538555111767324e-09', 'train.ips': '65.46618618174263'}"}
TCAPPDLL {"timestamp": "1750036656.793937", "datetime": "2025-06-16 01:17:36.793937", "elapsedtime": "42.081636", "type": "LOG", "step": [1, 25], "data": "{'train.loss': '2.54953932762146', 'train.lr': '1.143506414037253e-09', 'train.ips': '63.06512774450783'}"}
TCAPPDLL {"timestamp": "1750036657.029685", "datetime": "2025-06-16 01:17:37.029685", "elapsedtime": "42.317384", "type": "LOG", "step": [1, 26], "data": "{'train.loss': '2.576763153076172', 'train.lr': '1.236816537422693e-09', 'train.ips': '67.86625107737179'}"}
TCAPPDLL {"timestamp": "1750036657.267804", "datetime": "2025-06-16 01:17:37.267804", "elapsedtime": "42.555503", "type": "LOG", "step": [1, 27], "data": "{'train.loss': '2.5957937240600586', 'train.lr': '1.333785881333052e-09', 'train.ips': '67.20759167027457'}"}
TCAPPDLL {"timestamp": "1750036657.509551", "datetime": "2025-06-16 01:17:37.509551", "elapsedtime": "42.79725", "type": "LOG", "step": [1, 28], "data": "{'train.loss': '2.592916965484619', 'train.lr': '1.43441444576833e-09', 'train.ips': '66.17010839466731'}"}
TCAPPDLL {"timestamp": "1750036657.760417", "datetime": "2025-06-16 01:17:37.760417", "elapsedtime": "43.048116", "type": "LOG", "step": [1, 29], "data": "{'train.loss': '2.6674654483795166', 'train.lr': '1.5387022307285276e-09', 'train.ips': '63.7936966962175'}"}
TCAPPDLL {"timestamp": "1750036658.010245", "datetime": "2025-06-16 01:17:38.010245", "elapsedtime": "43.297944", "type": "LOG", "step": [1, 30], "data": "{'train.loss': '2.557244300842285', 'train.lr': '1.6466492362136447e-09', 'train.ips': '64.0250950293697'}"}
TCAPPDLL {"timestamp": "1750036658.259122", "datetime": "2025-06-16 01:17:38.259122", "elapsedtime": "43.546821", "type": "LOG", "step": [1, 31], "data": "{'train.loss': '2.5828049182891846', 'train.lr': '1.7582554622236802e-09', 'train.ips': '64.30787013851987'}"}
TCAPPDLL {"timestamp": "1750036658.510141", "datetime": "2025-06-16 01:17:38.510141", "elapsedtime": "43.79784", "type": "LOG", "step": [1, 32], "data": "{'train.loss': '2.5128912925720215', 'train.lr': '1.8735209087586357e-09', 'train.ips': '63.72415522779707'}"}
TCAPPDLL {"timestamp": "1750036658.753895", "datetime": "2025-06-16 01:17:38.753895", "elapsedtime": "44.041594", "type": "LOG", "step": [1, 33], "data": "{'train.loss': '2.55148983001709', 'train.lr': '1.992445575818509e-09', 'train.ips': '65.65981721840969'}"}
TCAPPDLL {"timestamp": "1750036659.027686", "datetime": "2025-06-16 01:17:39.027686", "elapsedtime": "44.315385", "type": "LOG", "step": [1, 34], "data": "{'train.loss': '2.5638794898986816', 'train.lr': '2.115029463403303e-09', 'train.ips': '58.434191202513674'}"}
TCAPPDLL {"timestamp": "1750036659.279027", "datetime": "2025-06-16 01:17:39.279027", "elapsedtime": "44.566726", "type": "LOG", "step": [1, 35], "data": "{'train.loss': '2.6219100952148438', 'train.lr': '2.241272571513016e-09', 'train.ips': '63.6470980690681'}"}
TCAPPDLL {"timestamp": "1750036659.526076", "datetime": "2025-06-16 01:17:39.526076", "elapsedtime": "44.813775", "type": "LOG", "step": [1, 36], "data": "{'train.loss': '2.6038620471954346', 'train.lr': '2.3711749001476477e-09', 'train.ips': '64.78339884339618'}"}
TCAPPDLL {"timestamp": "1750036659.77593", "datetime": "2025-06-16 01:17:39.775930", "elapsedtime": "45.063629", "type": "LOG", "step": [1, 37], "data": "{'train.loss': '2.5520496368408203', 'train.lr': '2.5047364493071985e-09', 'train.ips': '64.01727735613238'}"}
TCAPPDLL {"timestamp": "1750036660.018071", "datetime": "2025-06-16 01:17:40.018071", "elapsedtime": "45.30577", "type": "LOG", "step": [1, 38], "data": "{'train.loss': '2.5637564659118652', 'train.lr': '2.6419572189916696e-09', 'train.ips': '66.07850164667015'}"}
TCAPPDLL {"timestamp": "1750036660.264217", "datetime": "2025-06-16 01:17:40.264217", "elapsedtime": "45.551916", "type": "LOG", "step": [1, 39], "data": "{'train.loss': '2.553499221801758', 'train.lr': '2.7828372092010586e-09', 'train.ips': '65.00138870284091'}"}
TCAPPDLL {"timestamp": "1750036660.506311", "datetime": "2025-06-16 01:17:40.506311", "elapsedtime": "45.79401", "type": "LOG", "step": [1, 40], "data": "{'train.loss': '2.5619091987609863', 'train.lr': '2.927376419935367e-09', 'train.ips': '66.11515297350122'}"}
TCAPPDLL {"timestamp": "1750036660.768562", "datetime": "2025-06-16 01:17:40.768562", "elapsedtime": "46.056261", "type": "LOG", "step": [1, 41], "data": "{'train.loss': '2.5409421920776367', 'train.lr': '3.0755748511945963e-09', 'train.ips': '61.00212410623561'}"}
TCAPPDLL {"timestamp": "1750036661.03131", "datetime": "2025-06-16 01:17:41.031310", "elapsedtime": "46.319009", "type": "LOG", "step": [1, 42], "data": "{'train.loss': '2.613285779953003', 'train.lr': '3.227432502978743e-09', 'train.ips': '60.881093197138135'}"}
TCAPPDLL {"timestamp": "1750036661.284086", "datetime": "2025-06-16 01:17:41.284086", "elapsedtime": "46.571785", "type": "LOG", "step": [1, 43], "data": "{'train.loss': '2.557270050048828', 'train.lr': '3.382949375287809e-09', 'train.ips': '63.2975295855747'}"}
TCAPPDLL {"timestamp": "1750036661.533263", "datetime": "2025-06-16 01:17:41.533263", "elapsedtime": "46.820962", "type": "LOG", "step": [1, 44], "data": "{'train.loss': '2.608781576156616', 'train.lr': '3.5421254681217954e-09', 'train.ips': '64.2344369131545'}"}
TCAPPDLL {"timestamp": "1750036661.786253", "datetime": "2025-06-16 01:17:41.786253", "elapsedtime": "47.073952", "type": "LOG", "step": [1, 45], "data": "{'train.loss': '2.5209474563598633', 'train.lr': '3.7049607814807e-09', 'train.ips': '63.217748120293365'}"}
TCAPPDLL {"timestamp": "1750036662.033372", "datetime": "2025-06-16 01:17:42.033372", "elapsedtime": "47.321071", "type": "LOG", "step": [1, 46], "data": "{'train.loss': '2.6530232429504395', 'train.lr': '3.871455315364523e-09', 'train.ips': '64.74933327456326'}"}
TCAPPDLL {"timestamp": "1750036662.282212", "datetime": "2025-06-16 01:17:42.282212", "elapsedtime": "47.569911", "type": "LOG", "step": [1, 47], "data": "{'train.loss': '2.648651123046875', 'train.lr': '4.041609069773266e-09', 'train.ips': '64.29850468743415'}"}
TCAPPDLL {"timestamp": "1750036662.525112", "datetime": "2025-06-16 01:17:42.525112", "elapsedtime": "47.812811", "type": "LOG", "step": [1, 48], "data": "{'train.loss': '2.549931526184082', 'train.lr': '4.21542204470693e-09', 'train.ips': '65.8715328506482'}"}
TCAPPDLL {"timestamp": "1750036662.771128", "datetime": "2025-06-16 01:17:42.771128", "elapsedtime": "48.058827", "type": "LOG", "step": [1, 49], "data": "{'train.loss': '2.5092055797576904', 'train.lr': '4.392894240165511e-09', 'train.ips': '65.04334719370513'}"}
TCAPPDLL {"timestamp": "1750036663.021264", "datetime": "2025-06-16 01:17:43.021264", "elapsedtime": "48.308963", "type": "LOG", "step": [1, 50], "data": "{'train.loss': '2.553349494934082', 'train.lr': '4.574025656149012e-09', 'train.ips': '63.96047338960062'}"}
TCAPPDLL {"timestamp": "1750036663.264107", "datetime": "2025-06-16 01:17:43.264107", "elapsedtime": "48.551806", "type": "LOG", "step": [1, 51], "data": "{'train.loss': '2.618748188018799', 'train.lr': '4.758816292657432e-09', 'train.ips': '65.8955940460382'}"}
TCAPPDLL {"timestamp": "1750036663.502977", "datetime": "2025-06-16 01:17:43.502977", "elapsedtime": "48.790676", "type": "LOG", "step": [1, 52], "data": "{'train.loss': '2.6806554794311523', 'train.lr': '4.947266149690772e-09', 'train.ips': '66.9694333588567'}"}
TCAPPDLL {"timestamp": "1750036663.752857", "datetime": "2025-06-16 01:17:43.752857", "elapsedtime": "49.040556", "type": "LOG", "step": [1, 53], "data": "{'train.loss': '2.6171317100524902', 'train.lr': '5.139375227249029e-09', 'train.ips': '64.02955440117908'}"}
TCAPPDLL {"timestamp": "1750036664.008457", "datetime": "2025-06-16 01:17:44.008457", "elapsedtime": "49.296156", "type": "LOG", "step": [1, 54], "data": "{'train.loss': '2.546858787536621', 'train.lr': '5.335143525332208e-09', 'train.ips': '62.60902769864191'}"}
TCAPPDLL {"timestamp": "1750036664.253521", "datetime": "2025-06-16 01:17:44.253521", "elapsedtime": "49.54122", "type": "LOG", "step": [1, 55], "data": "{'train.loss': '2.637075901031494', 'train.lr': '5.534571043940304e-09', 'train.ips': '65.27674142464402'}"}
TCAPPDLL {"timestamp": "1750036664.493902", "datetime": "2025-06-16 01:17:44.493902", "elapsedtime": "49.781601", "type": "LOG", "step": [1, 56], "data": "{'train.loss': '2.5710809230804443', 'train.lr': '5.73765778307332e-09', 'train.ips': '66.56212244703825'}"}
TCAPPDLL {"timestamp": "1750036664.74018", "datetime": "2025-06-16 01:17:44.740180", "elapsedtime": "50.027879", "type": "LOG", "step": [1, 57], "data": "{'train.loss': '2.5219385623931885', 'train.lr': '5.944403742731257e-09', 'train.ips': '64.98263200813685'}"}
TCAPPDLL {"timestamp": "1750036664.989635", "datetime": "2025-06-16 01:17:44.989635", "elapsedtime": "50.277334", "type": "LOG", "step": [1, 58], "data": "{'train.loss': '2.5982155799865723', 'train.lr': '6.1548089229141105e-09', 'train.ips': '64.13780804874455'}"}
TCAPPDLL {"timestamp": "1750036665.228779", "datetime": "2025-06-16 01:17:45.228779", "elapsedtime": "50.516478", "type": "LOG", "step": [1, 59], "data": "{'train.loss': '2.590376615524292', 'train.lr': '6.368873323621884e-09', 'train.ips': '66.89013298458286'}"}
TCAPPDLL {"timestamp": "1750036665.470893", "datetime": "2025-06-16 01:17:45.470893", "elapsedtime": "50.758592", "type": "LOG", "step": [1, 60], "data": "{'train.loss': '2.5963833332061768', 'train.lr': '6.586596944854579e-09', 'train.ips': '66.08513883709342'}"}
TCAPPDLL {"timestamp": "1750036665.711619", "datetime": "2025-06-16 01:17:45.711619", "elapsedtime": "50.999318", "type": "LOG", "step": [1, 61], "data": "{'train.loss': '2.526953935623169', 'train.lr': '6.80797978661219e-09', 'train.ips': '66.46732113759577'}"}
TCAPPDLL {"timestamp": "1750036665.978462", "datetime": "2025-06-16 01:17:45.978462", "elapsedtime": "51.266161", "type": "LOG", "step": [1, 62], "data": "{'train.loss': '2.638878107070923', 'train.lr': '7.033021848894721e-09', 'train.ips': '59.9705671416005'}"}
TCAPPDLL {"timestamp": "1750036666.21833", "datetime": "2025-06-16 01:17:46.218330", "elapsedtime": "51.506029", "type": "LOG", "step": [1, 63], "data": "{'train.loss': '2.579373598098755', 'train.lr': '7.261723131702171e-09', 'train.ips': '66.68766443174079'}"}
TCAPPDLL {"timestamp": "1750036666.46395", "datetime": "2025-06-16 01:17:46.463950", "elapsedtime": "51.751649", "type": "LOG", "step": [1, 64], "data": "{'train.loss': '2.647097110748291', 'train.lr': '7.494083635034543e-09', 'train.ips': '65.14316861384691'}"}
TCAPPDLL {"timestamp": "1750036666.73194", "datetime": "2025-06-16 01:17:46.731940", "elapsedtime": "52.019639", "type": "LOG", "step": [1, 65], "data": "{'train.loss': '2.544081687927246', 'train.lr': '7.73010335889183e-09', 'train.ips': '59.70672279149612'}"}
TCAPPDLL {"timestamp": "1750036666.980884", "datetime": "2025-06-16 01:17:46.980884", "elapsedtime": "52.268583", "type": "LOG", "step": [1, 66], "data": "{'train.loss': '2.5927255153656006', 'train.lr': '7.969782303274037e-09', 'train.ips': '64.26777806549985'}"}
TCAPPDLL {"timestamp": "1750036667.226802", "datetime": "2025-06-16 01:17:47.226802", "elapsedtime": "52.514501", "type": "LOG", "step": [1, 67], "data": "{'train.loss': '2.6082215309143066', 'train.lr': '8.213120468181167e-09', 'train.ips': '65.0801842243912'}"}
TCAPPDLL {"timestamp": "1750036667.4716", "datetime": "2025-06-16 01:17:47.471600", "elapsedtime": "52.759299", "type": "LOG", "step": [1, 68], "data": "{'train.loss': '2.5805625915527344', 'train.lr': '8.460117853613212e-09', 'train.ips': '65.34366982916376'}"}
TCAPPDLL {"timestamp": "1750036667.714058", "datetime": "2025-06-16 01:17:47.714058", "elapsedtime": "53.001757", "type": "LOG", "step": [1, 69], "data": "{'train.loss': '2.5528430938720703', 'train.lr': '8.710774459570178e-09', 'train.ips': '65.98526660351311'}"}
TCAPPDLL {"timestamp": "1750036667.982298", "datetime": "2025-06-16 01:17:47.982298", "elapsedtime": "53.269997", "type": "LOG", "step": [1, 70], "data": "{'train.loss': '2.5940487384796143', 'train.lr': '8.965090286052064e-09', 'train.ips': '59.65348989028685'}"}
TCAPPDLL {"timestamp": "1750036668.23231", "datetime": "2025-06-16 01:17:48.232310", "elapsedtime": "53.520009", "type": "LOG", "step": [1, 71], "data": "{'train.loss': '2.6110899448394775', 'train.lr': '9.223065333058869e-09', 'train.ips': '64.00311268834933'}"}
TCAPPDLL {"timestamp": "1750036668.474799", "datetime": "2025-06-16 01:17:48.474799", "elapsedtime": "53.762498", "type": "LOG", "step": [1, 72], "data": "{'train.loss': '2.5209898948669434', 'train.lr': '9.484699600590591e-09', 'train.ips': '65.97300647088001'}"}
TCAPPDLL {"timestamp": "1750036668.718795", "datetime": "2025-06-16 01:17:48.718795", "elapsedtime": "54.006494", "type": "LOG", "step": [1, 73], "data": "{'train.loss': '2.5945241451263428', 'train.lr': '9.749993088647233e-09', 'train.ips': '65.58365035232848'}"}
TCAPPDLL {"timestamp": "1750036668.9593", "datetime": "2025-06-16 01:17:48.959300", "elapsedtime": "54.246999", "type": "LOG", "step": [1, 74], "data": "{'train.loss': '2.5611929893493652', 'train.lr': '1.0018945797228794e-08', 'train.ips': '66.51818226251142'}"}
TCAPPDLL {"timestamp": "1750036669.212252", "datetime": "2025-06-16 01:17:49.212252", "elapsedtime": "54.499951", "type": "LOG", "step": [1, 75], "data": "{'train.loss': '2.56736421585083', 'train.lr': '1.0291557726335278e-08', 'train.ips': '63.26799056350551'}"}
TCAPPDLL {"timestamp": "1750036669.45979", "datetime": "2025-06-16 01:17:49.459790", "elapsedtime": "54.747489", "type": "LOG", "step": [1, 76], "data": "{'train.loss': '2.6293017864227295', 'train.lr': '1.0567828875966678e-08', 'train.ips': '64.62182805445273'}"}
TCAPPDLL {"timestamp": "1750036669.706993", "datetime": "2025-06-16 01:17:49.706993", "elapsedtime": "54.994692", "type": "LOG", "step": [1, 77], "data": "{'train.loss': '2.5926265716552734', 'train.lr': '1.0847759246122997e-08', 'train.ips': '64.72216902362052'}"}
TCAPPDLL {"timestamp": "1750036669.95654", "datetime": "2025-06-16 01:17:49.956540", "elapsedtime": "55.244239", "type": "LOG", "step": [1, 78], "data": "{'train.loss': '2.5492005348205566', 'train.lr': '1.1131348836804234e-08', 'train.ips': '64.12064912011384'}"}
TCAPPDLL {"timestamp": "1750036670.207483", "datetime": "2025-06-16 01:17:50.207483", "elapsedtime": "55.495182", "type": "LOG", "step": [1, 79], "data": "{'train.loss': '2.5504987239837646', 'train.lr': '1.1418597648010392e-08', 'train.ips': '63.75339504461091'}"}
TCAPPDLL {"timestamp": "1750036670.450592", "datetime": "2025-06-16 01:17:50.450592", "elapsedtime": "55.738291", "type": "LOG", "step": [1, 80], "data": "{'train.loss': '2.647156238555908', 'train.lr': '1.1709505679741468e-08', 'train.ips': '65.8326968945763'}"}
TCAPPDLL {"timestamp": "1750036670.702607", "datetime": "2025-06-16 01:17:50.702607", "elapsedtime": "55.990306", "type": "LOG", "step": [1, 81], "data": "{'train.loss': '2.6226253509521484', 'train.lr': '1.2004072931997463e-08', 'train.ips': '63.485012263688674'}"}
TCAPPDLL {"timestamp": "1750036670.953271", "datetime": "2025-06-16 01:17:50.953271", "elapsedtime": "56.24097", "type": "LOG", "step": [1, 82], "data": "{'train.loss': '2.639601230621338', 'train.lr': '1.2302299404778385e-08', 'train.ips': '63.81735596378639'}"}
TCAPPDLL {"timestamp": "1750036671.195159", "datetime": "2025-06-16 01:17:51.195159", "elapsedtime": "56.482858", "type": "LOG", "step": [1, 83], "data": "{'train.loss': '2.510211944580078', 'train.lr': '1.2604185098084218e-08', 'train.ips': '66.14728070297899'}"}
TCAPPDLL {"timestamp": "1750036671.440936", "datetime": "2025-06-16 01:17:51.440936", "elapsedtime": "56.728635", "type": "LOG", "step": [1, 84], "data": "{'train.loss': '2.618021011352539', 'train.lr': '1.2909730011914972e-08', 'train.ips': '65.12167579012426'}"}
TCAPPDLL {"timestamp": "1750036671.697136", "datetime": "2025-06-16 01:17:51.697136", "elapsedtime": "56.984835", "type": "LOG", "step": [1, 85], "data": "{'train.loss': '2.609997272491455', 'train.lr': '1.3218934146270645e-08', 'train.ips': '62.44607757186832'}"}
TCAPPDLL {"timestamp": "1750036671.94763", "datetime": "2025-06-16 01:17:51.947630", "elapsedtime": "57.235329", "type": "LOG", "step": [1, 86], "data": "{'train.loss': '2.6155710220336914', 'train.lr': '1.3531797501151235e-08', 'train.ips': '63.85822466386957'}"}
TCAPPDLL {"timestamp": "1750036672.189826", "datetime": "2025-06-16 01:17:52.189826", "elapsedtime": "57.477525", "type": "LOG", "step": [1, 87], "data": "{'train.loss': '2.5558369159698486', 'train.lr': '1.3848320076556747e-08', 'train.ips': '66.06386549845352'}"}
TCAPPDLL {"timestamp": "1750036672.439335", "datetime": "2025-06-16 01:17:52.439335", "elapsedtime": "57.727034", "type": "LOG", "step": [1, 88], "data": "{'train.loss': '2.5682005882263184', 'train.lr': '1.4168501872487181e-08', 'train.ips': '64.16055777979402'}"}
TCAPPDLL {"timestamp": "1750036672.705676", "datetime": "2025-06-16 01:17:52.705676", "elapsedtime": "57.993375", "type": "LOG", "step": [1, 89], "data": "{'train.loss': '2.518178701400757', 'train.lr': '1.4492342888942531e-08', 'train.ips': '60.04359407674267'}"}
TCAPPDLL {"timestamp": "1750036672.955416", "datetime": "2025-06-16 01:17:52.955416", "elapsedtime": "58.243115", "type": "LOG", "step": [1, 90], "data": "{'train.loss': '2.6135616302490234', 'train.lr': '1.48198431259228e-08', 'train.ips': '64.067025430852'}"}
TCAPPDLL {"timestamp": "1750036673.202148", "datetime": "2025-06-16 01:17:53.202148", "elapsedtime": "58.489847", "type": "LOG", "step": [1, 91], "data": "{'train.loss': '2.549668312072754', 'train.lr': '1.5151002583427988e-08', 'train.ips': '64.84700035560834'}"}
TCAPPDLL {"timestamp": "1750036673.45806", "datetime": "2025-06-16 01:17:53.458060", "elapsedtime": "58.745759", "type": "LOG", "step": [1, 92], "data": "{'train.loss': '2.632694721221924', 'train.lr': '1.5485821261458093e-08', 'train.ips': '62.51932042535001'}"}
TCAPPDLL {"timestamp": "1750036673.724749", "datetime": "2025-06-16 01:17:53.724749", "elapsedtime": "59.012448", "type": "LOG", "step": [1, 93], "data": "{'train.loss': '2.7259387969970703', 'train.lr': '1.582429916001312e-08', 'train.ips': '60.02173711648455'}"}
TCAPPDLL {"timestamp": "1750036673.973688", "datetime": "2025-06-16 01:17:53.973688", "elapsedtime": "59.261387", "type": "LOG", "step": [1, 94], "data": "{'train.loss': '2.522474527359009', 'train.lr': '1.6166436279093065e-08', 'train.ips': '64.24513675948243'}"}
TCAPPDLL {"timestamp": "1750036674.22705", "datetime": "2025-06-16 01:17:54.227050", "elapsedtime": "59.514749", "type": "LOG", "step": [1, 95], "data": "{'train.loss': '2.5589828491210938', 'train.lr': '1.6512232618697935e-08', 'train.ips': '63.14672262409462'}"}
TCAPPDLL {"timestamp": "1750036674.473036", "datetime": "2025-06-16 01:17:54.473036", "elapsedtime": "59.760735", "type": "LOG", "step": [1, 96], "data": "{'train.loss': '2.570641040802002', 'train.lr': '1.686168817882772e-08', 'train.ips': '65.06510375310829'}"}
TCAPPDLL {"timestamp": "1750036674.724041", "datetime": "2025-06-16 01:17:54.724041", "elapsedtime": "60.01174", "type": "LOG", "step": [1, 97], "data": "{'train.loss': '2.56154727935791', 'train.lr': '1.7214802959482423e-08', 'train.ips': '63.748247375714904'}"}
TCAPPDLL {"timestamp": "1750036674.969503", "datetime": "2025-06-16 01:17:54.969503", "elapsedtime": "60.257202", "type": "LOG", "step": [1, 98], "data": "{'train.loss': '2.581131935119629', 'train.lr': '1.7571576960662044e-08', 'train.ips': '65.1634101176232'}"}
TCAPPDLL {"timestamp": "1750036675.219301", "datetime": "2025-06-16 01:17:55.219301", "elapsedtime": "60.507", "type": "LOG", "step": [1, 99], "data": "{'train.loss': '2.506413459777832', 'train.lr': '1.7932010182366585e-08', 'train.ips': '64.05889177607504'}"}
