2025-05-21 02:01:38.673 | INFO     | __main__:main:87 - Using 8 dataloader workers every process
2025-05-21 02:01:38.674 | INFO     | __main__:main:96 - 创建 DataLoader
2025-05-21 02:01:38.675 | INFO     | __main__:main:118 - 创建模型并加载预训练权重
2025-05-21 02:01:39.706 | INFO     | __main__:main:161 - 开始训练
TCAPPDLL 2025-05-21 02:01:41.734458 - Epoch: 0 Iteration: 0  rank : -1  train.loss : 6.907630920410156  train.ips : 7.901733783480352 imgs/s
TCAPPDLL 2025-05-21 02:01:42.024422 - Epoch: 0 Iteration: 1  rank : -1  train.loss : 6.907840728759766  train.ips : 55.53328412404712 imgs/s
TCAPPDLL 2025-05-21 02:01:42.096138 - Epoch: 0 Iteration: 2  rank : -1  train.loss : 6.907652854919434  train.ips : 226.01969580622128 imgs/s
TCAPPDLL 2025-05-21 02:01:42.165507 - Epoch: 0 Iteration: 3  rank : -1  train.loss : 6.907802104949951  train.ips : 230.95592800357917 imgs/s
TCAPPDLL 2025-05-21 02:01:42.235703 - Epoch: 0 Iteration: 4  rank : -1  train.loss : 6.907795429229736  train.ips : 227.02976707995737 imgs/s
TCAPPDLL 2025-05-21 02:01:42.306590 - Epoch: 0 Iteration: 5  rank : -1  train.loss : 6.907745361328125  train.ips : 226.23990398716234 imgs/s
TCAPPDLL 2025-05-21 02:01:42.375841 - Epoch: 0 Iteration: 6  rank : -1  train.loss : 6.9077277183532715  train.ips : 246.33253068655665 imgs/s
TCAPPDLL 2025-05-21 02:01:42.444726 - Epoch: 0 Iteration: 7  rank : -1  train.loss : 6.907778263092041  train.ips : 232.18408970601973 imgs/s
TCAPPDLL 2025-05-21 02:01:42.514521 - Epoch: 0 Iteration: 8  rank : -1  train.loss : 6.907869815826416  train.ips : 230.0636070991474 imgs/s
TCAPPDLL 2025-05-21 02:01:42.584214 - Epoch: 0 Iteration: 9  rank : -1  train.loss : 6.907676696777344  train.ips : 229.14607071517594 imgs/s
TCAPPDLL 2025-05-21 02:01:42.654093 - Epoch: 0 Iteration: 10  rank : -1  train.loss : 6.9078803062438965  train.ips : 224.6209027161816 imgs/s
TCAPPDLL 2025-05-21 02:01:42.723692 - Epoch: 0 Iteration: 11  rank : -1  train.loss : 6.90781307220459  train.ips : 232.80913906687437 imgs/s
TCAPPDLL 2025-05-21 02:01:42.793661 - Epoch: 0 Iteration: 12  rank : -1  train.loss : 6.907869338989258  train.ips : 226.55763627954397 imgs/s
TCAPPDLL 2025-05-21 02:01:42.862882 - Epoch: 0 Iteration: 13  rank : -1  train.loss : 6.907771587371826  train.ips : 234.64637762237763 imgs/s
TCAPPDLL 2025-05-21 02:01:42.931857 - Epoch: 0 Iteration: 14  rank : -1  train.loss : 6.907702922821045  train.ips : 230.68996407761983 imgs/s
TCAPPDLL 2025-05-21 02:01:43.001307 - Epoch: 0 Iteration: 15  rank : -1  train.loss : 6.907799243927002  train.ips : 221.96048236126822 imgs/s
TCAPPDLL 2025-05-21 02:01:43.071011 - Epoch: 0 Iteration: 16  rank : -1  train.loss : 6.907749176025391  train.ips : 229.8555766009844 imgs/s
TCAPPDLL 2025-05-21 02:01:43.140709 - Epoch: 0 Iteration: 17  rank : -1  train.loss : 6.907877445220947  train.ips : 231.4066840457373 imgs/s
TCAPPDLL 2025-05-21 02:01:43.211087 - Epoch: 0 Iteration: 18  rank : -1  train.loss : 6.907724380493164  train.ips : 227.17578917079942 imgs/s
TCAPPDLL 2025-05-21 02:01:43.280568 - Epoch: 0 Iteration: 19  rank : -1  train.loss : 6.907815456390381  train.ips : 232.04279258252683 imgs/s
TCAPPDLL 2025-05-21 02:01:43.349861 - Epoch: 0 Iteration: 20  rank : -1  train.loss : 6.907674789428711  train.ips : 236.74396223885756 imgs/s
TCAPPDLL 2025-05-21 02:01:43.418936 - Epoch: 0 Iteration: 21  rank : -1  train.loss : 6.907708168029785  train.ips : 226.1613722913086 imgs/s
TCAPPDLL 2025-05-21 02:01:43.488557 - Epoch: 0 Iteration: 22  rank : -1  train.loss : 6.907881736755371  train.ips : 213.12791066959693 imgs/s
TCAPPDLL 2025-05-21 02:01:43.557865 - Epoch: 0 Iteration: 23  rank : -1  train.loss : 6.907710075378418  train.ips : 246.35965962070762 imgs/s
TCAPPDLL 2025-05-21 02:01:43.627665 - Epoch: 0 Iteration: 24  rank : -1  train.loss : 6.90770149230957  train.ips : 237.06510481062026 imgs/s
TCAPPDLL 2025-05-21 02:01:43.697388 - Epoch: 0 Iteration: 25  rank : -1  train.loss : 6.9078288078308105  train.ips : 222.38119917554195 imgs/s
TCAPPDLL 2025-05-21 02:01:43.767456 - Epoch: 0 Iteration: 26  rank : -1  train.loss : 6.9078168869018555  train.ips : 237.413993900929 imgs/s
TCAPPDLL 2025-05-21 02:01:43.837657 - Epoch: 0 Iteration: 27  rank : -1  train.loss : 6.907719135284424  train.ips : 218.7545480919365 imgs/s
TCAPPDLL 2025-05-21 02:01:43.907721 - Epoch: 0 Iteration: 28  rank : -1  train.loss : 6.907772064208984  train.ips : 230.36054386741773 imgs/s
TCAPPDLL 2025-05-21 02:01:43.977138 - Epoch: 0 Iteration: 29  rank : -1  train.loss : 6.907678127288818  train.ips : 228.5132731309334 imgs/s
TCAPPDLL 2025-05-21 02:01:44.046531 - Epoch: 0 Iteration: 30  rank : -1  train.loss : 6.9077606201171875  train.ips : 239.5256661931514 imgs/s
TCAPPDLL 2025-05-21 02:01:44.116057 - Epoch: 0 Iteration: 31  rank : -1  train.loss : 6.907872200012207  train.ips : 220.15610319397422 imgs/s
TCAPPDLL 2025-05-21 02:01:44.187799 - Epoch: 0 Iteration: 32  rank : -1  train.loss : 6.907672882080078  train.ips : 233.14722466378774 imgs/s
TCAPPDLL 2025-05-21 02:01:44.256921 - Epoch: 0 Iteration: 33  rank : -1  train.loss : 6.907802104949951  train.ips : 224.08462668625617 imgs/s
TCAPPDLL 2025-05-21 02:01:44.327290 - Epoch: 0 Iteration: 34  rank : -1  train.loss : 6.907822608947754  train.ips : 227.09276410851638 imgs/s
TCAPPDLL 2025-05-21 02:01:44.396958 - Epoch: 0 Iteration: 35  rank : -1  train.loss : 6.907829284667969  train.ips : 234.52255627273712 imgs/s
TCAPPDLL 2025-05-21 02:01:44.467510 - Epoch: 0 Iteration: 36  rank : -1  train.loss : 6.907705783843994  train.ips : 230.2917696151101 imgs/s
TCAPPDLL 2025-05-21 02:01:44.540953 - Epoch: 0 Iteration: 37  rank : -1  train.loss : 6.907834529876709  train.ips : 215.0670080791701 imgs/s
TCAPPDLL 2025-05-21 02:01:44.610392 - Epoch: 0 Iteration: 38  rank : -1  train.loss : 6.907835006713867  train.ips : 231.42823051483393 imgs/s
TCAPPDLL 2025-05-21 02:01:44.680362 - Epoch: 0 Iteration: 39  rank : -1  train.loss : 6.9077887535095215  train.ips : 224.13477036735213 imgs/s
TCAPPDLL 2025-05-21 02:01:44.750404 - Epoch: 0 Iteration: 40  rank : -1  train.loss : 6.907705783843994  train.ips : 227.70920861991158 imgs/s
TCAPPDLL 2025-05-21 02:01:44.820677 - Epoch: 0 Iteration: 41  rank : -1  train.loss : 6.907725811004639  train.ips : 223.72231426999818 imgs/s
TCAPPDLL 2025-05-21 02:01:44.890107 - Epoch: 0 Iteration: 42  rank : -1  train.loss : 6.907676696777344  train.ips : 238.6576621750897 imgs/s
TCAPPDLL 2025-05-21 02:01:44.959690 - Epoch: 0 Iteration: 43  rank : -1  train.loss : 6.9078569412231445  train.ips : 233.6122757305076 imgs/s
TCAPPDLL 2025-05-21 02:01:45.030022 - Epoch: 0 Iteration: 44  rank : -1  train.loss : 6.907780170440674  train.ips : 219.212585256226 imgs/s
TCAPPDLL 2025-05-21 02:01:45.100371 - Epoch: 0 Iteration: 45  rank : -1  train.loss : 6.907743453979492  train.ips : 219.85894193345476 imgs/s
TCAPPDLL 2025-05-21 02:01:45.171270 - Epoch: 0 Iteration: 46  rank : -1  train.loss : 6.907766819000244  train.ips : 228.48682033298152 imgs/s
TCAPPDLL 2025-05-21 02:01:45.242202 - Epoch: 0 Iteration: 47  rank : -1  train.loss : 6.9077982902526855  train.ips : 231.50726857505572 imgs/s
TCAPPDLL 2025-05-21 02:01:45.312001 - Epoch: 0 Iteration: 48  rank : -1  train.loss : 6.907614707946777  train.ips : 240.87372131253454 imgs/s
TCAPPDLL 2025-05-21 02:01:45.381269 - Epoch: 0 Iteration: 49  rank : -1  train.loss : 6.9077534675598145  train.ips : 228.88425648021828 imgs/s
TCAPPDLL 2025-05-21 02:01:45.451428 - Epoch: 0 Iteration: 50  rank : -1  train.loss : 6.907818794250488  train.ips : 224.15573258513285 imgs/s
TCAPPDLL 2025-05-21 02:01:45.520919 - Epoch: 0 Iteration: 51  rank : -1  train.loss : 6.9078145027160645  train.ips : 223.10646856808503 imgs/s
TCAPPDLL 2025-05-21 02:01:45.591417 - Epoch: 0 Iteration: 52  rank : -1  train.loss : 6.907753944396973  train.ips : 227.87777042055043 imgs/s
TCAPPDLL 2025-05-21 02:01:45.660585 - Epoch: 0 Iteration: 53  rank : -1  train.loss : 6.907841205596924  train.ips : 241.5360672612492 imgs/s
TCAPPDLL 2025-05-21 02:01:45.730392 - Epoch: 0 Iteration: 54  rank : -1  train.loss : 6.907804012298584  train.ips : 223.1428191418615 imgs/s
TCAPPDLL 2025-05-21 02:01:45.801135 - Epoch: 0 Iteration: 55  rank : -1  train.loss : 6.907797336578369  train.ips : 227.58873940631264 imgs/s
TCAPPDLL 2025-05-21 02:01:45.871262 - Epoch: 0 Iteration: 56  rank : -1  train.loss : 6.907642841339111  train.ips : 232.35210370329335 imgs/s
2025-05-21 02:01:49.194 | INFO     | __main__:main:176 - 第 0 训练共花费: 9.488 seconds
TCAPPDLL 2025-05-21 02:01:45.941275 - Epoch: 0 Iteration: 57  rank : -1  train.loss : 6.907658576965332  train.ips : 220.44899956967205 imgs/s
TCAPPDLL 2025-05-21 02:01:46.011407 - Epoch: 0 Iteration: 58  rank : -1  train.loss : 6.907824993133545  train.ips : 232.2748996261941 imgs/s
TCAPPDLL 2025-05-21 02:01:46.080543 - Epoch: 0 Iteration: 59  rank : -1  train.loss : 6.907715320587158  train.ips : 235.09684290178384 imgs/s
TCAPPDLL 2025-05-21 02:01:46.149461 - Epoch: 0 Iteration: 60  rank : -1  train.loss : 6.907833099365234  train.ips : 233.4919802097323 imgs/s
TCAPPDLL 2025-05-21 02:01:46.218774 - Epoch: 0 Iteration: 61  rank : -1  train.loss : 6.907712459564209  train.ips : 233.0152707272866 imgs/s
TCAPPDLL 2025-05-21 02:01:46.287844 - Epoch: 0 Iteration: 62  rank : -1  train.loss : 6.907792091369629  train.ips : 221.10632128995698 imgs/s
TCAPPDLL 2025-05-21 02:01:46.357225 - Epoch: 0 Iteration: 63  rank : -1  train.loss : 6.907813549041748  train.ips : 240.79852741188333 imgs/s
TCAPPDLL 2025-05-21 02:01:46.426428 - Epoch: 0 Iteration: 64  rank : -1  train.loss : 6.907702445983887  train.ips : 232.16561496734198 imgs/s
TCAPPDLL 2025-05-21 02:01:46.495855 - Epoch: 0 Iteration: 65  rank : -1  train.loss : 6.90791130065918  train.ips : 230.09515972529374 imgs/s
TCAPPDLL 2025-05-21 02:01:46.565501 - Epoch: 0 Iteration: 66  rank : -1  train.loss : 6.907588481903076  train.ips : 223.78199643196558 imgs/s
TCAPPDLL 2025-05-21 02:01:46.635162 - Epoch: 0 Iteration: 67  rank : -1  train.loss : 6.90777063369751  train.ips : 236.71055991760315 imgs/s
TCAPPDLL 2025-05-21 02:01:46.705618 - Epoch: 0 Iteration: 68  rank : -1  train.loss : 6.907850742340088  train.ips : 215.9702380186141 imgs/s
TCAPPDLL 2025-05-21 02:01:46.775702 - Epoch: 0 Iteration: 69  rank : -1  train.loss : 6.907735824584961  train.ips : 238.08191632401827 imgs/s
TCAPPDLL 2025-05-21 02:01:46.846111 - Epoch: 0 Iteration: 70  rank : -1  train.loss : 6.907581329345703  train.ips : 225.03894570939943 imgs/s
TCAPPDLL 2025-05-21 02:01:46.916263 - Epoch: 0 Iteration: 71  rank : -1  train.loss : 6.907690525054932  train.ips : 223.55686288879932 imgs/s
TCAPPDLL 2025-05-21 02:01:46.986313 - Epoch: 0 Iteration: 72  rank : -1  train.loss : 6.907717704772949  train.ips : 231.53362659352413 imgs/s
TCAPPDLL 2025-05-21 02:01:47.056413 - Epoch: 0 Iteration: 73  rank : -1  train.loss : 6.907676696777344  train.ips : 227.76330678142702 imgs/s
TCAPPDLL 2025-05-21 02:01:47.125986 - Epoch: 0 Iteration: 74  rank : -1  train.loss : 6.907641887664795  train.ips : 235.46143644082665 imgs/s
TCAPPDLL 2025-05-21 02:01:47.195341 - Epoch: 0 Iteration: 75  rank : -1  train.loss : 6.907716274261475  train.ips : 232.43257921059558 imgs/s
TCAPPDLL 2025-05-21 02:01:47.265030 - Epoch: 0 Iteration: 76  rank : -1  train.loss : 6.90773868560791  train.ips : 226.84481942697983 imgs/s
TCAPPDLL 2025-05-21 02:01:47.335781 - Epoch: 0 Iteration: 77  rank : -1  train.loss : 6.907772541046143  train.ips : 221.16971792226795 imgs/s
TCAPPDLL 2025-05-21 02:01:47.405417 - Epoch: 0 Iteration: 78  rank : -1  train.loss : 6.90787935256958  train.ips : 222.05963383199156 imgs/s
TCAPPDLL 2025-05-21 02:01:47.476450 - Epoch: 0 Iteration: 79  rank : -1  train.loss : 6.907756805419922  train.ips : 233.68793027199632 imgs/s
TCAPPDLL 2025-05-21 02:01:47.546637 - Epoch: 0 Iteration: 80  rank : -1  train.loss : 6.907782077789307  train.ips : 229.26114553939286 imgs/s
TCAPPDLL 2025-05-21 02:01:47.615773 - Epoch: 0 Iteration: 81  rank : -1  train.loss : 6.90774393081665  train.ips : 237.9325084204928 imgs/s
TCAPPDLL 2025-05-21 02:01:47.684610 - Epoch: 0 Iteration: 82  rank : -1  train.loss : 6.90775203704834  train.ips : 232.31671213149258 imgs/s
TCAPPDLL 2025-05-21 02:01:47.753979 - Epoch: 0 Iteration: 83  rank : -1  train.loss : 6.90765380859375  train.ips : 232.27329175348365 imgs/s
TCAPPDLL 2025-05-21 02:01:47.822746 - Epoch: 0 Iteration: 84  rank : -1  train.loss : 6.907811164855957  train.ips : 226.64715934804488 imgs/s
TCAPPDLL 2025-05-21 02:01:47.891675 - Epoch: 0 Iteration: 85  rank : -1  train.loss : 6.907474040985107  train.ips : 238.39992610933686 imgs/s
TCAPPDLL 2025-05-21 02:01:47.960815 - Epoch: 0 Iteration: 86  rank : -1  train.loss : 6.907761096954346  train.ips : 230.04546825723295 imgs/s
TCAPPDLL 2025-05-21 02:01:48.029957 - Epoch: 0 Iteration: 87  rank : -1  train.loss : 6.907680988311768  train.ips : 226.098129125072 imgs/s
TCAPPDLL 2025-05-21 02:01:48.099386 - Epoch: 0 Iteration: 88  rank : -1  train.loss : 6.90765380859375  train.ips : 238.3372719491709 imgs/s
TCAPPDLL 2025-05-21 02:01:48.168043 - Epoch: 0 Iteration: 89  rank : -1  train.loss : 6.907679557800293  train.ips : 231.79913855336375 imgs/s
TCAPPDLL 2025-05-21 02:01:48.238089 - Epoch: 0 Iteration: 90  rank : -1  train.loss : 6.90772819519043  train.ips : 224.27259389965545 imgs/s
TCAPPDLL 2025-05-21 02:01:48.307469 - Epoch: 0 Iteration: 91  rank : -1  train.loss : 6.9078874588012695  train.ips : 232.37865445945337 imgs/s
TCAPPDLL 2025-05-21 02:01:48.376122 - Epoch: 0 Iteration: 92  rank : -1  train.loss : 6.907811641693115  train.ips : 236.42368856790557 imgs/s
TCAPPDLL 2025-05-21 02:01:48.445444 - Epoch: 0 Iteration: 93  rank : -1  train.loss : 6.907649040222168  train.ips : 225.90785119654754 imgs/s
TCAPPDLL 2025-05-21 02:01:48.514315 - Epoch: 0 Iteration: 94  rank : -1  train.loss : 6.907761573791504  train.ips : 237.23271187279502 imgs/s
TCAPPDLL 2025-05-21 02:01:48.583836 - Epoch: 0 Iteration: 95  rank : -1  train.loss : 6.907696723937988  train.ips : 225.48506148780325 imgs/s
TCAPPDLL 2025-05-21 02:01:48.653251 - Epoch: 0 Iteration: 96  rank : -1  train.loss : 6.90775728225708  train.ips : 234.05061242710863 imgs/s
TCAPPDLL 2025-05-21 02:01:48.722806 - Epoch: 0 Iteration: 97  rank : -1  train.loss : 6.907712459564209  train.ips : 224.38882684552988 imgs/s
TCAPPDLL 2025-05-21 02:01:48.791940 - Epoch: 0 Iteration: 98  rank : -1  train.loss : 6.907874584197998  train.ips : 238.65087250756577 imgs/s
TCAPPDLL 2025-05-21 02:01:48.860761 - Epoch: 0 Iteration: 99  rank : -1  train.loss : 6.907671928405762  train.ips : 232.37704514998632 imgs/s
