--------------+------------------------------------------------
 Host IP      | 10.244.32.82
 PyTorch      | 2.4.0a0+git4451b0e
 Torch-SDAA   | 20250616.14.30.dev0+git35328dc
--------------+------------------------------------------------
 SDAA Driver  | 2.1.0 (N/A)
 SDAA Runtime | 2.1.0 (/opt/tecoai/lib64/libsdaart.so)
 SDPTI        | 1.4.0b0 (/opt/tecoai/lib64/libsdpti.so)
 TecoDNN      | 2.2.0b0 (/opt/tecoai/lib64/libtecodnn.so)
 TecoBLAS     | 2.2.0b0 (/opt/tecoai/lib64/libtecoblas.so)
 CustomDNN    | 1.20.0a0 (/opt/tecoai/lib64/libtecodnn_ext.so)
 TecoRAND     | 2.0.1 (/opt/tecoai/lib64/libtecorand.so)
 TCCL         | 1.23.0 (/opt/tecoai/lib64/libtccl.so)
--------------+------------------------------------------------
/data/bigc-data/zjh/train5/lib/python3.10/site-packages/torch/distributed/launch.py:208: FutureWarning: The module torch.distributed.launch is deprecated
and will be removed in future. Use torchrun.
Note that --use-env is set by default in torchrun.
If your script expects `--local-rank` argument to be set, please
change it to read from `os.environ['LOCAL_RANK']` instead. See 
https://pytorch.org/docs/stable/distributed.html#launch-utility for 
further instructions

  main()
--------------+------------------------------------------------
 Host IP      | 10.244.32.82
 PyTorch      | 2.4.0a0+git4451b0e
 Torch-SDAA   | 20250616.14.30.dev0+git35328dc
--------------+------------------------------------------------
 SDAA Driver  | 2.1.0 (N/A)
 SDAA Runtime | 2.1.0 (/opt/tecoai/lib64/libsdaart.so)
 SDPTI        | 1.4.0b0 (/opt/tecoai/lib64/libsdpti.so)
 TecoDNN      | 2.2.0b0 (/opt/tecoai/lib64/libtecodnn.so)
 TecoBLAS     | 2.2.0b0 (/opt/tecoai/lib64/libtecoblas.so)
 CustomDNN    | 1.20.0a0 (/opt/tecoai/lib64/libtecodnn_ext.so)
 TecoRAND     | 2.0.1 (/opt/tecoai/lib64/libtecorand.so)
 TCCL         | 1.23.0 (/opt/tecoai/lib64/libtccl.so)
--------------+------------------------------------------------
/data/bigc-data/zjh/train5/lib/python3.10/site-packages/mmengine/optim/optimizer/zero_optimizer.py:11: DeprecationWarning: `TorchScript` support for functional optimizers is deprecated and will be removed in a future PyTorch release. Consider using the `torch.compile` optimizer instead.
  from torch.distributed.optim import \
/data/bigc-data/zjh/train5/lib/python3.10/site-packages/mmengine/utils/dl_utils/setup_env.py:46: UserWarning: Setting OMP_NUM_THREADS environment variable for each process to be 1 in default, to avoid your system being overloaded, please further tune the variable for optimal performance in your application as needed.
  warnings.warn(
/data/bigc-data/zjh/train5/lib/python3.10/site-packages/mmengine/utils/dl_utils/setup_env.py:56: UserWarning: Setting MKL_NUM_THREADS environment variable for each process to be 1 in default, to avoid your system being overloaded, please further tune the variable for optimal performance in your application as needed.
  warnings.warn(
06/25 15:43:23 - mmengine - INFO - 
------------------------------------------------------------
System environment:
    sys.platform: linux
    Python: 3.10.16 (main, Dec 11 2024, 16:24:50) [GCC 11.2.0]
    CUDA available: False
    MUSA available: False
    numpy_random_seed: 165442801
    GCC: gcc (Ubuntu 11.4.0-1ubuntu1~22.04) 11.4.0
    PyTorch: 2.4.0a0+git4451b0e
    PyTorch compiling details: PyTorch built with:
  - GCC 11.5
  - C++ Version: 201703
  - Intel(R) oneAPI Math Kernel Library Version 2025.0-Product Build 20241009 for Intel(R) 64 architecture applications
  - Intel(R) MKL-DNN v3.4.2 (Git Hash 1137e04ec0b5251ca2b4400a4fd3c667ce843d67)
  - OpenMP 201511 (a.k.a. OpenMP 4.5)
  - LAPACK is enabled (usually provided by MKL)
  - NNPACK is enabled
  - CPU capability usage: AVX512
  - Build settings: BLAS_INFO=mkl, BUILD_TYPE=Release, CXX_COMPILER=/usr/bin/g++, CXX_FLAGS= -D_GLIBCXX_USE_CXX11_ABI=1 -fvisibility-inlines-hidden -DUSE_PTHREADPOOL -DNDEBUG -DUSE_KINETO -DLIBKINETO_NOCUPTI -DLIBKINETO_NOROCTRACER -DUSE_FBGEMM -DUSE_PYTORCH_QNNPACK -DUSE_XNNPACK -DSYMBOLICATE_MOBILE_DEBUG_HANDLE -O2 -fPIC -Wall -Wextra -Werror=return-type -Werror=non-virtual-dtor -Werror=range-loop-construct -Werror=bool-operation -Wnarrowing -Wno-missing-field-initializers -Wno-type-limits -Wno-array-bounds -Wno-unknown-pragmas -Wno-unused-parameter -Wno-unused-function -Wno-unused-result -Wno-strict-overflow -Wno-strict-aliasing -Wno-stringop-overflow -Wsuggest-override -Wno-psabi -Wno-error=pedantic -Wno-error=old-style-cast -Wno-missing-braces -fdiagnostics-color=always -faligned-new -Wno-unused-but-set-variable -Wno-maybe-uninitialized -fno-math-errno -fno-trapping-math -Werror=format -Wno-stringop-overflow, FORCE_FALLBACK_CUDA_MPI=1, LAPACK_INFO=mkl, PERF_WITH_AVX=1, PERF_WITH_AVX2=1, PERF_WITH_AVX512=1, TORCH_VERSION=2.4.0, USE_CUDA=OFF, USE_CUDNN=OFF, USE_CUSPARSELT=OFF, USE_EXCEPTION_PTR=1, USE_GFLAGS=OFF, USE_GLOG=OFF, USE_GLOO=ON, USE_MKL=ON, USE_MKLDNN=1, USE_MPI=ON, USE_NCCL=OFF, USE_NNPACK=ON, USE_OPENMP=ON, USE_ROCM=OFF, USE_ROCM_KERNEL_ASSERT=OFF, 

    TorchVision: 0.15.1a0+42759b1
    OpenCV: 4.11.0
    MMEngine: 0.10.4

Runtime environment:
    cudnn_benchmark: True
    mp_cfg: {'mp_start_method': 'fork', 'opencv_num_threads': 0}
    dist_cfg: {'backend': 'tccl'}
    seed: 165442801
    Distributed launcher: pytorch
    Distributed training: True
    GPU number: 1
------------------------------------------------------------

06/25 15:43:24 - mmengine - INFO - Config:
checkpoint = 'https://download.openmmlab.com/mmclassification/v0/resnet/resnet50_8xb256-rsb-a1-600e_in1k_20211228-20e21305.pth'
crop_size = (
    512,
    1024,
)
data_preprocessor = dict(
    bgr_to_rgb=True,
    mean=[
        123.675,
        116.28,
        103.53,
    ],
    pad_val=0,
    seg_pad_val=255,
    size=(
        512,
        1024,
    ),
    std=[
        58.395,
        57.12,
        57.375,
    ],
    type='SegDataPreProcessor')
data_root = '/data/teco-data/Cityscapes/'
dataset_type = 'CityscapesDataset'
default_hooks = dict(
    checkpoint=dict(by_epoch=False, interval=8000, type='CheckpointHook'),
    logger=dict(interval=50, log_metric_by_epoch=False, type='LoggerHook'),
    param_scheduler=dict(type='ParamSchedulerHook'),
    sampler_seed=dict(type='DistSamplerSeedHook'),
    timer=dict(type='IterTimerHook'),
    visualization=dict(type='SegVisualizationHook'))
default_scope = 'mmseg'
env_cfg = dict(
    cudnn_benchmark=True,
    dist_cfg=dict(backend='nccl'),
    mp_cfg=dict(mp_start_method='fork', opencv_num_threads=0))
img_ratios = [
    0.5,
    0.75,
    1.0,
    1.25,
    1.5,
    1.75,
]
launcher = 'pytorch'
load_from = None
log_level = 'INFO'
log_processor = dict(by_epoch=False)
model = dict(
    auxiliary_head=dict(
        align_corners=False,
        channels=256,
        concat_input=False,
        dropout_ratio=0.1,
        in_channels=1024,
        in_index=2,
        loss_decode=dict(
            loss_weight=0.4, type='CrossEntropyLoss', use_sigmoid=False),
        norm_cfg=dict(requires_grad=True, type='SyncBN'),
        num_classes=19,
        num_convs=1,
        type='FCNHead'),
    backbone=dict(
        contract_dilation=True,
        depth=50,
        dilations=(
            1,
            1,
            2,
            4,
        ),
        init_cfg=dict(
            checkpoint=
            'https://download.openmmlab.com/mmclassification/v0/resnet/resnet50_8xb256-rsb-a1-600e_in1k_20211228-20e21305.pth',
            prefix='backbone.',
            type='Pretrained'),
        norm_cfg=dict(requires_grad=True, type='SyncBN'),
        norm_eval=False,
        num_stages=4,
        out_indices=(
            0,
            1,
            2,
            3,
        ),
        strides=(
            1,
            2,
            1,
            1,
        ),
        style='pytorch',
        type='ResNet'),
    data_preprocessor=dict(
        bgr_to_rgb=True,
        mean=[
            123.675,
            116.28,
            103.53,
        ],
        pad_val=0,
        seg_pad_val=255,
        size=(
            512,
            1024,
        ),
        std=[
            58.395,
            57.12,
            57.375,
        ],
        type='SegDataPreProcessor'),
    decode_head=dict(
        align_corners=False,
        channels=512,
        dropout_ratio=0.1,
        in_channels=2048,
        in_index=3,
        loss_decode=dict(
            loss_weight=1.0, type='CrossEntropyLoss', use_sigmoid=False),
        norm_cfg=dict(requires_grad=True, type='SyncBN'),
        num_classes=19,
        pool_scales=(
            1,
            2,
            3,
            6,
        ),
        type='PSPHead'),
    pretrained=None,
    test_cfg=dict(mode='whole'),
    train_cfg=dict(),
    type='EncoderDecoder')
norm_cfg = dict(requires_grad=True, type='SyncBN')
optim_wrapper = dict(
    clip_grad=dict(max_norm=1, norm_type=2),
    loss_scale='dynamic',
    optimizer=dict(lr=0.0005, type='AdamW', weight_decay=0.05),
    type='AmpOptimWrapper')
optimizer = dict(lr=0.01, momentum=0.9, type='SGD', weight_decay=0.0005)
param_scheduler = [
    dict(
        begin=0, by_epoch=False, end=1000, start_factor=0.001,
        type='LinearLR'),
    dict(
        begin=1000,
        by_epoch=False,
        end=80000,
        milestones=[
            60000,
            72000,
        ],
        type='MultiStepLR'),
]
resume = False
test_cfg = dict(type='TestLoop')
test_dataloader = dict(
    batch_size=1,
    dataset=dict(
        data_prefix=dict(
            img_path='leftImg8bit/val', seg_map_path='gtFine/val'),
        data_root='/data/teco-data/Cityscapes/',
        pipeline=[
            dict(type='LoadImageFromFile'),
            dict(keep_ratio=True, scale=(
                2048,
                1024,
            ), type='Resize'),
            dict(type='LoadAnnotations'),
            dict(type='PackSegInputs'),
        ],
        type='CityscapesDataset'),
    num_workers=4,
    persistent_workers=True,
    sampler=dict(shuffle=False, type='DefaultSampler'))
test_evaluator = dict(
    iou_metrics=[
        'mIoU',
    ], type='IoUMetric')
test_pipeline = [
    dict(type='LoadImageFromFile'),
    dict(keep_ratio=True, scale=(
        2048,
        1024,
    ), type='Resize'),
    dict(type='LoadAnnotations'),
    dict(type='PackSegInputs'),
]
train_cfg = dict(max_iters=80000, type='IterBasedTrainLoop', val_interval=8000)
train_dataloader = dict(
    batch_size=2,
    dataset=dict(
        data_prefix=dict(
            img_path='leftImg8bit/train', seg_map_path='gtFine/train'),
        data_root='/data/teco-data/Cityscapes/',
        pipeline=[
            dict(type='LoadImageFromFile'),
            dict(type='LoadAnnotations'),
            dict(
                keep_ratio=True,
                ratio_range=(
                    0.5,
                    2.0,
                ),
                scale=(
                    2048,
                    1024,
                ),
                type='RandomResize'),
            dict(
                cat_max_ratio=0.75, crop_size=(
                    512,
                    1024,
                ), type='RandomCrop'),
            dict(prob=0.5, type='RandomFlip'),
            dict(type='PhotoMetricDistortion'),
            dict(type='PackSegInputs'),
        ],
        type='CityscapesDataset'),
    num_workers=2,
    persistent_workers=True,
    sampler=dict(shuffle=True, type='InfiniteSampler'))
train_pipeline = [
    dict(type='LoadImageFromFile'),
    dict(type='LoadAnnotations'),
    dict(
        keep_ratio=True,
        ratio_range=(
            0.5,
            2.0,
        ),
        scale=(
            2048,
            1024,
        ),
        type='RandomResize'),
    dict(cat_max_ratio=0.75, crop_size=(
        512,
        1024,
    ), type='RandomCrop'),
    dict(prob=0.5, type='RandomFlip'),
    dict(type='PhotoMetricDistortion'),
    dict(type='PackSegInputs'),
]
tta_model = dict(type='SegTTAModel')
tta_pipeline = [
    dict(backend_args=None, type='LoadImageFromFile'),
    dict(
        transforms=[
            [
                dict(keep_ratio=True, scale_factor=0.5, type='Resize'),
                dict(keep_ratio=True, scale_factor=0.75, type='Resize'),
                dict(keep_ratio=True, scale_factor=1.0, type='Resize'),
                dict(keep_ratio=True, scale_factor=1.25, type='Resize'),
                dict(keep_ratio=True, scale_factor=1.5, type='Resize'),
                dict(keep_ratio=True, scale_factor=1.75, type='Resize'),
            ],
            [
                dict(direction='horizontal', prob=0.0, type='RandomFlip'),
                dict(direction='horizontal', prob=1.0, type='RandomFlip'),
            ],
            [
                dict(type='LoadAnnotations'),
            ],
            [
                dict(type='PackSegInputs'),
            ],
        ],
        type='TestTimeAug'),
]
val_cfg = dict(type='ValLoop')
val_dataloader = dict(
    batch_size=1,
    dataset=dict(
        data_prefix=dict(
            img_path='leftImg8bit/val', seg_map_path='gtFine/val'),
        data_root='/data/teco-data/Cityscapes/',
        pipeline=[
            dict(type='LoadImageFromFile'),
            dict(keep_ratio=True, scale=(
                2048,
                1024,
            ), type='Resize'),
            dict(type='LoadAnnotations'),
            dict(type='PackSegInputs'),
        ],
        type='CityscapesDataset'),
    num_workers=4,
    persistent_workers=True,
    sampler=dict(shuffle=False, type='DefaultSampler'))
val_evaluator = dict(
    iou_metrics=[
        'mIoU',
    ], type='IoUMetric')
vis_backends = [
    dict(type='LocalVisBackend'),
]
visualizer = dict(
    name='visualizer',
    type='SegLocalVisualizer',
    vis_backends=[
        dict(type='LocalVisBackend'),
    ])
work_dir = './work_dirs/pspnet_r50-d8-rsb_4xb2-adamw-80k_cityscapes-512x1024'

/data/bigc-data/zjh/train5/lib/python3.10/site-packages/mmseg/models/losses/cross_entropy_loss.py:250: UserWarning: Default ``avg_non_ignore`` is False, if you would like to ignore the certain label and average loss over non-ignore labels, which is the same with PyTorch official cross_entropy, set ``avg_non_ignore=True``.
  warnings.warn(
/data/bigc-data/zjh/train5/lib/python3.10/site-packages/mmseg/engine/hooks/visualization_hook.py:60: UserWarning: The draw is False, it means that the hook for visualization will not take effect. The results will NOT be visualized or stored.
  warnings.warn('The draw is False, it means that the '
06/25 15:43:38 - mmengine - INFO - Hooks will be executed in the following order:
before_run:
(VERY_HIGH   ) RuntimeInfoHook                    
(BELOW_NORMAL) LoggerHook                         
 -------------------- 
before_train:
(VERY_HIGH   ) RuntimeInfoHook                    
(NORMAL      ) IterTimerHook                      
(VERY_LOW    ) CheckpointHook                     
 -------------------- 
before_train_epoch:
(VERY_HIGH   ) RuntimeInfoHook                    
(NORMAL      ) IterTimerHook                      
(NORMAL      ) DistSamplerSeedHook                
 -------------------- 
before_train_iter:
(VERY_HIGH   ) RuntimeInfoHook                    
(NORMAL      ) IterTimerHook                      
 -------------------- 
after_train_iter:
(VERY_HIGH   ) RuntimeInfoHook                    
(NORMAL      ) IterTimerHook                      
(BELOW_NORMAL) LoggerHook                         
(LOW         ) ParamSchedulerHook                 
(VERY_LOW    ) CheckpointHook                     
 -------------------- 
after_train_epoch:
(NORMAL      ) IterTimerHook                      
(LOW         ) ParamSchedulerHook                 
(VERY_LOW    ) CheckpointHook                     
 -------------------- 
before_val:
(VERY_HIGH   ) RuntimeInfoHook                    
 -------------------- 
before_val_epoch:
(NORMAL      ) IterTimerHook                      
 -------------------- 
before_val_iter:
(NORMAL      ) IterTimerHook                      
 -------------------- 
after_val_iter:
(NORMAL      ) IterTimerHook                      
(NORMAL      ) SegVisualizationHook               
(BELOW_NORMAL) LoggerHook                         
 -------------------- 
after_val_epoch:
(VERY_HIGH   ) RuntimeInfoHook                    
(NORMAL      ) IterTimerHook                      
(BELOW_NORMAL) LoggerHook                         
(LOW         ) ParamSchedulerHook                 
(VERY_LOW    ) CheckpointHook                     
 -------------------- 
after_val:
(VERY_HIGH   ) RuntimeInfoHook                    
 -------------------- 
after_train:
(VERY_HIGH   ) RuntimeInfoHook                    
(VERY_LOW    ) CheckpointHook                     
 -------------------- 
before_test:
(VERY_HIGH   ) RuntimeInfoHook                    
 -------------------- 
before_test_epoch:
(NORMAL      ) IterTimerHook                      
 -------------------- 
before_test_iter:
(NORMAL      ) IterTimerHook                      
 -------------------- 
after_test_iter:
(NORMAL      ) IterTimerHook                      
(NORMAL      ) SegVisualizationHook               
(BELOW_NORMAL) LoggerHook                         
 -------------------- 
after_test_epoch:
(VERY_HIGH   ) RuntimeInfoHook                    
(NORMAL      ) IterTimerHook                      
(BELOW_NORMAL) LoggerHook                         
 -------------------- 
after_test:
(VERY_HIGH   ) RuntimeInfoHook                    
 -------------------- 
after_run:
(BELOW_NORMAL) LoggerHook                         
 -------------------- 
/data/bigc-data/zjh/train5/lib/python3.10/site-packages/albumentations/check_version.py:147: UserWarning: Error fetching version info The read operation timed out
  data = fetch_version_info()
06/25 15:43:45 - mmengine - WARNING - The prefix is not set in metric class IoUMetric.
06/25 15:43:46 - mmengine - INFO - load backbone. in model from: https://download.openmmlab.com/mmclassification/v0/resnet/resnet50_8xb256-rsb-a1-600e_in1k_20211228-20e21305.pth
Loads checkpoint by http backend from path: https://download.openmmlab.com/mmclassification/v0/resnet/resnet50_8xb256-rsb-a1-600e_in1k_20211228-20e21305.pth
Downloading: "https://download.openmmlab.com/mmclassification/v0/resnet/resnet50_8xb256-rsb-a1-600e_in1k_20211228-20e21305.pth" to /root/.cache/torch/hub/checkpoints/resnet50_8xb256-rsb-a1-600e_in1k_20211228-20e21305.pth

  0%|          | 0.00/97.8M [00:00<?, ?B/s]
  0%|          | 256k/97.8M [00:00<00:44, 2.29MB/s]
  1%|          | 512k/97.8M [00:00<00:44, 2.27MB/s]
  1%|          | 768k/97.8M [00:00<00:44, 2.30MB/s]
  1%|          | 1.00M/97.8M [00:00<00:44, 2.30MB/s]
  1%|▏         | 1.25M/97.8M [00:00<00:43, 2.31MB/s]
  2%|▏         | 1.50M/97.8M [00:00<00:43, 2.33MB/s]
  2%|▏         | 1.75M/97.8M [00:00<00:42, 2.34MB/s]
  2%|▏         | 2.00M/97.8M [00:00<00:43, 2.32MB/s]
  2%|▏         | 2.25M/97.8M [00:01<00:43, 2.31MB/s]
  3%|▎         | 2.50M/97.8M [00:01<00:43, 2.31MB/s]
  3%|▎         | 2.75M/97.8M [00:01<00:43, 2.31MB/s]
  3%|▎         | 3.00M/97.8M [00:01<00:43, 2.31MB/s]
  3%|▎         | 3.25M/97.8M [00:01<00:43, 2.28MB/s]
  4%|▎         | 3.50M/97.8M [00:01<00:43, 2.28MB/s]
  4%|▍         | 3.75M/97.8M [00:01<00:43, 2.28MB/s]
  4%|▍         | 4.00M/97.8M [00:01<00:43, 2.28MB/s]
  4%|▍         | 4.25M/97.8M [00:01<00:43, 2.26MB/s]
  5%|▍         | 4.50M/97.8M [00:02<00:43, 2.25MB/s]
  5%|▍         | 4.75M/97.8M [00:02<00:43, 2.25MB/s]
  5%|▌         | 5.00M/97.8M [00:02<00:42, 2.28MB/s]
  5%|▌         | 5.25M/97.8M [00:02<00:42, 2.28MB/s]
  6%|▌         | 5.50M/97.8M [00:02<00:42, 2.28MB/s]
  6%|▌         | 5.75M/97.8M [00:02<00:42, 2.27MB/s]
  6%|▌         | 6.00M/97.8M [00:02<00:42, 2.28MB/s]
  6%|▋         | 6.25M/97.8M [00:02<00:42, 2.27MB/s]
  7%|▋         | 6.50M/97.8M [00:02<00:41, 2.30MB/s]
  7%|▋         | 6.75M/97.8M [00:03<00:41, 2.30MB/s]
  7%|▋         | 7.00M/97.8M [00:03<00:41, 2.28MB/s]
  7%|▋         | 7.25M/97.8M [00:03<00:41, 2.29MB/s]
  8%|▊         | 7.50M/97.8M [00:03<00:41, 2.29MB/s]
  8%|▊         | 7.75M/97.8M [00:03<00:40, 2.31MB/s]
  8%|▊         | 8.00M/97.8M [00:03<00:41, 2.27MB/s]
  8%|▊         | 8.25M/97.8M [00:03<00:41, 2.25MB/s]
  9%|▊         | 8.50M/97.8M [00:03<00:41, 2.27MB/s]
  9%|▉         | 8.75M/97.8M [00:04<00:41, 2.25MB/s]
  9%|▉         | 9.00M/97.8M [00:04<00:40, 2.27MB/s]
  9%|▉         | 9.25M/97.8M [00:04<00:40, 2.30MB/s]
 10%|▉         | 9.50M/97.8M [00:04<00:40, 2.30MB/s]
 10%|▉         | 9.75M/97.8M [00:04<00:39, 2.33MB/s]
 10%|█         | 10.0M/97.8M [00:04<00:39, 2.33MB/s]
 10%|█         | 10.2M/97.8M [00:04<00:39, 2.30MB/s]
 11%|█         | 10.5M/97.8M [00:04<00:39, 2.30MB/s]
 11%|█         | 10.8M/97.8M [00:04<00:39, 2.29MB/s]
 11%|█         | 11.0M/97.8M [00:05<00:39, 2.30MB/s]
 12%|█▏        | 11.2M/97.8M [00:05<00:39, 2.30MB/s]
 12%|█▏        | 11.5M/97.8M [00:05<00:39, 2.29MB/s]
 12%|█▏        | 11.8M/97.8M [00:05<00:39, 2.30MB/s]
 12%|█▏        | 12.0M/97.8M [00:05<00:39, 2.28MB/s]
 13%|█▎        | 12.2M/97.8M [00:05<00:38, 2.30MB/s]
 13%|█▎        | 12.5M/97.8M [00:05<00:39, 2.29MB/s]
 13%|█▎        | 12.8M/97.8M [00:05<00:39, 2.29MB/s]
 13%|█▎        | 13.0M/97.8M [00:05<00:38, 2.30MB/s]
 14%|█▎        | 13.2M/97.8M [00:06<00:38, 2.31MB/s]
 14%|█▍        | 13.5M/97.8M [00:06<00:38, 2.30MB/s]
 14%|█▍        | 13.8M/97.8M [00:06<00:38, 2.28MB/s]
 14%|█▍        | 14.0M/97.8M [00:06<00:38, 2.29MB/s]
 15%|█▍        | 14.2M/97.8M [00:06<00:38, 2.29MB/s]
 15%|█▍        | 14.5M/97.8M [00:06<00:38, 2.26MB/s]
 15%|█▌        | 14.8M/97.8M [00:06<00:39, 2.22MB/s]
 15%|█▌        | 15.0M/97.8M [00:06<00:38, 2.26MB/s]
 16%|█▌        | 15.2M/97.8M [00:06<00:37, 2.29MB/s]
 16%|█▌        | 15.5M/97.8M [00:07<00:37, 2.30MB/s]
 16%|█▌        | 15.8M/97.8M [00:07<00:37, 2.30MB/s]
 16%|█▋        | 16.0M/97.8M [00:07<00:37, 2.29MB/s]
 17%|█▋        | 16.2M/97.8M [00:07<00:37, 2.28MB/s]
 17%|█▋        | 16.5M/97.8M [00:07<00:37, 2.28MB/s]
 17%|█▋        | 16.8M/97.8M [00:07<00:37, 2.29MB/s]
 17%|█▋        | 17.0M/97.8M [00:07<00:36, 2.31MB/s]
 18%|█▊        | 17.2M/97.8M [00:07<00:36, 2.29MB/s]
 18%|█▊        | 17.5M/97.8M [00:08<00:37, 2.26MB/s]
 18%|█▊        | 17.8M/97.8M [00:08<00:36, 2.28MB/s]
 18%|█▊        | 18.0M/97.8M [00:08<00:36, 2.29MB/s]
 19%|█▊        | 18.2M/97.8M [00:08<00:36, 2.31MB/s]
 19%|█▉        | 18.5M/97.8M [00:08<00:36, 2.31MB/s]
 19%|█▉        | 18.8M/97.8M [00:08<00:35, 2.31MB/s]
 19%|█▉        | 19.0M/97.8M [00:08<00:35, 2.32MB/s]
 20%|█▉        | 19.2M/97.8M [00:08<00:35, 2.32MB/s]
 20%|█▉        | 19.5M/97.8M [00:08<00:35, 2.31MB/s]
 20%|██        | 19.8M/97.8M [00:09<00:35, 2.30MB/s]
 20%|██        | 20.0M/97.8M [00:09<00:35, 2.30MB/s]
 21%|██        | 20.2M/97.8M [00:09<00:35, 2.32MB/s]
 21%|██        | 20.5M/97.8M [00:09<00:35, 2.31MB/s]
 21%|██        | 20.8M/97.8M [00:09<00:34, 2.33MB/s]
 21%|██▏       | 21.0M/97.8M [00:09<00:34, 2.33MB/s]
 22%|██▏       | 21.2M/97.8M [00:09<00:34, 2.33MB/s]
 22%|██▏       | 21.5M/97.8M [00:09<00:34, 2.31MB/s]
 22%|██▏       | 21.8M/97.8M [00:09<00:34, 2.31MB/s]
 22%|██▏       | 22.0M/97.8M [00:10<00:34, 2.32MB/s]
 23%|██▎       | 22.2M/97.8M [00:10<00:34, 2.33MB/s]
 23%|██▎       | 22.5M/97.8M [00:10<00:34, 2.30MB/s]
 23%|██▎       | 22.8M/97.8M [00:10<00:33, 2.32MB/s]
 24%|██▎       | 23.0M/97.8M [00:10<00:33, 2.32MB/s]
 24%|██▍       | 23.2M/97.8M [00:10<00:33, 2.31MB/s]
 24%|██▍       | 23.5M/97.8M [00:10<00:33, 2.30MB/s]
 24%|██▍       | 23.8M/97.8M [00:10<00:33, 2.32MB/s]
 25%|██▍       | 24.0M/97.8M [00:10<00:33, 2.30MB/s]
 25%|██▍       | 24.2M/97.8M [00:11<00:33, 2.27MB/s]
 25%|██▌       | 24.5M/97.8M [00:11<00:33, 2.27MB/s]
 25%|██▌       | 24.8M/97.8M [00:11<00:33, 2.26MB/s]
 26%|██▌       | 25.0M/97.8M [00:11<00:33, 2.26MB/s]
 26%|██▌       | 25.2M/97.8M [00:11<00:33, 2.26MB/s]
 26%|██▌       | 25.5M/97.8M [00:11<00:33, 2.27MB/s]
 26%|██▋       | 25.8M/97.8M [00:11<00:33, 2.28MB/s]
 27%|██▋       | 26.0M/97.8M [00:11<00:32, 2.28MB/s]
 27%|██▋       | 26.2M/97.8M [00:12<00:33, 2.27MB/s]
 27%|██▋       | 26.5M/97.8M [00:12<00:32, 2.28MB/s]
 27%|██▋       | 26.8M/97.8M [00:12<00:32, 2.28MB/s]
 28%|██▊       | 27.0M/97.8M [00:12<00:32, 2.28MB/s]
 28%|██▊       | 27.2M/97.8M [00:12<00:32, 2.29MB/s]
 28%|██▊       | 27.5M/97.8M [00:12<00:31, 2.31MB/s]
 28%|██▊       | 27.8M/97.8M [00:12<00:31, 2.31MB/s]
 29%|██▊       | 28.0M/97.8M [00:12<00:31, 2.32MB/s]
 29%|██▉       | 28.2M/97.8M [00:12<00:31, 2.33MB/s]
 29%|██▉       | 28.5M/97.8M [00:13<00:31, 2.33MB/s]
 29%|██▉       | 28.8M/97.8M [00:13<00:31, 2.30MB/s]
 30%|██▉       | 29.0M/97.8M [00:13<00:31, 2.29MB/s]
 30%|██▉       | 29.2M/97.8M [00:13<00:31, 2.30MB/s]
 30%|███       | 29.5M/97.8M [00:13<00:31, 2.31MB/s]
 30%|███       | 29.8M/97.8M [00:13<00:30, 2.32MB/s]
 31%|███       | 30.0M/97.8M [00:13<00:30, 2.33MB/s]
 31%|███       | 30.2M/97.8M [00:13<00:30, 2.34MB/s]
 31%|███       | 30.5M/97.8M [00:13<00:30, 2.33MB/s]
 31%|███▏      | 30.8M/97.8M [00:14<00:30, 2.32MB/s]
 32%|███▏      | 31.0M/97.8M [00:14<00:30, 2.31MB/s]
 32%|███▏      | 31.2M/97.8M [00:14<00:30, 2.27MB/s]
 32%|███▏      | 31.5M/97.8M [00:14<00:30, 2.29MB/s]
 32%|███▏      | 31.8M/97.8M [00:14<00:30, 2.30MB/s]
 33%|███▎      | 32.0M/97.8M [00:14<00:30, 2.29MB/s]
 33%|███▎      | 32.2M/97.8M [00:14<00:30, 2.28MB/s]
 33%|███▎      | 32.5M/97.8M [00:14<00:29, 2.30MB/s]
 33%|███▎      | 32.8M/97.8M [00:14<00:29, 2.31MB/s]
 34%|███▎      | 33.0M/97.8M [00:15<00:29, 2.32MB/s]
 34%|███▍      | 33.2M/97.8M [00:15<00:29, 2.32MB/s]
 34%|███▍      | 33.5M/97.8M [00:15<00:29, 2.32MB/s]
 35%|███▍      | 33.8M/97.8M [00:15<00:29, 2.31MB/s]
 35%|███▍      | 34.0M/97.8M [00:15<00:29, 2.30MB/s]
 35%|███▌      | 34.2M/97.8M [00:15<00:28, 2.30MB/s]
 35%|███▌      | 34.5M/97.8M [00:15<00:28, 2.31MB/s]
 36%|███▌      | 34.8M/97.8M [00:15<00:28, 2.30MB/s]
 36%|███▌      | 35.0M/97.8M [00:15<00:28, 2.29MB/s]
 36%|███▌      | 35.2M/97.8M [00:16<00:28, 2.28MB/s]
 36%|███▋      | 35.5M/97.8M [00:16<00:28, 2.31MB/s]
 37%|███▋      | 35.8M/97.8M [00:16<00:28, 2.32MB/s]
 37%|███▋      | 36.0M/97.8M [00:16<00:28, 2.31MB/s]
 37%|███▋      | 36.2M/97.8M [00:16<00:28, 2.30MB/s]
 37%|███▋      | 36.5M/97.8M [00:16<00:28, 2.28MB/s]
 38%|███▊      | 36.8M/97.8M [00:16<00:27, 2.29MB/s]
 38%|███▊      | 37.0M/97.8M [00:16<00:28, 2.27MB/s]
 38%|███▊      | 37.2M/97.8M [00:17<00:27, 2.28MB/s]
 38%|███▊      | 37.5M/97.8M [00:17<00:27, 2.30MB/s]
 39%|███▊      | 37.8M/97.8M [00:17<00:27, 2.30MB/s]
 39%|███▉      | 38.0M/97.8M [00:17<00:27, 2.28MB/s]
 39%|███▉      | 38.2M/97.8M [00:17<00:27, 2.30MB/s]
 39%|███▉      | 38.5M/97.8M [00:17<00:27, 2.29MB/s]
 40%|███▉      | 38.8M/97.8M [00:17<00:26, 2.32MB/s]
 40%|███▉      | 39.0M/97.8M [00:17<00:26, 2.31MB/s]
 40%|████      | 39.2M/97.8M [00:17<00:26, 2.32MB/s]
 40%|████      | 39.5M/97.8M [00:18<00:26, 2.32MB/s]
 41%|████      | 39.8M/97.8M [00:18<00:26, 2.33MB/s]
 41%|████      | 40.0M/97.8M [00:18<00:26, 2.29MB/s]
 41%|████      | 40.2M/97.8M [00:18<00:26, 2.30MB/s]
 41%|████▏     | 40.5M/97.8M [00:18<00:26, 2.29MB/s]
 42%|████▏     | 40.8M/97.8M [00:18<00:26, 2.28MB/s]
 42%|████▏     | 41.0M/97.8M [00:18<00:25, 2.30MB/s]
 42%|████▏     | 41.2M/97.8M [00:18<00:25, 2.31MB/s]
 42%|████▏     | 41.5M/97.8M [00:18<00:25, 2.31MB/s]
 43%|████▎     | 41.8M/97.8M [00:19<00:25, 2.29MB/s]
 43%|████▎     | 42.0M/97.8M [00:19<00:25, 2.29MB/s]
 43%|████▎     | 42.2M/97.8M [00:19<00:25, 2.31MB/s]
 43%|████▎     | 42.5M/97.8M [00:19<00:25, 2.32MB/s]
 44%|████▎     | 42.8M/97.8M [00:19<00:24, 2.32MB/s]
 44%|████▍     | 43.0M/97.8M [00:19<00:24, 2.32MB/s]
 44%|████▍     | 43.2M/97.8M [00:19<00:24, 2.32MB/s]
 44%|████▍     | 43.5M/97.8M [00:19<00:24, 2.34MB/s]
 45%|████▍     | 43.8M/97.8M [00:19<00:24, 2.33MB/s]
 45%|████▍     | 44.0M/97.8M [00:20<00:24, 2.32MB/s]
 45%|████▌     | 44.2M/97.8M [00:20<00:24, 2.32MB/s]
 46%|████▌     | 44.5M/97.8M [00:20<00:24, 2.32MB/s]
 46%|████▌     | 44.8M/97.8M [00:20<00:23, 2.33MB/s]
 46%|████▌     | 45.0M/97.8M [00:20<00:23, 2.34MB/s]
 46%|████▋     | 45.2M/97.8M [00:20<00:23, 2.35MB/s]
 47%|████▋     | 45.5M/97.8M [00:20<00:23, 2.35MB/s]
 47%|████▋     | 45.8M/97.8M [00:20<00:23, 2.36MB/s]
 47%|████▋     | 46.0M/97.8M [00:20<00:22, 2.37MB/s]
 47%|████▋     | 46.2M/97.8M [00:21<00:22, 2.38MB/s]
 48%|████▊     | 46.5M/97.8M [00:21<00:22, 2.36MB/s]
 48%|████▊     | 46.8M/97.8M [00:21<00:22, 2.34MB/s]
 48%|████▊     | 47.0M/97.8M [00:21<00:22, 2.32MB/s]
 48%|████▊     | 47.2M/97.8M [00:21<00:22, 2.32MB/s]
 49%|████▊     | 47.5M/97.8M [00:21<00:23, 2.26MB/s]
 49%|████▉     | 47.8M/97.8M [00:21<00:22, 2.29MB/s]
 49%|████▉     | 48.0M/97.8M [00:21<00:22, 2.32MB/s]
 49%|████▉     | 48.2M/97.8M [00:21<00:22, 2.33MB/s]
 50%|████▉     | 48.5M/97.8M [00:22<00:22, 2.33MB/s]
 50%|████▉     | 48.8M/97.8M [00:22<00:21, 2.34MB/s]
 50%|█████     | 49.0M/97.8M [00:22<00:21, 2.34MB/s]
 50%|█████     | 49.2M/97.8M [00:22<00:21, 2.33MB/s]
 51%|█████     | 49.5M/97.8M [00:22<00:21, 2.33MB/s]
 51%|█████     | 49.8M/97.8M [00:22<00:21, 2.34MB/s]
 51%|█████     | 50.0M/97.8M [00:22<00:21, 2.33MB/s]
 51%|█████▏    | 50.2M/97.8M [00:22<00:21, 2.34MB/s]
 52%|█████▏    | 50.5M/97.8M [00:22<00:21, 2.35MB/s]
 52%|█████▏    | 50.8M/97.8M [00:23<00:21, 2.34MB/s]
 52%|█████▏    | 51.0M/97.8M [00:23<00:20, 2.35MB/s]
 52%|█████▏    | 51.2M/97.8M [00:23<00:20, 2.35MB/s]
 53%|█████▎    | 51.5M/97.8M [00:23<00:20, 2.35MB/s]
 53%|█████▎    | 51.8M/97.8M [00:23<00:20, 2.36MB/s]
 53%|█████▎    | 52.0M/97.8M [00:23<00:20, 2.36MB/s]
 53%|█████▎    | 52.2M/97.8M [00:23<00:20, 2.35MB/s]
 54%|█████▎    | 52.5M/97.8M [00:23<00:20, 2.35MB/s]
 54%|█████▍    | 52.8M/97.8M [00:23<00:20, 2.34MB/s]
 54%|█████▍    | 53.0M/97.8M [00:24<00:20, 2.34MB/s]
 54%|█████▍    | 53.2M/97.8M [00:24<00:19, 2.36MB/s]
 55%|█████▍    | 53.5M/97.8M [00:24<00:19, 2.36MB/s]
 55%|█████▍    | 53.8M/97.8M [00:24<00:19, 2.35MB/s]
 55%|█████▌    | 54.0M/97.8M [00:24<00:19, 2.35MB/s]
 55%|█████▌    | 54.2M/97.8M [00:24<00:19, 2.36MB/s]
 56%|█████▌    | 54.5M/97.8M [00:24<00:19, 2.35MB/s]
 56%|█████▌    | 54.8M/97.8M [00:24<00:19, 2.35MB/s]
 56%|█████▌    | 55.0M/97.8M [00:25<00:19, 2.34MB/s]
 56%|█████▋    | 55.2M/97.8M [00:25<00:18, 2.35MB/s]
 57%|█████▋    | 55.5M/97.8M [00:25<00:18, 2.35MB/s]
 57%|█████▋    | 55.8M/97.8M [00:25<00:18, 2.35MB/s]
 57%|█████▋    | 56.0M/97.8M [00:25<00:18, 2.35MB/s]
 58%|█████▊    | 56.2M/97.8M [00:25<00:18, 2.34MB/s]
 58%|█████▊    | 56.5M/97.8M [00:25<00:18, 2.34MB/s]
 58%|█████▊    | 56.8M/97.8M [00:25<00:18, 2.34MB/s]
 58%|█████▊    | 57.0M/97.8M [00:25<00:18, 2.35MB/s]
 59%|█████▊    | 57.2M/97.8M [00:26<00:18, 2.35MB/s]
 59%|█████▉    | 57.5M/97.8M [00:26<00:17, 2.36MB/s]
 59%|█████▉    | 57.8M/97.8M [00:26<00:17, 2.35MB/s]
 59%|█████▉    | 58.0M/97.8M [00:26<00:17, 2.35MB/s]
 60%|█████▉    | 58.2M/97.8M [00:26<00:17, 2.36MB/s]
 60%|█████▉    | 58.5M/97.8M [00:26<00:17, 2.36MB/s]
 60%|██████    | 58.8M/97.8M [00:26<00:17, 2.37MB/s]
 60%|██████    | 59.0M/97.8M [00:26<00:17, 2.37MB/s]
 61%|██████    | 59.2M/97.8M [00:26<00:17, 2.37MB/s]
 61%|██████    | 59.5M/97.8M [00:27<00:17, 2.35MB/s]
 61%|██████    | 59.8M/97.8M [00:27<00:16, 2.35MB/s]
 61%|██████▏   | 60.0M/97.8M [00:27<00:16, 2.36MB/s]
 62%|██████▏   | 60.2M/97.8M [00:27<00:16, 2.37MB/s]
 62%|██████▏   | 60.5M/97.8M [00:27<00:16, 2.38MB/s]
 62%|██████▏   | 60.8M/97.8M [00:27<00:16, 2.37MB/s]
 62%|██████▏   | 61.0M/97.8M [00:27<00:16, 2.37MB/s]
 63%|██████▎   | 61.2M/97.8M [00:27<00:16, 2.36MB/s]
 63%|██████▎   | 61.5M/97.8M [00:27<00:16, 2.36MB/s]
 63%|██████▎   | 61.8M/97.8M [00:28<00:15, 2.37MB/s]
 63%|██████▎   | 62.0M/97.8M [00:28<00:15, 2.36MB/s]
 64%|██████▎   | 62.2M/97.8M [00:28<00:15, 2.37MB/s]
 64%|██████▍   | 62.5M/97.8M [00:28<00:15, 2.37MB/s]
 64%|██████▍   | 62.8M/97.8M [00:28<00:15, 2.37MB/s]
 64%|██████▍   | 63.0M/97.8M [00:28<00:15, 2.36MB/s]
 65%|██████▍   | 63.2M/97.8M [00:28<00:15, 2.36MB/s]
 65%|██████▍   | 63.5M/97.8M [00:28<00:15, 2.36MB/s]
 65%|██████▌   | 63.8M/97.8M [00:28<00:15, 2.37MB/s]
 65%|██████▌   | 64.0M/97.8M [00:28<00:14, 2.39MB/s]
 66%|██████▌   | 64.2M/97.8M [00:29<00:14, 2.38MB/s]
 66%|██████▌   | 64.5M/97.8M [00:29<00:14, 2.37MB/s]
 66%|██████▌   | 64.8M/97.8M [00:29<00:14, 2.36MB/s]
 66%|██████▋   | 65.0M/97.8M [00:29<00:14, 2.36MB/s]
 67%|██████▋   | 65.2M/97.8M [00:29<00:14, 2.38MB/s]
 67%|██████▋   | 65.5M/97.8M [00:29<00:14, 2.38MB/s]
 67%|██████▋   | 65.8M/97.8M [00:29<00:14, 2.38MB/s]
 67%|██████▋   | 66.0M/97.8M [00:29<00:13, 2.39MB/s]
 68%|██████▊   | 66.2M/97.8M [00:29<00:13, 2.38MB/s]
 68%|██████▊   | 66.5M/97.8M [00:30<00:13, 2.37MB/s]
 68%|██████▊   | 66.8M/97.8M [00:30<00:13, 2.36MB/s]
 69%|██████▊   | 67.0M/97.8M [00:30<00:13, 2.36MB/s]
 69%|██████▉   | 67.2M/97.8M [00:30<00:13, 2.37MB/s]
 69%|██████▉   | 67.5M/97.8M [00:30<00:13, 2.37MB/s]
 69%|██████▉   | 67.8M/97.8M [00:30<00:13, 2.37MB/s]
 70%|██████▉   | 68.0M/97.8M [00:30<00:13, 2.37MB/s]
 70%|██████▉   | 68.2M/97.8M [00:30<00:13, 2.35MB/s]
 70%|███████   | 68.5M/97.8M [00:30<00:13, 2.35MB/s]
 70%|███████   | 68.8M/97.8M [00:31<00:12, 2.36MB/s]
 71%|███████   | 69.0M/97.8M [00:31<00:12, 2.37MB/s]
 71%|███████   | 69.2M/97.8M [00:31<00:12, 2.37MB/s]
 71%|███████   | 69.5M/97.8M [00:31<00:12, 2.37MB/s]
 71%|███████▏  | 69.8M/97.8M [00:31<00:12, 2.36MB/s]
 72%|███████▏  | 70.0M/97.8M [00:31<00:12, 2.36MB/s]
 72%|███████▏  | 70.2M/97.8M [00:31<00:12, 2.36MB/s]
 72%|███████▏  | 70.5M/97.8M [00:31<00:12, 2.37MB/s]
 72%|███████▏  | 70.8M/97.8M [00:31<00:11, 2.37MB/s]
 73%|███████▎  | 71.0M/97.8M [00:32<00:11, 2.37MB/s]
 73%|███████▎  | 71.2M/97.8M [00:32<00:11, 2.38MB/s]
 73%|███████▎  | 71.5M/97.8M [00:32<00:11, 2.37MB/s]
 73%|███████▎  | 71.8M/97.8M [00:32<00:11, 2.37MB/s]
 74%|███████▎  | 72.0M/97.8M [00:32<00:11, 2.37MB/s]
 74%|███████▍  | 72.2M/97.8M [00:32<00:11, 2.37MB/s]
 74%|███████▍  | 72.5M/97.8M [00:32<00:11, 2.36MB/s]
 74%|███████▍  | 72.8M/97.8M [00:32<00:11, 2.34MB/s]
 75%|███████▍  | 73.0M/97.8M [00:32<00:11, 2.33MB/s]
 75%|███████▍  | 73.2M/97.8M [00:33<00:11, 2.33MB/s]
 75%|███████▌  | 73.5M/97.8M [00:33<00:10, 2.34MB/s]
 75%|███████▌  | 73.8M/97.8M [00:33<00:10, 2.34MB/s]
 76%|███████▌  | 74.0M/97.8M [00:33<00:10, 2.35MB/s]
 76%|███████▌  | 74.2M/97.8M [00:33<00:10, 2.35MB/s]
 76%|███████▌  | 74.5M/97.8M [00:33<00:10, 2.34MB/s]
 76%|███████▋  | 74.8M/97.8M [00:33<00:10, 2.34MB/s]
 77%|███████▋  | 75.0M/97.8M [00:33<00:10, 2.33MB/s]
 77%|███████▋  | 75.2M/97.8M [00:33<00:10, 2.33MB/s]
 77%|███████▋  | 75.5M/97.8M [00:34<00:09, 2.34MB/s]
 77%|███████▋  | 75.8M/97.8M [00:34<00:09, 2.35MB/s]
 78%|███████▊  | 76.0M/97.8M [00:34<00:09, 2.37MB/s]
 78%|███████▊  | 76.2M/97.8M [00:34<00:09, 2.37MB/s]
 78%|███████▊  | 76.5M/97.8M [00:34<00:09, 2.37MB/s]
 78%|███████▊  | 76.8M/97.8M [00:34<00:09, 2.37MB/s]
 79%|███████▊  | 77.0M/97.8M [00:34<00:09, 2.36MB/s]
 79%|███████▉  | 77.2M/97.8M [00:34<00:09, 2.36MB/s]
 79%|███████▉  | 77.5M/97.8M [00:34<00:09, 2.35MB/s]
 79%|███████▉  | 77.8M/97.8M [00:35<00:08, 2.36MB/s]
 80%|███████▉  | 78.0M/97.8M [00:35<00:08, 2.37MB/s]
 80%|████████  | 78.2M/97.8M [00:35<00:08, 2.38MB/s]
 80%|████████  | 78.5M/97.8M [00:35<00:08, 2.38MB/s]
 81%|████████  | 78.8M/97.8M [00:35<00:08, 2.36MB/s]
 81%|████████  | 79.0M/97.8M [00:35<00:08, 2.37MB/s]
 81%|████████  | 79.2M/97.8M [00:35<00:08, 2.37MB/s]
 81%|████████▏ | 79.5M/97.8M [00:35<00:08, 2.37MB/s]
 82%|████████▏ | 79.8M/97.8M [00:35<00:07, 2.37MB/s]
 82%|████████▏ | 80.0M/97.8M [00:36<00:07, 2.38MB/s]
 82%|████████▏ | 80.2M/97.8M [00:36<00:07, 2.38MB/s]
 82%|████████▏ | 80.5M/97.8M [00:36<00:07, 2.36MB/s]
 83%|████████▎ | 80.8M/97.8M [00:36<00:07, 2.38MB/s]
 83%|████████▎ | 81.0M/97.8M [00:36<00:07, 2.36MB/s]
 83%|████████▎ | 81.2M/97.8M [00:36<00:07, 2.35MB/s]
 83%|████████▎ | 81.5M/97.8M [00:36<00:07, 2.30MB/s]
 84%|████████▎ | 81.8M/97.8M [00:36<00:07, 2.33MB/s]
 84%|████████▍ | 82.0M/97.8M [00:36<00:07, 2.35MB/s]
 84%|████████▍ | 82.2M/97.8M [00:37<00:06, 2.35MB/s]
 84%|████████▍ | 82.5M/97.8M [00:37<00:06, 2.34MB/s]
 85%|████████▍ | 82.8M/97.8M [00:37<00:06, 2.35MB/s]
 85%|████████▍ | 83.0M/97.8M [00:37<00:06, 2.35MB/s]
 85%|████████▌ | 83.2M/97.8M [00:37<00:06, 2.37MB/s]
 85%|████████▌ | 83.5M/97.8M [00:37<00:06, 2.37MB/s]
 86%|████████▌ | 83.8M/97.8M [00:37<00:06, 2.37MB/s]
 86%|████████▌ | 84.0M/97.8M [00:37<00:06, 2.37MB/s]
 86%|████████▌ | 84.2M/97.8M [00:37<00:06, 2.37MB/s]
 86%|████████▋ | 84.5M/97.8M [00:38<00:05, 2.37MB/s]
 87%|████████▋ | 84.8M/97.8M [00:38<00:05, 2.37MB/s]
 87%|████████▋ | 85.0M/97.8M [00:38<00:05, 2.37MB/s]
 87%|████████▋ | 85.2M/97.8M [00:38<00:05, 2.37MB/s]
 87%|████████▋ | 85.5M/97.8M [00:38<00:05, 2.38MB/s]
 88%|████████▊ | 85.8M/97.8M [00:38<00:05, 2.37MB/s]
 88%|████████▊ | 86.0M/97.8M [00:38<00:05, 2.37MB/s]
 88%|████████▊ | 86.2M/97.8M [00:38<00:05, 2.36MB/s]
 88%|████████▊ | 86.5M/97.8M [00:38<00:05, 2.37MB/s]
 89%|████████▊ | 86.8M/97.8M [00:39<00:04, 2.38MB/s]
 89%|████████▉ | 87.0M/97.8M [00:39<00:04, 2.37MB/s]
 89%|████████▉ | 87.2M/97.8M [00:39<00:04, 2.37MB/s]
 89%|████████▉ | 87.5M/97.8M [00:39<00:04, 2.37MB/s]
 90%|████████▉ | 87.8M/97.8M [00:39<00:04, 2.36MB/s]
 90%|████████▉ | 88.0M/97.8M [00:39<00:04, 2.37MB/s]
 90%|█████████ | 88.2M/97.8M [00:39<00:04, 2.36MB/s]
 90%|█████████ | 88.5M/97.8M [00:39<00:04, 2.37MB/s]
 91%|█████████ | 88.8M/97.8M [00:39<00:03, 2.38MB/s]
 91%|█████████ | 89.0M/97.8M [00:40<00:03, 2.37MB/s]
 91%|█████████▏| 89.2M/97.8M [00:40<00:03, 2.37MB/s]
 92%|█████████▏| 89.5M/97.8M [00:40<00:03, 2.37MB/s]
 92%|█████████▏| 89.8M/97.8M [00:40<00:03, 2.37MB/s]
 92%|█████████▏| 90.0M/97.8M [00:40<00:03, 2.36MB/s]
 92%|█████████▏| 90.2M/97.8M [00:40<00:03, 2.37MB/s]
 93%|█████████▎| 90.5M/97.8M [00:40<00:03, 2.36MB/s]
 93%|█████████▎| 90.8M/97.8M [00:40<00:03, 2.37MB/s]
 93%|█████████▎| 91.0M/97.8M [00:40<00:03, 2.36MB/s]
 93%|█████████▎| 91.2M/97.8M [00:41<00:02, 2.35MB/s]
 94%|█████████▎| 91.5M/97.8M [00:41<00:02, 2.35MB/s]
 94%|█████████▍| 91.8M/97.8M [00:41<00:02, 2.36MB/s]
 94%|█████████▍| 92.0M/97.8M [00:41<00:02, 2.36MB/s]
 94%|█████████▍| 92.2M/97.8M [00:41<00:02, 2.37MB/s]
 95%|█████████▍| 92.5M/97.8M [00:41<00:02, 2.37MB/s]
 95%|█████████▍| 92.8M/97.8M [00:41<00:02, 2.37MB/s]
 95%|█████████▌| 93.0M/97.8M [00:41<00:02, 2.36MB/s]
 95%|█████████▌| 93.2M/97.8M [00:41<00:02, 2.35MB/s]
 96%|█████████▌| 93.5M/97.8M [00:42<00:01, 2.36MB/s]
 96%|█████████▌| 93.8M/97.8M [00:42<00:01, 2.36MB/s]
 96%|█████████▌| 94.0M/97.8M [00:42<00:01, 2.38MB/s]
 96%|█████████▋| 94.2M/97.8M [00:42<00:01, 2.36MB/s]
 97%|█████████▋| 94.5M/97.8M [00:42<00:01, 2.36MB/s]
 97%|█████████▋| 94.8M/97.8M [00:42<00:01, 2.36MB/s]
 97%|█████████▋| 95.0M/97.8M [00:42<00:01, 2.37MB/s]
 97%|█████████▋| 95.2M/97.8M [00:42<00:01, 2.37MB/s]
 98%|█████████▊| 95.5M/97.8M [00:42<00:01, 2.38MB/s]
 98%|█████████▊| 95.8M/97.8M [00:43<00:00, 2.38MB/s]
 98%|█████████▊| 96.0M/97.8M [00:43<00:00, 2.38MB/s]
 98%|█████████▊| 96.2M/97.8M [00:43<00:00, 2.38MB/s]
 99%|█████████▊| 96.5M/97.8M [00:43<00:00, 2.37MB/s]
 99%|█████████▉| 96.8M/97.8M [00:43<00:00, 2.37MB/s]
 99%|█████████▉| 97.0M/97.8M [00:43<00:00, 2.37MB/s]
 99%|█████████▉| 97.2M/97.8M [00:43<00:00, 2.37MB/s]
100%|█████████▉| 97.5M/97.8M [00:43<00:00, 2.38MB/s]
100%|█████████▉| 97.8M/97.8M [00:43<00:00, 2.38MB/s]
100%|██████████| 97.8M/97.8M [00:43<00:00, 2.33MB/s]
06/25 15:44:32 - mmengine - WARNING - "FileClient" will be deprecated in future. Please use io functions in https://mmengine.readthedocs.io/en/latest/api/fileio.html#file-io
06/25 15:44:32 - mmengine - WARNING - "HardDiskBackend" is the alias of "LocalBackend" and the former will be deprecated in future.
06/25 15:44:32 - mmengine - INFO - Checkpoints will be saved to /data/bigc-data/zjh/new/pspnet/run_scripts/work_dirs/pspnet_r50-d8-rsb_4xb2-adamw-80k_cityscapes-512x1024.
TCAPPDLL 2025-06-25 15:44:38.238009 - Epoch: 0 Iteration: 0  rank : 0  train.loss : 4.115869522094727  train.ips : 0.32656436174277587 imgs/s train.total_time : 6.124366998672485 
TCAPPDLL 2025-06-25 15:44:43.747225 - Epoch: 0 Iteration: 1  rank : 0  train.loss : 4.076156139373779  train.ips : 0.36305108907216227 imgs/s train.total_time : 5.508866548538208 
TCAPPDLL 2025-06-25 15:44:49.445207 - Epoch: 0 Iteration: 2  rank : 0  train.loss : 4.085968971252441  train.ips : 0.35101664216325734 imgs/s train.total_time : 5.697735548019409 
TCAPPDLL 2025-06-25 15:44:55.272263 - Epoch: 0 Iteration: 3  rank : 0  train.loss : 3.542625904083252  train.ips : 0.3432432383773448 imgs/s train.total_time : 5.8267717361450195 
TCAPPDLL 2025-06-25 15:45:00.963234 - Epoch: 0 Iteration: 4  rank : 0  train.loss : 3.7213053703308105  train.ips : 0.35145508534318143 imgs/s train.total_time : 5.690627574920654 
TCAPPDLL 2025-06-25 15:45:06.355147 - Epoch: 0 Iteration: 5  rank : 0  train.loss : 3.9833383560180664  train.ips : 0.3709422727774019 imgs/s train.total_time : 5.391674518585205 
TCAPPDLL 2025-06-25 15:45:12.051117 - Epoch: 0 Iteration: 6  rank : 0  train.loss : 4.0250349044799805  train.ips : 0.351139007272044 imgs/s train.total_time : 5.695749998092651 
TCAPPDLL 2025-06-25 15:45:17.654836 - Epoch: 0 Iteration: 7  rank : 0  train.loss : 3.3350067138671875  train.ips : 0.3569239656007761 imgs/s train.total_time : 5.603434324264526 
TCAPPDLL 2025-06-25 15:45:23.243412 - Epoch: 0 Iteration: 8  rank : 0  train.loss : 3.912187099456787  train.ips : 0.3578921051430249 imgs/s train.total_time : 5.588276386260986 
TCAPPDLL 2025-06-25 15:45:28.754665 - Epoch: 0 Iteration: 9  rank : 0  train.loss : 3.5917177200317383  train.ips : 0.36291535232230604 imgs/s train.total_time : 5.510926961898804 
TCAPPDLL 2025-06-25 15:45:34.253614 - Epoch: 0 Iteration: 10  rank : 0  train.loss : 4.08425760269165  train.ips : 0.36372341316240786 imgs/s train.total_time : 5.49868369102478 
TCAPPDLL 2025-06-25 15:45:40.049663 - Epoch: 0 Iteration: 11  rank : 0  train.loss : 3.773343086242676  train.ips : 0.34507984226535 imgs/s train.total_time : 5.795760154724121 
TCAPPDLL 2025-06-25 15:45:46.378432 - Epoch: 0 Iteration: 12  rank : 0  train.loss : 4.038729667663574  train.ips : 0.3160297365893942 imgs/s train.total_time : 6.328518390655518 
TCAPPDLL 2025-06-25 15:45:52.628200 - Epoch: 0 Iteration: 13  rank : 0  train.loss : 3.739165782928467  train.ips : 0.3200271751591455 imgs/s train.total_time : 6.24946928024292 
TCAPPDLL 2025-06-25 15:45:59.254429 - Epoch: 0 Iteration: 14  rank : 0  train.loss : 3.773505210876465  train.ips : 0.3018421145522944 imgs/s train.total_time : 6.625980615615845 
TCAPPDLL 2025-06-25 15:46:05.459171 - Epoch: 0 Iteration: 15  rank : 0  train.loss : 3.9156932830810547  train.ips : 0.3223486430539959 imgs/s train.total_time : 6.204462289810181 
TCAPPDLL 2025-06-25 15:46:11.756506 - Epoch: 0 Iteration: 16  rank : 0  train.loss : 3.915616512298584  train.ips : 0.3176085822311105 imgs/s train.total_time : 6.297059059143066 
TCAPPDLL 2025-06-25 15:46:17.956669 - Epoch: 0 Iteration: 17  rank : 0  train.loss : 2.0631816387176514  train.ips : 0.3225831608566554 imgs/s train.total_time : 6.199951648712158 
TCAPPDLL 2025-06-25 15:46:24.251472 - Epoch: 0 Iteration: 18  rank : 0  train.loss : 3.775649070739746  train.ips : 0.3177330202796545 imgs/s train.total_time : 6.29459285736084 
TCAPPDLL 2025-06-25 15:46:30.657341 - Epoch: 0 Iteration: 19  rank : 0  train.loss : 4.057835578918457  train.ips : 0.3122239276836387 imgs/s train.total_time : 6.405658960342407 
TCAPPDLL 2025-06-25 15:46:36.965090 - Epoch: 0 Iteration: 20  rank : 0  train.loss : 3.8520312309265137  train.ips : 0.31708033869799573 imgs/s train.total_time : 6.307549715042114 
TCAPPDLL 2025-06-25 15:46:43.164998 - Epoch: 0 Iteration: 21  rank : 0  train.loss : 3.9711461067199707  train.ips : 0.3225977248740814 imgs/s train.total_time : 6.199671745300293 
TCAPPDLL 2025-06-25 15:46:49.562514 - Epoch: 0 Iteration: 22  rank : 0  train.loss : 3.675175189971924  train.ips : 0.31263125051337426 imgs/s train.total_time : 6.397313117980957 
TCAPPDLL 2025-06-25 15:46:55.764964 - Epoch: 0 Iteration: 23  rank : 0  train.loss : 3.9943528175354004  train.ips : 0.3224639565589347 imgs/s train.total_time : 6.2022435665130615 
TCAPPDLL 2025-06-25 15:47:01.962334 - Epoch: 0 Iteration: 24  rank : 0  train.loss : 3.923234462738037  train.ips : 0.322728326341329 imgs/s train.total_time : 6.197162866592407 
TCAPPDLL 2025-06-25 15:47:08.271537 - Epoch: 0 Iteration: 25  rank : 0  train.loss : 3.907276153564453  train.ips : 0.3170077603830845 imgs/s train.total_time : 6.308993816375732 
TCAPPDLL 2025-06-25 15:47:14.566431 - Epoch: 0 Iteration: 26  rank : 0  train.loss : 3.7982723712921143  train.ips : 0.31773238244252056 imgs/s train.total_time : 6.294605493545532 
TCAPPDLL 2025-06-25 15:47:21.067966 - Epoch: 0 Iteration: 27  rank : 0  train.loss : 3.8864970207214355  train.ips : 0.3076375234979269 imgs/s train.total_time : 6.501157522201538 
TCAPPDLL 2025-06-25 15:47:27.149010 - Epoch: 0 Iteration: 28  rank : 0  train.loss : 3.7303214073181152  train.ips : 0.328909530635263 imgs/s train.total_time : 6.080699443817139 
TCAPPDLL 2025-06-25 15:47:33.555696 - Epoch: 0 Iteration: 29  rank : 0  train.loss : 3.3671183586120605  train.ips : 0.31218560642106 imgs/s train.total_time : 6.406445264816284 
TCAPPDLL 2025-06-25 15:47:39.752385 - Epoch: 0 Iteration: 30  rank : 0  train.loss : 3.8247954845428467  train.ips : 0.32276417552696823 imgs/s train.total_time : 6.196474552154541 
TCAPPDLL 2025-06-25 15:47:46.054104 - Epoch: 0 Iteration: 31  rank : 0  train.loss : 3.578873634338379  train.ips : 0.3173842892164699 imgs/s train.total_time : 6.301509141921997 
TCAPPDLL 2025-06-25 15:47:52.264689 - Epoch: 0 Iteration: 32  rank : 0  train.loss : 4.039020538330078  train.ips : 0.32204117229078794 imgs/s train.total_time : 6.210386037826538 
TCAPPDLL 2025-06-25 15:47:58.663944 - Epoch: 0 Iteration: 33  rank : 0  train.loss : 3.302833080291748  train.ips : 0.3125459512267676 imgs/s train.total_time : 6.399059057235718 
TCAPPDLL 2025-06-25 15:48:04.964179 - Epoch: 0 Iteration: 34  rank : 0  train.loss : 3.6545348167419434  train.ips : 0.31746108876341483 imgs/s train.total_time : 6.299984693527222 
TCAPPDLL 2025-06-25 15:48:11.157215 - Epoch: 0 Iteration: 35  rank : 0  train.loss : 3.139291286468506  train.ips : 0.3229567076880763 imgs/s train.total_time : 6.192780494689941 
TCAPPDLL 2025-06-25 15:48:17.355956 - Epoch: 0 Iteration: 36  rank : 0  train.loss : 3.7261734008789062  train.ips : 0.32265791773719493 imgs/s train.total_time : 6.198515176773071 
TCAPPDLL 2025-06-25 15:48:23.655251 - Epoch: 0 Iteration: 37  rank : 0  train.loss : 3.4194717407226562  train.ips : 0.3175063162637105 imgs/s train.total_time : 6.299087285995483 
TCAPPDLL 2025-06-25 15:48:30.155969 - Epoch: 0 Iteration: 38  rank : 0  train.loss : 3.5987963676452637  train.ips : 0.30766863130465005 imgs/s train.total_time : 6.500500202178955 
TCAPPDLL 2025-06-25 15:48:36.352206 - Epoch: 0 Iteration: 39  rank : 0  train.loss : 3.507875919342041  train.ips : 0.32278800902524973 imgs/s train.total_time : 6.196017026901245 
TCAPPDLL 2025-06-25 15:48:42.658458 - Epoch: 0 Iteration: 40  rank : 0  train.loss : 3.7764837741851807  train.ips : 0.3171592455408574 imgs/s train.total_time : 6.305980443954468 
TCAPPDLL 2025-06-25 15:48:49.257259 - Epoch: 0 Iteration: 41  rank : 0  train.loss : 3.5045504570007324  train.ips : 0.3030965273682325 imgs/s train.total_time : 6.598557949066162 
TCAPPDLL 2025-06-25 15:48:55.556449 - Epoch: 0 Iteration: 42  rank : 0  train.loss : 3.729686975479126  train.ips : 0.31751237320912135 imgs/s train.total_time : 6.298967123031616 
TCAPPDLL 2025-06-25 15:49:02.064334 - Epoch: 0 Iteration: 43  rank : 0  train.loss : 3.7062253952026367  train.ips : 0.30733322024720433 imgs/s train.total_time : 6.507594585418701 
TCAPPDLL 2025-06-25 15:49:08.056265 - Epoch: 0 Iteration: 44  rank : 0  train.loss : 3.7102084159851074  train.ips : 0.3337958041152193 imgs/s train.total_time : 5.991687059402466 
TCAPPDLL 2025-06-25 15:49:14.255897 - Epoch: 0 Iteration: 45  rank : 0  train.loss : 3.216939926147461  train.ips : 0.32261050358741644 imgs/s train.total_time : 6.199426174163818 
TCAPPDLL 2025-06-25 15:49:20.646748 - Epoch: 0 Iteration: 46  rank : 0  train.loss : 3.40071439743042  train.ips : 0.3129573727215189 imgs/s train.total_time : 6.390646696090698 
TCAPPDLL 2025-06-25 15:49:26.865933 - Epoch: 0 Iteration: 47  rank : 0  train.loss : 3.5126490592956543  train.ips : 0.321596561359094 imgs/s train.total_time : 6.2189719676971436 
TCAPPDLL 2025-06-25 15:49:33.259662 - Epoch: 0 Iteration: 48  rank : 0  train.loss : 3.52357816696167  train.ips : 0.312819030936149 imgs/s train.total_time : 6.393472909927368 
TCAPPDLL 2025-06-25 15:49:39.450538 - Epoch: 0 Iteration: 49  rank : 0  train.loss : 3.1803860664367676  train.ips : 0.3230693834416604 imgs/s train.total_time : 6.19062066078186 
06/25 15:49:39 - mmengine - INFO - Iter(train) [   50/80000]  lr: 2.5000e-05  eta: 5 days, 16:30:10  time: 6.3096  data_time: 0.0159  memory: 3146  grad_norm: 9.2231  loss: 3.5261  decode.loss_ce: 2.4593  decode.acc_seg: 56.1668  aux.loss_ce: 1.0669  aux.acc_seg: 24.2458
TCAPPDLL 2025-06-25 15:49:45.657087 - Epoch: 0 Iteration: 50  rank : 0  train.loss : 3.4713010787963867  train.ips : 0.3222512249499333 imgs/s train.total_time : 6.206337928771973 
TCAPPDLL 2025-06-25 15:49:51.862451 - Epoch: 0 Iteration: 51  rank : 0  train.loss : 3.6823503971099854  train.ips : 0.3223133443230068 imgs/s train.total_time : 6.20514178276062 
TCAPPDLL 2025-06-25 15:49:58.163483 - Epoch: 0 Iteration: 52  rank : 0  train.loss : 3.428206443786621  train.ips : 0.31741894890859956 imgs/s train.total_time : 6.30082106590271 
TCAPPDLL 2025-06-25 15:50:04.362536 - Epoch: 0 Iteration: 53  rank : 0  train.loss : 3.4503984451293945  train.ips : 0.32264048170717213 imgs/s train.total_time : 6.198850154876709 
TCAPPDLL 2025-06-25 15:50:10.567453 - Epoch: 0 Iteration: 54  rank : 0  train.loss : 3.619781970977783  train.ips : 0.32233566213063725 imgs/s train.total_time : 6.204712152481079 
TCAPPDLL 2025-06-25 15:50:16.769950 - Epoch: 0 Iteration: 55  rank : 0  train.loss : 3.3858697414398193  train.ips : 0.32246137826564103 imgs/s train.total_time : 6.202293157577515 
TCAPPDLL 2025-06-25 15:50:22.872838 - Epoch: 0 Iteration: 56  rank : 0  train.loss : 3.5630550384521484  train.ips : 0.3277251390171943 imgs/s train.total_time : 6.102674961090088 
TCAPPDLL 2025-06-25 15:50:29.358969 - Epoch: 0 Iteration: 57  rank : 0  train.loss : 3.449131965637207  train.ips : 0.30836382500172954 imgs/s train.total_time : 6.48584508895874 
TCAPPDLL 2025-06-25 15:50:35.659358 - Epoch: 0 Iteration: 58  rank : 0  train.loss : 3.319446563720703  train.ips : 0.3174527752266124 imgs/s train.total_time : 6.30014967918396 
TCAPPDLL 2025-06-25 15:50:42.163644 - Epoch: 0 Iteration: 59  rank : 0  train.loss : 3.2782254219055176  train.ips : 0.3074994478570898 imgs/s train.total_time : 6.504076719284058 
TCAPPDLL 2025-06-25 15:50:48.362743 - Epoch: 0 Iteration: 60  rank : 0  train.loss : 3.246608257293701  train.ips : 0.322638707184864 imgs/s train.total_time : 6.1988842487335205 
TCAPPDLL 2025-06-25 15:50:54.568398 - Epoch: 0 Iteration: 61  rank : 0  train.loss : 3.391902446746826  train.ips : 0.3223008368033809 imgs/s train.total_time : 6.205382585525513 
TCAPPDLL 2025-06-25 15:51:00.771615 - Epoch: 0 Iteration: 62  rank : 0  train.loss : 3.3746933937072754  train.ips : 0.32242651337680933 imgs/s train.total_time : 6.202963829040527 
TCAPPDLL 2025-06-25 15:51:06.858289 - Epoch: 0 Iteration: 63  rank : 0  train.loss : 2.6400346755981445  train.ips : 0.328597531591924 imgs/s train.total_time : 6.086472988128662 
TCAPPDLL 2025-06-25 15:51:13.146531 - Epoch: 0 Iteration: 64  rank : 0  train.loss : 3.341860055923462  train.ips : 0.3180649222492279 imgs/s train.total_time : 6.288024425506592 
TCAPPDLL 2025-06-25 15:51:19.463856 - Epoch: 0 Iteration: 65  rank : 0  train.loss : 3.0861124992370605  train.ips : 0.3166003362559123 imgs/s train.total_time : 6.317112684249878 
TCAPPDLL 2025-06-25 15:51:25.662102 - Epoch: 0 Iteration: 66  rank : 0  train.loss : 3.234360694885254  train.ips : 0.3226827037219683 imgs/s train.total_time : 6.1980390548706055 
TCAPPDLL 2025-06-25 15:51:31.862447 - Epoch: 0 Iteration: 67  rank : 0  train.loss : 3.0980215072631836  train.ips : 0.3225733736825892 imgs/s train.total_time : 6.200139760971069 
TCAPPDLL 2025-06-25 15:51:38.157295 - Epoch: 0 Iteration: 68  rank : 0  train.loss : 3.645376205444336  train.ips : 0.31773043284300667 imgs/s train.total_time : 6.294644117355347 
TCAPPDLL 2025-06-25 15:51:44.565081 - Epoch: 0 Iteration: 69  rank : 0  train.loss : 3.249295234680176  train.ips : 0.31213213737492085 imgs/s train.total_time : 6.407542705535889 
TCAPPDLL 2025-06-25 15:51:50.860274 - Epoch: 0 Iteration: 70  rank : 0  train.loss : 3.1373422145843506  train.ips : 0.3177134410503812 imgs/s train.total_time : 6.294980764389038 
TCAPPDLL 2025-06-25 15:51:57.062900 - Epoch: 0 Iteration: 71  rank : 0  train.loss : 3.1465420722961426  train.ips : 0.3224544369116993 imgs/s train.total_time : 6.2024266719818115 
TCAPPDLL 2025-06-25 15:52:03.170735 - Epoch: 0 Iteration: 72  rank : 0  train.loss : 2.9215149879455566  train.ips : 0.32745927198447794 imgs/s train.total_time : 6.107629776000977 
TCAPPDLL 2025-06-25 15:52:09.357588 - Epoch: 0 Iteration: 73  rank : 0  train.loss : 2.702282428741455  train.ips : 0.32327862466553514 imgs/s train.total_time : 6.1866137981414795 
TCAPPDLL 2025-06-25 15:52:16.059619 - Epoch: 0 Iteration: 74  rank : 0  train.loss : 3.0957601070404053  train.ips : 0.2984323369909279 imgs/s train.total_time : 6.70168662071228 
TCAPPDLL 2025-06-25 15:52:22.468791 - Epoch: 0 Iteration: 75  rank : 0  train.loss : 3.431217670440674  train.ips : 0.3120657882832477 imgs/s train.total_time : 6.408905029296875 
TCAPPDLL 2025-06-25 15:52:28.771381 - Epoch: 0 Iteration: 76  rank : 0  train.loss : 2.963458299636841  train.ips : 0.31734098124646193 imgs/s train.total_time : 6.302369117736816 
TCAPPDLL 2025-06-25 15:52:34.869763 - Epoch: 0 Iteration: 77  rank : 0  train.loss : 3.4344723224639893  train.ips : 0.3279667146513241 imgs/s train.total_time : 6.098179817199707 
TCAPPDLL 2025-06-25 15:52:41.064487 - Epoch: 0 Iteration: 78  rank : 0  train.loss : 2.89776349067688  train.ips : 0.3228686144301726 imgs/s train.total_time : 6.194470167160034 
TCAPPDLL 2025-06-25 15:52:47.258638 - Epoch: 0 Iteration: 79  rank : 0  train.loss : 3.4705214500427246  train.ips : 0.32289563270658733 imgs/s train.total_time : 6.193951845169067 
TCAPPDLL 2025-06-25 15:52:53.665197 - Epoch: 0 Iteration: 80  rank : 0  train.loss : 2.824911117553711  train.ips : 0.3121899632767954 imgs/s train.total_time : 6.406355857849121 
TCAPPDLL 2025-06-25 15:52:59.763449 - Epoch: 0 Iteration: 81  rank : 0  train.loss : 2.834681510925293  train.ips : 0.32797377995109606 imgs/s train.total_time : 6.098048448562622 
TCAPPDLL 2025-06-25 15:53:05.860276 - Epoch: 0 Iteration: 82  rank : 0  train.loss : 3.172276020050049  train.ips : 0.3280506331430624 imgs/s train.total_time : 6.0966198444366455 
TCAPPDLL 2025-06-25 15:53:12.063853 - Epoch: 0 Iteration: 83  rank : 0  train.loss : 3.042649507522583  train.ips : 0.3224050379784286 imgs/s train.total_time : 6.20337700843811 
TCAPPDLL 2025-06-25 15:53:18.361575 - Epoch: 0 Iteration: 84  rank : 0  train.loss : 3.3497462272644043  train.ips : 0.3175851948182242 imgs/s train.total_time : 6.297522783279419 
TCAPPDLL 2025-06-25 15:53:24.571283 - Epoch: 0 Iteration: 85  rank : 0  train.loss : 3.0392637252807617  train.ips : 0.3220884315933256 imgs/s train.total_time : 6.209474802017212 
TCAPPDLL 2025-06-25 15:53:30.766669 - Epoch: 0 Iteration: 86  rank : 0  train.loss : 2.8402864933013916  train.ips : 0.3228322202304304 imgs/s train.total_time : 6.195168495178223 
TCAPPDLL 2025-06-25 15:53:36.956015 - Epoch: 0 Iteration: 87  rank : 0  train.loss : 2.7460246086120605  train.ips : 0.32314852359795565 imgs/s train.total_time : 6.1891045570373535 
TCAPPDLL 2025-06-25 15:53:42.855410 - Epoch: 0 Iteration: 88  rank : 0  train.loss : 2.9872426986694336  train.ips : 0.33902948890118595 imgs/s train.total_time : 5.899191856384277 
TCAPPDLL 2025-06-25 15:53:48.867938 - Epoch: 0 Iteration: 89  rank : 0  train.loss : 2.6077122688293457  train.ips : 0.33264978783018295 imgs/s train.total_time : 6.0123291015625 
TCAPPDLL 2025-06-25 15:53:54.957800 - Epoch: 0 Iteration: 90  rank : 0  train.loss : 3.345510482788086  train.ips : 0.3284273518341307 imgs/s train.total_time : 6.089626789093018 
TCAPPDLL 2025-06-25 15:54:01.067897 - Epoch: 0 Iteration: 91  rank : 0  train.loss : 2.740764617919922  train.ips : 0.32733996282689626 imgs/s train.total_time : 6.109855890274048 
TCAPPDLL 2025-06-25 15:54:07.164971 - Epoch: 0 Iteration: 92  rank : 0  train.loss : 2.8351306915283203  train.ips : 0.3280381253721837 imgs/s train.total_time : 6.0968523025512695 
TCAPPDLL 2025-06-25 15:54:13.260484 - Epoch: 0 Iteration: 93  rank : 0  train.loss : 2.7660765647888184  train.ips : 0.3281231328543818 imgs/s train.total_time : 6.095272779464722 
TCAPPDLL 2025-06-25 15:54:19.363330 - Epoch: 0 Iteration: 94  rank : 0  train.loss : 2.662118434906006  train.ips : 0.32772808385480307 imgs/s train.total_time : 6.1026201248168945 
TCAPPDLL 2025-06-25 15:54:25.473004 - Epoch: 0 Iteration: 95  rank : 0  train.loss : 3.1142492294311523  train.ips : 0.32736394034571936 imgs/s train.total_time : 6.109408378601074 
TCAPPDLL 2025-06-25 15:54:31.571706 - Epoch: 0 Iteration: 96  rank : 0  train.loss : 2.7105400562286377  train.ips : 0.3279551620674237 imgs/s train.total_time : 6.0983946323394775 
TCAPPDLL 2025-06-25 15:54:37.666139 - Epoch: 0 Iteration: 97  rank : 0  train.loss : 2.4068589210510254  train.ips : 0.3281843912059374 imgs/s train.total_time : 6.094135046005249 
TCAPPDLL 2025-06-25 15:54:43.858390 - Epoch: 0 Iteration: 98  rank : 0  train.loss : 2.4818851947784424  train.ips : 0.32299949755424934 imgs/s train.total_time : 6.191960096359253 
TCAPPDLL 2025-06-25 15:54:49.862438 - Epoch: 0 Iteration: 99  rank : 0  train.loss : 2.637096881866455  train.ips : 0.333123101349845 imgs/s train.total_time : 6.003786563873291 
06/25 15:54:49 - mmengine - INFO - Iter(train) [  100/80000]  lr: 5.0000e-05  eta: 5 days, 17:06:01  time: 6.0992  data_time: 0.0175  memory: 3146  grad_norm: 9.4866  loss: 2.7700  decode.loss_ce: 1.7994  decode.acc_seg: 68.9375  aux.loss_ce: 0.9707  aux.acc_seg: 52.0432
TCAPPDLL 2025-06-25 15:54:55.963816 - Epoch: 0 Iteration: 100  rank : 0  train.loss : 2.7106645107269287  train.ips : 0.32780605167080656 imgs/s train.total_time : 6.101168632507324 
