--------------+------------------------------------------------
 Host IP      | 10.244.37.147
 PyTorch      | 2.4.0a0+git4451b0e
 Torch-SDAA   | 20250508.11.43.dev0+git97b789a
--------------+------------------------------------------------
 SDAA Driver  | 2.1.0 (N/A)
 SDAA Runtime | 2.1.0 (/opt/tecoai/lib64/libsdaart.so)
 SDPTI        | 1.4.0b0 (/opt/tecoai/lib64/libsdpti.so)
 TecoDNN      | 2.1.0 (/opt/tecoai/lib64/libtecodnn.so)
 TecoBLAS     | 2.1.0 (/opt/tecoai/lib64/libtecoblas.so)
 CustomDNN    | 1.20.0a0 (/opt/tecoai/lib64/libtecodnn_ext.so)
 TecoRAND     | 2.0.1 (/opt/tecoai/lib64/libtecorand.so)
 TCCL         | 1.23.0 (/opt/tecoai/lib64/libtccl.so)
--------------+------------------------------------------------
/root/miniconda3/envs/deit1/lib/python3.10/site-packages/torch_sdaa/utils/cuda_migrate.py:441: UserWarning: The cuda_migrate tool does not support torch.jit.script and use eager mode instead.
  warnings.warn(
Not using distributed mode
Namespace(steps=100, batch_size=64, epochs=1, bce_loss=False, unscale_lr=False, model='cait_S24_224', input_size=224, drop=0.0, drop_path=0.1, model_ema=True, model_ema_decay=0.99996, model_ema_force_cpu=False, opt='adamw', opt_eps=1e-08, opt_betas=None, clip_grad=None, momentum=0.9, weight_decay=0.05, sched='cosine', lr=0.0005, lr_noise=None, lr_noise_pct=0.67, lr_noise_std=1.0, warmup_lr=1e-06, min_lr=1e-05, decay_epochs=30, warmup_epochs=5, cooldown_epochs=10, patience_epochs=10, decay_rate=0.1, color_jitter=0.3, aa='rand-m9-mstd0.5-inc1', smoothing=0.1, train_interpolation='bicubic', repeated_aug=True, train_mode=True, ThreeAugment=False, src=False, reprob=0.25, remode='pixel', recount=1, resplit=False, mixup=0.8, cutmix=1.0, cutmix_minmax=None, mixup_prob=1.0, mixup_switch_prob=0.5, mixup_mode='batch', teacher_model='regnety_160', teacher_path='', distillation_type='none', distillation_alpha=0.5, distillation_tau=1.0, cosub=False, finetune='', attn_only=False, data_path='/data/teco-data/imagenet', data_set='IMNET', inat_category='name', output_dir='', device='sdaa', seed=0, resume='', start_epoch=0, eval=False, eval_crop_ratio=0.875, dist_eval=False, num_workers=10, pin_mem=True, distributed=False, world_size=1, dist_url='env://')
Creating model: cait_S24_224
number of params: 46916200
Start training for 1 epochs
TCAPPDLL 2025-05-20 13:34:46.504606 - Epoch: 0 Iteration: 0  rank : 0  train.loss : 6.996762275695801  train.ips : 2.866368929709153 imgs/s
TCAPPDLL 2025-05-20 13:35:05.646251 - Epoch: 0 Iteration: 1  rank : 0  train.loss : 6.914439678192139  train.ips : 3.343486224563715 imgs/s
TCAPPDLL 2025-05-20 13:35:25.347646 - Epoch: 0 Iteration: 2  rank : 0  train.loss : 6.980853080749512  train.ips : 3.248501043225291 imgs/s
TCAPPDLL 2025-05-20 13:35:45.047305 - Epoch: 0 Iteration: 3  rank : 0  train.loss : 7.012324810028076  train.ips : 3.2487874963763073 imgs/s
TCAPPDLL 2025-05-20 13:36:04.542938 - Epoch: 0 Iteration: 4  rank : 0  train.loss : 6.987854957580566  train.ips : 3.282786757940543 imgs/s
TCAPPDLL 2025-05-20 13:36:24.344895 - Epoch: 0 Iteration: 5  rank : 0  train.loss : 6.974405288696289  train.ips : 3.2320045043664765 imgs/s
TCAPPDLL 2025-05-20 13:36:43.645003 - Epoch: 0 Iteration: 6  rank : 0  train.loss : 7.016267776489258  train.ips : 3.316039940897295 imgs/s
TCAPPDLL 2025-05-20 13:37:03.139308 - Epoch: 0 Iteration: 7  rank : 0  train.loss : 6.970124244689941  train.ips : 3.283013760786254 imgs/s
TCAPPDLL 2025-05-20 13:37:22.931354 - Epoch: 0 Iteration: 8  rank : 0  train.loss : 6.8830437660217285  train.ips : 3.2336135749501773 imgs/s
TCAPPDLL 2025-05-20 13:37:42.644368 - Epoch: 0 Iteration: 9  rank : 0  train.loss : 6.952535629272461  train.ips : 3.246598548705729 imgs/s
TCAPPDLL 2025-05-20 13:38:01.946753 - Epoch: 0 Iteration: 10  rank : 0  train.loss : 6.951282501220703  train.ips : 3.3156504214667666 imgs/s
TCAPPDLL 2025-05-20 13:38:21.354123 - Epoch: 0 Iteration: 11  rank : 0  train.loss : 6.997355937957764  train.ips : 3.2977291070171137 imgs/s
TCAPPDLL 2025-05-20 13:38:40.952871 - Epoch: 0 Iteration: 12  rank : 0  train.loss : 6.980919361114502  train.ips : 3.265503280004433 imgs/s
TCAPPDLL 2025-05-20 13:39:00.046761 - Epoch: 0 Iteration: 13  rank : 0  train.loss : 7.00146484375  train.ips : 3.3518587641358675 imgs/s
TCAPPDLL 2025-05-20 13:39:19.264146 - Epoch: 0 Iteration: 14  rank : 0  train.loss : 6.917634010314941  train.ips : 3.3303059673011615 imgs/s
TCAPPDLL 2025-05-20 13:39:38.642431 - Epoch: 0 Iteration: 15  rank : 0  train.loss : 7.0798821449279785  train.ips : 3.3026769496277257 imgs/s
TCAPPDLL 2025-05-20 13:39:58.246513 - Epoch: 0 Iteration: 16  rank : 0  train.loss : 7.010318756103516  train.ips : 3.2646275063728143 imgs/s
TCAPPDLL 2025-05-20 13:40:18.443551 - Epoch: 0 Iteration: 17  rank : 0  train.loss : 6.949164390563965  train.ips : 3.168781865941 imgs/s
TCAPPDLL 2025-05-20 13:40:38.052866 - Epoch: 0 Iteration: 18  rank : 0  train.loss : 6.962020397186279  train.ips : 3.263756607079121 imgs/s
TCAPPDLL 2025-05-20 13:40:57.851009 - Epoch: 0 Iteration: 19  rank : 0  train.loss : 6.998241424560547  train.ips : 3.2326258442599176 imgs/s
TCAPPDLL 2025-05-20 13:41:17.058356 - Epoch: 0 Iteration: 20  rank : 0  train.loss : 6.977450847625732  train.ips : 3.3320469408507094 imgs/s
TCAPPDLL 2025-05-20 13:41:36.346373 - Epoch: 0 Iteration: 21  rank : 0  train.loss : 6.880409240722656  train.ips : 3.318134592363652 imgs/s
TCAPPDLL 2025-05-20 13:41:55.844699 - Epoch: 0 Iteration: 22  rank : 0  train.loss : 7.089876174926758  train.ips : 3.2823347327674663 imgs/s
TCAPPDLL 2025-05-20 13:42:14.953041 - Epoch: 0 Iteration: 23  rank : 0  train.loss : 6.913753509521484  train.ips : 3.349320432916102 imgs/s
TCAPPDLL 2025-05-20 13:42:34.447079 - Epoch: 0 Iteration: 24  rank : 0  train.loss : 6.87332820892334  train.ips : 3.283057727647504 imgs/s
TCAPPDLL 2025-05-20 13:42:53.647455 - Epoch: 0 Iteration: 25  rank : 0  train.loss : 7.039705753326416  train.ips : 3.3332686718265325 imgs/s
TCAPPDLL 2025-05-20 13:43:13.043119 - Epoch: 0 Iteration: 26  rank : 0  train.loss : 6.9985785484313965  train.ips : 3.299697897488707 imgs/s
TCAPPDLL 2025-05-20 13:43:32.141578 - Epoch: 0 Iteration: 27  rank : 0  train.loss : 7.007150173187256  train.ips : 3.351060933840294 imgs/s
TCAPPDLL 2025-05-20 13:43:52.343605 - Epoch: 0 Iteration: 28  rank : 0  train.loss : 7.036666393280029  train.ips : 3.168003258033288 imgs/s
TCAPPDLL 2025-05-20 13:44:11.360151 - Epoch: 0 Iteration: 29  rank : 0  train.loss : 7.020834445953369  train.ips : 3.3654791851355434 imgs/s
TCAPPDLL 2025-05-20 13:44:30.744869 - Epoch: 0 Iteration: 30  rank : 0  train.loss : 6.9714484214782715  train.ips : 3.301580067230183 imgs/s
TCAPPDLL 2025-05-20 13:44:50.542606 - Epoch: 0 Iteration: 31  rank : 0  train.loss : 7.094498157501221  train.ips : 3.2326856010706435 imgs/s
TCAPPDLL 2025-05-20 13:45:09.441901 - Epoch: 0 Iteration: 32  rank : 0  train.loss : 6.9927568435668945  train.ips : 3.386439065110515 imgs/s
TCAPPDLL 2025-05-20 13:45:28.345689 - Epoch: 0 Iteration: 33  rank : 0  train.loss : 6.974819660186768  train.ips : 3.3855118349566573 imgs/s
TCAPPDLL 2025-05-20 13:45:47.554676 - Epoch: 0 Iteration: 34  rank : 0  train.loss : 6.9937028884887695  train.ips : 3.3318081856828123 imgs/s
TCAPPDLL 2025-05-20 13:46:06.744761 - Epoch: 0 Iteration: 35  rank : 0  train.loss : 6.966529846191406  train.ips : 3.335028448669305 imgs/s
TCAPPDLL 2025-05-20 13:46:26.042015 - Epoch: 0 Iteration: 36  rank : 0  train.loss : 6.98401403427124  train.ips : 3.3165103942868077 imgs/s
TCAPPDLL 2025-05-20 13:46:45.342685 - Epoch: 0 Iteration: 37  rank : 0  train.loss : 7.022728443145752  train.ips : 3.3159503965743196 imgs/s
TCAPPDLL 2025-05-20 13:47:04.736754 - Epoch: 0 Iteration: 38  rank : 0  train.loss : 6.979116439819336  train.ips : 3.299984972545391 imgs/s
TCAPPDLL 2025-05-20 13:47:24.242466 - Epoch: 0 Iteration: 39  rank : 0  train.loss : 6.952023983001709  train.ips : 3.2810940196514506 imgs/s
TCAPPDLL 2025-05-20 13:47:43.854369 - Epoch: 0 Iteration: 40  rank : 0  train.loss : 6.967249393463135  train.ips : 3.2633142502886963 imgs/s
TCAPPDLL 2025-05-20 13:48:02.243565 - Epoch: 0 Iteration: 41  rank : 0  train.loss : 6.999493598937988  train.ips : 3.4803062337561244 imgs/s
TCAPPDLL 2025-05-20 13:48:21.641281 - Epoch: 0 Iteration: 42  rank : 0  train.loss : 6.868442058563232  train.ips : 3.299359977980296 imgs/s
TCAPPDLL 2025-05-20 13:48:41.541080 - Epoch: 0 Iteration: 43  rank : 0  train.loss : 6.948768138885498  train.ips : 3.216115720208196 imgs/s
TCAPPDLL 2025-05-20 13:49:01.348202 - Epoch: 0 Iteration: 44  rank : 0  train.loss : 7.063411712646484  train.ips : 3.231166128745757 imgs/s
TCAPPDLL 2025-05-20 13:49:21.344778 - Epoch: 0 Iteration: 45  rank : 0  train.loss : 6.985485553741455  train.ips : 3.200549830479706 imgs/s
TCAPPDLL 2025-05-20 13:49:41.342540 - Epoch: 0 Iteration: 46  rank : 0  train.loss : 6.980894088745117  train.ips : 3.2003497696720165 imgs/s
TCAPPDLL 2025-05-20 13:50:01.641327 - Epoch: 0 Iteration: 47  rank : 0  train.loss : 6.941075325012207  train.ips : 3.152903997181554 imgs/s
TCAPPDLL 2025-05-20 13:50:21.040589 - Epoch: 0 Iteration: 48  rank : 0  train.loss : 6.927089214324951  train.ips : 3.299084688829376 imgs/s
TCAPPDLL 2025-05-20 13:50:40.347895 - Epoch: 0 Iteration: 49  rank : 0  train.loss : 6.988712310791016  train.ips : 3.314821144194765 imgs/s
TCAPPDLL 2025-05-20 13:51:00.450191 - Epoch: 0 Iteration: 50  rank : 0  train.loss : 7.014512062072754  train.ips : 3.1837077556345994 imgs/s
TCAPPDLL 2025-05-20 13:51:20.541506 - Epoch: 0 Iteration: 51  rank : 0  train.loss : 6.991678714752197  train.ips : 3.1854620474976287 imgs/s
TCAPPDLL 2025-05-20 13:51:39.946132 - Epoch: 0 Iteration: 52  rank : 0  train.loss : 7.009421348571777  train.ips : 3.298184693581304 imgs/s
TCAPPDLL 2025-05-20 13:51:59.347236 - Epoch: 0 Iteration: 53  rank : 0  train.loss : 6.981149673461914  train.ips : 3.298773244554474 imgs/s
TCAPPDLL 2025-05-20 13:52:19.044220 - Epoch: 0 Iteration: 54  rank : 0  train.loss : 6.976161479949951  train.ips : 3.24923512649669 imgs/s
TCAPPDLL 2025-05-20 13:52:38.142838 - Epoch: 0 Iteration: 55  rank : 0  train.loss : 7.0074663162231445  train.ips : 3.3510200629556524 imgs/s
TCAPPDLL 2025-05-20 13:52:57.547541 - Epoch: 0 Iteration: 56  rank : 0  train.loss : 6.929229736328125  train.ips : 3.2981681194341395 imgs/s
TCAPPDLL 2025-05-20 13:53:16.643536 - Epoch: 0 Iteration: 57  rank : 0  train.loss : 6.977095603942871  train.ips : 3.3514890713000667 imgs/s
TCAPPDLL 2025-05-20 13:53:36.144762 - Epoch: 0 Iteration: 58  rank : 0  train.loss : 6.983867168426514  train.ips : 3.281856550927753 imgs/s
TCAPPDLL 2025-05-20 13:53:55.850208 - Epoch: 0 Iteration: 59  rank : 0  train.loss : 7.013186931610107  train.ips : 3.2478252124552114 imgs/s
TCAPPDLL 2025-05-20 13:54:15.740910 - Epoch: 0 Iteration: 60  rank : 0  train.loss : 7.096681594848633  train.ips : 3.217590945619647 imgs/s
TCAPPDLL 2025-05-20 13:54:34.841724 - Epoch: 0 Iteration: 61  rank : 0  train.loss : 6.94494104385376  train.ips : 3.3506359170010316 imgs/s
TCAPPDLL 2025-05-20 13:54:53.945741 - Epoch: 0 Iteration: 62  rank : 0  train.loss : 7.036495208740234  train.ips : 3.3500879587696084 imgs/s
TCAPPDLL 2025-05-20 13:55:13.144597 - Epoch: 0 Iteration: 63  rank : 0  train.loss : 7.038846969604492  train.ips : 3.3335279207434483 imgs/s
TCAPPDLL 2025-05-20 13:55:32.549532 - Epoch: 0 Iteration: 64  rank : 0  train.loss : 6.992776870727539  train.ips : 3.2981348500718375 imgs/s
TCAPPDLL 2025-05-20 13:55:52.350202 - Epoch: 0 Iteration: 65  rank : 0  train.loss : 7.02763557434082  train.ips : 3.232217960849669 imgs/s
TCAPPDLL 2025-05-20 13:56:12.539110 - Epoch: 0 Iteration: 66  rank : 0  train.loss : 7.071955680847168  train.ips : 3.1700466288403146 imgs/s
TCAPPDLL 2025-05-20 13:56:31.946991 - Epoch: 0 Iteration: 67  rank : 0  train.loss : 6.98643684387207  train.ips : 3.297633581082221 imgs/s
TCAPPDLL 2025-05-20 13:56:50.647150 - Epoch: 0 Iteration: 68  rank : 0  train.loss : 6.969306945800781  train.ips : 3.4224370196351943 imgs/s
TCAPPDLL 2025-05-20 13:57:10.040637 - Epoch: 0 Iteration: 69  rank : 0  train.loss : 6.969916820526123  train.ips : 3.3000717092986416 imgs/s
TCAPPDLL 2025-05-20 13:57:30.146907 - Epoch: 0 Iteration: 70  rank : 0  train.loss : 6.994298934936523  train.ips : 3.183092318864497 imgs/s
TCAPPDLL 2025-05-20 13:57:50.137874 - Epoch: 0 Iteration: 71  rank : 0  train.loss : 6.942314147949219  train.ips : 3.2014373747807308 imgs/s
TCAPPDLL 2025-05-20 13:58:09.943477 - Epoch: 0 Iteration: 72  rank : 0  train.loss : 7.025557518005371  train.ips : 3.2314124221067937 imgs/s
TCAPPDLL 2025-05-20 13:58:29.650646 - Epoch: 0 Iteration: 73  rank : 0  train.loss : 7.003267765045166  train.ips : 3.247547768971077 imgs/s
TCAPPDLL 2025-05-20 13:58:49.241434 - Epoch: 0 Iteration: 74  rank : 0  train.loss : 7.04091215133667  train.ips : 3.266844498758094 imgs/s
TCAPPDLL 2025-05-20 13:59:09.144872 - Epoch: 0 Iteration: 75  rank : 0  train.loss : 6.993730545043945  train.ips : 3.2155310623174933 imgs/s
TCAPPDLL 2025-05-20 13:59:29.046912 - Epoch: 0 Iteration: 76  rank : 0  train.loss : 7.016427516937256  train.ips : 3.2157549069304476 imgs/s
TCAPPDLL 2025-05-20 13:59:49.245216 - Epoch: 0 Iteration: 77  rank : 0  train.loss : 6.924717903137207  train.ips : 3.1685737883311083 imgs/s
TCAPPDLL 2025-05-20 14:00:08.841788 - Epoch: 0 Iteration: 78  rank : 0  train.loss : 6.965700149536133  train.ips : 3.2658874628203067 imgs/s
TCAPPDLL 2025-05-20 14:00:29.245939 - Epoch: 0 Iteration: 79  rank : 0  train.loss : 6.866674900054932  train.ips : 3.1366095574545714 imgs/s
TCAPPDLL 2025-05-20 14:00:48.847925 - Epoch: 0 Iteration: 80  rank : 0  train.loss : 6.977529048919678  train.ips : 3.2649807854987833 imgs/s
TCAPPDLL 2025-05-20 14:01:09.136410 - Epoch: 0 Iteration: 81  rank : 0  train.loss : 7.008686065673828  train.ips : 3.154494191491239 imgs/s
TCAPPDLL 2025-05-20 14:01:29.047250 - Epoch: 0 Iteration: 82  rank : 0  train.loss : 7.052450656890869  train.ips : 3.2144199278441277 imgs/s
TCAPPDLL 2025-05-20 14:01:48.244971 - Epoch: 0 Iteration: 83  rank : 0  train.loss : 7.067741870880127  train.ips : 3.333644829822275 imgs/s
TCAPPDLL 2025-05-20 14:02:07.648727 - Epoch: 0 Iteration: 84  rank : 0  train.loss : 6.9961042404174805  train.ips : 3.2983207375584827 imgs/s
TCAPPDLL 2025-05-20 14:02:27.344697 - Epoch: 0 Iteration: 85  rank : 0  train.loss : 6.955750942230225  train.ips : 3.2494036636883874 imgs/s
TCAPPDLL 2025-05-20 14:02:46.640423 - Epoch: 0 Iteration: 86  rank : 0  train.loss : 7.008824825286865  train.ips : 3.316785894559613 imgs/s
TCAPPDLL 2025-05-20 14:03:05.843618 - Epoch: 0 Iteration: 87  rank : 0  train.loss : 6.999279499053955  train.ips : 3.3327835215176136 imgs/s
TCAPPDLL 2025-05-20 14:03:25.247308 - Epoch: 0 Iteration: 88  rank : 0  train.loss : 6.961319923400879  train.ips : 3.298348823101474 imgs/s
TCAPPDLL 2025-05-20 14:03:44.441550 - Epoch: 0 Iteration: 89  rank : 0  train.loss : 6.9984130859375  train.ips : 3.334323801436936 imgs/s
TCAPPDLL 2025-05-20 14:04:03.645983 - Epoch: 0 Iteration: 90  rank : 0  train.loss : 6.993915557861328  train.ips : 3.3325645610893235 imgs/s
TCAPPDLL 2025-05-20 14:04:23.241631 - Epoch: 0 Iteration: 91  rank : 0  train.loss : 7.016725063323975  train.ips : 3.266033213725597 imgs/s
TCAPPDLL 2025-05-20 14:04:42.344359 - Epoch: 0 Iteration: 92  rank : 0  train.loss : 6.9321699142456055  train.ips : 3.3503052974323064 imgs/s
TCAPPDLL 2025-05-20 14:05:01.843392 - Epoch: 0 Iteration: 93  rank : 0  train.loss : 6.950042247772217  train.ips : 3.2822180637735348 imgs/s
TCAPPDLL 2025-05-20 14:05:21.547208 - Epoch: 0 Iteration: 94  rank : 0  train.loss : 7.00108003616333  train.ips : 3.2481080877929447 imgs/s
TCAPPDLL 2025-05-20 14:05:41.440225 - Epoch: 0 Iteration: 95  rank : 0  train.loss : 7.038788795471191  train.ips : 3.217211640151208 imgs/s
TCAPPDLL 2025-05-20 14:06:01.343717 - Epoch: 0 Iteration: 96  rank : 0  train.loss : 7.054831504821777  train.ips : 3.2155071812352647 imgs/s
TCAPPDLL 2025-05-20 14:06:21.339128 - Epoch: 0 Iteration: 97  rank : 0  train.loss : 6.986940860748291  train.ips : 3.2007359861902906 imgs/s
TCAPPDLL 2025-05-20 14:06:40.843779 - Epoch: 0 Iteration: 98  rank : 0  train.loss : 6.963021755218506  train.ips : 3.2812775499536024 imgs/s
TCAPPDLL 2025-05-20 14:07:00.651297 - Epoch: 0 Iteration: 99  rank : 0  train.loss : 6.968180179595947  train.ips : 3.2310987274570957 imgs/s
TCAPPDLL 2025-05-20 14:07:20.442205 - Epoch: 0 Iteration: 100  rank : 0  train.loss : 7.011038303375244  train.ips : 3.233797129981763 imgs/s
